number,value,datetime_start,datetime_complete,duration,params_adaptive_alpha_pos,params_adaptive_lambda,params_k_pos_max,params_k_pos_min,params_m_pos_max,params_m_pos_min,params_zeta_pos,state
0,1000000000.0,2000-01-01 00:00:00.000000,2000-01-01 00:00:00.000000,0 days 00:00:00,24.691424506821164,68.13047017599905,2089.766365993793,341.1053504286575,0.3860757465489678,0.0553325368888051,0.7965583595372332,COMPLETE
1,1000000000.0,2000-01-01 00:00:01.000000,2000-01-01 00:00:01.000000,0 days 00:00:00,24.691424506821164,68.13047017599905,2089.766365993793,341.1053504286575,0.3860757465489678,0.0553325368888051,0.7965583595372332,COMPLETE
2,1000000000.0,2000-01-01 00:00:02.000000,2000-01-01 00:00:02.000000,0 days 00:00:00,46.65184872316975,61.12401049845391,2583.450076165329,253.37660753031108,0.4854651042004118,0.0892855270774259,0.8702264438270331,COMPLETE
3,1000000000.0,2000-01-01 00:00:03.000000,2000-01-01 00:00:03.000000,0 days 00:00:00,46.65184872316975,61.12401049845391,2583.450076165329,253.37660753031108,0.4854651042004118,0.0892855270774259,0.8702264438270331,COMPLETE
4,1000000000.0,2000-01-01 00:00:04.000000,2000-01-01 00:00:04.000000,0 days 00:00:00,24.691424506821164,68.13047017599905,2089.766365993793,341.1053504286575,0.3860757465489678,0.0553325368888051,0.7965583595372332,COMPLETE
5,1000000000.0,2000-01-01 00:00:05.000000,2000-01-01 00:00:05.000000,0 days 00:00:00,24.691424506821164,68.13047017599905,2089.766365993793,341.1053504286575,0.3860757465489678,0.0553325368888051,0.7965583595372332,COMPLETE
6,1000000000.0,2000-01-01 00:00:06.000000,2000-01-01 00:00:06.000000,0 days 00:00:00,46.65184872316975,61.12401049845391,2583.450076165329,253.37660753031108,0.4854651042004118,0.0892855270774259,0.8702264438270331,COMPLETE
7,1000000000.0,2000-01-01 00:00:07.000000,2000-01-01 00:00:07.000000,0 days 00:00:00,46.65184872316975,61.12401049845391,2583.450076165329,253.37660753031108,0.4854651042004118,0.0892855270774259,0.8702264438270331,COMPLETE
8,1000000000.0,2000-01-01 00:00:08.000000,2000-01-01 00:00:08.000000,0 days 00:00:00,49.03782540047438,88.30109334221372,2665.239691095876,108.08735897613028,0.1348517198806162,0.0080325697615908,1.0447097256648954,COMPLETE
9,1000000000.0,2000-01-01 00:00:09.000000,2000-01-01 00:00:09.000000,0 days 00:00:00,47.51010126723128,22.901795866814176,1236.5488517378665,412.2116705145822,0.2845917449011728,0.0801166978574556,0.9479447149292666,COMPLETE
10,337.5464376616413,2000-01-01 00:00:10.000000,2000-01-01 00:00:10.000000,0 days 00:00:00,5.845541019635982,61.15905539817837,2548.467378868433,205.8222448418508,0.2658647759962094,0.0526629838532571,0.8193052325515839,COMPLETE
11,1000000000.0,2000-01-01 00:00:11.000000,2000-01-01 00:00:11.000000,0 days 00:00:00,24.666437920970367,42.35571105164074,2887.496157029248,346.7735987499028,0.3448382890889686,0.0621459142105118,0.9772742093724384,COMPLETE
12,1000000000.0,2000-01-01 00:00:12.000000,2000-01-01 00:00:12.000000,0 days 00:00:00,19.194275791588275,21.6033667889368,2341.2757392363187,366.7066861782671,0.1240901886517079,0.0700654883967992,0.6472677927516886,COMPLETE
13,1000000000.0,2000-01-01 00:00:13.000000,2000-01-01 00:00:13.000000,0 days 00:00:00,12.258928304824831,28.79890804853512,2976.7476761184525,275.4406053849282,0.3280787081671519,0.0370073663233196,0.5714313675236197,COMPLETE
14,1000000000.0,2000-01-01 00:00:14.000000,2000-01-01 00:00:14.000000,0 days 00:00:00,34.53483152593731,19.933762704787465,1488.8511840032056,286.5243091425225,0.2013166410159128,0.0656577242210744,0.6112787085518638,COMPLETE
15,1000000000.0,2000-01-01 00:00:15.000000,2000-01-01 00:00:15.000000,0 days 00:00:00,9.324428355228338,85.41504167489235,2641.9864596958705,247.49006826438568,0.1786329446720214,0.0146801121835127,0.5679708930551429,COMPLETE
16,1000000000.0,2000-01-01 00:00:16.000000,2000-01-01 00:00:16.000000,0 days 00:00:00,10.243671967444271,38.32930496765515,2054.7528549879853,309.55940488786894,0.1112723000297054,0.0234585262631325,0.9921397798442586,COMPLETE
17,399.2547792456549,2000-01-01 00:00:17.000000,2000-01-01 00:00:17.000000,0 days 00:00:00,16.771151539868065,90.79788787470174,2251.0789700363607,235.66136963651,0.3707360260480647,0.0643781611657953,0.6734673255544614,COMPLETE
18,1000000000.0,2000-01-01 00:00:18.000000,2000-01-01 00:00:18.000000,0 days 00:00:00,7.526791030380771,83.06005890558151,1927.3230380940704,153.876217916731,0.2972785542206009,0.0692176748914012,0.6068031135464977,COMPLETE
19,1000000000.0,2000-01-01 00:00:19.000000,2000-01-01 00:00:19.000000,0 days 00:00:00,7.618075638845797,95.28876378341933,2816.767692595434,249.65059774523868,0.1913427333211834,0.0681801846234605,0.8713737071564966,COMPLETE
20,1000000000.0,2000-01-01 00:00:20.000000,2000-01-01 00:00:20.000000,0 days 00:00:00,12.61085646189531,28.22542094675279,2335.699056039064,154.32793202601383,0.2703227128986433,0.0409784478169476,0.913743741672048,COMPLETE
21,1000000000.0,2000-01-01 00:00:21.000000,2000-01-01 00:00:21.000000,0 days 00:00:00,5.15073882587846,81.27331218605171,2954.5180052035057,154.42064945632364,0.440201573219901,0.0763544268231047,0.7802359907302264,COMPLETE
22,1000000000.0,2000-01-01 00:00:22.000000,2000-01-01 00:00:22.000000,0 days 00:00:00,23.200708671082864,99.31761359916116,2592.4687663345344,360.4034825288709,0.4422688034843076,0.0867915791188612,0.6186335550143889,COMPLETE
23,378.0146816664396,2000-01-01 00:00:23.000000,2000-01-01 00:00:23.000000,0 days 00:00:00,9.146437640175538,59.60730159230517,2996.968990492454,220.29999501636772,0.2646566664065499,0.0348312904642995,0.9315783110984268,COMPLETE
24,1000000000.0,2000-01-01 00:00:24.000000,2000-01-01 00:00:24.000000,0 days 00:00:00,20.00016624288998,54.18391820807584,2930.6147529043383,126.17494817887336,0.2405590617716068,0.0411472881870787,1.1283232325502794,COMPLETE
25,1000000000.0,2000-01-01 00:00:25.000000,2000-01-01 00:00:25.000000,0 days 00:00:00,8.3256611840407,79.22917322850498,2282.178895245497,232.26253394650035,0.3765799288839229,0.0129591246013258,0.8173350197940432,COMPLETE
26,378.8173884935951,2000-01-01 00:00:26.000000,2000-01-01 00:00:26.000000,0 days 00:00:00,6.872549040300033,73.22811364281297,1987.7909202955248,100.59523025842236,0.2099518072126396,0.0516850821446012,1.1280538540454823,COMPLETE
27,330.4703781622691,2000-01-01 00:00:27.000000,2000-01-01 00:00:27.000000,0 days 00:00:00,9.242455966390736,84.53563070975332,1517.6480256412417,106.85033091859576,0.1439434898401028,0.0449543898842109,1.078228968071223,COMPLETE
28,393.0086603363792,2000-01-01 00:00:28.000000,2000-01-01 00:00:28.000000,0 days 00:00:00,6.403459565039918,79.2822282711634,1348.368633193207,200.74973832893795,0.1442098003462038,0.0409331682777118,1.021305056762596,COMPLETE
29,356.81828527011965,2000-01-01 00:00:29.000000,2000-01-01 00:00:29.000000,0 days 00:00:00,7.32604995918475,54.329301207657466,2359.7634813301606,276.56975070437653,0.3378057178085849,0.0864595235362967,0.9335546742985922,COMPLETE
30,1000000000.0,2000-01-01 00:00:30.000000,2000-01-01 00:00:30.000000,0 days 00:00:00,6.779273408830251,46.84706756266364,1932.3680240629571,304.36590549204374,0.3093022703360791,0.0862160666233644,1.0197760308296804,COMPLETE
31,391.84120516915567,2000-01-01 00:00:31.000000,2000-01-01 00:00:31.000000,0 days 00:00:00,27.26383586234788,91.3663181311624,1207.970618263418,131.1478881403467,0.1739578468685756,0.0490466908953922,1.125771146544454,COMPLETE
32,1000000000.0,2000-01-01 00:00:32.000000,2000-01-01 00:00:32.000000,0 days 00:00:00,18.815034909525416,96.03261053520126,2015.7507520579047,144.1659615536992,0.1888620743424039,0.0462861084442046,0.8192237340599724,COMPLETE
33,315.44982048687905,2000-01-01 00:00:33.000000,2000-01-01 00:00:33.000000,0 days 00:00:00,6.353506838149127,92.30532661332104,2343.67493085907,252.23890449555643,0.3434156347210078,0.0962065456541527,1.0859473505351636,COMPLETE
34,373.433507818756,2000-01-01 00:00:34.000000,2000-01-01 00:00:34.000000,0 days 00:00:00,22.699995075470945,92.63271607025952,1982.1686575354863,361.8791818327434,0.4279700207672664,0.0838317618514728,1.1132421556524963,COMPLETE
35,369.2570556485266,2000-01-01 00:00:35.000000,2000-01-01 00:00:35.000000,0 days 00:00:00,6.114925707970629,88.97741416014797,1938.2340272053584,222.21569528370983,0.4363909058298269,0.0944240034664287,1.0921994493122131,COMPLETE
36,393.6478354930427,2000-01-01 00:00:36.000000,2000-01-01 00:00:36.000000,0 days 00:00:00,12.905979294669937,90.02332622967714,2483.7339227723296,200.2774560445414,0.332639094548819,0.0810517487348203,1.081786973423702,COMPLETE
37,1000000000.0,2000-01-01 00:00:37.000000,2000-01-01 00:00:37.000000,0 days 00:00:00,15.609525768649853,58.97757738928951,2587.0211223726296,178.4585759227327,0.2991137390458712,0.0427125598935513,0.731740349011771,COMPLETE
38,393.814697405969,2000-01-01 00:00:38.000000,2000-01-01 00:00:38.000000,0 days 00:00:00,10.662673867386452,47.7623398259256,2426.233369367087,293.5866900915462,0.4008456661193856,0.0816199408816612,0.7232302493363588,COMPLETE
39,1000000000.0,2000-01-01 00:00:39.000000,2000-01-01 00:00:39.000000,0 days 00:00:00,12.56464630241882,65.68649029857733,2430.155480350448,363.895565576102,0.3505701058034779,0.0980922632435288,0.9253131655516584,COMPLETE
40,367.8403896168077,2000-01-01 00:00:40.000000,2000-01-01 00:00:40.000000,0 days 00:00:00,6.72737428087473,66.39593402099696,2535.335144669436,149.2494428425841,0.2718417976024876,0.0944912976637375,0.981305235381179,COMPLETE
41,357.4719664851554,2000-01-01 00:00:41.000000,2000-01-01 00:00:41.000000,0 days 00:00:00,7.906010899275732,61.12698149820166,2414.9302084496667,339.34238390402834,0.3538691054631615,0.047001199256363,0.9855322755244724,COMPLETE
42,328.4958381488184,2000-01-01 00:00:42.000000,2000-01-01 00:00:42.000000,0 days 00:00:00,7.363446096462037,88.27067885789215,2371.0136839512343,311.7026970296261,0.3527062838178105,0.0995914936249325,1.0945920647173693,COMPLETE
43,349.90015398298715,2000-01-01 00:00:43.000000,2000-01-01 00:00:43.000000,0 days 00:00:00,10.368768014760509,82.65033625550765,2193.311551073073,325.24054193738544,0.2781758058688328,0.0965249657328933,1.1638281146628,COMPLETE
44,350.9360680366781,2000-01-01 00:00:44.000000,2000-01-01 00:00:44.000000,0 days 00:00:00,7.322485716680671,82.49513807964388,2819.309457598752,310.37363028035395,0.4226189057400177,0.099069524396899,1.0219469498152531,COMPLETE
45,398.9136471130413,2000-01-01 00:00:45.000000,2000-01-01 00:00:45.000000,0 days 00:00:00,15.523484758430849,98.78245151708462,1914.7966521162648,183.6447317014709,0.267391716592863,0.0054571548159384,1.1975166947631548,COMPLETE
46,1000000000.0,2000-01-01 00:00:46.000000,2000-01-01 00:00:46.000000,0 days 00:00:00,8.952011043719835,58.28467803895649,2573.5373365763926,272.4947052315307,0.1591210809650382,0.0443529943776054,0.7781876402813976,COMPLETE
47,1000000000.0,2000-01-01 00:00:47.000000,2000-01-01 00:00:47.000000,0 days 00:00:00,14.883301146945843,92.25627688155078,2337.79634213656,315.49724353804737,0.3298557351524346,0.0938486465094068,1.1511694982458132,COMPLETE
48,1000000000.0,2000-01-01 00:00:48.000000,2000-01-01 00:00:48.000000,0 days 00:00:00,7.830281971005132,79.38071209412853,2364.64682528877,314.7955272191018,0.3857151669087119,0.0974516251902309,1.1270400221248489,COMPLETE
49,396.89698895128856,2000-01-01 00:00:49.000000,2000-01-01 00:00:49.000000,0 days 00:00:00,9.67539773248332,97.88361505867772,1917.6203092428984,304.5454971180648,0.3015405609362284,0.0846713631006616,0.9681820733984708,COMPLETE
50,385.5932833692483,2000-01-01 00:00:50.000000,2000-01-01 00:00:50.000000,0 days 00:00:00,13.93712991858067,78.86216928416827,2066.026976494384,457.5192879537216,0.2003167638994822,0.0972750940864214,1.0921861431999074,COMPLETE
51,1000000000.0,2000-01-01 00:00:51.000000,2000-01-01 00:00:51.000000,0 days 00:00:00,12.691859520706789,71.54196134026888,1291.795331042484,207.4835891049224,0.1152879044284221,0.0902110574324834,1.1011943585489357,COMPLETE
52,315.6609026206744,2000-01-01 00:00:52.000000,2000-01-01 00:00:52.000000,0 days 00:00:00,5.693460056099564,75.31719352350407,2990.647071496229,288.25331339646,0.2749351533922763,0.0921471593995682,1.1896117356399736,COMPLETE
53,369.3925717884852,2000-01-01 00:00:53.000000,2000-01-01 00:00:53.000000,0 days 00:00:00,12.245558404557531,81.78869185002014,2988.0984894666603,346.40337157646815,0.2192271213724693,0.0784930159447686,1.0921235503926492,COMPLETE
54,1000000000.0,2000-01-01 00:00:54.000000,2000-01-01 00:00:54.000000,0 days 00:00:00,46.40468762843485,55.92464271253013,2606.6247000575454,378.887164114826,0.3731587301280343,0.0293199132412802,0.7251507457861487,COMPLETE
55,375.56016840154905,2000-01-01 00:00:55.000000,2000-01-01 00:00:55.000000,0 days 00:00:00,5.637546659926246,86.31611000298136,2686.066263881889,210.83319861828443,0.2877946691996751,0.0820423155215246,1.1239279260326334,COMPLETE
56,383.74721120852314,2026-05-04 19:39:54.921955,2026-05-04 19:40:22.584940,0 days 00:00:27.662985,12.793695841400586,54.90378560329715,2874.2755528860457,302.3100146550588,0.2524808129933061,0.09561533151517906,1.0746070652898314,COMPLETE
57,289.57929068111855,2026-05-04 19:40:22.585749,2026-05-04 19:40:51.139018,0 days 00:00:28.553269,11.007195969196365,74.05446237031279,1031.4025749422738,104.92837117689245,0.21247273890238078,0.05293877354570926,1.0783975728771413,COMPLETE
58,342.8752664694192,2026-05-04 19:40:51.140042,2026-05-04 19:41:22.558151,0 days 00:00:31.418109,5.243217241593194,86.46523383420468,1078.7909243396116,153.01534718342043,0.24737056674930702,0.0614619122226875,0.9343728639499178,COMPLETE
59,1000000000.0,2026-05-04 19:41:22.559100,2026-05-04 19:42:08.958954,0 days 00:00:46.399854,7.573419438852717,98.7676026385339,1901.8768599411173,162.09060192826504,0.1267576017098765,0.056394109615907954,1.083926377183406,COMPLETE
60,382.85534363780744,2026-05-04 19:42:08.960025,2026-05-04 19:42:40.553181,0 days 00:00:31.593156,16.740116662396325,85.99584115801387,1531.7124332510957,126.98364289913941,0.24942531895798023,0.03197864404896544,0.996620087731741,COMPLETE
61,398.4672442865097,2026-05-04 19:42:40.554172,2026-05-04 19:43:09.195110,0 days 00:00:28.640938,10.381844149281694,70.00096178995025,1252.4228041387653,101.01204817255753,0.25051163545516114,0.04972194169388733,0.9950740598631782,COMPLETE
62,390.82284448157657,2026-05-04 19:43:09.195882,2026-05-04 19:43:40.560889,0 days 00:00:31.365007,6.943379765230507,65.3144047364155,1058.7672926731846,160.16495547275824,0.2441158145663632,0.06879274833309461,0.7344391028528949,COMPLETE
63,1000000000.0,2026-05-04 19:43:40.562031,2026-05-04 19:44:26.961156,0 days 00:00:46.399125,5.722663159971614,97.932403457677,1046.0275800470326,109.25534505841058,0.2820287757653005,0.07404919309989419,1.1304643164383001,COMPLETE
64,1000000000.0,2026-05-04 19:44:26.962150,2026-05-04 19:45:14.425894,0 days 00:00:47.463744,5.190934943260536,96.46233794438267,1261.721237348252,220.24725138123492,0.31776969671362965,0.0450761205860569,0.8373597648155005,COMPLETE
65,324.93224387999055,2026-05-04 19:45:14.426840,2026-05-04 19:45:42.596890,0 days 00:00:28.170050,9.902434099827278,92.7335563340081,1006.8029987783281,286.4334724404955,0.22272175556217466,0.06827183506098479,0.8666640174855749,COMPLETE
66,395.6843434854468,2026-05-04 19:45:42.597496,2026-05-04 19:46:13.883173,0 days 00:00:31.285677,23.77110393368078,90.48865953333927,1084.4231786739438,314.2083479976479,0.2521041918691455,0.07007510674810016,0.7525161897880918,COMPLETE
67,1000000000.0,2026-05-04 19:46:13.884356,2026-05-04 19:46:45.037969,0 days 00:00:31.153613,12.976676028995303,95.67954014921135,1304.713307813837,291.30663202939047,0.18777598518641683,0.06942344206317116,0.9077640633143949,COMPLETE
68,380.1381809273669,2026-05-04 19:46:45.039514,2026-05-04 19:47:13.343040,0 days 00:00:28.303526,6.0132376677436605,72.42778191762753,2400.682497204287,122.8155973927296,0.3165392259658819,0.04168423984909142,0.837058415776255,COMPLETE
69,399.30046980245805,2026-05-04 19:47:13.344073,2026-05-04 19:47:41.857067,0 days 00:00:28.512994,10.241248948192643,67.16904708207558,1118.9452049804688,108.61523355853187,0.13854620083754454,0.06107089998378537,1.0353086657192911,COMPLETE
70,1000000000.0,2026-05-04 19:47:41.858590,2026-05-04 19:48:13.059262,0 days 00:00:31.200672,26.127169510179588,50.62445541377727,1748.164726125617,484.37803108090577,0.10768489531313627,0.04552602766319301,0.7807572740841674,COMPLETE
71,274.6827788323265,2026-05-04 19:48:13.060906,2026-05-04 19:48:44.292861,0 days 00:00:31.231955,8.020815539727181,75.7255920249179,1024.947692428646,107.25774078345752,0.18619859471731598,0.04444404029914921,1.1443075417949233,COMPLETE
72,344.29677417847665,2026-05-04 19:48:44.293821,2026-05-04 19:49:12.920991,0 days 00:00:28.627170,9.342055971823221,96.53776423813694,1071.0921081150643,108.25632368429586,0.18435548189040002,0.014784093732754647,1.1443708386829554,COMPLETE
73,322.92011626410596,2026-05-04 19:49:12.921951,2026-05-04 19:49:44.155045,0 days 00:00:31.233094,12.345976725914968,89.80330464922575,1003.4536272424892,293.63144925695565,0.28268108127646363,0.07778120046009573,0.855134898065149,COMPLETE
74,385.59059401201495,2026-05-04 19:49:44.156675,2026-05-04 19:50:15.720020,0 days 00:00:31.563345,16.090778884551238,69.5620594963026,1134.1217157583767,313.32518621836726,0.20444094536913818,0.050494482033580534,1.0759759873925423,COMPLETE
75,418.04575396584994,2026-05-04 19:50:15.720742,2026-05-04 19:50:45.555069,0 days 00:00:29.834327,11.89487947935781,79.52576029529399,1008.2057991909904,305.96653277708094,0.35464818459462033,0.06135320355886274,1.0405211189473402,COMPLETE
76,323.146471882748,2026-05-04 19:50:45.555823,2026-05-04 19:51:16.838269,0 days 00:00:31.282446,13.812580857123823,79.64410155204165,1045.2069628787042,291.91932734011147,0.28597846140223027,0.07847532437232041,0.7838507971105176,COMPLETE
77,382.30923595719094,2026-05-04 19:51:16.839535,2026-05-04 19:51:47.815270,0 days 00:00:30.975735,12.21183629363858,56.697153527783975,1097.4904563918697,355.7645291073485,0.23645680674808248,0.07683381637315408,0.7746335358375913,COMPLETE
78,334.61951217338355,2026-05-04 19:51:47.816609,2026-05-04 19:52:16.769228,0 days 00:00:28.952619,9.579284234486408,82.01490300657434,1054.6850964685887,400.5470313454833,0.30830100919901493,0.08486045685448798,0.803808812389132,COMPLETE
79,1000000000.0,2026-05-04 19:52:16.770393,2026-05-04 19:53:04.275884,0 days 00:00:47.505491,15.065088553409868,77.57104797308166,1176.2184453963428,314.74226497605514,0.3100799005074172,0.05583538794320976,0.5447219405547848,COMPLETE
80,378.70050478995574,2026-05-04 19:53:04.276861,2026-05-04 19:53:32.209929,0 days 00:00:27.933068,10.064551611856498,81.03232548595876,1083.7886935886147,228.45777881384194,0.294404818646189,0.08674825560485565,0.7481234996137063,COMPLETE
81,379.64073801760156,2026-05-04 19:53:32.211056,2026-05-04 19:54:00.435948,0 days 00:00:28.224892,5.507556888169775,70.71997827414711,2927.9832655014566,245.39745699759078,0.26124102165231855,0.08657249655571678,1.0941358431383204,COMPLETE
82,1000000000.0,2026-05-04 19:54:00.436823,2026-05-04 19:54:46.484401,0 days 00:00:46.047578,11.401727946032583,60.51120237858324,1063.3616995020118,172.66224125688058,0.25069748685875826,0.06470170941234388,1.159494109178002,COMPLETE
83,1000000000.0,2026-05-04 19:54:46.486005,2026-05-04 19:55:33.846021,0 days 00:00:47.360016,12.715000634137173,84.31093176917672,1135.5650977032656,306.51050185347043,0.21479972000653957,0.08990699608069892,0.9932591512788017,COMPLETE
84,339.84144958283895,2026-05-04 19:55:33.846803,2026-05-04 19:56:01.901089,0 days 00:00:28.054286,5.19825758682418,91.03970680564638,1090.3679451853445,199.06450365952884,0.1900023397615182,0.05047037730889002,1.173534801102965,COMPLETE
85,361.40555723495766,2026-05-04 19:56:01.902177,2026-05-04 19:56:30.237914,0 days 00:00:28.335737,8.658370764377507,56.870047806752225,1512.5401051696265,122.48781778520767,0.13886076019098997,0.03115364913066669,1.195887197340757,COMPLETE
86,1000000000.0,2026-05-04 19:56:30.238825,2026-05-04 19:56:59.317125,0 days 00:00:29.078300,44.05687481975228,45.057254566049544,1820.6909685492324,141.52929395060974,0.19461998432347696,0.029300804203265977,0.7585812099693298,COMPLETE
87,322.74297677837865,2026-05-04 19:56:59.318174,2026-05-04 19:57:30.365008,0 days 00:00:31.046834,7.531577964120376,91.47603584702868,2314.442540549162,219.8800668521767,0.3541204688101511,0.09085977865614421,0.9618654310305021,COMPLETE
88,392.98102311811954,2026-05-04 19:57:30.366041,2026-05-04 19:58:01.666938,0 days 00:00:31.300897,8.434299584715124,93.23322944051365,1401.1526940434874,238.01786153676306,0.29384737421937945,0.08346661949612093,0.8654344070610204,COMPLETE
89,393.47501640602303,2026-05-04 19:58:01.667844,2026-05-04 19:58:32.912077,0 days 00:00:31.244233,13.470373484701271,73.52646060227858,2838.4406108135763,322.39827800558163,0.31786517811876847,0.07695358041044408,1.1876102544392406,COMPLETE
90,389.6872439090563,2026-05-04 19:58:32.913200,2026-05-04 19:59:02.153104,0 days 00:00:29.239904,12.913634122405234,74.05332208393699,1143.0047818490498,101.18766798662655,0.14837183529181913,0.04210013030171275,1.1624072074422833,COMPLETE
91,1000000000.0,2026-05-04 19:59:02.154144,2026-05-04 19:59:33.261057,0 days 00:00:31.106913,18.532645079244705,93.50976269260737,1995.780823778978,125.93846386935601,0.34719889149376754,0.0969546307282985,0.9785370206498111,COMPLETE
92,385.66524167963223,2026-05-04 19:59:33.262223,2026-05-04 20:00:01.576001,0 days 00:00:28.313778,5.765834182639761,85.67807640888931,2318.2337547933075,220.9027971317004,0.3055175834271668,0.08838127953524168,0.8304511957706497,COMPLETE
