number,value,datetime_start,datetime_complete,duration,params_adaptive_alpha_pos,params_adaptive_lambda,params_i_clamp_ori,params_i_clamp_pos,params_i_gain_ori,params_i_gain_pos,params_k_pos_max,params_k_pos_min,params_m_pos_max,params_m_pos_min,params_zeta_pos,state
141,1523985.2663127377,2000-01-01 00:02:21.000000,2000-01-01 00:02:21.000000,0 days 00:00:00,23.49917605842157,63.6578542452568,0.0017749885609789,0.0083223982037449,50.44131772064709,537.8891676169956,1703.8800952832717,437.9176815247629,0.4706335888348955,0.078075670557618,0.9106040285346828,COMPLETE
142,1649900.5485055388,2000-01-01 00:02:22.000000,2000-01-01 00:02:22.000000,0 days 00:00:00,5.858943854619997,36.03814936888919,0.0025505247347031,0.0047261087102261,46.07138878759524,688.8648849117105,1264.7063812541849,290.0023959115256,0.3443549685168844,0.00736446169095,0.6058463983795536,COMPLETE
143,1728477.4948008906,2000-01-01 00:02:23.000000,2000-01-01 00:02:23.000000,0 days 00:00:00,22.52112173215959,68.50419580646602,0.0012118847219941,0.0149896442362933,65.37613161044811,481.382081611124,2603.502081239847,350.8471114098295,0.4696601519216489,0.06454535566285,1.0891293676531637,COMPLETE
144,2424014.1428656825,2000-01-01 00:02:24.000000,2000-01-01 00:02:24.000000,0 days 00:00:00,24.9424017410134,85.78772117053829,0.0018469701286152,0.0038649439282491,11.16497528345204,608.3039864194418,2197.587107895128,475.1417843697759,0.2393131341927233,0.0538239794826754,0.9304030095327216,COMPLETE
145,1276207.1386878402,2000-01-01 00:02:25.000000,2000-01-01 00:02:25.000000,0 days 00:00:00,16.8727745025529,77.34361743507975,0.0002182298628103,0.0029341397165857,38.03255014876738,453.2286136428152,1253.2921765531637,262.00908240042247,0.1471532699739137,0.0104416254490361,1.1833082357134026,COMPLETE
146,1919515.064284145,2000-01-01 00:02:26.000000,2000-01-01 00:02:26.000000,0 days 00:00:00,16.5389324867645,93.89481017190052,0.000622580945412,0.0050576287638664,27.53141834058852,939.837149250546,1036.1085478742775,129.6686344776045,0.1263411948870887,0.0446286304966943,1.1872118150107316,COMPLETE
147,1135028.068119995,2000-01-01 00:02:27.000000,2000-01-01 00:02:27.000000,0 days 00:00:00,13.770726775602972,47.98401265621783,0.0084615736751662,0.0026888525053483,27.25668376409193,308.7154859790042,2295.4287912768355,361.0072665169687,0.4176859548642431,0.003781946175348,0.9262172982449453,COMPLETE
148,1818813.665976829,2000-01-01 00:02:28.000000,2000-01-01 00:02:28.000000,0 days 00:00:00,11.7233039400925,49.91764658904805,0.007021253972336,0.0120276803965796,35.04449794062401,509.9095304801619,2403.082939208405,345.37490469385415,0.495585836315368,0.0081404093330121,0.8051404369884134,COMPLETE
149,9992826.007894516,2000-01-01 00:02:29.000000,2000-01-01 00:02:29.000000,0 days 00:00:00,7.300865795284968,32.950285952408194,0.0007471159685535,0.0105175902767583,10.039822199338188,1413.3660550180473,1252.943962245122,428.0322700335204,0.2259442140934814,0.0120006320219253,0.6110836068009112,COMPLETE
150,8036850.489317707,2000-01-01 00:02:30.000000,2000-01-01 00:02:30.000000,0 days 00:00:00,8.55091884226277,80.0970316876058,0.000875949745422,0.014637101792001,33.47778879758932,385.414091174697,1526.7607489471206,116.92766590288709,0.1526863633120856,0.0014023959552033,1.1970336449586485,COMPLETE
151,7056613.391781544,2000-01-01 00:02:31.000000,2000-01-01 00:02:31.000000,0 days 00:00:00,10.909274495031898,50.99510890867274,0.0089859624031571,0.0058827632733313,64.33655123160813,385.35705486580935,2606.038890375437,439.260164161967,0.3575249937237461,0.0010641345764958,0.9256622238160556,COMPLETE
152,1723306.7119057172,2000-01-01 00:02:32.000000,2000-01-01 00:02:32.000000,0 days 00:00:00,6.032530165484168,38.78684064225083,0.0013575248330072,0.0115172002576895,17.880702649579263,504.9753786767403,1122.908947863762,438.09042529591886,0.4233014275673797,0.0475363878440146,1.1407659327750634,COMPLETE
153,1402808.9843794955,2000-01-01 00:02:33.000000,2000-01-01 00:02:33.000000,0 days 00:00:00,13.027902803523109,97.37845949600084,0.0006053246487909,0.0057003375131642,51.67633678679289,544.8137982258669,1779.085351795853,454.2936174808144,0.4443471705954048,0.0975304004687869,0.7882149317693702,COMPLETE
154,2210464.2492559277,2000-01-01 00:02:34.000000,2000-01-01 00:02:34.000000,0 days 00:00:00,12.254097483177867,76.7997618533657,0.0006177929945615,0.0232219874254224,44.07446048524099,419.1359385643371,1805.9235310743527,467.4681634888589,0.4328423295915179,0.0889289079114125,0.727434829436164,COMPLETE
155,1391008.5389015877,2000-01-01 00:02:35.000000,2000-01-01 00:02:35.000000,0 days 00:00:00,15.152121346349624,46.09467935112949,0.0090351994691132,0.0058052797355223,24.285183655668703,473.0979525179903,2003.629282835254,413.5332489740063,0.3255012090386008,0.0298072041067334,0.8488119557185647,COMPLETE
156,2249120.253503985,2000-01-01 00:02:36.000000,2000-01-01 00:02:36.000000,0 days 00:00:00,13.35401720590878,60.15106329173403,0.0039330876154451,0.0158187246263989,22.65562694919762,500.9502372082634,1042.0424927511276,340.80499178881126,0.2709491577119997,0.0312108340916087,0.9112753320598178,COMPLETE
157,2283510.29006126,2000-01-01 00:02:37.000000,2000-01-01 00:02:37.000000,0 days 00:00:00,30.64458177610694,57.996234085099154,0.0061083275335793,0.0062801359766104,39.6060752657872,304.93363588195353,1868.1265596050616,133.2220361895902,0.4267055468610828,0.0185252297864137,1.0489927402290338,COMPLETE
158,1236421.8036645977,2000-01-01 00:02:38.000000,2000-01-01 00:02:38.000000,0 days 00:00:00,15.982356470756582,63.49108269955492,0.0085103566241732,0.0024773857806342,12.82117961496632,628.167335495823,1356.5523839868133,350.8756753581864,0.4099855991437721,0.0494321656172831,0.8355253812625631,COMPLETE
159,1576870.3813072324,2000-01-01 00:02:39.000000,2000-01-01 00:02:39.000000,0 days 00:00:00,22.02064522119841,88.7941246052577,0.0083798908493358,0.0113169734682993,32.49752614518936,414.6441652503993,2090.6750572328274,427.76430802593336,0.3638508399481821,0.0314787230794457,0.8743270699070234,COMPLETE
160,1993659.974690564,2000-01-01 00:02:40.000000,2000-01-01 00:02:40.000000,0 days 00:00:00,15.437352500491528,99.11392652951756,0.0004326436459097,0.0148211998031922,61.31253350531926,601.1614046448259,1348.1172951973683,471.98547114607294,0.4716181222695048,0.0755400433332263,0.9035565852877928,COMPLETE
161,1667221.0545543483,2000-01-01 00:02:41.000000,2000-01-01 00:02:41.000000,0 days 00:00:00,28.845459882140545,23.172131684660656,0.006400545249105,0.0066759786006305,31.779721927441237,836.2621935087055,1258.9326525710776,459.6546477713651,0.4096191922108708,0.0444949039554669,0.7096550852356919,COMPLETE
162,1698713.4308359837,2000-01-01 00:02:42.000000,2000-01-01 00:02:42.000000,0 days 00:00:00,11.768893738852656,66.68990241699187,0.0079035943188495,0.0080861103489127,14.91643035746875,683.6588582538964,1211.8805479802404,450.4930742397887,0.4758722569415027,0.0637066802936495,0.7888610280206076,COMPLETE
163,1448103.52128033,2000-01-01 00:02:43.000000,2000-01-01 00:02:43.000000,0 days 00:00:00,11.436570342515768,69.54862044607718,0.0089185641293702,0.0066893453106725,26.999738831384047,392.73106163529,1414.7713152586582,282.44455840203284,0.3809818690595338,0.0444097964153048,0.9060241218209312,COMPLETE
164,2100294.9216502327,2000-01-01 00:02:44.000000,2000-01-01 00:02:44.000000,0 days 00:00:00,17.704312561907194,28.732596332513893,0.0097333097891191,0.0153402668647041,27.42599445326631,562.597235432141,1948.9071082036005,388.0786515697153,0.3566704252639861,0.045264267155069,0.7059246644248023,COMPLETE
165,2007745.26582962,2000-01-01 00:02:45.000000,2000-01-01 00:02:45.000000,0 days 00:00:00,25.368649592443617,42.10449475357014,0.0070695643400295,0.0129225268625395,11.900817942771596,582.4458818288554,1719.9006339544565,318.6765431924796,0.294982477023057,0.0126048265164377,0.7925081288356723,COMPLETE
166,1234079.6147014163,2000-01-01 00:02:46.000000,2000-01-01 00:02:46.000000,0 days 00:00:00,17.357944106496763,41.36767744813594,0.0082429263862937,0.0046005109158047,11.6870241748898,396.8058735237552,2115.748538097292,467.0121113781131,0.3753831914161635,0.0269409886609067,0.9353626629053596,COMPLETE
167,1161356.177887906,2000-01-01 00:02:47.000000,2000-01-01 00:02:47.000000,0 days 00:00:00,9.137053226047742,30.04111428759446,0.0025871308430866,0.0028587741719821,15.499654493026604,357.21342881711473,1529.1199164172724,374.8624367140836,0.2627093630533675,0.0195082597205254,1.0829102494915646,COMPLETE
168,1749360.9447797418,2000-01-01 00:02:48.000000,2000-01-01 00:02:48.000000,0 days 00:00:00,21.610304860130743,56.019771013272376,0.0006325901921146,0.0123001339879965,41.64826175841472,304.860845768029,2737.3129169086164,404.3667005967701,0.4736209782018993,0.0671612870413403,0.7776263168314802,COMPLETE
169,1179724.6465689626,2000-01-01 00:02:49.000000,2000-01-01 00:02:49.000000,0 days 00:00:00,20.658253691934167,34.49341941411228,0.0099187555641461,0.003446300821593,17.441845636705757,398.7036105516771,2474.996543043144,422.6255265758015,0.4164690431403891,0.0080827391144061,1.0158525904099125,COMPLETE
170,1639765.7995008796,2000-01-01 00:02:50.000000,2000-01-01 00:02:50.000000,0 days 00:00:00,30.44749438263316,39.91344077837775,0.0073143838284334,0.0044348598042662,10.550806320308054,686.6322151896863,2212.304636752272,492.50820857837743,0.4113909695522589,0.0446067421767671,0.8582525747531968,COMPLETE
171,1571951.900773643,2000-01-01 00:02:51.000000,2000-01-01 00:02:51.000000,0 days 00:00:00,19.50880166964997,25.09780262065035,0.009190969621312,0.0099037228614232,35.96488457112059,599.7233287116685,2687.224643607515,496.060621180285,0.4058086834050458,0.0064489555729535,1.0783165719876626,COMPLETE
172,1138620.7422991877,2000-01-01 00:02:52.000000,2000-01-01 00:02:52.000000,0 days 00:00:00,16.161316041513707,44.31605841385994,0.009621188636784,0.0022497137899442,36.99922681109213,345.99263158408,2390.3268477561965,250.87186133472653,0.4380233794467532,0.0191366783878544,0.8841139096264962,COMPLETE
173,1582538.125893163,2000-01-01 00:02:53.000000,2000-01-01 00:02:53.000000,0 days 00:00:00,11.953696283662913,13.554089717318952,0.0012939111292199,0.0109513141569287,22.58611756928059,329.59411684616634,1503.027066896868,362.373169835269,0.3081554585416234,0.0102264702821504,1.0470671618005054,COMPLETE
174,1550248.447482415,2000-01-01 00:02:54.000000,2000-01-01 00:02:54.000000,0 days 00:00:00,10.19753595604766,34.70089516298509,0.0089137385232731,0.0077796459450502,17.090074358831323,590.8486561157749,2085.4191300235348,399.5732138852957,0.4834710456125617,0.0266568378774299,1.1557089998424197,COMPLETE
175,1334404.076723902,2000-01-01 00:02:55.000000,2000-01-01 00:02:55.000000,0 days 00:00:00,15.994330040173269,29.766635016992037,0.0065496182738687,0.0069258728167285,48.85433470962785,350.0493378933031,1685.0196439781705,468.4811593816016,0.346401811182708,0.0218929439400003,0.8565006814290548,COMPLETE
176,7095569.321858802,2000-01-01 00:02:56.000000,2000-01-01 00:02:56.000000,0 days 00:00:00,10.350908742920607,63.1937286828312,0.0017829178222607,0.0096596340639292,81.88668890578289,300.05797832145834,2229.793551892948,473.5615001997431,0.4530150253732267,0.0463871027293769,0.9156051097933832,COMPLETE
177,1251547.638309215,2000-01-01 00:02:57.000000,2000-01-01 00:02:57.000000,0 days 00:00:00,14.80949934916308,20.91632448572996,0.0056257197927681,0.0041434928798791,15.429591393271116,406.1116713437847,1845.560654450832,411.0396162625863,0.2507786282891674,0.0217148329091092,1.0031735195000804,COMPLETE
178,7554520.586773789,2000-01-01 00:02:58.000000,2000-01-01 00:02:58.000000,0 days 00:00:00,16.63012698115323,24.549972401250983,0.0052464942928081,0.0095250131371774,83.12290332475487,568.1208949311787,1642.0251603324266,414.7995129571386,0.3105829756255431,0.0123543491647375,1.013571248137251,COMPLETE
179,1873331.457973403,2000-01-01 00:02:59.000000,2000-01-01 00:02:59.000000,0 days 00:00:00,23.023237585550653,99.12156316864773,0.0039081682136445,0.0152098088599841,53.52269239839593,358.667035646813,1683.093285827142,328.2069746624251,0.3877353073483567,0.0155197447172034,1.0694609072439385,COMPLETE
180,1958487.5280647865,2000-01-01 00:03:00.000000,2000-01-01 00:03:00.000000,0 days 00:00:00,19.65609190514668,16.790363252046447,0.0075106081445582,0.0119597448777462,54.851613977014935,321.1702171299454,1387.2520644301312,482.07918267322,0.2761784634782949,0.009354047696394,0.6780259643696247,COMPLETE
181,2473299.429178423,2000-01-01 00:03:01.000000,2000-01-01 00:03:01.000000,0 days 00:00:00,15.9449711941026,60.45543661390761,0.0095668889475455,0.0148858120777687,30.734000105968672,826.6580275785157,2196.1200840405613,205.9716310484393,0.4124841907747719,0.0111383255323412,0.9971379983938607,COMPLETE
182,2697515.249915827,2000-01-01 00:03:02.000000,2000-01-01 00:03:02.000000,0 days 00:00:00,25.693969493200942,31.97751630939446,0.0059442668795296,0.00328175731073,12.862122552177429,513.4526578455575,1675.2373030697916,466.0684596567325,0.2304990124377804,0.0147017290016171,0.9741987652119892,COMPLETE
183,1671773.6874625068,2000-01-01 00:03:03.000000,2000-01-01 00:03:03.000000,0 days 00:00:00,11.582751924923038,34.318380075046235,0.0038747596211445,0.0071168484149197,41.41910649142934,352.1761988579517,2151.2680852478843,489.690033561348,0.3482662589443541,0.0091834272052874,0.8930597263005177,COMPLETE
184,2227546.188461165,2000-01-01 00:03:04.000000,2000-01-01 00:03:04.000000,0 days 00:00:00,28.996951654608186,55.65402834600031,0.0086657858205148,0.0044072547913075,28.837687705494787,746.0594267255226,2353.630848579337,356.8824269296779,0.479254700118512,0.0117967373807907,1.0209417676951065,COMPLETE
185,1384145.6701527766,2000-01-01 00:03:05.000000,2000-01-01 00:03:05.000000,0 days 00:00:00,20.71395435981959,43.85490914823869,0.0099313486545792,0.0093261816493013,20.786662554277648,347.8309377564107,2201.847779637704,498.13690270637926,0.4724335137804271,0.0071445769192206,0.8166593058613606,COMPLETE
186,1205730.2868111858,2000-01-01 00:03:06.000000,2000-01-01 00:03:06.000000,0 days 00:00:00,6.2908989434362175,36.15030729998258,0.0047079887917949,0.0025273641006928,38.30315219985695,475.7047608232963,1069.862142476051,333.14071833122034,0.234425925804332,0.01516417255502,1.0656378951870111,COMPLETE
187,1357538.76987289,2000-01-01 00:03:07.000000,2000-01-01 00:03:07.000000,0 days 00:00:00,9.253346580918864,39.89714925589279,0.0081982230296186,0.0072052296854177,10.960042901044131,397.4442955013481,2376.198631069362,487.53143207010737,0.2497486560399603,0.0383348283850411,1.1098711974860225,COMPLETE
188,1301689.6181243665,2000-01-01 00:03:08.000000,2000-01-01 00:03:08.000000,0 days 00:00:00,12.260652037737056,17.430999422014366,0.0033226473282804,0.0038416856495432,35.17292122256191,603.5595111198841,1410.021555862519,430.7786719755274,0.248804413673169,0.0224941392102725,1.0908266873092836,COMPLETE
189,1567616.9042056445,2000-01-01 00:03:09.000000,2000-01-01 00:03:09.000000,0 days 00:00:00,33.549291136549954,76.85814273456232,0.0027772066215441,0.0114412228529912,11.704493777225991,434.6039115124643,2510.713333403542,249.12512746049467,0.3642624076247932,0.0117148753336196,1.1424500163720692,COMPLETE
190,1702645.9188941382,2000-01-01 00:03:10.000000,2000-01-01 00:03:10.000000,0 days 00:00:00,21.54424422514696,21.066569490515768,0.0093592883859331,0.0031434467643448,58.85760800014821,593.2001458340825,2522.955148069105,179.21410299554233,0.4187933238375509,0.017965079455587,0.7764851411402679,COMPLETE
191,1772726.5929395924,2000-01-01 00:03:11.000000,2000-01-01 00:03:11.000000,0 days 00:00:00,12.092893939113878,34.3941536099087,0.0097549012642014,0.0093745232377504,41.15124617475227,407.4769974500523,2002.044678496417,165.85997036562895,0.4612189975966764,0.0230329486774778,0.8551410275604057,COMPLETE
192,1290370.235843114,2000-01-01 00:03:12.000000,2000-01-01 00:03:12.000000,0 days 00:00:00,5.830533379582642,25.23107534480652,0.0035461622175809,0.0035077643286637,10.159262250555836,612.074435582435,2456.4216482029897,371.6243968336128,0.2990054622714415,0.0244997132290045,1.0154818987044256,COMPLETE
193,1407571.2523977752,2000-01-01 00:03:13.000000,2000-01-01 00:03:13.000000,0 days 00:00:00,7.412836613854336,44.12872875182778,0.0030090526536838,0.0055560398762187,22.69288762593581,353.91178737707963,2571.524978446556,252.82699107230397,0.196887959448597,0.0024879665779609,0.926716335721836,COMPLETE
194,1899453.398658175,2000-01-01 00:03:14.000000,2000-01-01 00:03:14.000000,0 days 00:00:00,21.061839798715624,31.36279669418717,0.0059359982791675,0.0136932186743034,21.868608720269183,371.5534468090476,1430.9121737044916,224.1257619336457,0.1949116633716035,0.0065055094783618,1.0567369518587846,COMPLETE
195,2346834.634003067,2000-01-01 00:03:15.000000,2000-01-01 00:03:15.000000,0 days 00:00:00,14.432667561037317,10.214756000865764,0.0033476727618131,0.0129570158058521,54.17738443709903,714.1703875407361,1452.788998564116,337.040362847407,0.1356473505185237,0.0227344224883387,1.065781483685912,COMPLETE
196,1262786.4912087414,2000-01-01 00:03:16.000000,2000-01-01 00:03:16.000000,0 days 00:00:00,9.067473777680274,44.07363450936816,0.0052376901804515,0.0040805885985606,39.33560063326557,369.2500689479231,1347.813304251188,338.8230450172788,0.1781149119035675,0.021426952222444,1.1129967982236433,COMPLETE
197,1887320.7104371276,2000-01-01 00:03:17.000000,2000-01-01 00:03:17.000000,0 days 00:00:00,6.255882320040965,40.21812292056613,0.0047759137744143,0.0080419562418526,12.264778989929855,722.0434855450397,1435.2949941508878,319.1864357945988,0.1955485374585134,0.0291942335777697,1.1554274988735425,COMPLETE
198,2280346.477995085,2000-01-01 00:03:18.000000,2000-01-01 00:03:18.000000,0 days 00:00:00,11.370725514587768,10.554000795991186,0.004203449038949,0.0096023695633781,12.584193529700835,456.2175924509917,2185.7052090504826,407.1587668048495,0.181675143517258,0.005838677117673,0.9139635055716708,COMPLETE
199,1381645.386666929,2000-01-01 00:03:19.000000,2000-01-01 00:03:19.000000,0 days 00:00:00,12.904917375115954,42.33913989823645,0.0082289980226888,0.0077660116505969,24.9223971125244,338.4952120220103,2227.156233791104,341.86968033455446,0.362840502345792,0.0050505682741922,1.0134488050412842,COMPLETE
200,1337262.9989537606,2000-01-01 00:03:20.000000,2000-01-01 00:03:20.000000,0 days 00:00:00,16.31070385794519,15.194126216843337,0.0043988999625052,0.0033288951217172,27.164413207653155,827.89801915817,1850.3889374230316,429.7176369855013,0.2737072451459144,0.0305066509875813,1.058751026165928,COMPLETE
201,1969494.371577812,2000-01-01 00:03:21.000000,2000-01-01 00:03:21.000000,0 days 00:00:00,8.733920777681174,32.45194735169107,0.002738216341431,0.0136053274934724,12.40809847084249,596.7942124021739,2711.559550030465,396.3683602949523,0.2998700100302054,0.0227390207888128,1.0851677484874032,COMPLETE
202,1263955.845339269,2000-01-01 00:03:22.000000,2000-01-01 00:03:22.000000,0 days 00:00:00,14.489304651535123,69.97727579734328,0.0002986839218193,0.0038102187526487,65.12352246676939,322.10591996096616,1387.5585263818332,310.42631893546024,0.1114859796842248,0.0068536923678222,1.1702150119650128,COMPLETE
203,1508177.6267333252,2000-01-01 00:03:23.000000,2000-01-01 00:03:23.000000,0 days 00:00:00,7.3752049792614525,73.82096472601242,0.0003365860890168,0.003491070783594,84.91262492911082,616.4608410951648,1638.5453181697549,174.44695607959704,0.1533389643451481,0.0125584327423796,1.1093945075240947,COMPLETE
204,1237787.9745577038,2000-01-01 00:03:24.000000,2000-01-01 00:03:24.000000,0 days 00:00:00,16.76798680995492,67.33810486341523,0.0004645063090885,0.0032588732107905,59.31903972911482,343.881527442763,1178.310204759759,322.0745751392718,0.1125616681245309,0.008142760211348,1.0490531366252436,COMPLETE
205,2011903.4209855676,2000-01-01 00:03:25.000000,2000-01-01 00:03:25.000000,0 days 00:00:00,10.426834902815768,87.95751775680222,0.001000031975783,0.0080058420378245,68.47383321942958,415.04500149131513,1333.6666184340882,311.32866445688285,0.1243072299842258,0.0184917440452105,1.1297941892931649,COMPLETE
206,1756397.9161752723,2000-01-01 00:03:26.000000,2000-01-01 00:03:26.000000,0 days 00:00:00,21.408360849490588,28.25312387464652,0.0002587248814886,0.0067574394961957,93.25882717524632,617.134804271465,1189.3166394728362,350.9131535770412,0.1013618376786473,0.0150660487906708,1.166099724131639,COMPLETE
207,1476828.368382946,2000-01-01 00:03:27.000000,2000-01-01 00:03:27.000000,0 days 00:00:00,17.313249521660367,64.79739430045075,0.0045034965727683,0.0119317553739165,44.17457174438998,305.39078653668145,2637.886508535955,360.79689646828814,0.4959470455591722,0.0209815678106066,1.1639496299921437,COMPLETE
208,1747263.0128469467,2000-01-01 00:03:28.000000,2000-01-01 00:03:28.000000,0 days 00:00:00,27.588473176361084,69.09207958369532,0.0013451811641038,0.0045500056493538,83.69752127059638,396.32244955498834,1400.3659826532494,366.49155127039126,0.1149133024716544,0.0011982654307269,1.0691899138583627,COMPLETE
209,1890639.366316276,2000-01-01 00:03:29.000000,2000-01-01 00:03:29.000000,0 days 00:00:00,9.892957724555618,28.65288903002086,0.0056908518615575,0.0114498583566455,38.1373193340228,557.0745079475846,1395.0758333060196,451.2914910165869,0.2316724780491625,0.0107500103765425,1.0853462212025553,COMPLETE
210,1204704.9909666325,2000-01-01 00:03:30.000000,2000-01-01 00:03:30.000000,0 days 00:00:00,17.678138115308276,74.32311394690416,0.0013563681363373,0.004909937897037,63.39804866588527,306.80111181251266,1879.6476178244016,465.6069205243261,0.3970622331920202,0.0699422185941286,0.9416496482033314,COMPLETE
211,1318473.5402908218,2000-01-01 00:03:31.000000,2000-01-01 00:03:31.000000,0 days 00:00:00,6.980415180828317,25.824450340711795,0.003769598185873,0.0043245138651149,38.26796048923387,543.2043935031037,1357.257914485223,422.7599313230587,0.2786615892584031,0.0615016004970194,1.067264240634887,COMPLETE
