number,value,datetime_start,datetime_complete,duration,params_adaptive_alpha_pos,params_adaptive_lambda,params_i_clamp_ori,params_i_clamp_pos,params_i_gain_ori,params_i_gain_pos,params_k_pos_max,params_k_pos_min,params_m_pos_max,params_m_pos_min,params_zeta_pos,state
70,1793248.7931312774,2000-01-01 00:01:10.000000,2000-01-01 00:01:10.000000,0 days 00:00:00,28.485241515132834,23.783186948561543,0.0041078627107701,0.0079891660183299,40.41672635515309,949.076189217816,1208.8813866634243,442.6351985967842,0.3323681010490859,0.0965717827951682,1.0492244395083217,COMPLETE
71,1345963.948458137,2000-01-01 00:01:11.000000,2000-01-01 00:01:11.000000,0 days 00:00:00,30.14397322295575,11.85282899029823,0.0060469380545983,0.0038681588685449,24.667289452739368,778.0593139841747,1374.9805650072371,422.0005221717351,0.3699919060008936,0.0498466838576453,0.9370277964221864,COMPLETE
72,7192384.523781715,2000-01-01 00:01:12.000000,2000-01-01 00:01:12.000000,0 days 00:00:00,29.96331991333708,24.30191974921923,0.0065180045335326,0.002475587443323,48.49743641658946,628.9462587118155,1418.792001400809,319.42372792595035,0.366763169828815,0.0922882499423881,0.9928492323752898,COMPLETE
73,2642485.5252833096,2000-01-01 00:01:13.000000,2000-01-01 00:01:13.000000,0 days 00:00:00,30.19144259021804,11.061617859694564,0.0042882423727667,0.0119707751299296,27.682085397646645,431.70062729532447,1389.864786004777,400.744808266454,0.4125978346770681,0.0341330753476782,0.9188705271036988,COMPLETE
74,2802192.647264689,2000-01-01 00:01:14.000000,2000-01-01 00:01:14.000000,0 days 00:00:00,28.188094902643243,19.93818165902622,0.0037003923710269,0.0154786630742197,29.884484485350622,1119.544790110319,1024.1130528845024,441.55989983652216,0.2749527202572948,0.0990109711221553,1.1948299967073432,COMPLETE
75,1645070.9633874996,2000-01-01 00:01:15.000000,2000-01-01 00:01:15.000000,0 days 00:00:00,26.457193542807804,17.9335535375817,0.0025473383175712,0.0086867343210917,74.96585441173022,602.7420659428309,1068.9220109526098,457.5957525393795,0.3032234409111286,0.0819278048817787,0.9563327698911416,COMPLETE
76,1452674.0374597155,2000-01-01 00:01:16.000000,2000-01-01 00:01:16.000000,0 days 00:00:00,18.620113004913208,37.95164440958085,0.0023148247463561,0.0059787417695482,81.22480789072414,612.20576603982,1381.9429939432634,497.5793002438171,0.2916459947199296,0.0995154164733999,0.9018631838000551,COMPLETE
77,2198614.4731201865,2000-01-01 00:01:17.000000,2000-01-01 00:01:17.000000,0 days 00:00:00,20.918517403164884,42.09105257410913,0.0029658358927413,0.0170586471092626,102.78515932790428,308.15753342968145,1074.6252881525577,466.7517844236498,0.2987762469464922,0.0895975991488764,0.7965086122997458,COMPLETE
78,1577723.7364757543,2000-01-01 00:01:18.000000,2000-01-01 00:01:18.000000,0 days 00:00:00,19.769091908296065,58.62864719938048,0.0006365504347535,0.0056369788612388,84.79150587311241,944.1796147509308,1851.794724437831,435.1604393715599,0.3016848826342647,0.084041596201883,0.9677611816395948,COMPLETE
79,2654092.5510609294,2000-01-01 00:01:19.000000,2000-01-01 00:01:19.000000,0 days 00:00:00,20.73480055123234,65.08365054618821,0.0011311183700014,0.0068562623640888,86.54624373659989,940.4018150472712,2218.5338505975938,369.2607272837868,0.3829550039157814,0.0852074864709623,0.5504671937040548,COMPLETE
80,1770571.1689283384,2000-01-01 00:01:20.000000,2000-01-01 00:01:20.000000,0 days 00:00:00,18.383249865646757,70.34965814196741,0.002961806449471,0.0031432691568076,96.85263618588314,1055.6481912925512,1698.7523769784991,479.1672548183373,0.251252816396461,0.086899050711174,1.1080476146493137,COMPLETE
81,2805679.4392026584,2000-01-01 00:01:21.000000,2000-01-01 00:01:21.000000,0 days 00:00:00,18.10803573365828,57.442903087277465,0.0022568917139164,0.0092032422491926,84.27887732081875,1041.1979096265918,1990.781222294056,408.2786453901838,0.2313798198353944,0.0885770015406514,0.9840927957993988,COMPLETE
82,2264366.4050171366,2000-01-01 00:01:22.000000,2000-01-01 00:01:22.000000,0 days 00:00:00,36.64890286739551,85.09400021278442,0.001221951885537,0.0054965596095325,81.30779036533076,1062.543511733997,1853.670930982909,449.8191465776095,0.3131673611394035,0.0786956120337998,0.9533830986255766,COMPLETE
83,1431647.0612850343,2000-01-01 00:01:23.000000,2000-01-01 00:01:23.000000,0 days 00:00:00,6.809602187850281,30.694886696214255,0.0042703614599607,0.0042580738295791,82.88642489987843,820.7995138941535,1429.2194868575325,495.7770774010177,0.4049948150682919,0.0817279917269905,0.7830161680204099,COMPLETE
84,2111973.360465277,2000-01-01 00:01:24.000000,2000-01-01 00:01:24.000000,0 days 00:00:00,11.786944841076153,44.6984316921063,0.0056759175986478,0.0163679720067448,68.07629639715358,528.0624573757198,1405.4306745387314,475.6956426518032,0.4526213895247126,0.0892005044906131,0.7552732732593216,COMPLETE
85,3607998.5248791967,2000-01-01 00:01:25.000000,2000-01-01 00:01:25.000000,0 days 00:00:00,6.739881748894913,28.26680255039814,0.0019486102602043,0.0159982294728181,96.74528344068034,1053.0591201137402,1522.1669822399117,434.396400194365,0.3529827808509845,0.0931096193419602,0.68514674060433,COMPLETE
86,1590730.1727587038,2000-01-01 00:01:26.000000,2000-01-01 00:01:26.000000,0 days 00:00:00,24.54835177802749,35.778729372052815,0.0025402699665678,0.0095730262280615,67.27559450590451,484.2751366033177,1153.8061152338896,455.2147888475589,0.3610383282005504,0.0647295964918821,0.9356753749911948,COMPLETE
87,1459352.2107812343,2000-01-01 00:01:27.000000,2000-01-01 00:01:27.000000,0 days 00:00:00,20.88444423276108,72.77598031243869,0.0016538542596105,0.0054294623496663,44.16367069949512,569.1855837926364,1080.3434744957683,425.0215098888035,0.2898011645004757,0.0757923952398981,0.7878617387883494,COMPLETE
88,1479357.0495671574,2000-01-01 00:01:28.000000,2000-01-01 00:01:28.000000,0 days 00:00:00,19.911014651262956,71.57848759787983,0.0003644480120877,0.0110328319094167,62.23956873409856,305.7262972111994,1259.1374180727353,438.763280998819,0.3147440556575432,0.053294626374151,0.9240513314947744,COMPLETE
89,3396447.1289528613,2000-01-01 00:01:29.000000,2000-01-01 00:01:29.000000,0 days 00:00:00,26.15122521898173,52.28236581764578,0.0009795949017771,0.0158369576939737,33.0653599339919,743.4255482608471,1210.354683624885,408.9566854051937,0.3136155995796076,0.0879896464171971,0.6387711172842164,COMPLETE
90,2195270.7835142324,2000-01-01 00:01:30.000000,2000-01-01 00:01:30.000000,0 days 00:00:00,18.383276671759077,65.64622210105551,0.005595159945952,0.0043673595139478,30.18941244300403,484.484037282233,1252.9012003626715,413.7578622021499,0.3001589425710255,0.0837913711829209,0.6993931379368474,COMPLETE
91,2175216.948045275,2000-01-01 00:01:31.000000,2000-01-01 00:01:31.000000,0 days 00:00:00,18.46563491892772,71.70687241873723,0.0017015466997451,0.0110110808455434,78.8467609158756,809.5680628148443,1099.2358776181434,411.85831977691646,0.2212092703982781,0.0234220335662083,0.8736669962159115,COMPLETE
92,1455202.897155399,2000-01-01 00:01:32.000000,2000-01-01 00:01:32.000000,0 days 00:00:00,7.068436398423296,70.962373532568,0.0004218290508105,0.0053030546864806,16.997916235459037,572.7379923932474,1937.117859058014,391.197669267041,0.3641547552385102,0.0540938259581282,0.9425192953669284,COMPLETE
93,2007390.355075785,2000-01-01 00:01:33.000000,2000-01-01 00:01:33.000000,0 days 00:00:00,8.869948587093607,58.14238511874713,0.0011755409795971,0.020465674510795,36.275671208017854,342.38806413969144,1642.9887812935062,414.5777832793165,0.4159926027941137,0.0289755704128362,0.9636668426799818,COMPLETE
94,2548763.7645919635,2000-01-01 00:01:34.000000,2000-01-01 00:01:34.000000,0 days 00:00:00,32.90569800642621,89.28427296323402,0.0007758177593045,0.007230005888468,26.78726347686341,330.0170107339436,1290.3193807653888,304.13333210492385,0.3216536584494892,0.0841660141262496,0.9262035483886524,COMPLETE
95,1499961.3809342303,2000-01-01 00:01:35.000000,2000-01-01 00:01:35.000000,0 days 00:00:00,11.2905698455416,81.94842565166547,0.0032614882641069,0.0059358652569546,11.118050588664277,662.8203017925604,1721.5146141588657,327.73868568413457,0.4273671499019883,0.0275391570500501,1.056806915667455,COMPLETE
96,1312071.8629471932,2000-01-01 00:01:36.000000,2000-01-01 00:01:36.000000,0 days 00:00:00,11.4560606332969,86.21719676255584,0.0038703663081218,0.0049565909017641,22.953112252372414,430.10705011770864,1869.6165542751407,333.6560134745313,0.3570307708687819,0.0315433777304607,1.107414209314423,COMPLETE
97,2116986.423223676,2000-01-01 00:01:37.000000,2000-01-01 00:01:37.000000,0 days 00:00:00,7.279121748328556,82.77571473767424,0.0033986265184141,0.0099376126361733,10.423788961580026,879.8398052458489,1983.607220261356,313.1080900504421,0.3752399037077807,0.0403638657616388,1.1523405953897152,COMPLETE
98,1478161.0856955436,2000-01-01 00:01:38.000000,2000-01-01 00:01:38.000000,0 days 00:00:00,9.860389246202102,63.78409414697438,0.0002022849619899,0.0033817640395927,29.19321820251053,1077.8987622203545,1311.437732654514,371.6533880031088,0.3236469553697049,0.0391335220223404,0.9551121438618216,COMPLETE
99,1386198.8551952343,2000-01-01 00:01:39.000000,2000-01-01 00:01:39.000000,0 days 00:00:00,5.595087335304494,42.97702504916047,0.0028627527127254,0.0020075093820784,19.271687875411786,1087.9575932799648,1120.9817065813593,341.6013279972418,0.2922278935716205,0.0252399604838779,0.6578831856559366,COMPLETE
100,1532473.432061494,2000-01-01 00:01:40.000000,2000-01-01 00:01:40.000000,0 days 00:00:00,13.054456704196308,48.03055379275216,0.0006760904526187,0.0032804875600499,36.36590120154046,1450.9027589539096,1392.946761023194,398.1213519289677,0.3464041798265981,0.0469421677737148,1.0188021532703742,COMPLETE
101,1619625.3819916528,2000-01-01 00:01:41.000000,2000-01-01 00:01:41.000000,0 days 00:00:00,7.043345609952621,28.81035430734466,0.0054787224315908,0.0037526241631565,11.330013446082168,869.1823620406531,1661.2365064102785,341.10397493779305,0.2460770875607036,0.0365898573636154,0.5975986075722464,COMPLETE
102,2395740.397953016,2000-01-01 00:01:42.000000,2000-01-01 00:01:42.000000,0 days 00:00:00,17.93636381012216,65.4211673018707,0.000427595760755,0.0043768526095547,72.19093455502937,334.2930172991965,1301.1777578279386,454.0657010738325,0.1927852562655012,0.059699624868166,0.8950415541235391,COMPLETE
103,1788271.8107455857,2000-01-01 00:01:43.000000,2000-01-01 00:01:43.000000,0 days 00:00:00,19.74979674792791,76.62832285536595,0.0072298401731877,0.0133160005796835,11.39351223263034,454.7276200267644,1304.160566452874,350.9383557688114,0.3580603596955487,0.0238141680181368,1.1942255972347382,COMPLETE
104,2985925.190181894,2000-01-01 00:01:44.000000,2000-01-01 00:01:44.000000,0 days 00:00:00,12.691910255987844,54.22540532629887,0.0035182755598599,0.0083302595920873,58.30405186188194,1385.8686249172763,1090.3084155509118,353.12455767437297,0.3026286593268326,0.0120261844650688,0.6453638770735258,COMPLETE
105,1311503.7823219777,2000-01-01 00:01:45.000000,2000-01-01 00:01:45.000000,0 days 00:00:00,8.427173277664124,65.61397340089398,0.0012628618208926,0.0027917618180501,34.28832598628283,781.7867144465203,1166.7411783472105,344.23116046271326,0.2280167562780149,0.0338677294312537,1.1516539326445965,COMPLETE
106,1260354.8489958546,2000-01-01 00:01:46.000000,2000-01-01 00:01:46.000000,0 days 00:00:00,6.160427593652209,45.18489362452884,0.0023023616692593,0.002521435767629,12.301598427932037,750.6009060995012,1155.4128263173295,414.68972119399217,0.3062296590711643,0.0396256418492397,0.8891854838805905,COMPLETE
107,1751231.785822815,2000-01-01 00:01:47.000000,2000-01-01 00:01:47.000000,0 days 00:00:00,5.701221244516602,68.4500906199261,0.0007797396465334,0.0051899772472398,11.561665734446676,975.15528280866,1114.6212993146244,381.8474094909453,0.3646660509648617,0.0474222287062587,0.8447457302680129,COMPLETE
108,1618568.429962719,2000-01-01 00:01:48.000000,2000-01-01 00:01:48.000000,0 days 00:00:00,16.9448470858081,23.981801066254484,0.0050815104093797,0.0062723921208997,100.0051278347284,828.7444997868699,2199.3721346966377,451.660072941517,0.3842792616569328,0.0682798164482974,0.7333918251678944,COMPLETE
109,2083196.906104033,2000-01-01 00:01:49.000000,2000-01-01 00:01:49.000000,0 days 00:00:00,15.5720485656022,31.27048773261228,0.0024875454100455,0.0083587852005663,13.064601378446628,1042.351956381908,1466.3010710311153,250.1606607584617,0.3601131917104648,0.0047428311410152,0.9414501699133568,COMPLETE
110,1406872.009260684,2000-01-01 00:01:50.000000,2000-01-01 00:01:50.000000,0 days 00:00:00,15.456651743675032,59.81205767215968,0.0020495733251936,0.0048454818594885,14.222947137301436,604.0224552569917,1242.7526242074546,456.58356348277295,0.194693475412409,0.0438752485258006,0.9793347549756284,COMPLETE
111,1461619.9432718563,2000-01-01 00:01:51.000000,2000-01-01 00:01:51.000000,0 days 00:00:00,10.248443877403796,58.06901387559337,0.0015079785901952,0.0032559307275638,13.841937651246344,965.2541017988832,1389.028608245817,315.4028802473322,0.2322976805565755,0.0485121980153189,1.1087186642556792,COMPLETE
112,2047878.183395499,2000-01-01 00:01:52.000000,2000-01-01 00:01:52.000000,0 days 00:00:00,19.86511851772304,59.98207806135968,0.0005215497154762,0.0097578755532297,22.544365407186977,805.2365008734761,1699.5274675095675,327.9127566802427,0.1374356221511536,0.054800211770503,1.0956030461574382,COMPLETE
113,1851248.152570437,2000-01-01 00:01:53.000000,2000-01-01 00:01:53.000000,0 days 00:00:00,7.328531778293984,53.32901725324014,0.0028501486864822,0.0093513827172209,30.880721876663333,624.8748952602061,1252.309595383989,444.65422682645465,0.147566110230237,0.0086740101051765,1.0364923959825114,COMPLETE
114,1308184.725406894,2000-01-01 00:01:54.000000,2000-01-01 00:01:54.000000,0 days 00:00:00,16.4277548598767,94.491597813986,0.0010589169018542,0.0041699134229765,16.563994881502627,608.5325122303519,2220.2939794359404,481.8856043847562,0.360619713576186,0.0483329099993819,0.8816208330767732,COMPLETE
115,1400930.9260767363,2000-01-01 00:01:55.000000,2000-01-01 00:01:55.000000,0 days 00:00:00,10.70736243130048,50.36274678269751,0.0004674700478502,0.0021958397898042,33.9293628143187,958.2343574379051,1593.3603178091764,228.74592727599452,0.1741313834781634,0.0043558040685676,1.1843789724253944,COMPLETE
116,4738395.2804252375,2000-01-01 00:01:56.000000,2000-01-01 00:01:56.000000,0 days 00:00:00,5.333916238262706,40.30276285391564,0.0005035734339829,0.0231006086192589,43.5855409739567,881.7304666937874,1668.547502151148,131.85004074580436,0.1778106770900362,0.0218322525391923,1.049184420218961,COMPLETE
117,2966501.5123577053,2000-01-01 00:01:57.000000,2000-01-01 00:01:57.000000,0 days 00:00:00,24.33615289822765,52.68757692663122,0.0002532592205038,0.0031593760072726,39.66529132231794,1092.682195440215,1411.665208188561,200.01562431007255,0.1350969410130622,0.0013736130017812,1.14735730936321,COMPLETE
118,1899014.2727560007,2000-01-01 00:01:58.000000,2000-01-01 00:01:58.000000,0 days 00:00:00,8.564103390631743,84.42551984414769,0.0009579348121258,0.013241770201537,12.370122341102718,563.2218566304284,2463.9583145106435,474.0464679765405,0.345161712846499,0.0582554610127113,0.9139728829375244,COMPLETE
119,1230324.3120992824,2000-01-01 00:01:59.000000,2000-01-01 00:01:59.000000,0 days 00:00:00,21.357174540195317,93.23101976991757,0.0004071832747646,0.0040742519743609,52.547121172075634,434.2868929163086,1986.4427714565727,446.7491938215417,0.4469604344065689,0.0808112566001058,0.8570876740377528,COMPLETE
120,1737449.6487923888,2000-01-01 00:02:00.000000,2000-01-01 00:02:00.000000,0 days 00:00:00,25.0868637962412,99.98190686516216,0.0014432362598396,0.0111867034504248,78.17516743162906,536.4603809891664,2353.164399039846,423.1456878455096,0.481320260281961,0.0642961078711147,0.7007518961454697,COMPLETE
121,2872517.155636326,2000-01-01 00:02:01.000000,2000-01-01 00:02:01.000000,0 days 00:00:00,6.659030117783017,55.74803125529835,0.0028304005056246,0.010215146864118,31.241847959554764,808.8218671973059,1088.828403388619,331.1503149212432,0.1498493752101554,0.0205289606181943,0.64415378324055,COMPLETE
122,1678079.2570821135,2000-01-01 00:02:02.000000,2000-01-01 00:02:02.000000,0 days 00:00:00,10.408797444854804,89.26489770401076,0.0040506035215687,0.0147951645348344,70.30834909590192,384.8622515139772,2022.2807270701053,476.4953809686373,0.4332618511492696,0.0807998604141659,1.1144683330873213,COMPLETE
123,2002120.8837410372,2000-01-01 00:02:03.000000,2000-01-01 00:02:03.000000,0 days 00:00:00,28.578244548407397,85.56446617542069,0.0016811939784157,0.0026333813023509,23.48357027118077,895.6012990181155,2198.135239470425,487.74806906610274,0.4501072077820916,0.0889557956553613,0.935736396122024,COMPLETE
124,1238935.8869573209,2000-01-01 00:02:04.000000,2000-01-01 00:02:04.000000,0 days 00:00:00,25.40351028655621,50.43723778788011,0.005660528175623,0.0047457334197681,26.2908793335247,307.0316900834416,2512.892530500415,279.2249359823107,0.382536911979127,0.0229357637612393,1.0717873425116125,COMPLETE
125,1626036.8704195265,2000-01-01 00:02:05.000000,2000-01-01 00:02:05.000000,0 days 00:00:00,27.736984578284314,47.12742460033196,0.0062498868212318,0.0084646470117366,30.20630867225141,540.9039708662608,2455.196719643921,293.31805517041835,0.3106171771030845,0.0200899966741014,1.169403880249987,COMPLETE
126,1422902.4371738385,2000-01-01 00:02:06.000000,2000-01-01 00:02:06.000000,0 days 00:00:00,6.992048304756953,68.60059827589622,0.0008112989834965,0.0026104536381446,26.940626575503792,904.5145917989108,1922.0960816772356,274.2933837377949,0.173592103487426,0.0164281499211681,1.1752127367905558,COMPLETE
127,1486578.0856206852,2000-01-01 00:02:07.000000,2000-01-01 00:02:07.000000,0 days 00:00:00,10.764032865906836,61.95456967624814,0.0035642959651973,0.0033750512974498,31.065115091521434,861.9896988459861,1872.002378511347,231.05584361801112,0.1775442192849011,0.013570109343996,1.1244510081661176,COMPLETE
128,1486498.304454713,2000-01-01 00:02:08.000000,2000-01-01 00:02:08.000000,0 days 00:00:00,14.840028751350705,96.41165628056731,0.0003807168037164,0.0048198467112676,43.42036157798398,566.9956519775719,2124.183687187996,305.4858829539572,0.2233701934859583,0.0154037615538328,0.9173709648597812,COMPLETE
129,1449384.6263006472,2000-01-01 00:02:09.000000,2000-01-01 00:02:09.000000,0 days 00:00:00,33.14879584507206,11.977890234903686,0.0079036919091887,0.004590537031104,26.34895684024004,825.5779890468532,1556.8983323688085,479.0491321214016,0.3260123705099911,0.0648446243459649,0.9654395062916044,COMPLETE
130,1229201.7020050334,2000-01-01 00:02:10.000000,2000-01-01 00:02:10.000000,0 days 00:00:00,6.237770778039258,34.59815080752158,0.0030160207912293,0.0042557762211057,26.888949349893,341.39251355586816,1076.8549771064152,378.686085696416,0.3125670214284094,0.0430400855552926,1.0070079309844466,COMPLETE
131,2020715.7961629287,2000-01-01 00:02:11.000000,2000-01-01 00:02:11.000000,0 days 00:00:00,12.155204170220852,24.741642622898773,0.0032697077508026,0.0100147253858639,20.190435409218647,662.6648317660081,1028.280460071636,395.8995532585003,0.2244075166490866,0.0605803679284022,0.8662473553392283,COMPLETE
132,1846621.5536755123,2000-01-01 00:02:12.000000,2000-01-01 00:02:12.000000,0 days 00:00:00,23.6728296499624,35.4163525600906,0.0036560120109454,0.0093999375763206,20.144559830496988,793.5567514886118,2679.963143387737,196.80794160854344,0.4452213901339821,0.0167848697043508,0.8989349090485386,COMPLETE
133,1174056.8442835654,2000-01-01 00:02:13.000000,2000-01-01 00:02:13.000000,0 days 00:00:00,22.38433660421816,65.39472830406413,0.0007439696861267,0.0038828498270208,54.21107435073479,331.7143491347324,2253.426630776395,436.9517808051767,0.4623938361587809,0.0740933015718412,0.9312422751612924,COMPLETE
134,1561748.2142457198,2000-01-01 00:02:14.000000,2000-01-01 00:02:14.000000,0 days 00:00:00,8.842283330615585,22.53255966480216,0.0022891365551619,0.0057311354038623,44.56737863009455,566.603532503494,1218.8936447045771,258.40008963301784,0.3733435350316562,0.0543038863012727,0.9403002625251456,COMPLETE
135,1754233.754352732,2000-01-01 00:02:15.000000,2000-01-01 00:02:15.000000,0 days 00:00:00,22.422154756527604,97.26741107314078,0.0011507345676202,0.0054395312393918,37.86257090082387,1017.3026282491144,2296.865879996144,458.6774304436274,0.3383692002920527,0.0437998276716903,0.8374598294346568,COMPLETE
136,1432962.5562588968,2000-01-01 00:02:16.000000,2000-01-01 00:02:16.000000,0 days 00:00:00,17.561405373630535,76.43632808594982,0.0003908833599271,0.0064815387692408,33.83041178978398,405.0766329281476,1110.708802996954,326.5382182322724,0.2418959018795826,0.0140388753903672,1.054964810011296,COMPLETE
137,2595941.8166335616,2000-01-01 00:02:17.000000,2000-01-01 00:02:17.000000,0 days 00:00:00,7.113018971692277,17.475385397685237,0.0055952492027288,0.0191574726791226,41.96705294706802,697.149814831753,1035.1994544073195,392.45742689495455,0.3499676011467423,0.0267452932735982,1.1680426343253365,COMPLETE
138,1806764.1926492213,2000-01-01 00:02:18.000000,2000-01-01 00:02:18.000000,0 days 00:00:00,9.148630748399745,39.4227185801939,0.0017039042491955,0.0023936466872941,14.38951862313288,1423.3419311578975,1237.10896452548,246.66673904478992,0.322562981484136,0.0344252669760817,0.5614495283790834,COMPLETE
139,2400612.8526820326,2000-01-01 00:02:19.000000,2000-01-01 00:02:19.000000,0 days 00:00:00,19.075291442772283,95.5874821002786,0.0026482656942592,0.0056768423714145,17.1204360753596,377.3862428288777,1865.0843979784904,384.80286854852073,0.3975306832869085,0.0762985492598895,0.5677301254257061,COMPLETE
140,1936820.7451798376,2000-01-01 00:02:20.000000,2000-01-01 00:02:20.000000,0 days 00:00:00,35.383633626781915,53.5155218055086,0.0041875809438796,0.0086485868894323,49.17620651607354,376.053994109399,2451.664020569635,311.03944332841337,0.3985095861028427,0.0364225682737225,0.8825106761384568,COMPLETE
