number,value,datetime_start,datetime_complete,duration,params_adaptive_alpha_pos,params_adaptive_lambda,params_i_clamp_ori,params_i_clamp_pos,params_i_gain_ori,params_i_gain_pos,params_k_pos_max,params_k_pos_min,params_m_pos_max,params_m_pos_min,params_zeta_pos,state
0,10806762.74412098,2000-01-01 00:00:00.000000,2000-01-01 00:00:00.000000,0 days 00:00:00,24.691424506821164,68.13047017599905,0.0079589053732101,0.0204051929036373,116.00290365511322,1816.014101329536,2089.766365993793,341.1053504286575,0.3860757465489678,0.0553325368888051,0.7965583595372332,COMPLETE
1,9418153.925699197,2000-01-01 00:00:01.000000,2000-01-01 00:00:01.000000,0 days 00:00:00,42.46789304965721,11.819655769629314,0.0080317539293238,0.0489736804271726,105.70133630715011,1622.8664766147458,1142.072116395774,470.2386553170644,0.3272178244375729,0.0533605970555375,0.5609905097910785,COMPLETE
2,3599358.129438422,2000-01-01 00:00:02.000000,2000-01-01 00:00:02.000000,0 days 00:00:00,28.483174478753224,95.02020253446256,0.0046702732557221,0.0391632170928424,39.101117331508966,1004.92529798389,2279.8420426550474,147.3097703475733,0.4122116705145822,0.0466864568630402,0.6003473011863325,COMPLETE
3,4642213.93309735,2000-01-01 00:00:03.000000,2000-01-01 00:00:03.000000,0 days 00:00:00,35.681913459656755,94.93732706631616,0.0007902096219668,0.0354862974045087,58.07351491792756,911.1634309754362,2224.191445444843,347.05419883035086,0.107515920174542,0.0572749609379962,0.9318537978123298,COMPLETE
4,2033243.076618546,2000-01-01 00:00:04.000000,2000-01-01 00:00:04.000000,0 days 00:00:00,30.658854668804583,42.73396938483604,0.0022469922097293,0.0068981509159053,118.72112218651488,1045.6225728859445,1257.8525953097069,184.15302442953637,0.3682551478472637,0.0670099048291211,0.7207998456469287,COMPLETE
5,3360326.17632651,2000-01-01 00:00:05.000000,2000-01-01 00:00:05.000000,0 days 00:00:00,9.966881352393733,24.30726252809677,0.0038135066724774,0.0114359533606425,25.20012464834752,1415.7603020909648,1932.6215457126127,201.3166410159129,0.3612433301861594,0.0169696422706146,0.6710979144011219,COMPLETE
6,2083304.8080952596,2000-01-01 00:00:06.000000,2000-01-01 00:00:06.000000,0 days 00:00:00,48.95424896856517,52.17860814829314,0.0029715082332488,0.0038810140282073,91.3189937338132,1328.237383566578,1192.1968157879262,435.1779629995216,0.1388405103172245,0.0822783297549455,1.183521625509377,COMPLETE
7,5384489.610433387,2000-01-01 00:00:07.000000,2000-01-01 00:00:07.000000,0 days 00:00:00,36.16124537165089,15.773274671390592,0.0011206170054327,0.0271159065664015,39.192844003339,1263.2224721511775,1635.966358787952,147.49108758169763,0.218456079008858,0.0128994595601037,0.7899840961602689,COMPLETE
8,2724584.697611346,2000-01-01 00:00:08.000000,2000-01-01 00:00:08.000000,0 days 00:00:00,18.02327418262405,74.4694483706709,0.0083236122863301,0.0029651622169996,74.51642282910915,611.4253154120986,2334.8207599273637,227.42758098052943,0.4717184790304857,0.0580187030600617,0.5922585036830745,COMPLETE
9,2873232.218422024,2000-01-01 00:00:09.000000,2000-01-01 00:00:09.000000,0 days 00:00:00,30.92708004880266,32.387782916796226,0.0095369403128664,0.0127079183667496,72.94770963699608,1306.4712831621264,2470.38804424519,208.00318927686595,0.371126614718492,0.0014648521430621,1.1735319815822067,COMPLETE
10,5275354.739822554,2000-01-01 00:00:10.000000,2000-01-01 00:00:10.000000,0 days 00:00:00,30.32857805637892,96.02406169978308,0.0020068088754471,0.0202372056996992,90.24557289388612,1356.281885182062,1222.189307035294,160.4078440495384,0.3801595365266744,0.07618537742575,0.5435055158891127,COMPLETE
11,1587383.8901291783,2000-01-01 00:00:11.000000,2000-01-01 00:00:11.000000,0 days 00:00:00,47.88525579556036,50.40437563749475,0.0046882034470174,0.0030676087520232,67.12927793250869,1513.5508029643486,1310.4128370525714,378.116402598893,0.1178753531174309,0.0577108542375768,1.1089671925711313,COMPLETE
12,1844066.030973544,2000-01-01 00:00:12.000000,2000-01-01 00:00:12.000000,0 days 00:00:00,36.84562643380923,21.01855244495209,0.0072414084310624,0.0037810152564867,31.20139384099774,1625.9371600565255,1294.5389125558606,469.69926266004745,0.136024718354774,0.052275759419994,1.1143609182182916,COMPLETE
13,2036008.547418158,2000-01-01 00:00:13.000000,2000-01-01 00:00:13.000000,0 days 00:00:00,33.03966872256603,54.53100242603664,0.0059114149013408,0.004975885106785,16.499365974105167,1745.54249401316,1720.7767935704514,494.4428244720441,0.1200074905665865,0.0370967214033493,1.13394304800376,COMPLETE
14,6419768.876619377,2000-01-01 00:00:14.000000,2000-01-01 00:00:14.000000,0 days 00:00:00,39.13379850020868,67.09128899289608,0.0087593701516189,0.0204143422762544,54.60686065669765,1759.4556969622847,1236.5636981763523,312.87875322763296,0.2011783879730639,0.0368988713305736,1.0390670431718394,COMPLETE
15,4196039.6211514,2000-01-01 00:00:15.000000,2000-01-01 00:00:15.000000,0 days 00:00:00,35.94775502938688,11.950303470136168,0.0067976036638354,0.0241359333968921,52.57665667150759,1660.8660546655942,1294.3790793711005,448.4472687504555,0.1074865757233131,0.07586209561559,0.9652380966797448,COMPLETE
16,2453875.024004461,2000-01-01 00:00:16.000000,2000-01-01 00:00:16.000000,0 days 00:00:00,49.31970473098978,53.40131912308151,0.0037011169691328,0.0101839962824931,63.18582612183565,1033.371275317871,1757.2428993589265,372.7315467022193,0.3020832592033154,0.0302380357892165,1.034632281279647,COMPLETE
17,1483760.126320372,2000-01-01 00:00:17.000000,2000-01-01 00:00:17.000000,0 days 00:00:00,39.34261609233712,21.87738000920662,0.0048239827034673,0.0039386876061586,26.83213071872905,1325.0536614134971,1621.6991187478093,381.1666122225952,0.2952966564477409,0.0840608837325767,1.017836649094879,COMPLETE
18,2563275.868344553,2000-01-01 00:00:18.000000,2000-01-01 00:00:18.000000,0 days 00:00:00,35.15015947052922,24.76157918548469,0.0028408127397962,0.0067409458442515,18.403323070962973,1933.938993914925,2078.83489697925,399.8315612472128,0.3413491424103801,0.0759002944443599,0.9465039737587846,COMPLETE
19,2232025.4929967527,2000-01-01 00:00:19.000000,2000-01-01 00:00:19.000000,0 days 00:00:00,47.19685548748154,20.78144769440869,0.008865547702228,0.0131832698759779,33.852171366374435,899.844124902337,1366.1109258110855,249.56505917681827,0.2699988705986996,0.0929964464630899,1.0596514361004352,COMPLETE
20,2199927.93210016,2000-01-01 00:00:20.000000,2000-01-01 00:00:20.000000,0 days 00:00:00,25.65576376030051,43.45199899321403,0.0049114046282586,0.0109316577053125,16.524827537620986,880.4314455971854,1591.1093067479617,445.7989511862485,0.3128722518243586,0.0551927882477503,0.8757790010779065,COMPLETE
21,2610970.36653676,2000-01-01 00:00:21.000000,2000-01-01 00:00:21.000000,0 days 00:00:00,41.884421513607705,12.563911065214649,0.0086422340780184,0.0023899041761657,10.142848072084671,1293.2309571114747,1089.5144233328426,499.9903943307994,0.1655145180258736,0.0688019895940885,1.0317187681729183,COMPLETE
22,3133983.0044689043,2000-01-01 00:00:22.000000,2000-01-01 00:00:22.000000,0 days 00:00:00,43.70180685912424,60.25716113573219,0.0040633016251009,0.0059796199092253,62.02652132608749,1496.0524326697175,1772.517220187881,290.13228120664434,0.1107176642942466,0.0415674477161369,1.110548952013104,COMPLETE
23,2835266.157417429,2000-01-01 00:00:23.000000,2000-01-01 00:00:23.000000,0 days 00:00:00,29.056935824023235,12.503310039487872,0.0078522079339491,0.00525980130627,59.68053941712339,1291.364114302213,1383.0415793621733,414.0824815249964,0.1189768834143666,0.0385108593162423,1.154898230542603,COMPLETE
24,3650529.185252466,2000-01-01 00:00:24.000000,2000-01-01 00:00:24.000000,0 days 00:00:00,47.79587612722687,37.51343180981621,0.00465084968182,0.0022023950990443,80.56365790786434,1786.1421473143475,1150.3170919422505,272.8727263419792,0.1812467519071854,0.0298738982347201,0.7223537107976218,COMPLETE
25,3233742.975755788,2000-01-01 00:00:25.000000,2000-01-01 00:00:25.000000,0 days 00:00:00,48.493300474578405,31.474838854391365,0.0038132780763311,0.00245249190531,24.75601868424917,1877.6119958236832,1059.4483106520502,292.614138268708,0.145192826871327,0.0423718937944795,1.1101718183887506,COMPLETE
26,1916745.7257042432,2000-01-01 00:00:26.000000,2000-01-01 00:00:26.000000,0 days 00:00:00,33.066829570037235,15.819921266065943,0.0046744054043741,0.0065745593126306,41.53326107309799,1305.94045829133,1145.512213856209,361.3480829430733,0.3752512350636359,0.0737497037907156,1.0955140477953211,COMPLETE
27,3276900.7208502204,2000-01-01 00:00:27.000000,2000-01-01 00:00:27.000000,0 days 00:00:00,39.35065043226071,71.82037639722712,0.0077087297101252,0.0146606253401837,49.42829687312545,1546.0992014801172,1461.2646714286764,431.2316281043656,0.169566702542807,0.0944788414654624,1.1007258227870036,COMPLETE
28,2043117.798162144,2000-01-01 00:00:28.000000,2000-01-01 00:00:28.000000,0 days 00:00:00,44.69904392142547,58.21843036772445,0.0084679758806367,0.0047838928441977,79.72668133259047,1872.9494718282308,1508.5854725231395,203.81285078809384,0.1452781480919542,0.0838788464592019,1.0543189735036016,COMPLETE
29,3148027.138540142,2000-01-01 00:00:29.000000,2000-01-01 00:00:29.000000,0 days 00:00:00,45.77432522055167,72.0142316381806,0.0072005573740883,0.0122815015419987,101.1090922437,712.8872104116635,1408.893767440702,368.1441083126706,0.1073593306419858,0.0415913017793398,0.9398693437786348,COMPLETE
30,2515595.0382863847,2000-01-01 00:00:30.000000,2000-01-01 00:00:30.000000,0 days 00:00:00,34.457166264200445,43.15293607764298,0.0035488197044738,0.0025645161598759,23.331234459359223,845.0258792044185,2105.748341217948,394.1827775660222,0.344073046474635,0.0897324365480002,0.9938532487316252,COMPLETE
31,1566737.7963977442,2000-01-01 00:00:31.000000,2000-01-01 00:00:31.000000,0 days 00:00:00,26.553889513945037,22.77032936089779,0.0067276398559494,0.0043982867078894,51.1878146247958,1364.595248368675,1112.933513713634,407.8991338084668,0.4499262566968589,0.0600293793158378,1.1022840580742548,COMPLETE
32,2434351.590679955,2000-01-01 00:00:32.000000,2000-01-01 00:00:32.000000,0 days 00:00:00,23.369304024697517,17.951372087810554,0.0079432602450388,0.0064927182529521,80.71280638553823,1965.139662858949,1177.9665575790943,439.1983040120711,0.375537466992569,0.0535995381480059,0.9894592998017132,COMPLETE
33,2005483.8151609437,2000-01-01 00:00:33.000000,2000-01-01 00:00:33.000000,0 days 00:00:00,8.53998432410458,27.453602650537995,0.0089726168603587,0.0082881415539104,32.72610918236378,1277.179897282995,1552.140638683979,386.98534990611154,0.4995363525702617,0.0612913042119693,1.1408919284249823,COMPLETE
34,1820001.3630515183,2000-01-01 00:00:34.000000,2000-01-01 00:00:34.000000,0 days 00:00:00,47.30371911575483,42.33072731703754,0.0049314204232766,0.0048586135140721,98.25706517697824,1824.9188080524543,1110.5775094273986,489.0213254800317,0.2534578072495591,0.0324981600903599,1.1733913667522016,COMPLETE
35,2131356.284160034,2000-01-01 00:00:35.000000,2000-01-01 00:00:35.000000,0 days 00:00:00,41.77985370408461,29.818070102258943,0.0032551003654437,0.0074390246917097,117.26503864796068,1383.8174977933904,1055.7206929214624,472.8010295071125,0.2257081087083037,0.0264275480335451,1.0386834365322912,COMPLETE
36,2244920.5318206428,2000-01-01 00:00:36.000000,2000-01-01 00:00:36.000000,0 days 00:00:00,49.36618681063372,34.733402929101395,0.007291323837533,0.0067851819150456,105.67485712903483,1882.092477892088,1045.1679026465126,284.764430789833,0.2761686355297085,0.020345243459588,1.189200104147897,COMPLETE
37,2061365.578809238,2000-01-01 00:00:37.000000,2000-01-01 00:00:37.000000,0 days 00:00:00,41.61580613253324,44.67013843562136,0.0065289350803955,0.0070458784450564,67.27006342101267,1590.4540204205523,1148.9974318041368,432.3149013528673,0.3161679564422331,0.0215614977894857,1.1103660639845678,COMPLETE
38,2379310.643896169,2000-01-01 00:00:38.000000,2000-01-01 00:00:38.000000,0 days 00:00:00,31.933092511427606,45.37783516862687,0.0060634518446594,0.0170306609922705,69.73334489913633,882.6812845158875,1486.619431856734,354.68564668801093,0.4863575168027723,0.0739606458638953,0.9620693945813864,COMPLETE
39,2540440.820966083,2000-01-01 00:00:39.000000,2000-01-01 00:00:39.000000,0 days 00:00:00,21.573177965366764,24.724515956994008,0.0062341454775371,0.0105456536257351,48.13238956783661,1408.39229752683,1027.9639022248855,431.7713487959792,0.488649648324722,0.0668022341213196,0.8725173066477097,COMPLETE
40,2817348.9854291803,2000-01-01 00:00:40.000000,2000-01-01 00:00:40.000000,0 days 00:00:00,48.53418921808011,47.97791560115485,0.0053451125586888,0.0084916066937915,32.78358699157581,1505.7160319794398,1369.0927431325158,313.37409681611,0.2732673807451635,0.0905224499815428,0.9199919375355516,COMPLETE
41,2546384.307372677,2000-01-01 00:00:41.000000,2000-01-01 00:00:41.000000,0 days 00:00:00,41.87818525656097,41.63886381487239,0.0059487282067753,0.0090417333787071,95.11497422170804,1784.5541205371767,1394.5011089746508,437.492394810495,0.1840635807820328,0.0441224724430186,1.1188818651423509,COMPLETE
42,8317931.075024451,2000-01-01 00:00:42.000000,2000-01-01 00:00:42.000000,0 days 00:00:00,49.79359444743844,70.65555971032839,0.004463668074305,0.005361795538048,92.29797519476637,1799.7323507085146,1287.6408604923083,470.15487144020807,0.2667389653393969,0.0315288467724052,1.0969688003115554,COMPLETE
43,3026761.617525886,2000-01-01 00:00:43.000000,2000-01-01 00:00:43.000000,0 days 00:00:00,36.62079889581452,16.396036597179126,0.007426676225918,0.0100790012774994,54.93438500399539,1310.093548826012,2137.311412777497,441.3990443376845,0.2690098034115799,0.0957250895850082,1.1542108153716255,COMPLETE
44,3378991.359450572,2000-01-01 00:00:44.000000,2000-01-01 00:00:44.000000,0 days 00:00:00,43.93068715041308,44.72779708405734,0.0068208726226522,0.0142347346688014,115.009222116453,1933.7004954681088,1191.700920362476,468.8904490141943,0.3710959167015881,0.0487048375448333,1.186302646887689,COMPLETE
45,3054137.881676663,2000-01-01 00:00:45.000000,2000-01-01 00:00:45.000000,0 days 00:00:00,29.273428629158115,33.56865738153557,0.0054769910089861,0.0062749545860216,40.818595611823504,1718.65922656445,1055.1458531813262,421.4900977122692,0.2127746200461872,0.0606346737900416,1.0616727503467749,COMPLETE
46,1661845.4967414464,2000-01-01 00:00:46.000000,2000-01-01 00:00:46.000000,0 days 00:00:00,36.94326363785558,14.564909988863672,0.0043500655163036,0.0035402662701665,13.5152160137338,1487.3263266967165,1596.0182086921614,378.5726473594461,0.3195215596101773,0.0973995430672718,1.0479793034724094,COMPLETE
47,2519877.223295972,2000-01-01 00:00:47.000000,2000-01-01 00:00:47.000000,0 days 00:00:00,30.73965257842969,20.40244681884156,0.0076445600882834,0.0130153886454341,65.4279212736672,1480.4991461372404,1387.1422211732597,279.6780874735482,0.4969852985544059,0.0383256890077583,1.0953953977531965,COMPLETE
48,2257865.5303219524,2000-01-01 00:00:48.000000,2000-01-01 00:00:48.000000,0 days 00:00:00,22.97736726136029,10.936259275981588,0.0079772143816431,0.007911796193458,11.978676381463911,1351.1060586338915,1719.6341861134897,298.1077391925254,0.2871174593161093,0.0925943838963798,0.924016534043536,COMPLETE
49,2738608.857534199,2000-01-01 00:00:49.000000,2000-01-01 00:00:49.000000,0 days 00:00:00,39.45334582234037,24.766387089293403,0.0042491884129845,0.0055847870047219,17.882698474976586,1470.8492431163943,1623.0294465745876,283.1321748781008,0.2922764817672555,0.0764484644756771,1.1481397420578094,COMPLETE
50,3462344.5858974364,2000-01-01 00:00:50.000000,2000-01-01 00:00:50.000000,0 days 00:00:00,40.29022668392473,34.44786202904895,0.0035493689304492,0.0142887884824004,30.252727257043038,1637.392177826992,1648.591237173338,493.5768487665574,0.2608492991456551,0.0990460102248213,1.0630949042800255,COMPLETE
51,3632715.3707858096,2000-01-01 00:00:51.000000,2000-01-01 00:00:51.000000,0 days 00:00:00,40.82541138728663,11.65316790092036,0.0066942919607125,0.0073956680049519,24.03633559009953,1526.0111582203683,1593.115376259694,486.8866865974576,0.144549752347804,0.0313536202184817,1.1688016842885165,COMPLETE
52,2013395.20883046,2000-01-01 00:00:52.000000,2000-01-01 00:00:52.000000,0 days 00:00:00,43.13329338683718,62.398769900859165,0.0045101049807473,0.0023536280776042,54.89278789702417,1494.096303487556,1227.006384318093,424.8265785557841,0.1443387361785821,0.0437933384972422,1.1680899563754572,COMPLETE
53,7093193.270930545,2000-01-01 00:00:53.000000,2000-01-01 00:00:53.000000,0 days 00:00:00,35.3935297244821,32.55751114156761,0.0062120288200084,0.002926441778402,37.583734618726446,1350.1813874168593,1080.6737948690336,401.0381099919806,0.4858991587751546,0.0534441251367012,1.1834802186269384,COMPLETE
54,3283966.0244829324,2000-01-01 00:00:54.000000,2000-01-01 00:00:54.000000,0 days 00:00:00,31.860471633212494,14.22586533428198,0.0033574408487999,0.0201363466693796,11.442700872443028,1394.0147949243683,1868.8728064562256,411.20738881493264,0.3195430308029497,0.0974957508450852,1.0046351952351902,COMPLETE
55,9408287.783071272,2000-01-01 00:00:55.000000,2000-01-01 00:00:55.000000,0 days 00:00:00,42.61344503483188,14.91657161816624,0.0053614796885093,0.0206290992141161,57.5847512811408,1103.695777085797,2015.6744763651216,369.6231347379807,0.3069004531775442,0.0607166319898284,0.9183137366235086,COMPLETE
56,2801996.7498670667,2000-01-01 00:00:56.000000,2000-01-01 00:00:56.000000,0 days 00:00:00,48.394416999014055,13.598013453580162,0.0073570185139808,0.0073872907322977,12.284734945428236,1121.6937794124483,1797.8034361029768,451.2215714459596,0.4929069599433465,0.0930816299031962,0.9716285504847562,COMPLETE
57,7428575.820477744,2000-01-01 00:00:57.000000,2000-01-01 00:00:57.000000,0 days 00:00:00,24.536791678783988,22.57894505557824,0.0037768536106206,0.0042495831874247,15.711434972530208,1642.4465422206356,1732.7183377286551,387.5938421779118,0.4077667444412723,0.0961398163119386,1.08312490734249,COMPLETE
58,7067675.053516006,2000-01-01 00:00:58.000000,2000-01-01 00:00:58.000000,0 days 00:00:00,49.873578353593466,40.79129381867564,0.0028955571119968,0.002329380137915,116.45423512283632,1759.869156034615,1226.8999933579794,475.7187989323042,0.3636984560519467,0.0269832100041983,1.1784165131521664,COMPLETE
59,7947324.575891441,2000-01-01 00:00:59.000000,2000-01-01 00:00:59.000000,0 days 00:00:00,49.70744609625,23.822715666123138,0.0044031058612647,0.0020736446549878,16.535555603136896,1739.8632190591718,1382.5872808275035,420.126309875667,0.3567196723768402,0.0805393246480782,0.973674059884826,COMPLETE
60,9216247.131010272,2000-01-01 00:01:00.000000,2000-01-01 00:01:00.000000,0 days 00:00:00,49.498193206079456,27.204307694672607,0.0048702545644887,0.0085193086192637,91.20828157175995,1970.497065780436,1088.0052577330985,442.2669801695351,0.3112127856564124,0.0572447857616378,1.1783162603938604,COMPLETE
61,3399921.41189009,2000-01-01 00:01:01.000000,2000-01-01 00:01:01.000000,0 days 00:00:00,32.4701002243565,34.03562005940963,0.0097900732289862,0.008190178412118,25.2165929957203,1541.5496200679247,1278.479262202226,362.85632583006645,0.1329866330032909,0.0553477612599566,1.0225453694163793,COMPLETE
62,2673639.2799641592,2000-01-01 00:01:02.000000,2000-01-01 00:01:02.000000,0 days 00:00:00,18.940508098074368,21.16860502846625,0.0030677625555704,0.0132657271792448,49.08907354914894,1094.9141749993803,1180.1584998090827,322.0117643578179,0.3180882692969047,0.0736818625434711,1.11294798856545,COMPLETE
63,2698168.640002897,2000-01-01 00:01:03.000000,2000-01-01 00:01:03.000000,0 days 00:00:00,37.45314876645904,15.572276197037969,0.0033662274913284,0.0034566775435507,16.067278989568884,1286.568801516552,1419.2543912353688,363.1405794475384,0.1947388637933017,0.0756030202907274,0.9386661944855956,COMPLETE
64,2909868.8457332286,2000-01-01 00:01:04.000000,2000-01-01 00:01:04.000000,0 days 00:00:00,28.16790032024665,12.76202503847779,0.0028107458901667,0.0163046980190594,22.417606915608207,1313.01454063389,1259.2126257871903,373.55915212336464,0.4817074900126336,0.0690128023895815,1.0649178263600796,COMPLETE
65,8397186.424708102,2000-01-01 00:01:05.000000,2000-01-01 00:01:05.000000,0 days 00:00:00,34.58803967110254,15.146357143731388,0.0063606403968154,0.0070821808999637,55.09344696750035,1356.4691012193368,1262.1887689484706,301.45488259570044,0.294174777816635,0.092825051695185,1.0395981213897056,COMPLETE
66,9508373.65865524,2000-01-01 00:01:06.000000,2000-01-01 00:01:06.000000,0 days 00:00:00,44.18959440849879,36.93898294617474,0.0048027108631878,0.0098391625087993,64.68972383098503,1778.7175207969126,1072.2893155756797,359.0322950940444,0.1084228901395876,0.0656001203983121,1.048034023318242,COMPLETE
67,7484497.546370634,2000-01-01 00:01:07.000000,2000-01-01 00:01:07.000000,0 days 00:00:00,33.378173494438,31.288096835226952,0.0050248405596503,0.0066576768310819,48.58842876495581,1329.1414971299448,1338.7130758299904,405.537813961911,0.3599387928645828,0.0675897122627011,1.059599639348748,COMPLETE
68,9911937.294235157,2000-01-01 00:01:08.000000,2000-01-01 00:01:08.000000,0 days 00:00:00,45.75034199039059,39.81372495649889,0.0078059857958389,0.0144798381392253,105.715877199126,1721.8375878820027,1118.2538009780228,498.3466086377224,0.210127804761455,0.0058695817421482,1.097619723316288,COMPLETE
69,3196099.551723663,2000-01-01 00:01:09.000000,2000-01-01 00:01:09.000000,0 days 00:00:00,39.87657938081261,26.46942235275457,0.0069081194510527,0.0202850402799352,20.418221860893368,1359.524609201164,1360.8806762893073,387.97089539586347,0.3483007426056249,0.0960688322490855,1.1248961456484476,COMPLETE
