number,value,datetime_start,datetime_complete,duration,params_adaptive_alpha_pos,params_adaptive_lambda,params_i_clamp_ori,params_i_clamp_pos,params_i_gain_ori,params_i_gain_pos,params_k_pos_max,params_k_pos_min,params_m_pos_max,params_m_pos_min,params_zeta_pos,state
212,2567269.9745958517,2000-01-01 00:03:32.000000,2000-01-01 00:03:32.000000,0 days 00:00:00,27.05092164941705,87.07302020506789,0.0022149958211024,0.0142122087163938,72.45380577633175,784.915834944446,1076.0069495045843,186.68563050941856,0.1761828602182676,0.00847675118308,1.1561394118465325,COMPLETE
213,1876949.020137879,2000-01-01 00:03:33.000000,2000-01-01 00:03:33.000000,0 days 00:00:00,6.02566408365822,38.98618831021122,0.0051170544613882,0.0061119309850242,32.48136039662977,1178.0816982669458,2772.472940117896,401.4476029429932,0.266119653145432,0.0221495053885087,0.8547288610451604,COMPLETE
214,1514817.1634317655,2000-01-01 00:03:34.000000,2000-01-01 00:03:34.000000,0 days 00:00:00,6.43563187192493,22.38265941885507,0.0052440795764658,0.0041405349024621,38.75198129466702,747.1450315252473,1018.5455589239212,294.7793228631503,0.3056342122551916,0.016495331614088,0.9671461314693977,COMPLETE
215,1250223.036213732,2000-01-01 00:03:35.000000,2000-01-01 00:03:35.000000,0 days 00:00:00,25.1834759757891,87.57593707247855,0.0015659530891093,0.0058585285328443,70.07651512136056,320.43665092825177,1777.2630216868615,410.5719940419989,0.3948104848846592,0.0683577193714504,0.9567743723857034,COMPLETE
216,1626686.4978870878,2000-01-01 00:03:36.000000,2000-01-01 00:03:36.000000,0 days 00:00:00,20.75668676040738,54.7022819745309,0.0073666004036294,0.0054022640721319,22.58078276785951,491.9451064139749,1622.3060068747086,325.637666893368,0.4749802122795698,0.0511851801803955,0.8162596960376046,COMPLETE
217,1627410.3689128389,2000-01-01 00:03:37.000000,2000-01-01 00:03:37.000000,0 days 00:00:00,21.688137842123066,58.76584389342682,0.0006311044645128,0.0073148522724221,39.89460457953823,350.998532917306,1000.337325259271,167.0831609122221,0.122328128259617,0.0131093754212013,1.1162524273753462,COMPLETE
218,2082965.4543317263,2000-01-01 00:03:38.000000,2000-01-01 00:03:38.000000,0 days 00:00:00,24.95445758040952,70.85592171253793,0.0013777630299131,0.0025363320192749,79.11394202402816,480.3526602749319,1703.030354376663,445.7443159278789,0.4195551411252828,0.0691364096567175,0.7387940259767197,COMPLETE
219,2650111.870180908,2000-01-01 00:03:39.000000,2000-01-01 00:03:39.000000,0 days 00:00:00,26.12867147725824,67.57717853544911,0.0016288211051494,0.0090321627404874,39.28460786854051,568.372737097151,2077.649926403064,461.7710329286016,0.3522153891254198,0.0602561279875241,0.8617359834333622,COMPLETE
220,2350096.5513542616,2000-01-01 00:03:40.000000,2000-01-01 00:03:40.000000,0 days 00:00:00,32.89032432637326,72.7760612475643,0.0047033601751725,0.0072910078528461,81.77947547010473,376.631514409914,2871.8734813470587,467.84978809015655,0.4944476017938738,0.0723467997034396,0.942456394049512,COMPLETE
221,1243844.6930458294,2000-01-01 00:03:41.000000,2000-01-01 00:03:41.000000,0 days 00:00:00,7.069623490038191,34.17437865473525,0.0057830898209536,0.0037031394605433,42.017677265050615,380.3269950555197,1260.9609271008767,417.0376473189763,0.1510189765670177,0.0243260270188425,1.0452331676608706,COMPLETE
222,1147814.7241962764,2000-01-01 00:03:42.000000,2000-01-01 00:03:42.000000,0 days 00:00:00,23.18763659063488,94.93132997665325,0.0009351084643416,0.0022665812197245,69.5978823820369,518.1361428480761,2195.151814814179,401.9556568819078,0.4113856026398655,0.0703177184001917,0.9701089369507518,COMPLETE
223,1350241.0935128443,2000-01-01 00:03:43.000000,2000-01-01 00:03:43.000000,0 days 00:00:00,28.342608388152307,97.51083797709968,0.0025658776779042,0.0051519911488727,84.72574947285284,689.8391021513062,2084.605064343836,499.04568474841153,0.439465102934197,0.0999689727992432,1.00629501958443,COMPLETE
224,2022767.5078628364,2000-01-01 00:03:44.000000,2000-01-01 00:03:44.000000,0 days 00:00:00,21.684784054485604,63.053500126912965,0.0068795335864592,0.0045221567321644,48.205161980502446,463.83659538771855,1398.0492948136166,263.64852739101855,0.1313726299340152,0.0444460296863778,1.099717465353219,COMPLETE
225,1502370.3129857474,2000-01-01 00:03:45.000000,2000-01-01 00:03:45.000000,0 days 00:00:00,25.46008162457314,85.61064873358868,0.0020442218291042,0.0072277692744353,68.93248965687086,647.7306227987563,2165.58222979984,409.0284408683028,0.3401711607069714,0.0646062806717988,1.1184338642628364,COMPLETE
226,2007121.5030343416,2000-01-01 00:03:46.000000,2000-01-01 00:03:46.000000,0 days 00:00:00,21.63631535384384,82.4881434255487,0.0014020009457525,0.0117255814560395,26.88140963896389,391.403637969429,1252.4644847118775,287.0609492437908,0.1404233566251779,0.0125742921203299,1.171550748462182,COMPLETE
227,1459157.0839883832,2000-01-01 00:03:47.000000,2000-01-01 00:03:47.000000,0 days 00:00:00,10.616144420061795,29.310424205484388,0.0080404224554394,0.0034763687504449,42.71626308282345,486.9187455639122,1307.9682685886717,369.3555566479132,0.1619215765536966,0.0185645034742582,1.0516181242116112,COMPLETE
228,1315615.2115736834,2000-01-01 00:03:48.000000,2000-01-01 00:03:48.000000,0 days 00:00:00,6.524457746166718,17.27584759382121,0.0022448554526948,0.0060666186563873,19.125916774146923,323.87428100837667,1183.954934333385,465.7861745234869,0.1865046279655782,0.0355166414256649,1.103622323018846,COMPLETE
229,1645745.7884288344,2000-01-01 00:03:49.000000,2000-01-01 00:03:49.000000,0 days 00:00:00,11.411825799498375,47.51040689839551,0.0036939070061418,0.0122964232391369,45.94917832972486,300.60852958111053,1301.824539496999,290.9541794319694,0.2443051589780501,0.0240050509315165,1.1819214945247605,COMPLETE
230,2093320.8596716705,2000-01-01 00:03:50.000000,2000-01-01 00:03:50.000000,0 days 00:00:00,31.580052701806025,36.158538937486085,0.0034908872387119,0.0095691942211607,15.726149363384648,382.672632884023,2852.8082537637983,218.52747710043252,0.4294911374727561,0.0419650792633177,1.115868388580702,COMPLETE
231,1860423.7045242493,2000-01-01 00:03:51.000000,2000-01-01 00:03:51.000000,0 days 00:00:00,23.15997736532492,92.3416839643085,0.0028872246824042,0.002283892853216,43.67540886568781,405.3410912923967,1619.5489511318892,428.42731160942566,0.3584575288312074,0.0547503562544412,0.9583392907698204,COMPLETE
232,1217957.5483861193,2000-01-01 00:03:52.000000,2000-01-01 00:03:52.000000,0 days 00:00:00,17.28943615906433,54.9436529950656,0.0010080571855125,0.0029753279974623,63.60629102310298,342.45872457068174,1513.0992373607792,268.3233909696468,0.1449801965863968,0.0144815854330164,1.0410690402142886,COMPLETE
233,1563401.6357169126,2000-01-01 00:03:53.000000,2000-01-01 00:03:53.000000,0 days 00:00:00,5.4438502768748815,11.862434556499894,0.0025591041634268,0.0036383685714949,17.362883541809175,1288.464474567607,2439.957950296523,347.02369271394866,0.3511894300099337,0.0031491805974608,0.9935164726425484,COMPLETE
234,1625444.2669040973,2000-01-01 00:03:54.000000,2000-01-01 00:03:54.000000,0 days 00:00:00,26.705511819432346,87.21020664623681,0.0027131397498229,0.0151703098990236,84.58662494060621,328.2183002975321,1783.2362442700369,386.1140409463431,0.416663852953648,0.0677383212735004,0.9574054800189286,COMPLETE
235,1343679.8608065385,2000-01-01 00:03:55.000000,2000-01-01 00:03:55.000000,0 days 00:00:00,9.31086805500941,95.17701108240928,0.001082647505182,0.0033945706437567,75.63863356548744,868.8877801650274,1827.0350396414929,379.2352392223743,0.4395521445167448,0.065319354655604,1.0849620197708567,COMPLETE
236,1783970.6585360563,2000-01-01 00:03:56.000000,2000-01-01 00:03:56.000000,0 days 00:00:00,6.181865239469053,27.832053020855703,0.0018342370759148,0.0090305173437709,33.43039764567786,593.7570139426034,1315.6340398102006,440.3863603397973,0.3192091803285809,0.0355061316759466,0.8954653335348773,COMPLETE
237,1386435.690163152,2000-01-01 00:03:57.000000,2000-01-01 00:03:57.000000,0 days 00:00:00,18.00013857521454,15.4059026767005,0.0076387822855925,0.006899426306459,50.67155013571552,399.7357307814826,2636.113553250252,251.33956288347025,0.3777814073866961,0.0471296187521793,1.0678787924382762,COMPLETE
238,1378697.9936993227,2000-01-01 00:03:58.000000,2000-01-01 00:03:58.000000,0 days 00:00:00,22.615252615348943,55.51475979653451,0.0076183616797518,0.0067452273642655,54.73532503945023,317.1470381107877,2782.495214425252,216.8851347408582,0.4206976181597217,0.0242786818498613,0.863309397616947,COMPLETE
239,1276288.6306098555,2000-01-01 00:03:59.000000,2000-01-01 00:03:59.000000,0 days 00:00:00,9.085757211597665,50.81987597325069,0.0028547055019813,0.0030466101840708,22.545370436452615,610.4925305274037,1059.7948358687129,344.88037702724364,0.3480523472425446,0.0290146051323023,0.9838378548030764,COMPLETE
240,1155061.9184527472,2000-01-01 00:04:00.000000,2000-01-01 00:04:00.000000,0 days 00:00:00,6.443549296558841,39.560895545416194,0.0023634838161779,0.0020763105461985,26.63251453319113,441.9670951268513,2112.2463257567056,389.9772266439276,0.2658027871114473,0.0132394876312225,1.0206261295372152,COMPLETE
241,1687415.477553188,2000-01-01 00:04:01.000000,2000-01-01 00:04:01.000000,0 days 00:00:00,9.292905049499458,49.21901242725558,0.0009257029211882,0.006899135415589,43.40953133938136,804.7211063073053,1880.6556195333696,430.2828814059096,0.3011457084486708,0.0061062526219506,0.9320279819209968,COMPLETE
242,2493867.2094784104,2000-01-01 00:04:02.000000,2000-01-01 00:04:02.000000,0 days 00:00:00,21.820545697295746,52.91137302594932,0.0009651704494191,0.0104663006631681,92.16336385517012,614.8986960074625,1603.5962072081209,255.72284524090543,0.1005781680428432,0.0270783453233388,0.8041613413220791,COMPLETE
243,1363847.6965629694,2000-01-01 00:04:03.000000,2000-01-01 00:04:03.000000,0 days 00:00:00,8.79052400669201,39.36737000403893,0.0064896004892434,0.0067764778584398,17.799221615331103,327.3906110853677,1044.5345013988158,380.9002012128808,0.248634617695412,0.041237288976644,0.9947191814466436,COMPLETE
244,1163795.6804046428,2000-01-01 00:04:04.000000,2000-01-01 00:04:04.000000,0 days 00:00:00,10.825838457354337,78.45940083060894,0.0010307497704416,0.0030742521146157,53.99553746766204,391.9273561750896,2294.322143885613,459.7370294526256,0.4959911550572532,0.0711221764548975,0.8039208109028674,COMPLETE
245,2067379.2280843167,2000-01-01 00:04:05.000000,2000-01-01 00:04:05.000000,0 days 00:00:00,17.71239909270662,27.615371229060123,0.0091306003746804,0.0029225736583051,14.476650259229796,504.1119908809193,2834.1609630695057,347.0990061552345,0.3021796270927463,0.0291893166717854,1.0347031989589106,COMPLETE
246,1513284.943932632,2000-01-01 00:04:06.000000,2000-01-01 00:04:06.000000,0 days 00:00:00,8.395451041504716,64.84245955556253,0.0012349695165498,0.0073269488059725,54.93719105849294,586.5661608413407,2120.298411647072,478.6200936689364,0.3534718943406797,0.0882056706449658,0.9912598411218804,COMPLETE
247,1755716.5277198784,2000-01-01 00:04:07.000000,2000-01-01 00:04:07.000000,0 days 00:00:00,21.856096579144182,26.315667740574376,0.000274135507334,0.0110635957006733,58.80159947989706,334.7533327444353,1806.3844652273049,228.9852547557307,0.1015258818865446,0.0030928573451182,1.0090619024431815,COMPLETE
248,1481731.948154035,2000-01-01 00:04:08.000000,2000-01-01 00:04:08.000000,0 days 00:00:00,8.532992546977592,59.48447948492116,0.0092042313338014,0.0068845851577638,55.58619623931493,370.8224553800754,2386.068922113602,249.6165958225124,0.3792852518942781,0.0474528809649175,0.8584291988536968,COMPLETE
249,1625938.988785029,2000-01-01 00:04:09.000000,2000-01-01 00:04:09.000000,0 days 00:00:00,14.57473293038058,86.78373619239608,0.0009595171102871,0.0079447054754488,49.905835441431016,683.7034512126409,2686.8791416092417,387.5863309170605,0.4484491126830025,0.0799372727960502,0.8699703224723921,COMPLETE
250,1871568.7658117453,2000-01-01 00:04:10.000000,2000-01-01 00:04:10.000000,0 days 00:00:00,16.60633942355106,50.085184057624375,0.003622291288187,0.0052100771612915,70.59753813459332,480.9551400768561,1624.9691002690151,349.9532232272837,0.1039254158620516,0.0213916348104907,1.128780511117946,COMPLETE
251,1252634.0970398742,2000-01-01 00:04:11.000000,2000-01-01 00:04:11.000000,0 days 00:00:00,14.543648032754897,59.75449927725592,0.0033825976035798,0.004809152991735,37.24101056213375,390.296329903731,1222.6987396874092,417.8546512562918,0.4034596246919468,0.0226623575091138,0.9434702043353992,COMPLETE
252,1713557.49329558,2000-01-01 00:04:12.000000,2000-01-01 00:04:12.000000,0 days 00:00:00,10.499341869697677,85.82411093968996,0.0009897072921749,0.0095176792034639,56.78939412771127,621.9409310305,2137.6402915586877,476.1093949217527,0.4380472018918349,0.0516606505504144,0.8668707003244469,COMPLETE
253,1288127.378892515,2000-01-01 00:04:13.000000,2000-01-01 00:04:13.000000,0 days 00:00:00,9.854620153026724,35.167155692651235,0.0011100487496243,0.0052396219273065,19.837169006792564,444.02682238866544,1898.4380175646977,419.0573483521992,0.3360347767735924,0.0168515176710152,1.1669736165535225,COMPLETE
254,1485799.4824516175,2000-01-01 00:04:14.000000,2000-01-01 00:04:14.000000,0 days 00:00:00,8.8657155318549,75.31158476136824,0.0045136454642146,0.0092021795873216,49.99404974062761,344.74895189738857,1225.4095698646863,390.535527904814,0.4415948983037443,0.0289646304871906,0.995528504093984,COMPLETE
255,2123695.151640602,2000-01-01 00:04:15.000000,2000-01-01 00:04:15.000000,0 days 00:00:00,19.64401067010154,58.18310595943586,0.0088585803533631,0.0073867494577899,24.50660453457389,1454.1207018629434,1329.116667816915,372.590660004064,0.4126093080437564,0.0383980373517414,0.7791000548080985,COMPLETE
256,1679887.972155271,2000-01-01 00:04:16.000000,2000-01-01 00:04:16.000000,0 days 00:00:00,11.194575194414874,80.98504152314707,0.0005426590806231,0.0075995242431617,79.32895017546508,343.88036835106084,1162.9655679291502,257.8920855133939,0.1142253674055132,0.0058884546881297,0.8235315574741555,COMPLETE
257,1179287.7568028625,2000-01-01 00:04:17.000000,2000-01-01 00:04:17.000000,0 days 00:00:00,23.91544144668302,28.00867289552548,0.0078542845340752,0.0032893031386724,18.405607902155054,431.94693573135066,2566.5385142006567,382.7836307867661,0.4765568873755649,0.0341927093117679,0.9874214586541464,COMPLETE
258,1129771.077081708,2000-01-01 00:04:18.000000,2000-01-01 00:04:18.000000,0 days 00:00:00,34.832276204887705,71.85494585980992,0.000630377912727,0.0023106985299932,92.57405619348036,522.4705987613111,1801.8181166499749,470.9430586407867,0.4752357928689,0.0634675311774594,1.070394325472393,COMPLETE
259,2092448.9736515663,2000-01-01 00:04:19.000000,2000-01-01 00:04:19.000000,0 days 00:00:00,23.13734134027856,53.21588866437106,0.0064175473483363,0.0059369938033072,12.413459737943978,359.0670411263121,2599.4452296583117,382.2618075721611,0.4201216632583913,0.0214751739848287,1.1472782574775444,COMPLETE
260,2085675.3437871076,2000-01-01 00:04:20.000000,2000-01-01 00:04:20.000000,0 days 00:00:00,29.779094060483988,77.15188395333317,0.0004868269509947,0.0099969589225246,64.21133619599442,712.1084225120467,1727.921162239691,484.05513580961673,0.4997579224139073,0.0615896226907672,1.0713857462471277,COMPLETE
261,2075962.896370816,2000-01-01 00:04:21.000000,2000-01-01 00:04:21.000000,0 days 00:00:00,24.694695151017253,94.97212838946837,0.0010147967136383,0.0020173438276918,74.89908515839932,709.3878196550593,2671.8207539866635,419.55879206518216,0.4039040261030528,0.0554761826971873,0.9156046900589668,COMPLETE
262,2459541.251993331,2000-01-01 00:04:22.000000,2000-01-01 00:04:22.000000,0 days 00:00:00,21.95414933484311,43.988435672094845,0.0096485778762146,0.0088087925057511,23.10911066067099,463.69232468206127,2502.5567443433506,225.78568238535885,0.4611955682285114,0.0036023929432038,0.7644820824714532,COMPLETE
263,1287132.5489895418,2000-01-01 00:04:23.000000,2000-01-01 00:04:23.000000,0 days 00:00:00,11.10888430750112,54.13337828097397,0.0051126542303736,0.0040990159628965,47.553285690445925,427.9311552517225,1095.298546876788,397.9644316120012,0.1739252807223451,0.0261871524629414,1.1918614815603652,COMPLETE
264,1919127.1919449929,2000-01-01 00:04:24.000000,2000-01-01 00:04:24.000000,0 days 00:00:00,25.881909601022315,63.36908224198593,0.0035796920309002,0.0157300670953541,25.16357394661545,475.3532397057702,1172.4502855906862,402.49303349997456,0.4453663135959077,0.0128219983331843,0.9079232479128262,COMPLETE
265,1265180.2617778468,2000-01-01 00:04:25.000000,2000-01-01 00:04:25.000000,0 days 00:00:00,33.08476391634332,72.31534154578787,0.0008253420605956,0.0034938689730795,104.72458486023348,741.8663468223986,1740.0162140229104,459.8886127004956,0.4872487454322907,0.0667403724084003,1.169810371809315,COMPLETE
266,2208328.906808388,2000-01-01 00:04:26.000000,2000-01-01 00:04:26.000000,0 days 00:00:00,27.775299324931048,17.339706756575623,0.006147873162771,0.0097601896830258,32.83987049710878,650.5712062128056,2566.9050970835897,448.9056635674292,0.4567418436379331,0.0334360354580192,1.0211097397374116,COMPLETE
267,7260246.711083948,2000-01-01 00:04:27.000000,2000-01-01 00:04:27.000000,0 days 00:00:00,7.814384498123076,43.595370804679376,0.0072077066258847,0.0036512479030161,56.96091976510655,628.1998082631818,1096.1366242968982,472.4422952547335,0.1098485508551495,0.0144440607621735,0.8941345242727906,COMPLETE
268,1762548.4623650748,2000-01-01 00:04:28.000000,2000-01-01 00:04:28.000000,0 days 00:00:00,16.44101158136945,58.17361686680146,0.0005709140966176,0.0117079140791168,46.8628553672848,304.92937005266936,1732.3261807929944,301.41691191070026,0.1886763192932337,0.0108463155687805,0.893983820136337,COMPLETE
269,1180411.954986033,2000-01-01 00:04:29.000000,2000-01-01 00:04:29.000000,0 days 00:00:00,18.08129152809178,52.5312957643314,0.0069039082620411,0.0034515292829007,30.08298389237556,395.1471720965805,1631.769227566403,388.9098639603617,0.4380948677063747,0.006345588685629,1.0218121701049556,COMPLETE
270,7090972.73329205,2000-01-01 00:04:30.000000,2000-01-01 00:04:30.000000,0 days 00:00:00,22.08155450969754,94.20383195897728,0.0011525448313272,0.0025940965286748,59.49506207317597,329.0480536569565,2157.8113110107074,419.6467014125483,0.427392017095159,0.0795148072766843,0.9484563104028813,COMPLETE
271,7017050.852638214,2000-01-01 00:04:31.000000,2000-01-01 00:04:31.000000,0 days 00:00:00,5.875647120744111,69.48271989764616,0.0023976499730714,0.0051636475848557,18.47998307562577,351.4043111250174,1002.7722927288652,448.7127716020162,0.2942346334788944,0.0450260350887102,0.7483181373953743,COMPLETE
272,7498240.384244564,2000-01-01 00:04:32.000000,2000-01-01 00:04:32.000000,0 days 00:00:00,24.322501377437337,45.442179805537805,0.0002838796574504,0.0045803181238803,41.331152378569314,330.3182713266596,1881.4529161853368,431.9573097777006,0.4710496881037153,0.0604225384800062,0.8911273631488443,COMPLETE
273,7152938.355624905,2000-01-01 00:04:33.000000,2000-01-01 00:04:33.000000,0 days 00:00:00,5.192536681568882,77.34083104946372,0.0036103048230359,0.0071397270800287,36.879299796124826,475.19218379826646,2571.1651152551613,428.9592514590516,0.4997734210196512,0.0717586992915312,0.8973722700247689,COMPLETE
274,7711631.119175794,2000-01-01 00:04:34.000000,2000-01-01 00:04:34.000000,0 days 00:00:00,7.645051622422754,30.157059593590496,0.0037443376251353,0.0140240104990642,37.991939381328365,353.1790851613292,1056.1787906198892,362.8182298593491,0.1318050440311666,0.0126466223766466,0.8081819177997568,COMPLETE
275,1968137.0801993008,2000-01-01 00:04:35.000000,2000-01-01 00:04:35.000000,0 days 00:00:00,15.02974991824497,69.53972551537336,0.002255962392434,0.0075861411522657,59.164008349569606,595.8612403530735,2377.2813821350646,498.8436463680417,0.470144320715526,0.0865762937537416,0.7696064357256212,COMPLETE
276,3000768.156627839,2000-01-01 00:04:36.000000,2000-01-01 00:04:36.000000,0 days 00:00:00,18.93871233306303,54.947785051583054,0.0004034104602559,0.01161138699972,63.203741048169896,636.4319971935674,1119.8884597511424,358.5543678785271,0.1276000524299696,0.0068841868673496,0.9521164888610758,COMPLETE
277,8260877.152893877,2000-01-01 00:04:37.000000,2000-01-01 00:04:37.000000,0 days 00:00:00,45.489688678673005,21.64796696392096,0.0096843245082692,0.0031482761684009,27.518470418898332,323.93789691524967,2468.8071630878594,441.19156151714895,0.336860835682944,0.0049878707680552,1.0280973496714212,COMPLETE
278,1369885.069818308,2000-01-01 00:04:38.000000,2000-01-01 00:04:38.000000,0 days 00:00:00,10.45370540686326,30.39283278391709,0.0028959740108315,0.0057717530210286,19.202206881938785,359.16622717384644,1562.7928763701025,325.29470200017715,0.2021725709040926,0.0170980541655644,0.9987842889234292,COMPLETE
279,1530238.6166202545,2000-01-01 00:04:39.000000,2000-01-01 00:04:39.000000,0 days 00:00:00,15.99367595863429,65.7640384151214,0.0028659008461872,0.0062872527469829,40.94247598288149,516.768233289269,1617.190593762222,360.59719879467366,0.4627417399103912,0.0297779450083855,0.5552211251969146,COMPLETE
280,1779222.59624181,2000-01-01 00:04:40.000000,2000-01-01 00:04:40.000000,0 days 00:00:00,29.09109642824241,84.04333970444364,0.008540941900992,0.0072451007240816,23.695354999865707,823.5383918498378,1201.8374071614653,292.760885656714,0.3849335249475217,0.0622158972723272,0.7561260013578273,COMPLETE
281,1280270.3305395492,2000-01-01 00:04:41.000000,2000-01-01 00:04:41.000000,0 days 00:00:00,17.56526420698427,41.94904175632381,0.0079666672913315,0.0044878699934043,15.20677432291066,478.0877532887906,2058.3683224737733,377.8240425246521,0.4295698017000569,0.0310199848925516,0.9373000573550808,COMPLETE
282,1943710.6451269104,2000-01-01 00:04:42.000000,2000-01-01 00:04:42.000000,0 days 00:00:00,44.363680266572686,78.89926908793282,0.0016725448009542,0.0030505715243656,69.15451637132156,572.2885487038244,1635.548949670219,485.6334745085792,0.4299745068889588,0.0529460838501886,1.0317703037907031,COMPLETE
