number,value,datetime_start,datetime_complete,duration,params_adaptive_alpha_pos,params_adaptive_lambda,params_i_clamp_ori,params_i_clamp_pos,params_i_gain_ori,params_i_gain_pos,params_k_pos_max,params_k_pos_min,params_m_pos_max,params_m_pos_min,params_zeta_pos,state
679,1731781.8851080178,2026-05-07 05:38:20.160024,2026-05-07 05:38:35.741770,0 days 00:00:15.581746,14.31692605664908,65.21629402207499,0.0021205244198503896,0.008666562092620955,16.960366648778415,866.0346037933725,2836.114939821981,454.1136317518692,0.4216266163030326,0.09060596258050607,1.0640400751896386,COMPLETE
680,1161355.581999625,2026-05-07 05:38:35.743388,2026-05-07 05:38:52.070469,0 days 00:00:16.327081,12.614286527053038,75.49770076817573,0.0014070914796154648,0.002675057708811655,46.73755774169655,335.8570605340105,2430.07225660696,488.15380507890444,0.4842246809818162,0.015187162816199994,0.6250181787746197,COMPLETE
681,1360285.7260665842,2026-05-07 05:38:52.071962,2026-05-07 05:39:07.819828,0 days 00:00:15.747866,18.07792789366043,63.09509136257347,0.003348389087055069,0.003436712263841902,46.408763022063724,733.1689066448737,2478.967297553407,492.1507499462767,0.3604270419834778,0.008224463956208003,0.7613550380492932,COMPLETE
682,1302728.5138213802,2026-05-07 05:39:07.821514,2026-05-07 05:39:23.451580,0 days 00:00:15.630066,18.661759793450845,87.31969728171411,0.00043418201374437594,0.0030953013582918597,49.25216568993047,628.057001878796,2972.211728513078,435.2875075058341,0.49772446825335426,0.004790777957943701,0.7094223229771641,COMPLETE
683,1270185.0507581187,2026-05-07 05:39:23.453060,2026-05-07 05:39:39.893488,0 days 00:00:16.440428,20.636298013625428,82.87185224726258,0.003156764431657557,0.0020243674909083153,67.89958312376027,819.9422246270874,2496.6287908412205,469.8185601038064,0.47154457140571915,0.027603462202329336,0.5975151975606834,COMPLETE
684,1615894.7860077454,2026-05-07 05:39:39.895103,2026-05-07 05:39:55.541474,0 days 00:00:15.646371,14.11486216547474,65.79592482173891,0.0013582193768356394,0.007423661579276277,54.69916585129405,519.1595581052026,2538.6241122438996,403.56103273899873,0.3285096204771438,0.011655521027627815,1.0174829392486808,COMPLETE
685,1682591.7559874796,2026-05-07 05:39:55.542976,2026-05-07 05:40:11.269558,0 days 00:00:15.726582,17.992214296905917,81.64295464128041,0.0018809593109232468,0.014256415147526399,45.02036614839278,524.8461211875746,2507.0087327836927,490.61961679225857,0.46204687194109806,0.03926066814352629,0.7019089725655626,COMPLETE
686,1281840.7624828396,2026-05-07 05:40:11.271241,2026-05-07 05:40:26.799680,0 days 00:00:15.528439,30.40002570054913,80.40470596575403,0.008407348631530606,0.006161058330655495,98.89441771402699,312.97084140022463,2842.6314115861264,453.0899731447323,0.44780091999526334,0.02156516606444105,1.1754036167066013,COMPLETE
687,1178883.670309174,2026-05-07 05:40:26.801329,2026-05-07 05:40:42.427488,0 days 00:00:15.626159,9.151259125096239,88.7173551548076,0.00020417119126291778,0.002341938824076791,43.64212936531343,361.355032722715,2866.256465351112,369.9339490722233,0.3493544868199089,0.039123439069543596,0.8689001287123403,COMPLETE
688,1208473.5035470128,2026-05-07 05:40:42.429173,2026-05-07 05:40:58.623465,0 days 00:00:16.194292,21.681362544912425,52.82873608224438,0.005755342256576673,0.0033953269341661127,112.85690486391829,318.37194767218534,2547.584059349859,423.0043933316199,0.3467275933254307,0.041516047628970904,1.1793671008903022,COMPLETE
689,1673931.1069660203,2026-05-07 05:40:58.624951,2026-05-07 05:41:14.460607,0 days 00:00:15.835656,9.957922582945312,16.104862054903393,0.0025790599665554124,0.03353987835660911,31.322426042728132,1332.1494039749807,1799.396720702176,278.919241408453,0.2074849060968988,0.09380609768209192,1.1435194414868972,COMPLETE
690,1458293.6681025329,2026-05-07 05:41:14.462120,2026-05-07 05:41:30.035229,0 days 00:00:15.573109,26.33298720087386,31.598835457589125,0.00789050599900209,0.010761507129614847,113.55753071731613,337.4024755121295,2424.123564582205,499.96568915212595,0.45298017332599716,0.04252249990974857,1.0500984558007278,COMPLETE
691,1340399.8526980372,2026-05-07 05:41:30.036700,2026-05-07 05:41:46.172514,0 days 00:00:16.135814,12.655500097847932,80.32248545294563,0.005977176714244873,0.0037623043535174694,86.30166778298404,531.6321996642223,2334.2733014009987,408.5549724182375,0.30525456638557164,0.029808244768022612,0.9182412388871475,COMPLETE
692,1473663.3304018362,2026-05-07 05:41:46.174012,2026-05-07 05:42:01.694393,0 days 00:00:15.520381,10.424933464092739,80.38416808214777,0.004877562394076243,0.00790220000865937,65.02820002095072,438.70321506566927,2573.982731216607,473.9768529170552,0.46519606176641043,0.014221707886391384,0.6063509339947325,COMPLETE
693,2009977.4067813857,2026-05-07 05:42:01.696018,2026-05-07 05:42:17.327245,0 days 00:00:15.631227,16.9555856320606,64.59930076510521,0.008076128851002324,0.033137607446190195,24.13117905626644,331.2838606270252,1001.6811525221553,233.20272926832297,0.46822028559188333,0.08285102803053054,1.1046711429185263,COMPLETE
694,1223582.9390298368,2026-05-07 05:42:17.328742,2026-05-07 05:42:35.888471,0 days 00:00:18.559729,14.58463130841994,79.79621936987331,0.0037821377938107147,0.002757376459121736,18.03386558963762,417.76818263702285,2861.9621255018824,378.69058604659205,0.29307802605626226,0.03354132423201217,0.7872002134115256,COMPLETE
695,1373235.0578456335,2026-05-07 05:42:35.890165,2026-05-07 05:42:51.521703,0 days 00:00:15.631538,18.444269672994313,87.8478171954215,0.0023990139356832533,0.005475991404487025,26.316760483979536,364.04192262337887,2862.629473993433,294.8965167147932,0.3066940075452162,0.04772712088146672,0.9544743634652539,COMPLETE
696,1000000000.0,2026-05-07 05:42:51.523317,2026-05-07 05:42:58.888568,0 days 00:00:07.365251,10.36240285398558,84.24856052154287,0.0014144731054078596,0.018425934739224034,32.957226013085645,351.9499041772984,2821.410676311167,432.23493984089777,0.4598043641928303,0.01039902146409663,0.749547076589801,COMPLETE
697,1491742.5881580987,2026-05-07 05:42:58.890212,2026-05-07 05:43:14.526624,0 days 00:00:15.636412,5.519802690325749,93.63428267647294,0.0007716711417679389,0.008693237648468952,39.066998438386975,310.2629865044799,2224.5830404759026,426.7938099271267,0.49858662815548405,0.017009404083635,0.5898363120204839,COMPLETE
698,1214321.826324565,2026-05-07 05:43:14.528143,2026-05-07 05:43:31.261615,0 days 00:00:16.733472,17.668031426879416,78.43237110317625,0.0017534592550148744,0.0027756092288436724,20.195687310634405,497.1042942619713,2867.2643919767324,485.76926191884337,0.46231963927255304,0.0318847310325412,0.7530977916167854,COMPLETE
699,1425819.2329606148,2026-05-07 05:43:31.263301,2026-05-07 05:43:50.828144,0 days 00:00:19.564843,21.072420555600498,56.89000656694094,0.00209932156410839,0.0077962370431643785,23.190140115654707,375.87283170880943,2903.6785039349456,438.9599484200262,0.3363711777820598,0.057527443824030855,0.9897958996338371,COMPLETE
700,1429767.2270164688,2026-05-07 05:43:50.829618,2026-05-07 05:44:06.447506,0 days 00:00:15.617888,29.08336704047028,97.60749508934686,0.00922743443967382,0.003290925336512137,43.17082980862152,812.6640984652147,1383.37129782085,436.6935915719686,0.20804296018506996,0.05060811005451015,1.0692435109371676,COMPLETE
701,1471351.5092972931,2026-05-07 05:44:06.449146,2026-05-07 05:44:25.281649,0 days 00:00:18.832503,20.94291273692901,32.18860267581497,0.0047699183750808,0.005541433697288689,96.98171375787265,604.5421339541617,2115.968326246991,472.9971621167195,0.49644815090493216,0.039009745881672594,0.781952122392809,COMPLETE
702,1289572.0024132628,2026-05-07 05:44:25.283160,2026-05-07 05:44:41.067860,0 days 00:00:15.784700,17.612207198001848,20.436374828050845,0.006325887985459578,0.004097793539599147,119.12903344034852,431.29438571437595,2277.307345172413,437.9847405609478,0.3728325602191814,0.007218228714687653,1.1705943991234886,COMPLETE
703,1485034.7691688752,2026-05-07 05:44:41.069319,2026-05-07 05:44:56.696023,0 days 00:00:15.626704,49.04786895814992,12.392393789467384,0.009755929685998964,0.024922974649851132,101.53570865275925,948.0745888026062,2677.7477474338516,320.72288047936433,0.17854924389781135,0.08268058467448858,0.6319487929794816,COMPLETE
704,1521618.5922162726,2026-05-07 05:44:56.697623,2026-05-07 05:45:13.176118,0 days 00:00:16.478495,32.24183661130467,23.843734990125572,0.00048794878217094453,0.030447785866632437,48.357093047872176,915.3072142149508,2681.3552578046706,220.81029839637688,0.2886565387773885,0.038421000632038876,0.5672684071378274,COMPLETE
705,1515608.7584381222,2026-05-07 05:45:13.176939,2026-05-07 05:45:28.721830,0 days 00:00:15.544891,32.012355441562924,68.0005934848333,0.0017780852700477832,0.012184233630188866,47.3092991604274,317.31864916030975,2792.6091353263832,290.4049688467935,0.4637842672439769,0.009594882910224832,0.913137660455641,COMPLETE
706,1214564.1147191261,2026-05-07 05:45:28.723271,2026-05-07 05:45:44.258926,0 days 00:00:15.535655,7.522864780598443,95.43093988038747,0.008064191686778457,0.003301745453206611,75.99551706523846,345.61324643494044,1654.2445961901497,445.30695479032096,0.3352863643156179,0.04819696703212483,0.9651835404367208,COMPLETE
707,1598057.7931642751,2026-05-07 05:45:44.260557,2026-05-07 05:45:59.796762,0 days 00:00:15.536205,7.253221295952258,34.1006137543839,0.00938429286560255,0.012403757729269197,111.04174530346694,1307.9324519311099,2746.318587617756,214.41060358088447,0.16565557454098082,0.09326091467506324,1.1234313040386532,COMPLETE
708,1000000000.0,2026-05-07 05:45:59.798406,2026-05-07 05:46:07.012679,0 days 00:00:07.214273,41.27046602622623,41.53990737178558,0.0032494317650398692,0.04005806192284012,73.48716958318043,1506.9064774543017,2435.644405195419,353.282423152275,0.1667134928930999,0.07093676634247018,1.0563433618997986,COMPLETE
709,1000000000.0,2026-05-07 05:46:07.014370,2026-05-07 05:46:14.267656,0 days 00:00:07.253286,18.30904621197793,83.69339885568246,0.005988737551784478,0.024275892619106162,32.38441183718178,1441.3867519206178,1717.1726235367173,233.03761807289305,0.35684505370681585,0.033705364396954485,0.742693372629095,COMPLETE
710,1577757.3760872316,2026-05-07 05:46:14.269256,2026-05-07 05:46:29.835691,0 days 00:00:15.566435,27.44731143917421,27.26640666504202,0.009340417525537015,0.03200903137436724,24.454726576100825,392.89114389629515,2578.0063559751634,142.4383313945353,0.2447885272188929,0.03687126916948114,0.9630038134392116,COMPLETE
711,1607861.5397199919,2026-05-07 05:46:29.837202,2026-05-07 05:46:45.460127,0 days 00:00:15.622925,18.540259639499656,80.59054108955759,0.0020553286918015127,0.013813394122489279,31.558436935883606,372.5231749432368,2903.330044652108,372.0925310314194,0.39400793479284113,0.047517068739705244,1.06984669322816,COMPLETE
712,1453920.0356783748,2026-05-07 05:46:45.461708,2026-05-07 05:47:01.192170,0 days 00:00:15.730462,14.181416720374484,39.99373015798782,0.0011449446501238612,0.0020062313059884054,73.20941207709365,1582.6387084121095,1678.2153827785685,317.90590223804196,0.12863673407368453,0.044173408644143757,0.7839956965032809,COMPLETE
713,1183431.3153024695,2026-05-07 05:47:01.192844,2026-05-07 05:47:17.214136,0 days 00:00:16.021292,15.277749810206078,22.714245194806878,0.006866285550122913,0.00255178542573525,117.28451277027541,386.7184972038089,2466.144980920159,368.45195368687723,0.4390252966217621,0.06144610972698481,1.1942491062356624,COMPLETE
714,1388161.6852628738,2026-05-07 05:47:17.215749,2026-05-07 05:47:32.710909,0 days 00:00:15.495160,11.753689536957042,65.50259147807225,0.003953545501882739,0.0029089699207594166,20.270847937616388,607.4327755076844,1502.9292522173769,336.74709072323697,0.28440809506586956,0.038898142547876303,0.7540216919701054,COMPLETE
715,1508269.487507255,2026-05-07 05:47:32.712402,2026-05-07 05:47:48.393343,0 days 00:00:15.680941,48.245575755036484,31.711261758857745,0.0021008411829414385,0.022032511248667064,14.73119689806397,1233.3040266017515,2690.469780611367,241.59225106984903,0.2951780437342257,0.0854625236321857,0.5309442122849628,COMPLETE
716,1464945.9587313102,2026-05-07 05:47:48.394871,2026-05-07 05:48:04.014595,0 days 00:00:15.619724,6.11102007447164,55.55273551484348,0.003979470971319206,0.008145100614183536,60.112830302504406,345.55703990075,2842.144259920151,478.37404595042193,0.48364458005603156,0.00970614050732307,0.8120609619809799,COMPLETE
717,1697457.7448591788,2026-05-07 05:48:04.016191,2026-05-07 05:48:19.621634,0 days 00:00:15.605443,16.8254109503606,53.66164075491508,0.009412241074498427,0.018514259887330443,83.12412597002167,1687.2824601561724,1489.2567448630175,481.39183774109995,0.46673925849970815,0.09644489964618323,0.911409337502906,COMPLETE
718,1156435.0121613918,2026-05-07 05:48:19.623256,2026-05-07 05:48:38.168613,0 days 00:00:18.545357,13.408172372170956,87.93038296050361,0.0008237382640593212,0.0021574757166418295,50.916431267188706,399.1940362024312,2021.4703912039843,438.5798891368329,0.427354572263584,0.0043369789948774565,0.949815852396524,COMPLETE
719,1173162.2732497894,2026-05-07 05:48:38.170250,2026-05-07 05:48:54.717048,0 days 00:00:16.546798,25.788233088165207,79.922908982645,0.0031889945029217365,0.003275939989391344,13.342388783848524,316.32102188637305,2865.621515116866,426.47407781261353,0.48449244434024535,0.06283034662626347,0.7592006013455914,COMPLETE
720,1470178.7937012317,2026-05-07 05:48:54.718670,2026-05-07 05:49:10.695749,0 days 00:00:15.977079,16.02031371407467,79.03470088723599,0.0003251730625365393,0.006050304003071596,54.57949389444009,469.6762116939344,2015.7727555273689,389.07533517917955,0.3886040242016921,0.019704232635412558,1.1270286192636663,COMPLETE
721,1126415.155561959,2026-05-07 05:49:10.697249,2026-05-07 05:49:26.228658,0 days 00:00:15.531409,23.270525380157988,89.3992978069807,0.005531527716061463,0.0025422451409792164,87.08002165453658,316.1941993927693,2522.1997142790924,482.9148091554598,0.38653272947312145,0.041874650118092945,0.9750883116681469,COMPLETE
722,1747895.541177818,2026-05-07 05:49:26.230231,2026-05-07 05:49:45.637627,0 days 00:00:19.407396,16.87819605535333,72.77356666343823,0.0003141131249256704,0.009418510667576183,65.58258290769294,656.9138688167814,1921.0604334900688,494.8610823699952,0.4726433749199673,0.014748712954359153,1.0401296788863195,COMPLETE
723,1529113.056286453,2026-05-07 05:49:45.639157,2026-05-07 05:50:02.175340,0 days 00:00:16.536183,14.192242990238373,47.0272985690418,0.001381796888259796,0.010184814875957836,43.02125668357688,459.8480783158143,2314.6731634486077,423.43237763057414,0.47620407056735936,0.01954000141057101,0.6626102887345539,COMPLETE
724,1563824.5161494613,2026-05-07 05:50:02.176132,2026-05-07 05:50:17.980340,0 days 00:00:15.804208,44.28420452915208,23.208281516909672,0.0013557729138804334,0.03674395416928226,29.84829625120482,1939.1966742911645,1079.1622439835542,301.58987158102536,0.32070918185997854,0.0319799030113336,0.6404952043220375,COMPLETE
725,8849625.961427385,2026-05-07 05:50:17.981941,2026-05-07 05:50:33.719234,0 days 00:00:15.737293,48.811671139233006,99.45708113368114,0.00843528308997726,0.008580035799113372,43.903307754769244,705.8239706372241,1816.3132026754356,450.0001205994806,0.2961349848047816,0.04517627253628641,1.058456856183463,COMPLETE
726,1149843.7287618634,2026-05-07 05:50:33.721082,2026-05-07 05:50:49.285334,0 days 00:00:15.564252,12.35272505690345,79.40869730637638,0.0005423618650018299,0.0020802265474164664,42.26501000901328,407.80958365749774,1788.640814371384,465.5104786710753,0.3993071685607018,0.006586927984563309,0.925736637440472,COMPLETE
727,1815941.0885876855,2026-05-07 05:50:49.286877,2026-05-07 05:51:05.788395,0 days 00:00:16.501518,24.985844044072454,99.40026928963162,0.005616159045021614,0.009768502484062927,83.00058887268503,697.5103562044642,2370.6275012766623,409.97447307256243,0.3308935224586892,0.0479332896051833,0.9799982608617526,COMPLETE
728,1777378.9468649882,2026-05-07 05:51:05.789903,2026-05-07 05:51:22.325603,0 days 00:00:16.535700,14.097532607348818,81.63336463406795,0.0009992786674685571,0.013784229026000211,51.88537948889133,676.639178181063,1449.2723193460188,484.32246587735733,0.35383190994860236,0.008653520449484406,1.0598004042090712,COMPLETE
729,1593561.6346232246,2026-05-07 05:51:22.327152,2026-05-07 05:51:37.863828,0 days 00:00:15.536676,25.890790248895613,89.44892941144958,0.000542317674469469,0.015670934723620036,81.07117401829773,805.5678968747102,2263.441681959976,383.26115296454157,0.4049975079977804,0.007296078831188221,0.8533937007331428,COMPLETE
730,1554915.1956673982,2026-05-07 05:51:37.865323,2026-05-07 05:51:53.512803,0 days 00:00:15.647480,14.533844733410604,74.85008110681284,0.002643304491483351,0.0070930999318189365,29.0303568328122,539.2370849590056,2080.246498852296,453.280996979403,0.48924676641497866,0.011780408567799584,1.0787539861901154,COMPLETE
731,1559248.7594476275,2026-05-07 05:51:53.514441,2026-05-07 05:52:12.183476,0 days 00:00:18.669035,6.171210967846044,22.150003578279374,0.0047080402672962885,0.048659071162808806,99.79049805102471,1481.9623872486925,1145.1100376991335,323.20441928963123,0.30957434184817917,0.01932355467630478,0.5169971419247512,COMPLETE
732,1629892.125378588,2026-05-07 05:52:12.185114,2026-05-07 05:52:28.925302,0 days 00:00:16.740188,11.305436902765129,72.80725017858387,0.0009838037874246146,0.014955280595966017,45.51758915981819,522.6433733009583,2234.406118657679,449.44510329838795,0.3842243725127393,0.011042904457834967,0.8807885482125664,COMPLETE
733,1000000000.0,2026-05-07 05:52:28.926927,2026-05-07 05:52:36.154623,0 days 00:00:07.227696,14.881829222642251,79.32856172813717,0.0016718531929354771,0.012677728656647116,82.63139381927711,405.4325516992617,1598.1626751295344,362.8180647382721,0.34860338365533483,0.02453995272530974,0.8930383850758358,COMPLETE
734,1193288.791103278,2026-05-07 05:52:36.156142,2026-05-07 05:52:52.171300,0 days 00:00:16.015158,21.77082890526102,97.18040232194981,0.0015513163530522615,0.0023634528113214864,50.48970296077116,432.3927766253154,1538.5233968331768,403.92297267987453,0.46162389324563025,0.001453606355113319,0.8949602292889254,COMPLETE
735,1719397.7482118115,2026-05-07 05:52:52.172827,2026-05-07 05:53:07.894384,0 days 00:00:15.721557,6.4004499379874265,74.70540988440105,0.001161924258697801,0.013278662839618156,18.87551456188334,545.2868919626111,1340.2138652392973,490.8483783321928,0.4038839568614171,0.029235130206816045,0.8932509219899355,COMPLETE
736,1000000000.0,2026-05-07 05:53:07.896015,2026-05-07 05:53:15.335634,0 days 00:00:07.439619,24.69987460263062,77.94626396416277,0.006602861965350072,0.009028739859869322,83.80557921853618,319.7734497411268,2487.6716159555813,490.71260075995053,0.3655781173488051,0.024979844058010514,0.8308841758685525,COMPLETE
737,1495701.754498367,2026-05-07 05:53:15.337288,2026-05-07 05:53:31.952545,0 days 00:00:16.615257,14.013901285623604,50.43639783673124,0.009974374549741167,0.038344951679911206,59.441952986619995,562.319191779465,2335.9029715021197,449.67741229164665,0.30065942915601873,0.035068232400572934,0.7285782644846835,COMPLETE
738,1000000000.0,2026-05-07 05:53:31.954101,2026-05-07 05:53:45.995925,0 days 00:00:14.041824,22.19659007186553,76.23297635927361,0.0077337090098656405,0.008965488989117528,77.56798898244217,447.1873562773928,1406.4918483042316,421.56284046499195,0.2897847755846892,0.08803020476319795,1.0413651369280912,COMPLETE
739,1531338.5759358983,2026-05-07 05:53:45.997442,2026-05-07 05:54:01.684629,0 days 00:00:15.687187,29.095607320515352,75.53119602830556,0.007234482946912898,0.006083511161860258,14.472166309529172,739.6427429820604,2854.4217302008838,441.2044051737118,0.3932028991952439,0.04469748339110563,1.1066745189437197,COMPLETE
740,1203285.5796197238,2026-05-07 05:54:01.686241,2026-05-07 05:54:17.303968,0 days 00:00:15.617727,15.931349283529853,79.8482153627146,0.007740181680834381,0.004187206444358143,86.49936358520411,305.80631048045205,2725.3127722133495,491.17180607876253,0.3553402021488557,0.05317181759660034,0.9214116626404362,COMPLETE
741,1348508.9742322606,2026-05-07 05:54:17.305545,2026-05-07 05:54:32.932045,0 days 00:00:15.626500,7.320692151091498,76.68987536492777,0.0008229011109867487,0.004346625029566346,25.82222783492219,457.18309019948896,1418.4302052329183,472.5001691723199,0.3052977587566468,0.0026624622361955085,0.9098776585984281,COMPLETE
742,1000000000.0,2026-05-07 05:54:32.933606,2026-05-07 05:54:40.458996,0 days 00:00:07.525390,17.805374584059773,71.18263031551102,0.004231535509725246,0.00835195846417244,11.02378800046066,396.03198345320266,2835.1162692767925,274.63966424584964,0.49216138346167515,0.03578392131208806,0.6322810289681646,COMPLETE
743,1268194.7957594981,2026-05-07 05:54:40.460570,2026-05-07 05:54:56.122621,0 days 00:00:15.662051,16.0890810897558,78.36190898132348,0.0048331787398156415,0.003923896738901821,37.2327340763994,429.3810202958841,2471.8823777976822,481.87805354910006,0.3925901871102964,0.04028889365253727,0.7571657888390652,COMPLETE
744,1138499.6907917813,2026-05-07 05:54:56.124130,2026-05-07 05:55:12.970851,0 days 00:00:16.846721,29.992679213800024,65.46416593642053,0.002413336883449316,0.0024049806839912093,32.833979652646875,310.6308411440552,1434.7431333481852,452.04430174626185,0.2811795239920727,0.04240223618874819,0.7585863983706574,COMPLETE
745,1564566.2409953235,2026-05-07 05:55:12.972324,2026-05-07 05:55:29.109165,0 days 00:00:16.136841,35.398475567438155,58.40687146865166,0.005898880091816635,0.015273159959215112,22.985309645250354,736.1761078220782,1505.8621320825391,367.61235389392317,0.38017121410393917,0.058602048033686266,0.7512050261651726,COMPLETE
