number,value,datetime_start,datetime_complete,duration,params_adaptive_alpha_pos,params_adaptive_lambda,params_i_clamp_ori,params_i_clamp_pos,params_i_gain_ori,params_i_gain_pos,params_k_pos_max,params_k_pos_min,params_m_pos_max,params_m_pos_min,params_zeta_pos,state
203,1247829.3308015687,2026-05-07 03:35:25.275942,2026-05-07 03:35:40.867627,0 days 00:00:15.591685,12.416815482355638,78.15946477063585,0.004330364937238902,0.003127579623302141,33.12079240343854,401.2453994116268,2745.761988288822,405.8845193667151,0.29522785114281375,0.06686615647953266,0.6071981351682672,COMPLETE
204,1478418.8525482686,2026-05-07 03:35:40.869261,2026-05-07 03:35:56.568438,0 days 00:00:15.699177,27.30677013269719,74.72560437219335,0.003461206457625375,0.004987474368608405,79.92185283950093,817.7212055644825,2836.8818302130985,492.16808038479707,0.33952831701059966,0.0761289070581996,0.9976235657218302,COMPLETE
205,8738106.388624417,2026-05-07 03:35:56.570130,2026-05-07 03:36:12.304829,0 days 00:00:15.734699,22.56305822498318,90.47039777739542,0.003958267615373571,0.00321747548727493,15.688475921772612,357.13135107268704,2124.8987788674985,458.40518084900845,0.34411388372534246,0.07882683681699032,0.8436687566740391,COMPLETE
206,1000000000.0,2026-05-07 03:36:12.306326,2026-05-07 03:36:19.524785,0 days 00:00:07.218459,20.574725384459683,85.78353933880555,0.0035965349205433423,0.005377804774579144,48.12825083692826,487.0896448790574,2455.9191914564453,488.6925551056735,0.43424298436951675,0.06552496187924083,0.979161995529934,COMPLETE
207,1412237.6525711329,2026-05-07 03:36:19.526298,2026-05-07 03:36:35.607332,0 days 00:00:16.081034,31.356594477019236,83.1657266313454,0.0011534789617542375,0.0063886631968219755,43.48658173914148,492.29567824153884,2870.4521392470974,463.8296996222028,0.25119292609912064,0.09068663732966153,1.182896529005951,COMPLETE
208,1204597.233007553,2026-05-07 03:36:35.608815,2026-05-07 03:36:51.189686,0 days 00:00:15.580871,30.209184607984767,97.97814841365138,0.003248018842974199,0.0034479748792959706,45.0045022372708,385.2518589706338,1960.3403410585686,485.3106406345149,0.4710524542874372,0.07867109736758648,0.8461470253474457,COMPLETE
209,1425456.2133095986,2026-05-07 03:36:51.191324,2026-05-07 03:37:06.634360,0 days 00:00:15.443036,31.81735108884552,88.20213886550516,0.00393856131855757,0.01155017070625966,48.15666863303283,331.3843734413132,1502.3888291363141,472.35423018344056,0.4263106685350021,0.08531001175965736,0.8011015700035116,COMPLETE
210,1444960.5733116164,2026-05-07 03:37:06.635869,2026-05-07 03:37:22.291328,0 days 00:00:15.655459,25.074380128775474,96.16087701070597,0.0016138248321175628,0.010163056572763118,39.28725965978913,320.54677154345086,2150.0516331071212,488.03275308326266,0.3389454667028276,0.06892582320956481,1.0135126096445053,COMPLETE
211,1539786.5155513235,2026-05-07 03:37:22.293082,2026-05-07 03:37:37.773606,0 days 00:00:15.480524,5.772619249930147,88.36217313216572,0.002321306765022862,0.01204391711950616,27.98538774455806,645.5913042833208,2941.4248348405054,418.77944349747827,0.3211364586254838,0.03646307172336963,0.5385696515014106,COMPLETE
212,1000000000.0,2026-05-07 03:37:37.775164,2026-05-07 03:37:45.163810,0 days 00:00:07.388646,38.60955605274084,62.97122247955822,0.0025616629511845445,0.0027637542318213926,81.04297628314681,370.8633705888393,2593.6498383219787,426.3522751476559,0.4808444399677462,0.08324042706194107,0.8883561689743361,COMPLETE
213,1268294.0468054903,2026-05-07 03:37:45.165283,2026-05-07 03:38:00.753080,0 days 00:00:15.587797,12.774898427731985,91.53641403789683,0.003802905413914886,0.003079781312949168,38.81681653553017,434.70280934437983,2350.138412223274,368.86375793384445,0.3055654168535039,0.07217632740861009,0.7242994656926482,COMPLETE
214,1488900.3840875658,2026-05-07 03:38:00.753988,2026-05-07 03:38:16.403994,0 days 00:00:15.650006,5.803697549669913,76.9335926557045,0.004055025302088327,0.013319677657081894,20.04092777104701,574.7187215851766,2663.5721420815594,425.74985466225854,0.2102643629572494,0.08660493050791,0.5013347473916454,COMPLETE
215,1246149.4563736583,2026-05-07 03:38:16.405447,2026-05-07 03:38:32.002074,0 days 00:00:15.596627,31.359035125816295,73.71219084344668,0.005057127289920495,0.004648078396117358,57.24410870410979,333.99548547445465,2399.611406895188,483.5953060208716,0.3689996068338855,0.09696666828557264,1.0834575677355145,COMPLETE
216,1000000000.0,2026-05-07 03:38:32.003639,2026-05-07 03:38:39.501280,0 days 00:00:07.497641,29.689540968456114,74.52212123542569,0.0098396441847478,0.009054859780021336,66.46742551217099,401.2253602631246,2235.178301134004,494.4515450500962,0.4538993726850785,0.06735965268590557,0.6996805607150463,COMPLETE
217,1336223.957800671,2026-05-07 03:38:39.502783,2026-05-07 03:38:55.083334,0 days 00:00:15.580551,31.203615154365714,83.60891990121645,0.003219106234609915,0.00714671051828393,74.78545616876269,317.4878946369389,2987.7295633962717,464.75073364759277,0.3364771669321446,0.03786336825799215,1.10564290859398,COMPLETE
218,1379022.2343553137,2026-05-07 03:38:55.084802,2026-05-07 03:39:10.732552,0 days 00:00:15.647750,18.130958843622015,94.99107187976996,0.0031879769503875286,0.009433321665727018,38.07728369981014,337.1884711486425,2575.6897132956115,488.2947346740331,0.353902405168665,0.05256800495707848,0.7855106550030831,COMPLETE
219,1408642.4005072203,2026-05-07 03:39:10.734142,2026-05-07 03:39:26.205328,0 days 00:00:15.471186,10.448804578883673,94.91910927776499,0.003534516249907342,0.010058977512358635,29.442560910934304,401.22671977533173,2993.894137739327,445.29433500413154,0.33358527855616604,0.07760478745381216,0.5498972718866554,COMPLETE
220,1275385.7848818451,2026-05-07 03:39:26.206896,2026-05-07 03:39:45.199278,0 days 00:00:18.992382,24.43078066752426,90.94014775930158,0.0063254170944848885,0.0040114417015410676,17.246138952749135,460.2100047296611,2150.2556442628347,497.45794177331743,0.40964484458113515,0.05050793251064404,0.7535522771741515,COMPLETE
221,1352756.4500997,2026-05-07 03:39:45.200794,2026-05-07 03:40:01.703510,0 days 00:00:16.502716,16.829630183118432,75.88297572508945,0.005055258886317774,0.005424064797117937,22.937062926650242,316.8431542673247,2961.538588426998,370.0740226749627,0.3200956935309968,0.06321430957679064,0.5643903159101853,COMPLETE
222,1230522.1567797677,2026-05-07 03:40:01.705172,2026-05-07 03:40:17.295095,0 days 00:00:15.589923,35.53055170670869,97.36689391029338,0.0023081795942462994,0.0031459781115886183,19.25824673672431,472.33950932758745,2723.911573201808,371.29458605054594,0.3797779873500322,0.06298094791717355,0.8930919348390756,COMPLETE
223,1445719.342805334,2026-05-07 03:40:17.296534,2026-05-07 03:40:32.891008,0 days 00:00:15.594474,36.71477082809805,83.62495001685691,0.005970598323051755,0.017282029792679704,37.564270834782384,373.32510371375554,2418.350969504566,488.91448742402315,0.2952627957766346,0.09700283539108337,1.1070595786038129,COMPLETE
224,1562768.02572964,2026-05-07 03:40:32.892511,2026-05-07 03:40:51.508540,0 days 00:00:18.616029,46.66987476869024,98.91367958651426,0.0007274369537505617,0.008060192134196197,12.479924681048477,681.0160571146354,2914.5812893070197,344.9288224535229,0.46774385431954313,0.04992819737579389,1.1137066852210713,COMPLETE
225,1183101.0268285347,2026-05-07 03:40:51.510142,2026-05-07 03:41:07.114413,0 days 00:00:15.604271,24.55780834945372,96.46882038741819,0.005008794117124342,0.002736143665673328,19.13171689560968,327.3925300495894,2881.2469475490466,447.82831971739034,0.4733389840574967,0.06873376170490306,0.5216420144901744,COMPLETE
226,1276850.393277934,2026-05-07 03:41:07.116129,2026-05-07 03:41:22.631959,0 days 00:00:15.515830,21.354569354982168,55.744891911009915,0.006947227347785444,0.0035723941809384496,55.21922687629362,316.05406454810935,2187.9507371693253,309.60853884051704,0.4814060703295568,0.07522450181270852,0.6917963403147793,COMPLETE
227,1300397.4294052045,2026-05-07 03:41:22.633509,2026-05-07 03:41:38.225417,0 days 00:00:15.591908,21.127600266443178,86.99180784081705,0.005313268236697128,0.004266608518624118,71.11726297813445,496.26252717512557,2868.337960169474,479.6433000310567,0.4588665767478238,0.08142443001107284,0.8019757717434077,COMPLETE
228,1205641.1059511148,2026-05-07 03:41:38.226955,2026-05-07 03:41:53.902054,0 days 00:00:15.675099,19.96078836496735,73.31671565272259,0.006903683249240572,0.003676827668546553,14.545089540142019,308.4260604219641,2364.0061227974315,465.0863546033674,0.4680903454926739,0.06690493030991065,0.574593332647837,COMPLETE
229,1272588.9727261786,2026-05-07 03:41:53.903611,2026-05-07 03:42:12.507934,0 days 00:00:18.604323,42.8028022595285,87.87970142668566,0.0015332913900115656,0.003705511191274006,20.322544561126996,463.8125691740694,2314.5623222932118,322.00740888045937,0.4060294799052958,0.06488392501728023,0.8801860952736524,COMPLETE
230,1471360.0705992877,2026-05-07 03:42:12.509512,2026-05-07 03:42:38.035559,0 days 00:00:25.526047,24.093453256406193,87.8439237976311,0.007085351111653496,0.003174330973195757,22.643207352658692,901.5263984801834,2626.4220842005407,458.4240232884336,0.44336767782027214,0.06743304695682634,0.5776007254371375,COMPLETE
231,1171617.101587378,2026-05-07 03:42:38.037100,2026-05-07 03:42:53.964397,0 days 00:00:15.927297,28.105182226376705,60.32821629652275,0.009795061413526646,0.0023293977048471524,16.872815851043057,427.9224313001936,2456.954146448749,496.18224648143035,0.46208945475715607,0.04146696209806412,0.6165222083289627,COMPLETE
232,1312984.515046003,2026-05-07 03:42:53.965887,2026-05-07 03:43:10.061301,0 days 00:00:16.095414,23.32525253180127,63.07408737795659,0.005773511326847385,0.008703017140941294,15.382982956814672,305.89098683172733,2266.115792388974,468.43032667771274,0.38829206083945517,0.0595928938316679,0.5623217568083363,COMPLETE
233,1219077.9675962508,2026-05-07 03:43:10.062804,2026-05-07 03:43:26.156344,0 days 00:00:16.093540,21.0413447504527,97.86232093758692,0.001268758393774801,0.002936875908711376,19.56384296235984,467.3094407780829,2860.1814048954407,416.2664031837119,0.4129552158027077,0.06419569520828196,0.9087221947941316,COMPLETE
234,1592920.5709970223,2026-05-07 03:43:26.158000,2026-05-07 03:43:44.763236,0 days 00:00:18.605236,21.86325188403109,69.79058467195236,0.004024991107147056,0.011643448058609618,83.9810311789379,1267.4203412481163,1534.0435191279503,413.43071427102655,0.49774331028087654,0.07702967080208858,0.5996589914936867,COMPLETE
235,1251266.1557670338,2026-05-07 03:43:44.764999,2026-05-07 03:44:00.246372,0 days 00:00:15.481373,35.065628798941006,61.850192429689805,0.008182966916089721,0.0026517765406085837,13.971158833594972,611.1025029287357,2492.7837695955754,489.5640765618637,0.49109161685853425,0.06160999617263022,0.5699438927305431,COMPLETE
236,1000000000.0,2026-05-07 03:44:00.247843,2026-05-07 03:44:07.559738,0 days 00:00:07.311895,25.307435882760988,52.802769903789525,0.008407682837984612,0.005638050994450033,10.466142097553092,316.6127096661771,2270.1025604426613,455.2551746927613,0.4608776040532963,0.041670443312773225,0.6542575519449019,COMPLETE
237,1427715.1624487487,2026-05-07 03:44:07.561200,2026-05-07 03:44:23.254308,0 days 00:00:15.693108,24.982935450922703,85.28391882713632,0.0023371042133091373,0.005714895938833595,24.440596378872034,575.4466138978371,2933.1813961670323,465.9012962927683,0.44595947257031127,0.05418435845623516,1.0863564970901851,COMPLETE
238,1294803.714441893,2026-05-07 03:44:23.255949,2026-05-07 03:44:38.836186,0 days 00:00:15.580237,27.309647256785784,97.05126125276435,0.005047339203851272,0.004308547243779969,57.03766524175909,319.3856918414818,1867.6795687336603,312.7709818553295,0.3990247221211181,0.051260846930453914,0.645512670736676,COMPLETE
239,1452841.321691619,2026-05-07 03:44:38.837663,2026-05-07 03:44:55.680020,0 days 00:00:16.842357,35.17775870391869,83.71148560505256,0.0017816747679906381,0.008620515647046858,12.348547949085004,545.2409365864792,2793.1887611662564,494.4226003172719,0.33129590183210905,0.0763573512702063,0.9236740565347791,COMPLETE
240,1529292.68837291,2026-05-07 03:44:55.681536,2026-05-07 03:45:11.266311,0 days 00:00:15.584775,24.258526097210442,98.69694291473361,0.0025429619544316572,0.007760178310519512,24.856694791531098,513.2810573992901,1889.831736744514,478.5142351001861,0.48537553515436843,0.06350016930916456,0.7150268428466744,COMPLETE
241,1321915.5520630244,2026-05-07 03:45:11.267688,2026-05-07 03:45:26.872530,0 days 00:00:15.604842,20.58428965875705,83.92890263114563,0.009859465260875116,0.0031777187152490834,41.29547521817623,609.9297170477562,2348.718949218161,460.75358978378176,0.4865907175360237,0.07704507964937415,0.5913966259099865,COMPLETE
242,1274496.6551231,2026-05-07 03:45:26.874165,2026-05-07 03:45:42.500846,0 days 00:00:15.626681,30.364623296678513,94.18522084503809,0.00252542088404259,0.005888387974458759,30.549545608217556,311.11999729650114,2452.5631154023636,454.3566886731576,0.4056111455359853,0.0810806819322427,1.0590145887499585,COMPLETE
243,1000000000.0,2026-05-07 03:45:42.502420,2026-05-07 03:45:56.501662,0 days 00:00:13.999242,32.996391343924344,94.57137393669142,0.002149902106835553,0.002914490485951803,34.456919628991514,1231.7918420957944,2891.8085510945066,422.76829027951464,0.4919872963918064,0.09355264125230905,0.7241010972227269,COMPLETE
244,1240547.856274763,2026-05-07 03:45:56.503204,2026-05-07 03:46:12.916080,0 days 00:00:16.412876,28.217233459482618,96.65398853565127,0.00485953785054988,0.00223010403056135,12.414546979832956,512.9756902484754,2863.7536234041736,417.47862857087654,0.4224842618957116,0.03347582589708696,0.5088535747073417,COMPLETE
245,1781004.9854251929,2026-05-07 03:46:12.917525,2026-05-07 03:46:28.499831,0 days 00:00:15.582306,26.1892721057496,70.64880773893552,0.005896133163616,0.009767743643985576,76.11465279447651,684.2041276975797,1786.0419634213342,379.3324816046652,0.4242696835401644,0.07838999768257532,0.5728525619472911,COMPLETE
246,1199202.3078807725,2026-05-07 03:46:28.501402,2026-05-07 03:46:45.011360,0 days 00:00:16.509958,33.749566497450914,91.53020972875584,0.0015581380098488515,0.002805551883303178,13.376440468386116,443.98639362092297,2512.571989961417,404.98854637749866,0.4381597896992093,0.06222562023756792,0.8597624621538206,COMPLETE
247,1631233.7018092715,2026-05-07 03:46:45.013038,2026-05-07 03:47:00.607302,0 days 00:00:15.594264,22.88418554389948,97.16578343350557,0.000748655496881377,0.015007983155840832,11.225123021960949,765.133713402461,2429.247683703077,358.8269232852783,0.4061416493331773,0.06746130220975308,0.9244886240759638,COMPLETE
248,1594080.145354737,2026-05-07 03:47:00.608881,2026-05-07 03:47:16.262210,0 days 00:00:15.653329,32.22684866788279,92.7320405068507,0.004237345352087381,0.009440668219881388,27.976219724534616,773.2476259596883,2475.1175199609434,247.20867369321508,0.29602958953226743,0.07637008930045618,0.8153612500910404,COMPLETE
249,1000000000.0,2026-05-07 03:47:16.263880,2026-05-07 03:47:24.754751,0 days 00:00:08.490871,25.655207909458422,72.3828161467006,0.009188811746577315,0.008392011706982104,30.955191694140737,441.9471192351374,2276.6855294191305,490.2113803977739,0.3899856549414306,0.025226375058953584,0.5058348236098291,COMPLETE
250,1314308.3340971249,2026-05-07 03:47:24.756337,2026-05-07 03:47:43.357291,0 days 00:00:18.600954,32.04000507770732,87.32265738466778,0.004840877376270948,0.005456824645100718,14.538803349340036,348.7114315935454,2295.3167071896287,469.31628619607375,0.45341891695741154,0.07315476334450875,0.5326364590436422,COMPLETE
251,1223832.2147276672,2026-05-07 03:47:43.358846,2026-05-07 03:47:58.917467,0 days 00:00:15.558621,18.205821647302624,96.3014209120383,0.004260734284970385,0.0034716097500825565,26.599122276469917,320.6216820380894,2103.271804676191,480.01310478066944,0.47969870689836624,0.04446983516902109,0.521257861078962,COMPLETE
252,1344158.6476285488,2026-05-07 03:47:58.919017,2026-05-07 03:48:14.928657,0 days 00:00:16.009640,21.69569419515319,91.20279378483666,0.005061282681091481,0.0066027534351463,22.09037036918275,306.4643995808661,2143.5957558668188,445.71320905322295,0.4894595262313636,0.0390474009588052,0.5978405692231783,COMPLETE
253,1195991.1464093514,2026-05-07 03:48:14.930287,2026-05-07 03:48:30.622783,0 days 00:00:15.692496,23.20870019612984,89.69289171597094,0.002873167175136561,0.0021096946219800487,11.99779241038477,604.7082390246801,2728.8169916677844,445.2819535496316,0.4855282717287346,0.05323309006188293,0.9361888164438894,COMPLETE
254,1374362.666160534,2026-05-07 03:48:30.624331,2026-05-07 03:48:46.309313,0 days 00:00:15.684982,16.482469299283867,99.37999466324064,0.002623107124521639,0.003508503519633879,41.31175950594463,542.4367826065128,1931.8433952030102,407.8545915468512,0.40808320466925757,0.03354277135905121,0.5459910435662144,COMPLETE
255,1000000000.0,2026-05-07 03:48:46.310960,2026-05-07 03:48:53.776168,0 days 00:00:07.465208,29.751906783873224,86.22199551168872,0.006454775652323321,0.017621839252480054,20.64159402842218,423.88768361558056,2869.6625263450874,446.00098567433605,0.49552760481233565,0.06594384197071322,0.5145413215415373,COMPLETE
256,1560193.8772624799,2026-05-07 03:48:53.777784,2026-05-07 03:49:09.587420,0 days 00:00:15.809636,31.82676580316373,99.81326132717507,0.0004526190646918452,0.008736577707537945,12.337987289432203,530.2892198898464,2895.594585324255,373.36995739761187,0.3480415816951322,0.06305350824002752,1.0685908255581542,COMPLETE
257,1286272.5636205259,2026-05-07 03:49:09.589043,2026-05-07 03:49:25.134336,0 days 00:00:15.545293,26.48459106390024,91.16743397968229,0.005375988786769356,0.004757389858134646,15.391672599471278,432.9089614489371,2842.417478905832,457.7469137199051,0.43319079970759183,0.05983914179317111,0.9036746934237139,COMPLETE
258,1148639.0285833634,2026-05-07 03:49:25.135913,2026-05-07 03:49:40.830270,0 days 00:00:15.694357,25.188299532579443,85.38446093948262,0.009899904845856969,0.0022876430587525716,64.8507462446682,379.6319604818347,1345.3860855144092,481.3705859213623,0.3533193307428476,0.07742225726049135,0.9327357501039034,COMPLETE
259,1574419.7845803045,2026-05-07 03:49:40.831748,2026-05-07 03:49:56.533499,0 days 00:00:15.701751,30.4974844993216,95.86290168929791,0.0025139031166425034,0.011980695296011036,57.22112611342992,509.29208219807964,1802.740489771815,427.57265745316965,0.4916805335515358,0.07835031401719296,0.852355031776475,COMPLETE
260,1318907.1276978902,2026-05-07 03:49:56.534986,2026-05-07 03:50:12.189323,0 days 00:00:15.654337,32.5647151107315,96.61142761841788,0.0015196059733312878,0.0037306432923239884,14.260764355655445,628.02089810388,2626.549421500122,417.95825240904713,0.4876478745038139,0.06966602626472897,0.8469627053659071,COMPLETE
261,1625381.3612644842,2026-05-07 03:50:12.190963,2026-05-07 03:50:27.751246,0 days 00:00:15.560283,29.733510091103042,79.64158768263187,0.004107469705220447,0.010688388880524622,18.407018099545166,475.86828758033107,2054.1979787022287,382.4219191457767,0.4770642684494665,0.029409072828109506,1.0599714138481544,COMPLETE
262,1547696.566166327,2026-05-07 03:50:27.752856,2026-05-07 03:50:44.264802,0 days 00:00:16.511946,11.562130788767908,84.75336409075149,0.0015167769022354275,0.010858921852892655,29.103679620413995,395.84387526906863,2924.59805953822,407.78705920902866,0.4153772853760256,0.044061513611882784,0.8272194329159676,COMPLETE
263,1000000000.0,2026-05-07 03:50:44.266287,2026-05-07 03:50:51.564001,0 days 00:00:07.297714,27.65781201215193,95.29830948372833,0.009933687303139425,0.004586435664321623,90.48430125721764,358.4076952201313,1368.422187842219,432.01239863722145,0.4052731428960584,0.08943524623030441,0.8394441783443127,COMPLETE
264,1000000000.0,2026-05-07 03:50:51.565758,2026-05-07 03:50:58.943093,0 days 00:00:07.377335,28.995400071369943,79.39906852335622,0.009809837134597155,0.018394388530530815,75.03340797657921,406.23789418606725,1535.9371616517903,431.2780985114997,0.2159969083439826,0.05621533004092896,0.9984681766283043,COMPLETE
265,10138844.121474495,2026-05-07 03:50:58.944705,2026-05-07 03:51:14.486431,0 days 00:00:15.541726,19.333964352137762,27.42599796499186,0.0017035147386654619,0.006784508351509705,91.1738464052366,1487.5785320281475,2322.874039916874,103.18997294099873,0.12424185083700132,0.09723794281732687,0.7192179300867134,COMPLETE
266,1567001.3470087945,2026-05-07 03:51:14.488043,2026-05-07 03:51:31.145386,0 days 00:00:16.657343,23.33913985478635,91.46138753801543,0.007492235275255902,0.009845126523916958,60.97207048819162,388.28147468491085,1162.9913826480952,483.7237986484597,0.36802383059018023,0.09868779675069636,0.9600463737542209,COMPLETE
267,1366173.2847084408,2026-05-07 03:51:31.147076,2026-05-07 03:51:47.191037,0 days 00:00:16.043961,28.129553192011052,94.19783985072536,0.00419524062829499,0.004382251819658372,42.7346055988178,528.6401874036268,2658.005897150628,499.04706088466656,0.460554317666906,0.06530103307216822,0.5532377436938061,COMPLETE
268,1600417.5120998207,2026-05-07 03:51:47.192638,2026-05-07 03:52:03.652395,0 days 00:00:16.459757,23.58812723845355,83.97342513779917,0.008363262260824442,0.0042707490316737495,60.88381782307478,1003.3367888817938,1084.8744421208273,442.32748864429715,0.40735096342553234,0.05941448512274904,1.1288455071399541,COMPLETE
269,1421883.5099475312,2026-05-07 03:52:03.654028,2026-05-07 03:52:19.275521,0 days 00:00:15.621493,14.597289482032142,65.61107749417359,0.004397658849156345,0.0067481637046359014,117.49538377406444,318.5528557858046,2441.558301468941,414.50820476996444,0.2917055566876549,0.07693475582727036,1.1355211734786737,COMPLETE
270,1130766.3348177813,2026-05-07 03:52:19.277136,2026-05-07 03:52:35.051420,0 days 00:00:15.774284,17.66331456333363,80.61649620822467,0.0006240195114515699,0.0024198935245365364,17.47556827332685,309.20755178945785,2818.4668660306684,450.8704103616956,0.3717341743672789,0.09235861239214349,0.9220436187297915,COMPLETE
