number,value,datetime_start,datetime_complete,duration,params_adaptive_alpha_pos,params_adaptive_lambda,params_i_clamp_ori,params_i_clamp_pos,params_i_gain_ori,params_i_gain_pos,params_k_pos_max,params_k_pos_min,params_m_pos_max,params_m_pos_min,params_zeta_pos,state
271,1416626.6490376461,2026-05-07 03:52:35.053092,2026-05-07 03:52:50.655371,0 days 00:00:15.602279,17.23321074008895,91.82001688730193,0.007800715344177797,0.01326221617470338,68.95926653000033,307.9660458593835,1765.943799474179,485.6180809703312,0.3888897891075059,0.0609688066812306,0.7869757339177417,COMPLETE
272,1348690.1277472952,2026-05-07 03:52:50.656908,2026-05-07 03:53:06.456317,0 days 00:00:15.799409,37.78440438467454,69.544294638444,0.002608954806485429,0.006964795182308886,48.07971834655408,427.7302559164783,2970.291870748297,397.66446989184635,0.39515289080949545,0.09099422471415242,0.679669113700166,COMPLETE
273,1153604.3068067336,2026-05-07 03:53:06.457781,2026-05-07 03:53:25.098393,0 days 00:00:18.640612,28.770323566515255,94.65950820249407,0.009243148744754305,0.0020016882238154073,62.68579552433801,382.5061747728339,1684.499132976527,442.8271765567172,0.2901276977940963,0.056847422603023126,1.0349873801791767,COMPLETE
274,1509661.6021231182,2026-05-07 03:53:25.100026,2026-05-07 03:53:43.928997,0 days 00:00:18.828971,24.71693415585037,92.95645744133842,0.0070747207198901116,0.00716951373395382,48.41477071076717,408.8226797331638,1198.5201623919888,442.42817222804007,0.23701109453468905,0.06301666396613123,0.9108449856405876,COMPLETE
275,1442876.1811666256,2026-05-07 03:53:43.930668,2026-05-07 03:54:02.523785,0 days 00:00:18.593117,13.827862352728246,88.60790940462171,0.004267019281154322,0.006288640067988108,13.548035356195669,401.05680678446254,2170.4187203955253,456.9138381861894,0.43888806384775036,0.06443236024261942,0.5406169301851612,COMPLETE
276,1469153.6456578602,2026-05-07 03:54:02.525263,2026-05-07 03:54:18.684217,0 days 00:00:16.158954,30.039412087225813,96.85160351667143,0.009569291402342877,0.0027364621737174964,51.32278375157444,582.0803515330123,1575.6782479971741,482.84200939731204,0.31927256423304645,0.049988633799321794,0.9320598834541096,COMPLETE
277,1272085.4512999991,2026-05-07 03:54:18.685682,2026-05-07 03:54:34.295226,0 days 00:00:15.609544,31.26461639499828,66.39198570383469,0.00833963452244755,0.003961864928516154,99.95585050139528,386.71438028250367,1619.0800314037888,381.4630390777523,0.35115255205074836,0.04449877166635048,1.0578859425773621,COMPLETE
278,1744283.3673179708,2026-05-07 03:54:34.296802,2026-05-07 03:54:49.741876,0 days 00:00:15.445074,17.0531193813525,91.33574089758905,0.0025503386316857854,0.013476054375369138,81.81713106706236,461.50042726343423,2710.0108101615865,485.84026680008486,0.35687229791685743,0.09175044319351609,1.0292672599793362,COMPLETE
279,1341569.8996779197,2026-05-07 03:54:49.743516,2026-05-07 03:55:05.315365,0 days 00:00:15.571849,20.8049639678865,70.45317173132896,0.009960286541647332,0.003786644737908253,29.468950817954806,566.3235825408686,1457.5658777882302,465.56242616229724,0.37438133004496016,0.07531732097082433,1.0982738525158937,COMPLETE
280,1380000.4705055698,2026-05-07 03:55:05.316962,2026-05-07 03:55:21.720592,0 days 00:00:16.403630,12.73003785073604,58.86992848409463,0.0028727986436664693,0.005756552717375242,22.46141543311394,391.40286927859955,2749.712921830352,405.70188076071133,0.3758852746085386,0.09564029761662501,0.9689158563795751,COMPLETE
281,7740274.930916359,2026-05-07 03:55:21.722182,2026-05-07 03:55:37.318462,0 days 00:00:15.596280,16.87450325326649,69.66600934099267,0.001467584188746371,0.006978616226275923,38.36702415521664,516.0908995605598,2696.953706727875,355.49741581099335,0.36966880249915246,0.06712176148880772,0.8991228270978778,COMPLETE
282,1654976.912911952,2026-05-07 03:55:37.320051,2026-05-07 03:55:52.809243,0 days 00:00:15.489192,29.50634498265841,81.72306615010487,0.00955283194134473,0.011800124265485391,66.273097763189,634.6868883148157,1797.012732870171,382.1660038415843,0.37625188568491597,0.07361652240590214,0.9531111292420993,COMPLETE
283,11239720.35293863,2026-05-07 03:55:52.810860,2026-05-07 03:56:08.406035,0 days 00:00:15.595175,26.96288666826739,89.65405225361684,0.0030373651910382002,0.0035271773731561894,51.58997797070743,646.8388949400965,2815.6566925466022,419.21741282918754,0.34879274941189015,0.07820417188640671,0.8634874931148152,COMPLETE
284,1392346.5008566543,2026-05-07 03:56:08.406699,2026-05-07 03:56:24.019198,0 days 00:00:15.612499,20.481302682729883,86.54257368783941,0.002114622483833648,0.008120331243715775,16.0821605942161,347.135126087743,2527.6796750440053,472.8824801531351,0.4970638023192499,0.035931542103241995,0.9966352392081657,COMPLETE
285,1480645.2909331839,2026-05-07 03:56:24.020778,2026-05-07 03:56:39.709848,0 days 00:00:15.689070,29.1382281880123,90.78460804353669,0.00801766784462242,0.007320234228688553,40.68130829584631,355.89794359225647,2146.6419083753535,322.9472511522225,0.191957908892525,0.06274884819833207,1.0939523204199675,COMPLETE
286,1142945.7325423413,2026-05-07 03:56:39.711407,2026-05-07 03:56:56.448935,0 days 00:00:16.737528,24.480788531844397,84.89783929221969,0.005920476582520645,0.0022341352698883998,20.386293490532797,376.1579831848831,2929.640168571728,457.1478015898997,0.47831912737878335,0.07034001489007366,0.6674445385904507,COMPLETE
287,1303314.8266307295,2026-05-07 03:56:56.450395,2026-05-07 03:57:11.953444,0 days 00:00:15.503049,28.33103825618704,92.3133099420003,0.0033259803862664855,0.0023122291692278278,11.601786723940263,872.4769350380819,2340.9317220704793,475.9512132090666,0.2868425182815365,0.04040292724643667,0.939245929118142,COMPLETE
288,7493821.167200264,2026-05-07 03:57:11.955066,2026-05-07 03:57:28.102964,0 days 00:00:16.147898,25.529330737038553,47.5518652537711,0.0012571909216352532,0.002633989586527637,43.51688886136397,354.40137984067223,2358.9340519479056,406.4145128112351,0.4964112414601106,0.07455852310849141,0.6913784115425298,COMPLETE
289,1275065.7765202555,2026-05-07 03:57:28.104524,2026-05-07 03:57:44.204923,0 days 00:00:16.100399,12.532507064993599,80.07445415548612,0.002596045020578132,0.004526100193065667,10.955411679232082,314.86237334593875,2395.22278735913,382.2482400575867,0.3284912950007377,0.056883121748696835,1.013945041630083,COMPLETE
290,1413602.047171538,2026-05-07 03:57:44.206528,2026-05-07 03:58:02.824176,0 days 00:00:18.617648,30.21962611440685,49.043784090331066,0.008979041132189815,0.006527416808134685,85.91555988859089,425.4160228054874,1499.6653360618732,474.25406139733315,0.3679815217258501,0.07968052773443741,0.9544369056455106,COMPLETE
291,1211123.6573327703,2026-05-07 03:58:02.825819,2026-05-07 03:58:18.721061,0 days 00:00:15.895242,27.794377518775434,95.82606559801376,0.0025145555604184893,0.004675895845893482,13.41209882486277,319.65543473890034,2782.712316667621,467.47358338688673,0.4714637235158256,0.056557174972954996,0.8896488789445902,COMPLETE
292,1608506.7376973166,2026-05-07 03:58:18.722549,2026-05-07 03:58:34.386450,0 days 00:00:15.663901,28.48597349733668,94.72366478117621,0.0031038411846998457,0.011051325810566962,19.467700108720752,1010.9954639323623,2464.9972976759095,432.1419599493594,0.4991466988849786,0.04831596391973357,0.8965618480179678,COMPLETE
293,1476662.588950061,2026-05-07 03:58:34.388058,2026-05-07 03:58:53.234410,0 days 00:00:18.846352,25.937509837526342,46.99408153740262,0.00842338069998172,0.0306011488734176,10.326409094753352,1838.1938488768144,1719.6958502824325,374.1364580016995,0.14605419225861865,0.0026841245397131036,0.590851093945103,COMPLETE
294,1553996.3226295821,2026-05-07 03:58:53.236061,2026-05-07 03:59:12.959898,0 days 00:00:19.723837,16.407673159115575,83.34728278764277,0.0004981720734139302,0.011029646404621766,30.232438742230887,350.4870632303351,2904.80243635377,459.41970566818173,0.45363521025317394,0.09306256644599707,1.187549479806128,COMPLETE
295,1142429.265503398,2026-05-07 03:59:12.961551,2026-05-07 03:59:28.586066,0 days 00:00:15.624515,14.637760309415832,68.65226078096256,0.0038357440087470667,0.0020108795398340795,24.346983738554428,355.1196413698895,1639.2841362207225,422.39096624082345,0.3045506084002265,0.03153439925342428,0.7911939395811335,COMPLETE
296,1000000000.0,2026-05-07 03:59:28.587294,2026-05-07 03:59:35.981806,0 days 00:00:07.394512,33.08450780955662,88.17416840871667,0.00839189719831395,0.0065464222403653766,54.544125000408734,495.5166862717174,1832.2311274918604,487.8088004652803,0.31254241215901013,0.09117247371951315,1.011102586336299,COMPLETE
297,1308492.8374450463,2026-05-07 03:59:35.983373,2026-05-07 04:00:01.514100,0 days 00:00:25.530727,18.9027203326179,63.90308771835649,0.005917128209319084,0.0032194620418832527,51.895906052860155,410.64440246153197,1702.3588705902632,306.4382011301502,0.32579126791290564,0.019124149394977783,0.6988039986472102,COMPLETE
298,1454459.2508571043,2026-05-07 04:00:01.515614,2026-05-07 04:00:17.153239,0 days 00:00:15.637625,6.4053432564340484,62.29944136459773,0.005367154242255936,0.00773885310644471,27.797990341605804,318.62265384212196,1917.1654620963752,448.44156571463657,0.30911061119621,0.04086035030591961,0.7614706355331796,COMPLETE
299,1000000000.0,2026-05-07 04:00:17.154713,2026-05-07 04:00:24.803377,0 days 00:00:07.648664,39.77996734789899,95.65164034589239,0.0021892058511087,0.01144157699377054,14.137199100681816,374.07522613541704,2585.312193988694,495.7338114266726,0.435107460729686,0.03573572047542041,0.8904948655299211,COMPLETE
300,1540241.584192356,2026-05-07 04:00:24.804898,2026-05-07 04:00:41.343311,0 days 00:00:16.538413,24.59825720686372,70.65131033653402,0.0033292631258190404,0.007576516238406323,26.487086927884167,624.7062632383081,1729.2802373218763,378.67449268912094,0.2882550163972137,0.028603736617004903,0.6420807529777591,COMPLETE
301,1437009.881125922,2026-05-07 04:00:41.344722,2026-05-07 04:00:56.951810,0 days 00:00:15.607088,22.31784955978212,82.22440810054411,0.008583687520523027,0.004551636337709639,59.332595962982396,576.7147122595574,1834.698083384281,463.52975247301924,0.18505397907686255,0.023478257990671735,1.1838898039097459,COMPLETE
302,1162521.6000548382,2026-05-07 04:00:56.953458,2026-05-07 04:01:12.560802,0 days 00:00:15.607344,29.439062144412922,97.10100360725238,0.008491580318591797,0.00217337754515425,17.024685931935,404.98521231021306,2915.7716360594754,383.3007880736466,0.46181859252300544,0.05033812491744391,0.6630491491522563,COMPLETE
303,1697642.9472690688,2026-05-07 04:01:12.562263,2026-05-07 04:01:28.151416,0 days 00:00:15.589153,12.834346903310012,55.40048695596151,0.004686007169453609,0.0054592825477738985,42.2166860971939,894.3119205642324,1425.132858533342,353.4013730459719,0.3335464324940189,0.018408932457560236,0.8922732203332865,COMPLETE
304,1478695.3980866019,2026-05-07 04:01:28.153013,2026-05-07 04:01:44.747486,0 days 00:00:16.594473,31.66487449430431,48.671199389408876,0.009702686090192076,0.0077425532818052945,14.17195069063622,553.2231023882082,2702.7696038191693,432.5767358725986,0.47957159456342474,0.033095726730519213,0.579537916967678,COMPLETE
305,1395511.8293226534,2026-05-07 04:01:44.749142,2026-05-07 04:02:00.880041,0 days 00:00:16.130899,22.695724878165763,65.57408770127181,0.003352690284873838,0.006795607959858181,68.62691754779992,395.3620441750535,2691.1876590859288,492.41958978727587,0.33464920605331083,0.07482424325871295,1.1442130177633048,COMPLETE
306,1846815.732744486,2026-05-07 04:02:00.881686,2026-05-07 04:02:19.827372,0 days 00:00:18.945686,27.61831014142709,98.03323568812665,0.009813166496174936,0.020624635587753792,28.697906698797254,908.8731546089964,2524.9423557085993,312.74662857900745,0.4114376758777602,0.023399985346309743,0.7806734104702374,COMPLETE
307,1628239.164107655,2026-05-07 04:02:19.828847,2026-05-07 04:02:38.625247,0 days 00:00:18.796400,7.089658485542195,80.32663264070383,0.004134766115477763,0.010785760463624096,10.15807470988976,1080.8816675901192,1519.2483424759994,453.0938864254243,0.3307106258581809,0.025267323026376028,0.785333840889316,COMPLETE
308,1217012.8935955863,2026-05-07 04:02:38.626731,2026-05-07 04:02:54.274399,0 days 00:00:15.647668,31.637611071658764,88.78414184535862,0.00832003942502089,0.0035857605427671016,30.986797387967556,379.56444609103124,2621.326825493772,442.8767374806039,0.47633021494452626,0.02604126702789415,0.6391136218274538,COMPLETE
309,1508076.5383013582,2026-05-07 04:02:54.276040,2026-05-07 04:03:09.868293,0 days 00:00:15.592253,33.864173726648005,85.11581594462706,0.00962725668746051,0.011291542846535885,39.970675195446866,718.5389413819834,2868.2747141235595,444.8966321376242,0.37928978639658306,0.04265167097335705,0.6384424793794322,COMPLETE
310,1537417.3158543396,2026-05-07 04:03:09.870078,2026-05-07 04:03:28.689745,0 days 00:00:18.819667,19.764576840110383,87.70192560345129,0.009949066831298743,0.01060420172031631,19.79656253505692,997.8264540118407,2662.5663816144124,480.0072814605151,0.462933367421136,0.005910931546244655,0.6962782486908368,COMPLETE
311,1000000000.0,2026-05-07 04:03:28.691272,2026-05-07 04:03:35.966091,0 days 00:00:07.274819,17.638526706589076,85.57690238586113,0.009196967550037793,0.006200053876205671,34.28383228637041,316.9545983451257,2830.297308292007,296.95951417814297,0.4341930883514644,0.036986833640023704,0.633485393948202,COMPLETE
312,1332622.688381102,2026-05-07 04:03:35.966868,2026-05-07 04:03:52.059393,0 days 00:00:16.092525,10.749219717817647,45.69530794814544,0.0010541401717925948,0.0030506182647650295,33.688386859560964,556.0958735325889,1887.3194026829838,393.933034590162,0.28900487777123074,0.05372503562941013,0.74787344114902,COMPLETE
313,1589018.0071917723,2026-05-07 04:03:52.060971,2026-05-07 04:04:10.686398,0 days 00:00:18.625427,20.97861641617193,73.3856319999511,0.008991136847267364,0.008625102827220841,84.63238470847999,440.4126097592716,1144.1484015007943,481.453245822261,0.3870992675539227,0.0690227211657095,1.0410441703065199,COMPLETE
314,1625734.9532691096,2026-05-07 04:04:10.688072,2026-05-07 04:04:29.505692,0 days 00:00:18.817620,10.631638462273571,80.3508009597902,0.0022433782216480344,0.0068583224815608615,26.826977029964116,563.2970885421669,1944.1245523266493,360.0114805367584,0.3251909463653107,0.028962822713183317,0.7903161853426293,COMPLETE
315,1000000000.0,2026-05-07 04:04:29.507324,2026-05-07 04:04:36.897494,0 days 00:00:07.390170,9.784388549908842,99.5239660194692,0.006339750477975923,0.0078621961097247,15.546632407383502,318.18721981152106,2035.7710363348801,387.6924908511546,0.31432348753492945,0.038342290405778974,0.8025031673818882,COMPLETE
316,1217673.3508796853,2026-05-07 04:04:36.899096,2026-05-07 04:04:52.510206,0 days 00:00:15.611110,8.60726996912271,86.65314008963718,0.006351899629280377,0.0028421258280040707,13.222231992596988,334.9491617382127,2876.016118301361,454.1968194219097,0.4899899466526004,0.05591494456620223,0.5091245475390126,COMPLETE
317,1544680.6128173033,2026-05-07 04:04:52.511853,2026-05-07 04:05:08.115446,0 days 00:00:15.603593,28.78147518155011,85.66339746576536,0.0072067839909016815,0.005476007790425895,22.585409342517025,562.8506998022931,2086.4699188405775,404.26693758182984,0.45784641731731357,0.009727695999163965,0.7857945445690899,COMPLETE
318,1509058.3778615536,2026-05-07 04:05:08.117065,2026-05-07 04:05:24.316236,0 days 00:00:16.199171,15.31487121411109,87.03516349712969,0.0007163187858049858,0.012677961860229762,27.34438156607389,303.01384393445517,2566.7855235403836,422.13612588497415,0.306051492305942,0.09417297255135103,1.0344673966180327,COMPLETE
319,1575461.1687223108,2026-05-07 04:05:24.317819,2026-05-07 04:05:40.187942,0 days 00:00:15.870123,28.64138413036232,92.30754423622497,0.007732354461246451,0.009544454458712286,22.472333140897987,836.9941143429733,2797.0184859156416,329.1223176605783,0.48125697520453736,0.06989524387912004,0.8189708931476605,COMPLETE
320,1333250.2713181484,2026-05-07 04:05:40.189529,2026-05-07 04:05:56.097414,0 days 00:00:15.907885,35.41906630312102,99.48368080222076,0.007632290404695747,0.004877207736614935,12.488676524031241,526.1455839616175,2878.842735823143,443.9195991475707,0.45913863852507614,0.04327428091058562,0.6436312018007662,COMPLETE
321,1000000000.0,2026-05-07 04:05:56.099029,2026-05-07 04:06:03.313765,0 days 00:00:07.214736,18.572193331154107,74.66639802484049,0.00046616881697516795,0.008863157109047119,26.352877556835548,320.08436809353617,2987.672323900773,465.39249339056505,0.3363007138934123,0.09143741825618817,0.8899891600942179,COMPLETE
322,9907107.292708464,2026-05-07 04:06:03.315408,2026-05-07 04:06:18.934366,0 days 00:00:15.618958,25.006408665111394,63.916229978680875,0.008918124063785681,0.00815060024168848,23.80758111994,329.7925475381451,2470.6716882280366,466.22476825121254,0.3844757637538639,0.07527167307599629,0.7541748256152723,COMPLETE
323,1327825.3998603604,2026-05-07 04:06:18.935861,2026-05-07 04:06:34.648397,0 days 00:00:15.712536,25.96016787745783,95.06527310435915,0.00829066768319296,0.003150401774356459,65.29504309788283,593.5839771447354,2386.6647985332875,357.5076470381449,0.48671665783201834,0.02779720196853091,0.6662905345601584,COMPLETE
324,1480985.0640191766,2026-05-07 04:06:34.650035,2026-05-07 04:06:51.073361,0 days 00:00:16.423326,25.054197244620358,82.40516218664126,0.00826244071189397,0.004168298983684445,39.395578655169196,486.8631816105526,2632.2586264742786,395.93261729441696,0.4876502697875304,0.012432137300998394,0.5275353306614615,COMPLETE
325,1287145.8059774237,2026-05-07 04:06:51.074819,2026-05-07 04:07:06.867596,0 days 00:00:15.792777,34.74139248487629,68.63905060027268,0.008616320256399287,0.004961013000589646,44.124294009343316,459.23796340901436,2917.009314129129,491.398679668798,0.4558094170742033,0.021169404052355886,0.71428761067757,COMPLETE
326,1380741.430826124,2026-05-07 04:07:06.869177,2026-05-07 04:07:22.563174,0 days 00:00:15.693997,20.46051961600895,99.63452077491459,0.009816217045868086,0.0023928012657889494,53.82094581768558,389.68290951715966,1661.5599640573444,359.88719667807254,0.31889133637725203,0.08910257455603637,0.9049929899266417,COMPLETE
327,1525474.3567632674,2026-05-07 04:07:22.564644,2026-05-07 04:07:38.250472,0 days 00:00:15.685828,24.94473188391894,98.84170493918005,0.00833008349455495,0.010450729206703766,19.216046564185937,512.7684587787879,2856.3648460821523,337.2977333583483,0.40595481330455735,0.049985823424265566,0.5954254075042938,COMPLETE
328,1533463.6960535636,2026-05-07 04:07:38.251969,2026-05-07 04:07:54.291017,0 days 00:00:16.039048,15.827644856099443,67.00560449062318,0.002711362063329114,0.04281536722544288,38.4354740021115,1788.2088794319232,1914.8086891912087,330.1754407856029,0.14591000242867427,0.003321456390821882,0.8821075915947515,COMPLETE
329,1151690.1218755252,2026-05-07 04:07:54.292577,2026-05-07 04:08:10.906852,0 days 00:00:16.614275,31.80168852848109,70.2876879827088,0.0035360200075475736,0.002298392709021875,13.943648917143006,455.0972268027049,2842.258343200018,476.7985592894196,0.45232476545493766,0.03908259421904771,1.0042241267184324,COMPLETE
330,1629096.1664878805,2026-05-07 04:08:10.908289,2026-05-07 04:08:26.810446,0 days 00:00:15.902157,28.162504380943417,96.39688158371746,0.003430125990340815,0.008886437849609456,11.610392851253355,708.0537454796594,2766.6179349742224,369.31308723593946,0.49041561266465267,0.05982705211717684,0.9703421939351076,COMPLETE
331,1255783.3219910385,2026-05-07 04:08:26.812033,2026-05-07 04:08:42.404406,0 days 00:00:15.592373,31.686427777663052,90.05879657633918,0.008410176065466667,0.004058724453690602,35.75158922571046,322.28814379852895,2123.8733442230578,351.3159050224513,0.3531098388916638,0.03865092309219265,1.1969898839113948,COMPLETE
332,1375876.8827866118,2026-05-07 04:08:42.405901,2026-05-07 04:08:58.515310,0 days 00:00:16.109409,34.80103286244302,71.97226940893918,0.0046133064849344495,0.0049764513400238075,17.470655067081985,634.3526803437055,2758.908195104111,451.9891664552727,0.45209399963227487,0.018868354724688223,0.8956798374397898,COMPLETE
333,1518254.4610005338,2026-05-07 04:08:58.516911,2026-05-07 04:09:17.509383,0 days 00:00:18.992472,21.21463097992673,58.756767486944405,0.0030690030152101494,0.018255879743417726,18.3166195431154,336.9465689007764,1051.231853819812,426.4993117799,0.27241667329998287,0.03904219927720096,0.9232480997699137,COMPLETE
334,1280708.3058932333,2026-05-07 04:09:17.510363,2026-05-07 04:09:33.148431,0 days 00:00:15.638068,23.311740161977173,73.5808445510475,0.008916806137921725,0.005454414288261353,65.41646215523807,300.5345669561382,1630.905848252225,460.06634042432137,0.29415480523103354,0.06325487644593898,0.8673064500603802,COMPLETE
335,1182830.161673361,2026-05-07 04:09:33.150101,2026-05-07 04:09:48.954209,0 days 00:00:15.804108,37.34851166332387,68.04619679059515,0.0011432929692494704,0.002486514207936484,17.990216289973446,452.7986013731674,2703.3638062113628,351.31394168692105,0.4933738821925627,0.05823816297887018,1.0228512089688175,COMPLETE
336,1171742.8374743108,2026-05-07 04:09:48.955693,2026-05-07 04:10:04.671504,0 days 00:00:15.715811,26.43308798102489,75.77261210066912,0.0020072475572519622,0.0021547659422646347,28.439117550466122,380.2368163607265,2765.831313135882,275.21594987431257,0.487806341034558,0.05780128006226937,1.0137584101382073,COMPLETE
337,1402190.0413279494,2026-05-07 04:10:04.673307,2026-05-07 04:10:23.609209,0 days 00:00:18.935902,28.512889041963035,79.19198130230225,0.0005341682782755493,0.002894059038115629,38.89970694913273,867.4678892418832,2651.702009267402,244.08946488351975,0.40588749590238915,0.06042492104585117,1.064604494137015,COMPLETE
338,1672889.313001891,2026-05-07 04:10:23.610818,2026-05-07 04:10:39.322024,0 days 00:00:15.711206,18.36694277116828,60.838556973383426,0.00040514822268301,0.012344104408765388,47.617289816348006,339.4036058404205,2517.055787419429,241.03891259697718,0.4908504670507611,0.05403888731320799,0.9985856310083543,COMPLETE
