number,value,datetime_start,datetime_complete,duration,params_adaptive_alpha_pos,params_adaptive_lambda,params_i_clamp_ori,params_i_clamp_pos,params_i_gain_ori,params_i_gain_pos,params_k_pos_max,params_k_pos_min,params_m_pos_max,params_m_pos_min,params_zeta_pos,state
880,1194362.7698973566,2026-05-07 06:31:24.388199,2026-05-07 06:31:40.196315,0 days 00:00:15.808116,22.443602373837585,46.139204878001586,0.006847393873747397,0.0035979687367294413,108.17526693498495,361.3186593137976,2554.5187839603395,499.8506023459058,0.41286376539932396,0.020776501650438768,1.1687223053795037,COMPLETE
881,1479307.2686480263,2026-05-07 06:31:40.197833,2026-05-07 06:31:55.644810,0 days 00:00:15.446977,22.486265170533596,83.79893132162968,0.0027593177590072805,0.02991053827400438,36.593281115931134,1170.8872649888012,2962.0037793628794,499.59368724993965,0.17088618538560077,0.08769474352803205,0.8673813646757605,COMPLETE
882,1496382.869692072,2026-05-07 06:31:55.646430,2026-05-07 06:32:14.194101,0 days 00:00:18.547671,10.000149395675008,70.94693959994896,0.004245440705499153,0.007097468552725359,21.102064845137793,476.2117390192131,2806.134265923377,498.74320582037944,0.477688131376149,0.055848949188157006,0.7811236935676588,COMPLETE
883,1741320.8708318928,2026-05-07 06:32:14.195564,2026-05-07 06:32:29.801819,0 days 00:00:15.606255,27.7977824706782,97.0715639331572,0.009444965436135133,0.008987408317130378,58.32215429204089,712.0116971516368,1720.319418494839,343.03774378650576,0.37356257687847594,0.041830609615247705,1.085673746861918,COMPLETE
884,1505910.240405119,2026-05-07 06:32:29.803324,2026-05-07 06:32:45.378708,0 days 00:00:15.575384,49.30005752252454,28.24782607421993,0.0024633739157973577,0.04684936754451592,119.72943699617801,354.5337655036509,2053.4132956936646,173.17341695165828,0.20288102311441047,0.05730955086947785,0.5911300430529736,COMPLETE
885,1383583.5326710946,2026-05-07 06:32:45.380211,2026-05-07 06:33:01.384901,0 days 00:00:16.004690,27.25886272990956,77.9966516394589,0.005052698462821402,0.0069206340004882615,30.472661858125036,311.899873015907,1786.8323349552331,352.93909017767487,0.3263246557029526,0.03653154795043723,0.7833756021855286,COMPLETE
886,1217500.5419880624,2026-05-07 06:33:01.386498,2026-05-07 06:33:20.108902,0 days 00:00:18.722404,27.06513260561941,95.11053339600069,0.00900331760532125,0.002549050143959937,58.748765129610774,397.43636840119166,1879.0834362606759,385.6980299586515,0.27704248995426417,0.07188441383700377,1.1548286611422434,COMPLETE
887,1000000000.0,2026-05-07 06:33:20.110526,2026-05-07 06:33:27.294521,0 days 00:00:07.183995,48.51528344292666,82.66687750617945,0.005468111941302148,0.009362920938962387,17.875523333473108,385.02650883199,2534.09068025515,440.89737487414106,0.4266620229144019,0.03535577736428115,0.9062519262450641,COMPLETE
888,1416814.1456970929,2026-05-07 06:33:27.296215,2026-05-07 06:33:43.165378,0 days 00:00:15.869163,11.921661627625804,77.62120700190574,0.007074681379491101,0.004400017630865406,32.589639581941796,596.0693448224033,2757.357807396525,453.8516041774776,0.4491779060769919,0.05864678715989652,0.7028487760934116,COMPLETE
889,1607401.1279576647,2026-05-07 06:33:43.166954,2026-05-07 06:33:58.767744,0 days 00:00:15.600790,9.660311555766487,15.806835698722665,0.005164067344032552,0.015662290174072377,62.80909322056182,1987.7712514568923,2838.745665912042,229.42308335925605,0.23014076992221646,0.051800487877832195,0.9144810726228387,COMPLETE
890,1304613.989992353,2026-05-07 06:33:58.769227,2026-05-07 06:34:14.538962,0 days 00:00:15.769735,44.60802595702815,66.35843849985838,0.0026998961419660242,0.0030611483381012884,15.562948774535228,712.114428010911,2149.8458039137536,426.39519562682585,0.38955484536522794,0.08510494743434197,0.6861170261317618,COMPLETE
891,1338262.5274291418,2026-05-07 06:34:14.540472,2026-05-07 06:34:33.100110,0 days 00:00:18.559638,18.52216272351228,76.75204013209915,0.004163625291480601,0.005132841236729722,37.76470220122508,416.0865304215749,2452.4923691209774,443.2030140335932,0.49381279476677575,0.05535656726090441,0.7718490456701759,COMPLETE
892,1156080.9422582218,2026-05-07 06:34:33.101459,2026-05-07 06:34:51.849845,0 days 00:00:18.748386,32.90872446852649,55.738548054036144,0.007818555101728207,0.003109454716840045,100.52974354937368,333.78788996102634,2246.560678365004,492.6115724605965,0.4342705848935574,0.04097663490762122,1.0180499814921873,COMPLETE
893,1587925.6374797025,2026-05-07 06:34:51.851481,2026-05-07 06:35:07.329980,0 days 00:00:15.478499,20.070035339973884,53.431938567734036,0.008378542669712174,0.04824278598741444,68.70874397846235,1645.728601148874,1413.3991393583533,287.6742665824301,0.3576588951730867,0.09716888212102243,0.7859645611578611,COMPLETE
894,1290425.8393909403,2026-05-07 06:35:07.331638,2026-05-07 06:35:23.374933,0 days 00:00:16.043295,19.5039937523948,72.86436745636898,0.007132592127255064,0.005532633514434275,24.93121989584378,343.7157146811383,2155.431514938513,497.2703808604336,0.49220764392362176,0.051162980431723376,0.8108529330974646,COMPLETE
895,1329100.4805233632,2026-05-07 06:35:23.376558,2026-05-07 06:35:48.764195,0 days 00:00:25.387637,33.31815299843467,95.39084373044491,0.0035489588395239044,0.0036518103839989634,31.27485509418262,648.578670473097,2591.0997803952987,486.6664385813826,0.30404462793871584,0.0628026822699228,0.7344657916929533,COMPLETE
896,1397041.9343796691,2026-05-07 06:35:48.765671,2026-05-07 06:36:04.616577,0 days 00:00:15.850906,23.259404467967293,96.39984852137677,0.0006528825733777511,0.012881915974686083,39.62970731630912,336.7328390701252,2816.5478408918284,447.21423606850965,0.3365309769611676,0.07831147665245375,0.9106636612658736,COMPLETE
897,1316586.723964663,2026-05-07 06:36:04.618094,2026-05-07 06:36:20.507284,0 days 00:00:15.889190,26.53308374658196,75.10818048711153,0.009316588644334736,0.004032384965144777,65.91588717720497,453.31958888653577,1643.2891028275924,482.8588957973536,0.2867571955449467,0.06666755329460992,1.0404473277068325,COMPLETE
898,1492448.6894300063,2026-05-07 06:36:20.508860,2026-05-07 06:36:36.152749,0 days 00:00:15.643889,19.166979992369996,20.838220601060613,0.003870337153417971,0.02462916521322456,15.308801645482639,1613.217720245157,1721.0993271676693,168.34686879326938,0.10362459958827192,0.05656993139090766,0.7075714994637394,COMPLETE
899,1581074.328888834,2026-05-07 06:36:36.154252,2026-05-07 06:36:51.790400,0 days 00:00:15.636148,45.78000702663968,72.29103949515647,0.0013181276640999492,0.03483445096452552,97.78371857893534,476.38703723231345,2172.352080990583,206.23737884190302,0.22387105247940903,0.08337686819774125,1.1624456384183792,COMPLETE
900,1552027.4837715419,2026-05-07 06:36:51.791999,2026-05-07 06:37:10.367156,0 days 00:00:18.575157,30.27625098938281,93.86197851532421,0.005836503698233051,0.01043093099365283,81.15394205215037,1200.3581638828964,2503.7417072217577,206.93811492198407,0.2571238619726646,0.035359692230865554,1.155686192119096,COMPLETE
901,1203543.7121348763,2026-05-07 06:37:10.367823,2026-05-07 06:37:28.987705,0 days 00:00:18.619882,30.059800826773067,82.40414928061773,0.002118858238167141,0.0021463280163809954,14.088676394475222,627.410280742854,2536.308147109538,461.50603423521943,0.42504942217572783,0.08042859736551873,0.7506583261156645,COMPLETE
902,1641529.5552768777,2026-05-07 06:37:28.989300,2026-05-07 06:37:47.640977,0 days 00:00:18.651677,46.92418860948399,15.552155177934196,0.0037718768560005803,0.03270768699765228,46.97562217945017,1566.365265293453,1447.376287676581,343.0247072223078,0.21462969449986763,0.06906627502145052,1.1332518776986515,COMPLETE
903,1519356.6735605039,2026-05-07 06:37:47.642440,2026-05-07 06:38:03.279529,0 days 00:00:15.637089,28.411661888438054,52.580880691182735,0.006990454413848672,0.020506192324954615,84.3070652091519,1472.8264252786798,2151.459928332411,179.58608519196122,0.1040543909151386,0.02094950919248425,0.5212437754945146,COMPLETE
904,1485828.4861041647,2026-05-07 06:38:03.281190,2026-05-07 06:38:18.978823,0 days 00:00:15.697633,41.9225862864095,60.51628618145971,0.004019194705424278,0.04474319842591337,47.23718756631096,1398.7726326265142,1070.0457345100158,447.93019658675274,0.23986686644385696,0.04704416405884521,0.7555686396842202,COMPLETE
905,1000000000.0,2026-05-07 06:38:18.980449,2026-05-07 06:38:33.554814,0 days 00:00:14.574365,29.258198438702134,48.02756459442405,0.004722841329846227,0.019750410280090485,99.47525578857818,1240.6075559683106,1214.3453964835048,387.93142401071043,0.14809798753214087,0.0436785910197382,0.7564251993775073,COMPLETE
906,11663082.182692053,2026-05-07 06:38:33.556425,2026-05-07 06:38:49.105268,0 days 00:00:15.548843,42.91599839806521,35.563429058290254,0.005921500756059393,0.006714593715997478,97.02332357045321,1879.9283174455713,1327.5394461777637,266.280729137112,0.20923782245359784,0.08847115145869872,0.8217228355350872,COMPLETE
907,1276716.8389341042,2026-05-07 06:38:49.106825,2026-05-07 06:39:04.661287,0 days 00:00:15.554462,12.445735308805144,39.38765103450328,0.004858982108483147,0.003299917995646261,12.56731879860594,450.6138808030144,2266.932906703136,426.56939781995766,0.45310115084349367,0.07722056472611076,0.6857564584568202,COMPLETE
908,1529701.3881827202,2026-05-07 06:39:04.662919,2026-05-07 06:39:23.311669,0 days 00:00:18.648750,12.271396646918168,14.789741234724936,0.009262436205512339,0.0485167508442335,52.81602652883661,529.549648388111,2781.3511442677927,155.36299516686717,0.14211943008130307,0.06274547588925326,0.6873362324854881,COMPLETE
909,1375164.9398754907,2026-05-07 06:39:23.313290,2026-05-07 06:39:39.186253,0 days 00:00:15.872963,12.841999543967187,76.45816248832729,0.0027617688521844605,0.00609166781275702,44.70736872878893,317.1691068866916,2111.6701209994567,451.9806811450706,0.2682623230464184,0.014006171163479644,1.0583465671333576,COMPLETE
910,1872564.4462121697,2026-05-07 06:39:39.188057,2026-05-07 06:39:54.857679,0 days 00:00:15.669622,45.54548322793195,85.3570465680383,0.005984459915427089,0.008551292699640972,21.07412518170687,1565.1917425121305,2132.057781613176,278.049431817319,0.29703304838053735,0.025695027023259338,0.9766266517651986,COMPLETE
911,1368783.4808676727,2026-05-07 06:39:54.859195,2026-05-07 06:40:10.397326,0 days 00:00:15.538131,31.03286450631122,87.61291719521074,0.00994747343474464,0.0045181963538167185,62.42789664292209,457.6434460527917,1596.311580024992,423.40947270486225,0.2922983622031988,0.03928593470258959,1.0027827268911407,COMPLETE
912,9322209.259649772,2026-05-07 06:40:10.398016,2026-05-07 06:40:26.022810,0 days 00:00:15.624794,20.320725246352602,93.46904929454935,0.006711713534353989,0.010892014026894326,60.48798508512562,354.13651503217034,1192.2244466229408,423.5185254360951,0.3294649617242262,0.05439878122909413,0.6294397227091145,COMPLETE
913,1229536.9798128803,2026-05-07 06:40:26.024374,2026-05-07 06:40:44.688340,0 days 00:00:18.663966,38.15880896790206,93.1435277573185,0.007818861062177225,0.00395503971949839,50.9564252164617,367.70746960317365,1502.2554334307574,453.41638693144387,0.4455323974612466,0.07452511324166236,0.8543669823562778,COMPLETE
914,1808357.1999665077,2026-05-07 06:40:44.689221,2026-05-07 06:41:00.329397,0 days 00:00:15.640176,7.832403718458391,53.4312635736152,0.009897755535345856,0.04834028240197846,52.73078429956339,942.5230981032245,2183.048885007603,239.45433027842955,0.4262775805320176,0.039426440170414204,0.9592134208004658,COMPLETE
915,1000000000.0,2026-05-07 06:41:00.330896,2026-05-07 06:41:07.708358,0 days 00:00:07.377462,11.070590421342395,69.36330145160892,0.004553122695468295,0.005364516711158559,75.59374438099218,308.3538796630346,2890.8344327141963,466.0245332359783,0.291502271114329,0.005750372430510676,1.0808004028833251,COMPLETE
916,1000000000.0,2026-05-07 06:41:07.709929,2026-05-07 06:41:14.927291,0 days 00:00:07.217362,10.645993214873773,37.01728582791323,0.0019748433451350273,0.0027517878736130832,22.014721612880926,1302.4457817876118,1758.8494138756353,303.1923277751477,0.18624055359204994,0.07959770897403876,1.034447098077908,COMPLETE
917,1418670.885523434,2026-05-07 06:41:14.928837,2026-05-07 06:41:30.481586,0 days 00:00:15.552749,40.301028990024555,94.09297323403472,0.0039149360869249845,0.004355940343515418,32.494958661989365,865.8982576171452,2785.364048815779,482.89003040952747,0.46945786970096404,0.04741919636662699,1.037228595725392,COMPLETE
918,1701783.4473918143,2026-05-07 06:41:30.482397,2026-05-07 06:41:46.222213,0 days 00:00:15.739816,46.618102857971934,20.354062139631267,0.006655533307602371,0.04960868513428178,117.3563466687873,1871.7794652546681,1024.5424656159526,334.64287654569097,0.4651584363323798,0.08174735712093503,1.0656430840706168,COMPLETE
919,1412515.6167798648,2026-05-07 06:41:46.224070,2026-05-07 06:42:04.913068,0 days 00:00:18.688998,23.2429081303993,71.06746266837288,0.0033602293531640533,0.005410291658157646,11.600827323800281,531.7772454135583,2983.4017663267896,358.6302789096746,0.413320373997898,0.05187536088259671,1.065712970069954,COMPLETE
920,1318009.0083679166,2026-05-07 06:42:04.914588,2026-05-07 06:42:20.573841,0 days 00:00:15.659253,41.38279398569184,90.06286758077769,0.001991414066033104,0.006136399351968856,24.82937353086101,409.1909669842001,2888.6230214821753,353.37762540678955,0.4826838978636334,0.0024381307081924944,0.9358339285614174,COMPLETE
921,1560883.7129373034,2026-05-07 06:42:20.575460,2026-05-07 06:42:36.121080,0 days 00:00:15.545620,6.166593041583798,87.93384358924469,0.006104792984249482,0.04001767384404204,21.703229571651164,366.16107749836635,1309.0730122362565,281.49068546553764,0.2828773607074491,0.038127827929335764,0.5415778852774171,COMPLETE
922,1398101.7924828255,2026-05-07 06:42:36.122577,2026-05-07 06:42:51.763765,0 days 00:00:15.641188,7.983341082244211,67.47859848543992,0.00026168602023268403,0.0022412843643813555,62.30301268979332,1083.5054735853748,2087.373048556682,420.21651264255684,0.32522749203720625,0.02803187299397944,0.8208349811993044,COMPLETE
923,1437108.717185568,2026-05-07 06:42:51.765223,2026-05-07 06:43:07.483642,0 days 00:00:15.718419,30.44818657898209,64.18965086924662,0.0012948698176736047,0.01023978775503296,41.099079142467005,433.2764300483644,1437.571723832934,452.43953552833744,0.328899693546583,0.05265139362554796,0.7189673537099756,COMPLETE
924,1599587.7335829223,2026-05-07 06:43:07.485269,2026-05-07 06:43:26.105520,0 days 00:00:18.620251,14.511073580808752,68.52828770332044,0.0007053745957147099,0.005416096047424377,24.982882361389617,1054.6221875498939,1939.4528193616295,446.7083858165234,0.4215928962671604,0.018756629542016255,0.7334818255584341,COMPLETE
925,1583428.754964202,2026-05-07 06:43:26.107150,2026-05-07 06:43:41.745441,0 days 00:00:15.638291,13.176764370604147,28.859140609843386,0.00476288257907231,0.030406738788553843,23.282883219480645,1854.2773243297006,1136.0606048906986,104.36432304496071,0.19222359917688625,0.07976231183622662,1.003691651768512,COMPLETE
926,1000000000.0,2026-05-07 06:43:41.746991,2026-05-07 06:43:53.092727,0 days 00:00:11.345736,35.03349532443907,38.39181182689423,0.00029681790000541265,0.044102482617543515,99.97351992302895,858.456519963017,1023.8126684950009,402.4560401536305,0.25592043597987946,0.0753124276549206,0.5015036531222132,COMPLETE
927,1147238.552101081,2026-05-07 06:43:53.094316,2026-05-07 06:44:08.729069,0 days 00:00:15.634753,18.99537065700852,71.04545025331487,0.005949665400364363,0.0020169420682446147,29.151390847579336,398.51025659427256,1698.283852800928,462.2597305505919,0.3591721198654792,0.022807421057655233,0.6946353664545302,COMPLETE
928,1653606.263918456,2026-05-07 06:44:08.730676,2026-05-07 06:44:24.380592,0 days 00:00:15.649916,18.330051052534195,84.22058570063543,0.0015718553471635944,0.025667208876599498,116.12583013547643,1620.0297691536944,2129.6639551594412,462.26085701876946,0.4441976058177907,0.04904536041253492,0.9507209744339731,COMPLETE
929,1237992.4148376507,2026-05-07 06:44:24.382188,2026-05-07 06:44:39.996792,0 days 00:00:15.614604,26.480445432540673,53.94780682305368,0.003056239977400151,0.003774846301890087,45.85540798886761,382.2908427540777,2902.9486802147962,346.7563836513181,0.45856616676908946,0.027553759157157177,1.0742826571617072,COMPLETE
930,1000000000.0,2026-05-07 06:44:39.998409,2026-05-07 06:44:51.644529,0 days 00:00:11.646120,8.297992210153197,10.018675452706134,0.004880491762442525,0.024817438632099294,64.7896896155633,1961.0362633075565,2943.88949597167,282.7714812760108,0.34004249521971247,0.0369449233171827,0.5107012216445552,COMPLETE
931,1544493.7567448036,2026-05-07 06:44:51.645562,2026-05-07 06:45:08.149693,0 days 00:00:16.504131,22.523165194742482,75.17197880902452,0.009349315457709468,0.01753609592721069,64.66571840387911,1135.0165598864644,1086.913473846229,238.68530749769698,0.20871094266812723,0.08881530045887903,0.6753893631115584,COMPLETE
932,1329596.635104296,2026-05-07 06:45:08.151301,2026-05-07 06:45:26.806044,0 days 00:00:18.654743,19.47470286010731,70.46247596345043,0.007816209006922665,0.0038005123193149857,33.49578570888535,424.30575924832493,1695.1522676745758,448.89097138682814,0.3283860441005446,0.008587049129754902,0.5519921023902681,COMPLETE
933,1480297.7969345278,2026-05-07 06:45:26.807687,2026-05-07 06:45:42.367910,0 days 00:00:15.560223,39.62640347847017,57.53352425070862,0.003814323581060215,0.0022997890436042973,100.78048730063475,887.1258565679865,1700.4933911733706,362.6186741804757,0.376607380412856,0.02027628998670088,0.6924788260166082,COMPLETE
934,1236706.1980561598,2026-05-07 06:45:42.369542,2026-05-07 06:45:58.013661,0 days 00:00:15.644119,33.7528327751897,95.96751567458385,0.006706012354237354,0.004811044850148765,50.29109919257905,322.59701667185516,2938.891874982957,481.3064209282733,0.3007560570776444,0.06523380237865103,0.9765569929232054,COMPLETE
935,1250666.109257356,2026-05-07 06:45:58.015188,2026-05-07 06:46:18.473225,0 days 00:00:20.458037,26.446452416449592,52.17920326861936,0.00678443553007723,0.002227853402945125,87.83045443853595,800.5302636331812,2107.5380468162043,490.4745939657994,0.4473164234795634,0.03509284380817808,0.915196300961899,COMPLETE
936,1473965.1156778606,2026-05-07 06:46:18.474764,2026-05-07 06:46:34.723579,0 days 00:00:16.248815,6.228228048100187,79.24905378296772,0.006201197637381396,0.00866810342590476,11.189706918297745,346.6063469305077,1781.276669267727,442.95687692696606,0.3964228442335488,0.011749933593578706,0.6239759204165019,COMPLETE
937,1431663.8917918245,2026-05-07 06:46:34.725252,2026-05-07 06:46:50.317741,0 days 00:00:15.592489,12.661790257231804,91.74264793726576,0.0063773041828918435,0.014576813548967917,43.696795363329954,319.77947945459414,1554.3195218063463,474.66405268633406,0.43294938406339034,0.026153844537095794,0.6571918353909991,COMPLETE
938,1447236.2527166584,2026-05-07 06:46:50.319402,2026-05-07 06:47:06.890770,0 days 00:00:16.571368,25.785210315110703,14.347438125703327,0.006865085893192017,0.041460583790295005,112.15071258645119,1131.8474362658906,2964.476415100056,477.93816071280753,0.1658240360479241,0.011147543242857896,0.7016030020952857,COMPLETE
939,1000000000.0,2026-05-07 06:47:06.892461,2026-05-07 06:47:14.333766,0 days 00:00:07.441305,12.687178136040291,52.125939608964416,0.007791275090267084,0.035241041317636605,54.78104825668246,749.7628506658206,2651.4240431483117,337.521979390996,0.1974845310575853,0.007766082495823959,1.0305184525601252,COMPLETE
940,1500221.1338647113,2026-05-07 06:47:14.335269,2026-05-07 06:47:29.967383,0 days 00:00:15.632114,15.236096142103278,54.67384854486729,0.006648276857468095,0.006885243051677413,38.67330240263512,549.9942897675783,1995.6452417847854,492.4589848841342,0.3557783122703456,0.009468130261529609,0.7220623626141649,COMPLETE
941,1451237.3734796774,2026-05-07 06:47:29.969008,2026-05-07 06:47:45.681197,0 days 00:00:15.712189,45.672213092764636,64.1945282357727,0.0012943152169661693,0.007124294094513244,30.511618646420857,630.7490758567501,2908.210511658974,497.05602179024623,0.4328863133847375,0.01967001403966239,0.8650691870399816,COMPLETE
942,1726319.6791433264,2026-05-07 06:47:45.681870,2026-05-07 06:48:01.338392,0 days 00:00:15.656522,17.56670697032803,72.97723831402479,0.009657185311645404,0.012214934290250822,71.80351737022461,526.9518072691869,1754.7352086770966,499.36764630621275,0.40361888332805546,0.0792519305566957,1.1231085446816902,COMPLETE
943,1199482.7154203122,2026-05-07 06:48:01.340083,2026-05-07 06:48:16.972469,0 days 00:00:15.632386,28.785794309448725,92.3173088583462,0.006121019262418375,0.003129045121135787,43.52463517337247,361.4184634797962,1191.9304036034036,492.8466120957082,0.2660206535924245,0.05256957198586746,0.6524119358925693,COMPLETE
944,1157893.5462581147,2026-05-07 06:48:16.973996,2026-05-07 06:48:32.525031,0 days 00:00:15.551035,28.82151864966092,68.08964766365914,0.008322503812541349,0.002691410762650808,109.10069042735144,411.04044955007714,2789.2605504719972,484.2638033528853,0.414189683854578,0.03270498863839232,0.9791348316910387,COMPLETE
945,1210537.5639583175,2026-05-07 06:48:32.526592,2026-05-07 06:48:48.263468,0 days 00:00:15.736876,40.00941150518206,60.272694457854655,0.009111165335248087,0.004169287215735223,112.63572568738557,339.0543747671934,2432.5821527706,435.24964062286136,0.47795784746811576,0.07200175885300593,1.1741361999233695,COMPLETE
946,1593429.8715499386,2026-05-07 06:48:48.265022,2026-05-07 06:49:03.964764,0 days 00:00:15.699742,35.39039262423619,51.276355555574256,0.005533233162469476,0.025682884698900663,84.58194424594436,1769.4180716045669,1430.0654691251548,213.8299676820264,0.10307225414665794,0.052686359577336285,1.0779318281273773,COMPLETE
947,1587865.8247993246,2026-05-07 06:49:03.966380,2026-05-07 06:49:19.623376,0 days 00:00:15.656996,28.728739915313746,81.31717213954208,0.009788795077142514,0.029804122879418953,101.14748013879644,1132.0452695208132,1885.6160731787274,317.9631989323424,0.3781791304090205,0.08116335049708101,0.677891560137503,COMPLETE
