number,value,datetime_start,datetime_complete,duration,params_adaptive_alpha_pos,params_adaptive_lambda,params_i_clamp_ori,params_i_clamp_pos,params_i_gain_ori,params_i_gain_pos,params_k_pos_max,params_k_pos_min,params_m_pos_max,params_m_pos_min,params_zeta_pos,state
407,1824688.9360499773,2026-05-07 04:28:50.772645,2026-05-07 04:29:09.339055,0 days 00:00:18.566410,14.637612106202843,81.88508481447718,0.00189298760140757,0.010237870811978456,69.29026669704936,705.4325007502302,2897.32478191871,423.0078790313221,0.3487027416702909,0.026832498757569642,0.8692412975168845,COMPLETE
408,1404172.565814569,2026-05-07 04:29:09.339750,2026-05-07 04:29:25.063506,0 days 00:00:15.723756,20.510247821307598,58.23612344971015,0.0015990868255635535,0.007589216666504484,49.946075377441716,353.1786039555651,2772.1612244273424,423.4428303479053,0.3671631825425841,0.025480651307808626,1.03726222255884,COMPLETE
409,1179654.1469427922,2026-05-07 04:29:25.065110,2026-05-07 04:29:40.780429,0 days 00:00:15.715319,22.27787141399435,68.6846065224749,0.005234869392099715,0.0032292058591382325,77.16192741805312,377.8530838983165,2924.426687262067,466.3864726468065,0.4454745460318972,0.06605716150980635,1.0584162038704166,COMPLETE
410,1196381.0796739438,2026-05-07 04:29:40.781892,2026-05-07 04:29:56.592430,0 days 00:00:15.810538,31.74810436445783,74.67135220910154,0.002729013097143973,0.0020177590896780042,58.38907440825294,480.21671822442715,2341.124847786871,273.4592624759766,0.4755618186889015,0.04953005059695939,0.9796301081679608,COMPLETE
411,1549921.5290993187,2026-05-07 04:29:56.593970,2026-05-07 04:30:12.203170,0 days 00:00:15.609200,19.86363427263794,89.30441437584368,0.009393901926380352,0.009031058567709175,76.95542314703167,512.7915814073726,2085.7575229140575,472.03280365509056,0.1850517373529915,0.06305633490287188,1.128157302867836,COMPLETE
412,1512766.639654697,2026-05-07 04:30:12.204982,2026-05-07 04:30:27.842471,0 days 00:00:15.637489,20.894681034336823,81.4278222438615,0.008073047235835854,0.004813573266034526,81.54145841481613,854.4061806316345,2668.1763332084984,488.95573813465046,0.4019774265181972,0.08694444117862536,0.9941292326739066,COMPLETE
413,1000000000.0,2026-05-07 04:30:27.843966,2026-05-07 04:30:35.248120,0 days 00:00:07.404154,18.578246689933284,49.786285777874944,0.009626454502562661,0.010488081967807624,66.52230653873887,636.4788306987242,1758.3706803788054,134.6322719035861,0.19559706384212555,0.030394691540456643,0.804655323294793,COMPLETE
414,1179948.3814968283,2026-05-07 04:30:35.249712,2026-05-07 04:30:50.952820,0 days 00:00:15.703108,22.134403414624014,65.58104033880704,0.0033308147504210986,0.0029066080092764717,74.8611667339787,414.4351947373358,2910.096026391478,487.0072788002726,0.4428901325402601,0.06467495706955734,0.9455955762965429,COMPLETE
415,1268351.8977063247,2026-05-07 04:30:50.954445,2026-05-07 04:31:07.431439,0 days 00:00:16.476994,33.4050404730245,92.43227187037758,0.008912669601348115,0.005423273652973842,47.092950233566974,301.1918572977743,2902.6139390398753,342.19309890321415,0.4712161034338715,0.052722034401281814,0.64606764525295,COMPLETE
416,1000000000.0,2026-05-07 04:31:07.433059,2026-05-07 04:31:14.624529,0 days 00:00:07.191470,28.211794090117817,58.24136167651338,0.009881521594966173,0.00205838454206809,22.025659691465776,345.0260707486276,2338.5553454924957,408.2170092477962,0.38935616158834807,0.03349936872123979,0.6680906411083428,COMPLETE
417,1307239.905028449,2026-05-07 04:31:14.626035,2026-05-07 04:31:34.026020,0 days 00:00:19.399985,28.989470306296855,65.98221929702193,0.0014420164981822127,0.0064544257744503526,59.56832375085031,311.5788935930667,2679.0562663083238,420.2989792976797,0.32253989884845385,0.07717231723745335,0.8968347218793231,COMPLETE
418,1433181.5826169213,2026-05-07 04:31:34.027658,2026-05-07 04:31:49.591432,0 days 00:00:15.563774,26.87547402049875,41.156914538450074,0.004782653532454179,0.009348919611410298,93.40944905845635,328.0947560008025,2899.995664427626,456.33749531545556,0.45787856161681634,0.08274406994541421,1.1565788778650046,COMPLETE
419,1238257.6094207715,2026-05-07 04:31:49.593021,2026-05-07 04:32:05.205271,0 days 00:00:15.612250,22.351047820930194,45.78748070846473,0.005730232562366862,0.0044398455162210585,68.80793212585651,301.2598578168109,2848.7941575365103,358.85128594392074,0.3906510459982813,0.03355503729572067,0.9166885363249874,COMPLETE
420,1458506.5213972041,2026-05-07 04:32:05.206755,2026-05-07 04:32:20.922385,0 days 00:00:15.715630,16.814766226537007,96.04745763349676,0.001043404628380557,0.013600041363197111,69.11102350144381,321.50867699775324,2460.088591312433,428.36324925366466,0.2618361910039838,0.006691640907050851,0.9553864221323133,COMPLETE
421,1551913.802429351,2026-05-07 04:32:20.923933,2026-05-07 04:32:39.753077,0 days 00:00:18.829144,16.214730864151836,71.09253367054207,0.005111472250828704,0.008497894972930024,67.1463682246891,445.69754977652474,2581.5055355058257,407.28839950399197,0.4770587680388998,0.05714741520566631,1.0104218230668258,COMPLETE
422,8089956.341016394,2026-05-07 04:32:39.754687,2026-05-07 04:32:55.380470,0 days 00:00:15.625783,24.573008527576622,67.7327048429254,0.00292811661026671,0.002348081161142806,46.604536080002326,600.596628856435,2440.748673451261,466.7253465845638,0.3662308934698868,0.09199981528881074,0.8715501365926445,COMPLETE
423,1284473.7938123227,2026-05-07 04:32:55.382074,2026-05-07 04:33:14.284177,0 days 00:00:18.902103,7.411769678047223,93.74005370816035,0.002362706836302031,0.002629355548852746,25.624981889546063,470.9447964802428,2691.469341351986,339.8975533234304,0.2409956970719734,0.013341794956193259,1.152801234145539,COMPLETE
424,1300243.000954263,2026-05-07 04:33:14.285772,2026-05-07 04:33:29.809509,0 days 00:00:15.523737,12.417228066132854,93.77626920905217,0.005560525466369378,0.0037162490436646748,61.244537893481876,508.6309224725024,2344.8993870774284,469.09090666386896,0.3367726793082929,0.003434479577676123,1.0749309732637076,COMPLETE
425,1486142.7637105638,2026-05-07 04:33:29.810889,2026-05-07 04:33:48.780521,0 days 00:00:18.969632,10.304889421487921,77.32141156636128,0.0029255373221769086,0.00607476891755476,29.955078113332757,323.9974008333951,1353.2129420320143,296.2662238777358,0.2628524518543678,0.030076800214236372,0.9556158407763202,COMPLETE
426,1000000000.0,2026-05-07 04:33:48.781996,2026-05-07 04:33:56.083584,0 days 00:00:07.301588,19.377137663912194,55.62930894213928,0.005829816801806602,0.009105577077516521,113.8718125148458,420.96984189848683,2417.51338440057,498.5845684788989,0.45142888160906375,0.06081423019936043,1.024197143443225,COMPLETE
427,1471657.8510339246,2026-05-07 04:33:56.085101,2026-05-07 04:34:12.239971,0 days 00:00:16.154870,26.30751198905132,66.95321329234037,0.007512363699683404,0.004147317873286066,92.01335124185847,993.1355083789532,2993.5687973326167,454.81815653728245,0.48146690426322036,0.07720582827479418,1.1665955930381715,COMPLETE
428,1252603.7015228947,2026-05-07 04:34:12.241569,2026-05-07 04:34:27.877798,0 days 00:00:15.636229,22.84543167859997,77.10352527602288,0.001821669516781459,0.0036367504909119806,48.709895428218466,348.5414271873673,2373.7336827866434,345.8779886191684,0.31697289378061433,0.021901836408041976,1.1528641679397378,COMPLETE
429,1776418.3972935758,2026-05-07 04:34:27.879386,2026-05-07 04:34:43.475348,0 days 00:00:15.595962,10.948764142448278,95.09485511652035,0.006887010624709917,0.008955873258952037,76.4028441621864,660.5815548088783,2806.945490528218,467.23407762611623,0.4121319777642307,0.04901827058161197,1.1906714973781936,COMPLETE
430,1208964.9580754472,2026-05-07 04:34:43.476879,2026-05-07 04:34:59.888214,0 days 00:00:16.411335,12.795393483299497,58.2629318190089,0.004853050316259272,0.0033830955068359617,79.71735085461756,387.78360865364294,2505.831790330989,494.684351357474,0.417017840587173,0.06153361167865742,0.9698828292416469,COMPLETE
431,1101869.9555604411,2026-05-07 04:34:59.889856,2026-05-07 04:35:15.589009,0 days 00:00:15.699153,27.662346649279424,70.66274592438826,0.007976374953397258,0.0020405881965757425,110.56582057942663,310.7866324475187,2791.6506112458965,468.2271248656993,0.4674217026153977,0.03766503218451453,1.185034983858744,COMPLETE
432,1540165.494997653,2026-05-07 04:35:15.590466,2026-05-07 04:35:31.791058,0 days 00:00:16.200592,25.324550091842458,51.29562726107635,0.009643609577552462,0.007163134829083574,107.29015952293264,638.0334011987935,2620.8113843032947,472.87605077456624,0.4971389732657372,0.009588132727127344,1.1548439890081053,COMPLETE
433,1232756.27686335,2026-05-07 04:35:31.791675,2026-05-07 04:35:50.427276,0 days 00:00:18.635601,35.08208662274625,77.5803139886342,0.008608865664759248,0.0045537873745215484,94.13356948887932,356.24071954842674,2706.0327059082547,495.07727899489254,0.45976527855023047,0.03892083065414823,1.0810968397854106,COMPLETE
434,1257164.1142515035,2026-05-07 04:35:50.428530,2026-05-07 04:36:06.837140,0 days 00:00:16.408610,17.423854354306965,53.99913579799759,0.0007460885419277145,0.003599267192692276,28.30541528207269,378.0557947078309,2992.0816832639193,321.5490540677961,0.3975802469996868,0.048005168599913044,1.1072073417614605,COMPLETE
435,1128427.2264113745,2026-05-07 04:36:06.838594,2026-05-07 04:36:22.469851,0 days 00:00:15.631257,20.110927312187062,82.33205671926169,0.006402590779562155,0.0022334191013239865,94.060980745808,329.4948250321542,2366.044197082055,451.9204258920019,0.35926150197936474,0.036864108820328596,1.0277882178497881,COMPLETE
436,1384624.5093485243,2026-05-07 04:36:22.471308,2026-05-07 04:36:38.037684,0 days 00:00:15.566376,26.348470953702016,76.12728589414708,0.006330028693093671,0.006198253741609318,89.08413716332605,382.0301464491279,1954.0149971971846,386.17624655541505,0.4131838306385739,0.04134168596791096,0.9371101539916941,COMPLETE
437,1449480.5568796317,2026-05-07 04:36:38.039262,2026-05-07 04:36:54.357849,0 days 00:00:16.318587,20.201891518273364,74.07657483753002,0.00891952174915013,0.004237900826062994,107.36730278588138,804.6363946550825,2726.8731956932947,448.07402914573487,0.4290711404372858,0.040877083970058986,1.0734629609567958,COMPLETE
438,1516175.1369910971,2026-05-07 04:36:54.359491,2026-05-07 04:37:10.458869,0 days 00:00:16.099378,19.821161208535866,92.9830921641143,0.009855808295885383,0.01274222239534576,37.87057385746293,352.3436615409223,1693.3161285413773,492.43504569695335,0.24765159780574025,0.0635979052541641,1.0907336453121257,COMPLETE
439,8106457.264891991,2026-05-07 04:37:10.460476,2026-05-07 04:37:26.069453,0 days 00:00:15.608977,17.340900817044016,78.73204475263458,0.005227418218024911,0.031937631752277165,104.73201585943335,1207.7511849157431,2693.786388755781,378.2438307443031,0.24874182713298482,0.051012881260749904,1.1870929873743299,COMPLETE
440,1273247.1758151883,2026-05-07 04:37:26.070970,2026-05-07 04:37:51.524317,0 days 00:00:25.453347,19.804385187839895,64.92951971993422,0.005058949854422205,0.002977590120124416,96.31970087627064,553.0547074725871,2694.0678252777184,382.30423688360696,0.3849103706034603,0.078570098447184,1.0205077139702872,COMPLETE
441,1732968.062064433,2026-05-07 04:37:51.525946,2026-05-07 04:38:07.149688,0 days 00:00:15.623742,7.178202154710194,87.1624647941473,0.0032948258387991945,0.009129719020272863,110.74208129126458,471.25519505488137,2814.0039671734494,380.80873594934394,0.3783132074218774,0.005035429740233854,1.109953057577219,COMPLETE
442,1452165.760323799,2026-05-07 04:38:07.151196,2026-05-07 04:38:25.761684,0 days 00:00:18.610488,19.392829789352717,67.47622282073048,0.009753971025007174,0.00811677150329821,95.37001666271667,390.0834091918881,2716.169722863632,495.393536967216,0.4315180683989152,0.056237638021187177,1.1936486961524184,COMPLETE
443,1625509.504386083,2026-05-07 04:38:25.763308,2026-05-07 04:38:41.326507,0 days 00:00:15.563199,26.68283874120877,79.3748616009959,0.008542371419711698,0.011462713018336712,111.25863432111164,597.6347411925522,2738.6183464961236,380.8591446369693,0.3402670077660906,0.012758499294977826,1.0828871971161549,COMPLETE
444,1613878.251765279,2026-05-07 04:38:41.328013,2026-05-07 04:38:56.974151,0 days 00:00:15.646138,10.198164822871085,70.42185529864715,0.007645980547703657,0.014513914098429077,83.53254510774742,467.24611279636963,2377.0009762824684,487.9973351112937,0.3981842902367658,0.012118953713562503,0.9380183821409485,COMPLETE
445,1587102.8802473987,2026-05-07 04:38:56.975677,2026-05-07 04:39:15.498458,0 days 00:00:18.522781,26.366478845678497,82.3307115504409,0.00760873957302225,0.009825020553736387,101.9744617065606,479.67540230164326,2695.5687418962525,385.4346899264037,0.47895757170305997,0.03224668895403679,1.179474203513532,COMPLETE
446,1687825.4396368968,2026-05-07 04:39:15.500116,2026-05-07 04:39:31.216022,0 days 00:00:15.715906,21.278660982665198,86.00882437385174,0.00763627621958461,0.01234551252202581,94.19332181246061,443.0168736919249,2151.82082004221,494.1566828631755,0.33865601170366894,0.02802216052796065,1.0235838113773235,COMPLETE
447,1190930.6571531992,2026-05-07 04:39:31.217487,2026-05-07 04:39:49.829374,0 days 00:00:18.611887,34.87893780990921,91.9632167352054,0.0052498970155399356,0.0032595999323743454,118.64215001844363,390.26387289333314,2788.6328678022514,433.53725722471546,0.42742177950679566,0.043630706440960024,1.108653734486776,COMPLETE
448,1000000000.0,2026-05-07 04:39:49.831122,2026-05-07 04:39:57.020441,0 days 00:00:07.189319,19.317880209505823,70.70080906641098,0.00908258249735664,0.005880091361254087,60.666303686547266,508.85256088229403,1829.156836307283,287.00719708604043,0.3285720292738227,0.0862404394664747,0.5069505581913243,COMPLETE
449,1155235.2435960614,2026-05-07 04:39:57.022111,2026-05-07 04:40:12.883783,0 days 00:00:15.861672,16.95625754025995,82.84960797714882,0.002868973645183801,0.002196228466141978,33.59421085021317,380.8239292699452,2997.214926100065,394.8258039085157,0.3420335833502466,0.025406915528212233,0.9920486218553648,COMPLETE
450,1516280.243805763,2026-05-07 04:40:12.884963,2026-05-07 04:40:28.497522,0 days 00:00:15.612559,28.485411322842452,95.68656958832375,0.002049869818994848,0.006229225967064347,32.51269633218052,541.4354770520342,2978.104147142321,310.48086479594554,0.25287788998512994,0.027718862036315076,0.8762953360506406,COMPLETE
451,1179563.7914716613,2026-05-07 04:40:28.499114,2026-05-07 04:40:44.017455,0 days 00:00:15.518341,21.39164238639488,82.04482628212095,0.0006393928942065783,0.003601870607561147,14.816182388283408,302.1996964821431,2917.893314422478,452.2135726907599,0.3532286489296655,0.015110804584732485,1.0477341774304274,COMPLETE
452,1193085.742881993,2026-05-07 04:40:44.018936,2026-05-07 04:40:59.717132,0 days 00:00:15.698196,15.55747961581506,81.71316852494773,0.0005495033732122466,0.0025113599393085263,14.910605262910076,389.0492194547163,2322.181613929384,381.1229529847035,0.2791644646903845,0.021972147108327147,1.0036334498957857,COMPLETE
453,1194749.4150663544,2026-05-07 04:40:59.718485,2026-05-07 04:41:15.641242,0 days 00:00:15.922757,23.68166546002754,57.633273795246474,0.0031400896194592643,0.0027242800633056584,21.940585839304564,307.708138128347,2014.0310599324926,471.70593456847445,0.1827598757928816,0.05254363501803931,0.8814193396595317,COMPLETE
454,1286127.3703372125,2026-05-07 04:41:15.642852,2026-05-07 04:41:32.041454,0 days 00:00:16.398602,25.341780165285698,82.14026532926766,0.00048553472700448534,0.0029390493655464768,16.38251402660287,559.9217240940618,2898.191258718851,464.46259596269584,0.3481351750954197,0.003745739477370072,1.1554806164274296,COMPLETE
455,1467136.34385171,2026-05-07 04:41:32.042943,2026-05-07 04:41:48.032251,0 days 00:00:15.989308,22.82966673916929,79.1135267373684,0.0014559827867333876,0.011059233060722241,17.727237490837155,304.52677901033246,2659.824541947164,354.1807966963536,0.39231434073263816,0.014405745210152657,1.0081240462908636,COMPLETE
456,1488623.1764249944,2026-05-07 04:41:48.033727,2026-05-07 04:42:03.746899,0 days 00:00:15.713172,8.024142068414754,69.32759470371836,0.003306428501525214,0.0032608184788315785,34.732921165458606,695.9631208131851,2618.5113698498103,267.0068544730234,0.42252010368593207,0.025814681827512728,0.9939657859614167,COMPLETE
457,1408132.7986005798,2026-05-07 04:42:03.748377,2026-05-07 04:42:20.276346,0 days 00:00:16.527969,22.64396178170798,83.8171366374714,0.002134850952312085,0.007674007012908201,24.809832611685962,386.1811699140241,2854.589836093313,430.52266198160714,0.38497716155906914,0.03156626412186842,0.9399489750661565,COMPLETE
458,1535247.5739632014,2026-05-07 04:42:20.277930,2026-05-07 04:42:35.933539,0 days 00:00:15.655609,46.90474893127706,63.479232906320206,0.0051036751685820895,0.003968660755430627,46.1233738968555,1604.3984176833178,1033.0350181611325,127.62387223475352,0.2062302480837478,0.024813598730368074,0.5704779557186297,COMPLETE
459,1000000000.0,2026-05-07 04:42:35.935168,2026-05-07 04:42:43.561979,0 days 00:00:07.626811,20.15447973084428,59.420879541853765,0.0031181639578910392,0.002346754395903594,40.82654465800814,305.6576362266621,2625.354594436649,179.79388702164658,0.42210681403991746,0.0875362742691991,1.0569587805174543,COMPLETE
460,1603668.60274618,2026-05-07 04:42:43.563525,2026-05-07 04:42:59.295554,0 days 00:00:15.732029,6.508155816414996,67.4717929728341,0.0017490425346850926,0.007375731745591095,37.98997694124255,498.36789651981064,2964.631183480442,482.2958688377304,0.23030286653144977,0.00983563582383347,0.9713673900151744,COMPLETE
461,1615919.3534628584,2026-05-07 04:42:59.297301,2026-05-07 04:43:14.911459,0 days 00:00:15.614158,22.899052519638573,62.62314525728401,0.006605390812271338,0.011091087605010954,101.09456223288437,457.4627616584372,2486.6000710227017,479.7034887438979,0.4232702156976621,0.028097538867729234,1.175969064652191,COMPLETE
462,1000000000.0,2026-05-07 04:43:14.912991,2026-05-07 04:43:22.377178,0 days 00:00:07.464187,14.265833120075582,62.739036776424236,0.0031914351326004613,0.004160440908670168,31.026987340930024,497.6032251143482,1518.5087884349032,473.8087026222539,0.27129895816416505,0.03319923206769765,0.8797474669361129,COMPLETE
463,1533232.8822816433,2026-05-07 04:43:22.378680,2026-05-07 04:43:38.391187,0 days 00:00:16.012507,32.95735420917215,68.19815846175675,0.00957549049838539,0.03816992623308828,104.04725319382631,1422.168457029639,2794.0293810762987,258.5298158982342,0.14400112222611816,0.09012415406955379,0.5682868279590623,COMPLETE
464,1624336.332727351,2026-05-07 04:43:38.392651,2026-05-07 04:43:54.195957,0 days 00:00:15.803306,8.571956963097634,83.45055225551377,0.0003056414128307578,0.004720363686421642,15.454782597211674,834.3052233441747,2845.7356801923506,366.4487412366216,0.2923410652624697,0.0751972109292938,0.8894079977814547,COMPLETE
465,1000000000.0,2026-05-07 04:43:54.197443,2026-05-07 04:44:01.462874,0 days 00:00:07.265431,33.408768425023176,88.2399069066726,0.0017864178263469976,0.011753625042860835,83.54794484325748,398.5177777673282,2949.7707887304855,494.2973873025137,0.45701881983597786,0.07569969790964866,1.0031032494895342,COMPLETE
466,1448283.8871532765,2026-05-07 04:44:01.464464,2026-05-07 04:44:17.929856,0 days 00:00:16.465392,24.368344708737357,70.03956522097292,0.003728415003122962,0.007021361887696286,79.58905437756627,539.4263683917882,2892.0631940137973,489.0468428439432,0.4888565316456386,0.08962654588881416,0.9671033194829345,COMPLETE
467,1564621.0671294343,2026-05-07 04:44:17.931460,2026-05-07 04:44:33.550482,0 days 00:00:15.619022,29.629087145745764,53.78476793258286,0.00807551999114785,0.033757148457633335,110.09178780426629,692.204026314344,1412.23273682721,341.8226560151347,0.36793140931047885,0.03347282566381271,0.5169417814753476,COMPLETE
468,1305601.048723477,2026-05-07 04:44:33.552009,2026-05-07 04:44:52.167661,0 days 00:00:18.615652,14.284757479265151,84.40452639247553,0.003751303305800734,0.0038404008693734503,24.791482104354376,434.8745129800563,2574.524412710395,365.2941817874551,0.37932430123017497,0.02216794601865775,1.045759118971109,COMPLETE
469,1414355.368575753,2026-05-07 04:44:52.169147,2026-05-07 04:45:07.772976,0 days 00:00:15.603829,35.25899377064755,65.54872290863032,0.002946049489194435,0.006635508139146046,12.037148511423817,533.8760578725377,2985.1139823317044,417.11677048269553,0.4730664748526354,0.041302931715671745,0.9588766338496281,COMPLETE
470,1832281.3834060684,2026-05-07 04:45:07.774572,2026-05-07 04:45:23.341820,0 days 00:00:15.567248,6.6630277258309185,56.49544364953843,0.003545927074855175,0.03330570230706287,108.79572538978313,1864.2983708351098,2232.425857728712,375.4759272933664,0.44080105430526095,0.07739560447141683,1.1579177072160691,COMPLETE
471,1180480.8198483572,2026-05-07 04:45:23.343412,2026-05-07 04:45:38.948478,0 days 00:00:15.605066,17.32262911375642,47.078773849787865,0.002873265395456792,0.0020910830560940267,15.96506415244124,515.7116729655602,2279.202789648307,431.5647708308111,0.3390330359925431,0.008650265893244745,1.0019229484708667,COMPLETE
472,1598743.7588518113,2026-05-07 04:45:38.949981,2026-05-07 04:45:57.459692,0 days 00:00:18.509711,17.35990430294531,39.37790363288384,0.0029878401249523404,0.011758500575558675,22.353938190438463,374.89232309537374,2041.61312133186,338.0420301350541,0.4684186859565257,0.0039389150250006425,0.8120052929258712,COMPLETE
473,1426818.7514535252,2026-05-07 04:45:57.461185,2026-05-07 04:46:17.238363,0 days 00:00:19.777178,39.87026033184447,61.34100748869368,0.002553591719720185,0.0033380800858262183,30.55572888412482,1072.0417683115431,2705.660367663703,371.3994190976912,0.48230085216508706,0.029121772271093464,1.1697435210058178,COMPLETE
474,1627691.5888125307,2026-05-07 04:46:17.240141,2026-05-07 04:46:32.794476,0 days 00:00:15.554335,14.823685839414239,48.35364333024084,0.004458949617560917,0.009932936151790597,10.106908348074121,589.2441343725391,2518.8782736382423,474.74184020702813,0.4543344515860904,0.021671410838670642,0.8886015915217385,COMPLETE
