number,value,datetime_start,datetime_complete,duration,params_adaptive_alpha_pos,params_adaptive_lambda,params_i_clamp_ori,params_i_clamp_pos,params_i_gain_ori,params_i_gain_pos,params_k_pos_max,params_k_pos_min,params_m_pos_max,params_m_pos_min,params_zeta_pos,state
611,1264883.483590117,2026-05-07 05:21:06.487655,2026-05-07 05:21:25.422509,0 days 00:00:18.934854,16.64883217168588,83.79759781282677,0.0037757064727627397,0.0044609472262179106,40.345370272584375,358.52698396430236,2792.74846814021,490.2330820812462,0.3083107793700387,0.0270348455737329,0.9745502549319442,COMPLETE
612,1237781.517720234,2026-05-07 05:21:25.424084,2026-05-07 05:21:41.100671,0 days 00:00:15.676587,18.272030397880144,74.25957044718398,0.0017579191390377261,0.004153314108798692,16.818471052042636,343.1196163031514,2653.778499618409,445.3541770575309,0.4692503533817065,0.09281422782864396,0.7690829873587646,COMPLETE
613,1429441.123932108,2026-05-07 05:21:41.102334,2026-05-07 05:21:56.870340,0 days 00:00:15.768006,49.467370473102164,12.914173788245556,0.0017788049786620175,0.0034624546333322306,15.045414683248431,815.7785583318156,2263.9985353731627,109.63758067806083,0.4943284254193656,0.05665489375670573,0.937336035735165,COMPLETE
614,1544459.250730281,2026-05-07 05:21:56.871841,2026-05-07 05:22:12.470665,0 days 00:00:15.598824,31.154830323007467,32.96454078909008,0.009733070630091177,0.020342698297407015,75.26571328928317,1623.1325123905942,2914.342089073772,382.9233717339655,0.30618187201605895,0.03333280872686215,0.6859415360747796,COMPLETE
615,1202069.5703688052,2026-05-07 05:22:12.472377,2026-05-07 05:22:28.093093,0 days 00:00:15.620716,34.58005172475761,99.16327275331915,0.009797975910487157,0.002501709221306874,60.84580587753299,412.48772402585865,1700.981584925465,380.73633674061136,0.24470389465871148,0.07145045609042974,0.9050845395787854,COMPLETE
616,1575252.6214772728,2026-05-07 05:22:28.094745,2026-05-07 05:22:43.724651,0 days 00:00:15.629906,31.49566516992723,65.33552243191579,0.006727145549021204,0.010875327927256925,50.64976127467228,486.87086397252517,2656.5720096471114,442.51063398796106,0.4894791969177409,0.0337896605773095,1.1893423545189177,COMPLETE
617,1289893.6624397787,2026-05-07 05:22:43.726424,2026-05-07 05:22:59.355825,0 days 00:00:15.629401,16.805755678655597,61.280886289926244,0.008579384134346479,0.0042991830195838205,107.26854626258549,443.446730942441,2097.9750070392533,481.9858935914427,0.46506362150779085,0.02622294174449486,1.0735765883928012,COMPLETE
618,1396037.5934875384,2026-05-07 05:22:59.357312,2026-05-07 05:23:17.837601,0 days 00:00:18.480289,15.240667116869375,86.74094966203938,0.0040451012815218715,0.003572692150597418,12.606530408873088,775.0576828726512,2559.402498822298,470.5223994418533,0.4685896257306781,0.036379368374434846,0.7485318703607118,COMPLETE
619,1512029.0500258163,2026-05-07 05:23:17.839158,2026-05-07 05:23:36.468462,0 days 00:00:18.629304,41.67437560814574,68.3546587206414,0.0004436733845532602,0.04934851449630369,55.85555359273762,468.31716691179986,2461.1061480988815,277.2956330027284,0.3490602312901512,0.08078015367962751,0.6203283797289814,COMPLETE
620,1000000000.0,2026-05-07 05:23:36.470012,2026-05-07 05:23:43.583027,0 days 00:00:07.113015,40.41749802495245,96.424013789069,0.009825861970061963,0.009739967747685638,13.450027613000067,1742.2942316332144,2706.0506666434867,405.0200390082432,0.4549249699811303,0.007857937241226742,1.1178374522525085,COMPLETE
621,1000000000.0,2026-05-07 05:23:43.584638,2026-05-07 05:23:51.001364,0 days 00:00:07.416726,19.75725025586921,99.59274238823521,0.0031764474433300643,0.004893868789566958,12.766252117317467,500.6213657397003,2107.3138348965686,411.78537629539375,0.37951080950543237,0.023689931861351078,0.8351212588882083,COMPLETE
622,1690323.2221902492,2026-05-07 05:23:51.003032,2026-05-07 05:24:09.669326,0 days 00:00:18.666294,36.63778531013974,21.011126708278255,0.0024011531465622047,0.004245075137589097,15.26080557076913,1698.7751286224086,2000.5438630457688,421.41821436969,0.2953258711971141,0.0931845981994803,0.9513602314493996,COMPLETE
623,1956008.1283629865,2026-05-07 05:24:09.670964,2026-05-07 05:24:25.259274,0 days 00:00:15.588310,15.858509882718787,59.84103212284945,0.005717887936318063,0.04516358315475935,91.92102946196583,615.5415906763126,2894.242413495145,103.62034380829968,0.44372141970711104,0.0671130773326129,0.9547731165423227,COMPLETE
624,1529374.5850355127,2026-05-07 05:24:25.260931,2026-05-07 05:24:40.903776,0 days 00:00:15.642845,37.38926711315675,31.259414570489252,0.002352687248140217,0.044591591468473295,44.71174980500921,1478.6635568595245,2448.3950270747428,356.7356627980885,0.3859134181783944,0.0037564523122215893,0.7974374441666732,COMPLETE
625,1293748.2808521725,2026-05-07 05:24:40.905525,2026-05-07 05:24:57.322932,0 days 00:00:16.417407,24.081022276544143,84.54311521983341,0.006217764284649071,0.0026112761993886163,11.685929394524106,676.0541944765342,2458.2587378948133,377.793456553609,0.4772391468000293,0.05839764494804402,0.7682748645669005,COMPLETE
626,1458804.1463265086,2026-05-07 05:24:57.324497,2026-05-07 05:25:12.835116,0 days 00:00:15.510619,31.200211622897683,49.7513986344656,0.007327776970578923,0.010762027991097814,69.99391730992085,1204.3975589488389,2226.5522719263254,148.15006546679058,0.18989606925895736,0.06986188468882663,0.92253801195445,COMPLETE
627,1390565.9192383036,2026-05-07 05:25:12.836604,2026-05-07 05:25:38.292034,0 days 00:00:25.455430,18.608396807127114,75.25703513442906,0.009616920365159315,0.005378419471399836,59.703016183825035,417.1422114112714,1370.495692513118,439.1487531020716,0.3783910315845774,0.08305356158695641,0.8671300410391164,COMPLETE
628,1388029.4436531889,2026-05-07 05:25:38.293680,2026-05-07 05:25:56.823749,0 days 00:00:18.530069,32.381189565181074,88.54167776133554,0.004101192791616628,0.007934499400560437,10.908670994921712,378.9914277968875,2310.8577287791913,492.0433900357259,0.42075791574262256,0.0661247236804097,0.8121775882494494,COMPLETE
629,1789967.020309234,2026-05-07 05:25:56.825302,2026-05-07 05:26:12.471519,0 days 00:00:15.646217,21.23658630482399,41.742861527294,0.005854792426910363,0.011307274407913546,99.8718920999036,539.4968569397741,2202.0962178983887,405.87365061633596,0.46752472172795956,0.035730555814343555,1.1816288964159607,COMPLETE
630,1266655.1196559917,2026-05-07 05:26:12.473009,2026-05-07 05:26:28.121779,0 days 00:00:15.648770,23.000417682058753,40.71131882627243,0.009847914228828785,0.00242477738711386,115.05140874806827,835.4311824009599,2616.83989536464,490.56577420158055,0.4730905816056007,0.043223502971784455,0.9576402020309435,COMPLETE
631,1534031.5638503835,2026-05-07 05:26:28.123345,2026-05-07 05:26:43.893337,0 days 00:00:15.769992,14.675091042971761,94.12133497257258,0.006882749252632022,0.014542654290946866,37.640269131105384,397.17914674626417,2426.2450905100677,499.6806268672635,0.4590454132511319,0.0535210146215474,0.9137023376707518,COMPLETE
632,1584898.6573701974,2026-05-07 05:26:43.894818,2026-05-07 05:26:59.522942,0 days 00:00:15.628124,19.242468644157515,98.05318197081715,0.0034266684694699923,0.0042649397209790635,34.04743746835452,707.6794526015271,1758.9648535996268,375.76422554686786,0.2100497349672199,0.03486658724569992,0.7379810038404999,COMPLETE
633,1574758.088132356,2026-05-07 05:26:59.524508,2026-05-07 05:27:15.856616,0 days 00:00:16.332108,12.366148070952024,18.174561461388656,0.004839343958406015,0.039237319941628886,97.00841820249744,813.9241512687258,2496.0661050804697,350.1823759054701,0.433968664796766,0.03431166609500054,0.5839727362566431,COMPLETE
634,1528076.800400866,2026-05-07 05:27:15.858212,2026-05-07 05:27:31.776834,0 days 00:00:15.918622,25.401898461774394,96.81152885678998,0.005278918279764397,0.01829890646436778,94.01945949501426,458.3259072879572,2635.891169466322,414.8258644967218,0.2560498807279889,0.02290172292636626,1.0690649023805379,COMPLETE
635,1000000000.0,2026-05-07 05:27:31.778341,2026-05-07 05:27:39.051034,0 days 00:00:07.272693,23.28548790940539,95.82625153769291,0.005573343531017821,0.0020354478210783925,95.93406401035865,478.48385735251355,2662.3063060421396,467.6692154824969,0.3332211359620208,0.0014668946187646886,0.8793283754054597,COMPLETE
636,1159555.5968189016,2026-05-07 05:27:39.052630,2026-05-07 05:27:54.792447,0 days 00:00:15.739817,14.322943403929923,81.61592581573575,0.00027653042896733093,0.002886133569657551,21.60801633071009,320.76079760170626,2715.447992849986,495.6047040504885,0.49926731583793016,0.034972232286007106,0.6398261104130288,COMPLETE
637,1277837.507033929,2026-05-07 05:27:54.793940,2026-05-07 05:28:13.788617,0 days 00:00:18.994677,19.886499058866463,92.19755653759438,0.0005675797426876654,0.002497845934755132,26.862011263786574,589.7954332652041,2332.3373288887497,379.99913206446706,0.47340192748605264,0.04220893289308393,0.6551200085146892,COMPLETE
638,1341069.9854970658,2026-05-07 05:28:13.790119,2026-05-07 05:28:29.423440,0 days 00:00:15.633321,13.567173632715715,62.3912090298409,0.0022643154556795907,0.004605880796036148,28.903019313020412,392.34906477945367,2809.1195310001854,439.5974186387875,0.42066803441535106,0.01391519404633237,0.5500720883708664,COMPLETE
639,1000000000.0,2026-05-07 05:28:29.424951,2026-05-07 05:28:36.659134,0 days 00:00:07.234183,21.68114894768314,84.72431154182625,0.009791781701135259,0.009277292298891937,77.84270102059178,568.9627495707895,1958.760627081603,488.3429008917045,0.38359944761575016,0.08127531690896037,0.949697145614284,COMPLETE
640,1837979.4574943648,2026-05-07 05:28:36.660745,2026-05-07 05:28:53.182093,0 days 00:00:16.521348,29.789563709443442,81.44749136018518,0.004429246693972828,0.019399579719978646,15.27118537651325,567.7680319965018,2574.4910988136216,472.3357768422987,0.49791957834845924,0.05321387625748525,1.1156388448912784,COMPLETE
641,1400719.7409140812,2026-05-07 05:28:53.183829,2026-05-07 05:29:09.104407,0 days 00:00:15.920578,10.329517974886464,73.39011968885316,0.0015127505181983208,0.0024562118901336172,11.891831952957768,440.1961657048013,2742.628812451369,418.63933481561605,0.42240476037577,0.02509413815298398,0.7200605058467944,COMPLETE
642,1201841.5123811823,2026-05-07 05:29:09.105918,2026-05-07 05:29:24.716694,0 days 00:00:15.610776,8.365310027333333,97.47314864260787,0.0008098663852110839,0.0028033558046774935,44.030763252558785,411.239985172997,2544.8641169904104,487.6602204341401,0.4966365098500536,0.05145388538425574,0.6878571636864776,COMPLETE
643,1000000000.0,2026-05-07 05:29:24.718203,2026-05-07 05:29:31.940244,0 days 00:00:07.222041,20.578005696752264,50.806449009779506,0.004080841943163765,0.023757311068541443,89.39187392489592,1816.3411193222641,2035.8841246542534,342.83683413352327,0.2805500448933805,0.011194956169482802,1.1502030482465584,COMPLETE
644,1445540.518048135,2026-05-07 05:29:31.941906,2026-05-07 05:29:47.668315,0 days 00:00:15.726409,12.500723961459506,86.73926368310978,0.003608832666006598,0.01098934083659821,11.047588545499067,330.71384395624597,2446.4643943931596,444.408172448017,0.4201584456561048,0.06374652763742708,0.7174737883644509,COMPLETE
645,1726842.6833548972,2026-05-07 05:29:47.669926,2026-05-07 05:30:03.325661,0 days 00:00:15.655735,33.7902148475843,43.97373109274348,0.0004838873555170365,0.035991994428045564,90.27400327608402,1805.9464990160118,1123.3590158670022,411.23304193467106,0.3630812911446701,0.0699097815112221,1.1531611845665326,COMPLETE
646,1246256.8379613,2026-05-07 05:30:03.327312,2026-05-07 05:30:18.927215,0 days 00:00:15.599903,15.711789636086097,85.05546706951728,0.0020922200104637164,0.004065198207953596,10.769024167445039,326.60462513084553,2937.2479486605275,467.2769032058466,0.46535128550592747,0.018693593976950373,0.550241307218634,COMPLETE
647,11119107.974211255,2026-05-07 05:30:18.928832,2026-05-07 05:30:34.675530,0 days 00:00:15.746698,21.243548920177023,98.31400652444879,0.006506204137070837,0.00663673665030511,14.317201989561756,385.03953407662317,2975.5696668156274,432.52728997982274,0.4222044794996738,0.03907352898032513,0.8260343089812684,COMPLETE
648,1500012.5579950183,2026-05-07 05:30:34.676939,2026-05-07 05:30:50.330497,0 days 00:00:15.653558,36.54242596941107,17.279918489380705,0.009552300092582473,0.02605064317491817,87.61326780859773,701.1351640712293,2980.739735036648,361.4913637624367,0.14117678962490854,0.054087547120153144,1.1819796945814944,COMPLETE
649,1678039.163680818,2026-05-07 05:30:50.332034,2026-05-07 05:31:05.827542,0 days 00:00:15.495508,31.664457737204092,80.9043234979652,0.008615850881637549,0.006626230742439718,83.81278053516482,657.2019592183101,1107.4685474485973,487.65590719698525,0.34666349615316233,0.07364740158132846,0.807067474301468,COMPLETE
650,1415886.5574201099,2026-05-07 05:31:05.829023,2026-05-07 05:31:21.573432,0 days 00:00:15.744409,25.63642655604987,37.85782738045833,0.005857610964825366,0.005459143257111736,104.82539229020986,550.3159078415454,1949.2278354433115,461.2055067834217,0.4806266310374412,0.02547380353198349,1.119461554221291,COMPLETE
651,1733819.7543908162,2026-05-07 05:31:21.574923,2026-05-07 05:31:37.496586,0 days 00:00:15.921663,11.362128897888132,39.10231899006077,0.008189991347438077,0.006878696376503718,77.74930496351844,563.2109853919889,2432.303990304723,490.9631588511807,0.4340248780208826,0.04407546249575736,1.0142622135472825,COMPLETE
652,1331581.7307149076,2026-05-07 05:31:37.498068,2026-05-07 05:31:53.188694,0 days 00:00:15.690626,11.883233559555247,84.980945650888,0.0012622013355923227,0.004142919851671291,20.7256722400958,445.8493446089601,2282.7285308137953,468.74893942374035,0.4807211505989396,0.041544317780649376,0.5828823480271709,COMPLETE
653,1543751.6673067012,2026-05-07 05:31:53.190219,2026-05-07 05:32:12.095542,0 days 00:00:18.905323,17.331921610114346,67.38311008323176,0.0007179873950470829,0.01172647600248426,23.59426394987768,346.94562286668577,2990.5762496585003,408.8243698592243,0.46893784800262034,0.053253617757720806,0.5823702039864085,COMPLETE
654,1698510.7042229692,2026-05-07 05:32:12.097359,2026-05-07 05:32:27.810680,0 days 00:00:15.713321,15.853759530198655,66.77788986508918,0.0029705323784108067,0.007829326305021984,26.498020699170795,514.619830504804,1373.1051950960589,380.42882178396667,0.38520405727731183,0.043503805736658976,0.8689803579601436,COMPLETE
655,1531047.2382655723,2026-05-07 05:32:27.812285,2026-05-07 05:32:43.493906,0 days 00:00:15.681621,32.08008729324433,53.3760189372403,0.0002907402004674398,0.02846108463480756,111.5158183758335,1175.881411339496,2942.8616837291656,474.9051007758436,0.3017424455893867,0.01352961325560139,0.9262710041257198,COMPLETE
656,1183727.4474285804,2026-05-07 05:32:43.495542,2026-05-07 05:32:59.063340,0 days 00:00:15.567798,10.726512524254101,98.55663162197705,0.005348423112634466,0.002637566839683862,10.776271232192444,379.0329889579093,2756.4609678369834,450.96428707550257,0.4614830997469492,0.03994293906120495,0.7112662068416342,COMPLETE
657,1693115.059272757,2026-05-07 05:32:59.064841,2026-05-07 05:33:14.644473,0 days 00:00:15.579632,7.718208552511637,75.51631044551121,0.004740176812157749,0.004840157609622867,43.842552544038696,1945.4253970803336,2283.793110785837,100.40204638575227,0.4256337646809485,0.014450777354867404,0.679409526989225,COMPLETE
658,1615615.1603329014,2026-05-07 05:33:14.646090,2026-05-07 05:33:30.364496,0 days 00:00:15.718406,8.998862935704736,68.31190249484773,0.0006398855293577109,0.009017760129236123,42.800700274577615,702.4580210020061,2807.761867787121,487.7878125312602,0.44551549562490655,0.029760358020599065,0.7575104576689673,COMPLETE
659,1190872.1131873399,2026-05-07 05:33:30.366095,2026-05-07 05:33:45.974465,0 days 00:00:15.608370,32.49197537286164,92.5188017130927,0.00925534150747249,0.0025952801604723023,67.30528823673856,429.15039560119953,2350.021054941012,408.67641120271065,0.2919601693008757,0.04140893424487442,0.9053768734086144,COMPLETE
660,1368418.9473264327,2026-05-07 05:33:45.975782,2026-05-07 05:34:04.594344,0 days 00:00:18.618562,5.119635642447387,63.034328134802976,0.000501742899143817,0.005767743176929999,42.69398716333606,356.3588299983689,2868.3851390332165,498.8071715307046,0.48789519914860446,0.053311740997495465,0.5793695733850466,COMPLETE
661,1566874.6893383246,2026-05-07 05:34:04.595870,2026-05-07 05:34:20.207588,0 days 00:00:15.611718,16.365645696334774,36.86204334871892,0.0058792394747823745,0.008224977435060853,103.10630613962428,515.6425250678167,2772.233442684693,498.58329041439447,0.47420886469141915,0.029719495299455417,1.199498648379129,COMPLETE
662,1000000000.0,2026-05-07 05:34:20.209273,2026-05-07 05:34:27.716627,0 days 00:00:07.507354,49.53165394918453,30.229716696940024,0.001249157882202037,0.047717470421694566,55.60049246866763,1188.079375894395,2332.892223750841,477.4859538556398,0.10942699685055357,0.06327601076731416,0.6492953634604598,COMPLETE
663,1490339.9152292446,2026-05-07 05:34:27.718251,2026-05-07 05:34:43.392135,0 days 00:00:15.673884,36.11711607983753,80.19546473838507,0.00610585632165995,0.003219458369002585,10.415865896131717,306.1054203384277,2544.3873024517684,366.41607032023387,0.44658925830469504,0.04955380283308375,0.5675783894005182,COMPLETE
664,1000000000.0,2026-05-07 05:34:43.393908,2026-05-07 05:34:50.617778,0 days 00:00:07.223870,8.506946663751584,59.660680302992084,0.002747359678660446,0.016780000184053352,56.03175174889519,326.9370039021242,2184.9893908021263,394.7103793067533,0.289471283515872,0.003894733312781482,1.1514979745264629,COMPLETE
665,1513104.263278994,2026-05-07 05:34:50.618427,2026-05-07 05:35:09.444867,0 days 00:00:18.826440,46.45340979332197,88.65033344088157,0.0009895856319265981,0.005378234538862072,69.65749628029039,1117.4813824736348,2848.229279854496,156.5119261826272,0.4365710217354647,0.08466983379809892,0.5066105451167537,COMPLETE
666,1460363.0495507943,2026-05-07 05:35:09.446436,2026-05-07 05:35:25.884699,0 days 00:00:16.438263,26.10135844649544,51.96497154711048,0.003629496328270196,0.014212911998620209,13.736958253439115,476.7252814071222,2829.952918193435,435.58064488304973,0.39223518745048525,0.09157809963482512,0.8358052133099223,COMPLETE
667,1535696.0873543578,2026-05-07 05:35:25.886305,2026-05-07 05:35:42.415684,0 days 00:00:16.529379,10.23467287658173,54.52594514223163,0.004304790434579987,0.018904667032682107,20.178323877091987,581.7582665968018,1492.9090540589166,348.2923272364094,0.22978039175707243,0.03606722826787255,0.6973026138032626,COMPLETE
668,1264372.180681202,2026-05-07 05:35:42.417194,2026-05-07 05:35:58.020118,0 days 00:00:15.602924,24.855171935811573,78.39104434189377,0.00685038060826297,0.002439016016295656,108.92892000808102,662.709899983547,2266.3775000154897,392.55736149776465,0.3332348318052843,0.03538589263103798,1.0856346901777134,COMPLETE
669,1337686.0053513946,2026-05-07 05:35:58.020758,2026-05-07 05:36:14.061638,0 days 00:00:16.040880,22.475967987753343,77.4290786074378,0.004676309103091741,0.007934635710143367,10.16571407312971,368.0768071630741,2756.7228201177854,494.8849522333471,0.45442974160187477,0.03887525336732847,0.5881725147812815,COMPLETE
670,1855347.8012549905,2026-05-07 05:36:14.063182,2026-05-07 05:36:29.606663,0 days 00:00:15.543481,37.33253344810899,65.41216784179827,0.006980596009885595,0.042304338865818907,49.49462269115528,759.0259024623587,1107.1017707806755,211.21644102632945,0.4548559592066139,0.06297892293458109,0.5590290835017977,COMPLETE
671,1436798.8535546842,2026-05-07 05:36:29.608173,2026-05-07 05:36:45.685075,0 days 00:00:16.076902,25.29879036052858,54.07461746490196,0.008097996639029967,0.005110171265048693,119.81990109541191,578.8414708695518,2328.7171235565474,446.23303763950594,0.38943030179607,0.04949620526487961,1.1973371986155512,COMPLETE
672,1317200.9901909581,2026-05-07 05:36:45.686780,2026-05-07 05:37:01.324613,0 days 00:00:15.637833,11.06613449278657,74.77917365831637,0.0023604431608107304,0.004902291433817898,21.205778207899098,335.6445780867321,1891.7811169921035,421.02833686662564,0.3377906662096869,0.031138220248222517,0.7344461473820847,COMPLETE
673,1594644.7270844737,2026-05-07 05:37:01.326084,2026-05-07 05:37:18.264990,0 days 00:00:16.938906,43.18593290541784,90.12423719786558,0.0007391349174439928,0.008063997905297925,17.188896169834365,672.1567492071978,2999.8540811406733,273.6512585995224,0.4025167147581622,0.019862203833436842,1.0764140390563883,COMPLETE
674,1193175.8691275278,2026-05-07 05:37:18.266582,2026-05-07 05:37:33.992267,0 days 00:00:15.725685,33.15307253582719,87.51954193124887,0.005644541509035222,0.0022713622885411223,27.015895532347677,407.9603241072598,2890.7606065980717,437.6109505332921,0.46075349681995315,0.07120486851688639,0.6436999213651987,COMPLETE
675,1000000000.0,2026-05-07 05:37:33.993962,2026-05-07 05:37:41.415351,0 days 00:00:07.421389,25.205560448168413,76.38412331592325,0.005794706214165115,0.002147988832834559,110.20056862371598,553.5278064723368,2916.678260400301,497.7265175327466,0.4041735942364768,0.03467743760598345,1.1494183859394334,COMPLETE
676,1484528.4831775355,2026-05-07 05:37:41.416995,2026-05-07 05:37:57.053422,0 days 00:00:15.636427,18.55314158220393,83.77445523189034,0.008722847719637838,0.016704697655673603,116.53433361446666,312.7175400826995,2891.8077458450252,492.3655056988008,0.4394205951855671,0.031066078829624387,1.1244115522742808,COMPLETE
677,1542345.2658306123,2026-05-07 05:37:57.054999,2026-05-07 05:38:12.965577,0 days 00:00:15.910578,35.02781903716489,22.73608570760979,0.0006009661510844129,0.00834202157169318,96.55243863595571,1524.2912961535144,1939.346240979345,280.50832211076766,0.26399026026020467,0.040633615660656666,1.0095702603297134,COMPLETE
678,1000000000.0,2026-05-07 05:38:12.967067,2026-05-07 05:38:20.158489,0 days 00:00:07.191422,18.665989606508575,93.94883373045666,0.005904507357917153,0.0066700696569190815,28.27575813503152,309.2303207003093,2536.937676329144,403.6223314743309,0.43361962731250936,0.06884332349493358,0.7097867527072043,COMPLETE
