number,value,datetime_start,datetime_complete,duration,params_adaptive_alpha_pos,params_adaptive_lambda,params_i_clamp_ori,params_i_clamp_pos,params_i_gain_ori,params_i_gain_pos,params_k_pos_max,params_k_pos_min,params_m_pos_max,params_m_pos_min,params_zeta_pos,state
948,1873798.4123071106,2026-05-07 06:49:19.624958,2026-05-07 06:49:36.174686,0 days 00:00:16.549728,21.703990590295092,56.82190075632027,0.0043110721582247415,0.03890357564986241,40.180926252483474,595.9988918927872,1330.569747737279,384.69227250706456,0.4755144567163925,0.04049982509031388,1.1196588751517886,COMPLETE
949,1376631.3029605614,2026-05-07 06:49:36.176348,2026-05-07 06:49:52.030519,0 days 00:00:15.854171,35.22787556937511,58.34112295448561,0.00410281902803129,0.004113487641336436,26.722308219044713,777.6504814972782,2963.989465990359,449.0428929030323,0.401300683665839,0.033848877728709245,1.062616265904259,COMPLETE
950,1552438.1592661429,2026-05-07 06:49:52.032050,2026-05-07 06:50:07.994436,0 days 00:00:15.962386,21.69500314918333,98.83565128102197,0.009977529196299056,0.003361565614844037,105.33545786840196,1555.6173746872191,1355.9203116133976,384.64617815770936,0.32845305354038057,0.02695310667798059,0.6074688935861611,COMPLETE
951,1511667.4922263457,2026-05-07 06:50:07.995939,2026-05-07 06:50:23.561008,0 days 00:00:15.565069,20.464887126149485,33.2973734906287,0.00838101795005068,0.01060467969082067,107.65468209904549,320.72500504280384,1551.989245877582,483.543121724734,0.46530274599511423,0.058576655727994156,0.9869954656124712,COMPLETE
952,1507918.1834443144,2026-05-07 06:50:23.562679,2026-05-07 06:50:39.103791,0 days 00:00:15.541112,11.61129414664983,46.05825392684629,0.00023670381104602244,0.04150015037933508,29.28826138743598,562.447455072356,2370.6202562599965,296.25821373839744,0.19345411342460178,0.06173075155030966,0.5265799945576977,COMPLETE
953,1459116.7055660856,2026-05-07 06:50:39.105358,2026-05-07 06:50:57.670902,0 days 00:00:18.565544,11.491435070130366,73.83582664632175,0.00035856204169225527,0.004670542638550953,32.950907405445804,671.5865870099553,2574.18581707596,483.1658270591633,0.34755958743137705,0.09444202935972079,0.7788658736415756,COMPLETE
954,1253255.6648975557,2026-05-07 06:50:57.672548,2026-05-07 06:51:14.221855,0 days 00:00:16.549307,27.379889442371557,63.32147220940446,0.0030456554920407866,0.003859529988189881,28.330211353897845,339.4563057354363,1229.5292798640164,416.5326463197604,0.2768633062224148,0.026289969248345108,0.7352002642071582,COMPLETE
955,1234530.1807631736,2026-05-07 06:51:14.223330,2026-05-07 06:51:32.874435,0 days 00:00:18.651105,22.85136323741159,74.14893745209638,0.008285382487797229,0.0028895413808673275,100.76768735244325,462.64120330034336,1903.02988015646,493.84267655665695,0.34171192836111386,0.08574050483697614,1.1502058431551363,COMPLETE
956,1226161.7644729118,2026-05-07 06:51:32.876086,2026-05-07 06:51:49.581743,0 days 00:00:16.705657,33.18204609938651,64.27857386639924,0.008153125541192869,0.004612727220288189,112.63130398864897,347.76294733801706,2342.273375675657,469.03782203928864,0.4974151006124531,0.027853788265468433,1.1697576546192274,COMPLETE
957,1546439.42550898,2026-05-07 06:51:49.583218,2026-05-07 06:52:08.276767,0 days 00:00:18.693549,20.56561695348604,72.04974152487559,0.007467617501148513,0.005270432403700893,22.220677048849574,667.0335415351258,2125.852804382835,371.07956645877096,0.3330049065644619,0.004505215217045833,0.9067644898743663,COMPLETE
958,1528867.0010790038,2026-05-07 06:52:08.278259,2026-05-07 06:52:26.901775,0 days 00:00:18.623516,10.225629412000341,61.474458757931,0.002406578520722378,0.03667737576148088,115.02620412153018,1624.0242377136935,1380.0275314449455,146.21683408674323,0.1305168555753077,0.05175131950337635,0.7235878067527765,COMPLETE
959,2089925.9848929148,2026-05-07 06:52:26.903450,2026-05-07 06:52:46.467635,0 days 00:00:19.564185,9.680002739623468,67.29415515477326,0.0017226432932581992,0.03764153022906499,73.38552418686045,599.7686638465434,1777.5742979732038,277.7949307020668,0.2750355222262003,0.08076706986193315,1.11157447342928,COMPLETE
960,1000000000.0,2026-05-07 06:52:46.469141,2026-05-07 06:52:53.738771,0 days 00:00:07.269630,47.29195076608197,67.95722417357723,0.003564873526534927,0.004565235999229431,17.35348972148467,400.7330827750379,2516.779239270582,441.6911313842577,0.4667614325368538,0.05745848754011135,0.8586571843721038,COMPLETE
961,1600929.4700119745,2026-05-07 06:52:53.740305,2026-05-07 06:53:09.443123,0 days 00:00:15.702818,18.91434699587184,72.12014977846195,0.0030148531993056827,0.006314507943083119,115.62256935968146,1435.6140790660938,2298.176877891169,475.3479112057256,0.2000096632089007,0.030370103557146554,1.1021581078564755,COMPLETE
962,1547755.3270873444,2026-05-07 06:53:09.444671,2026-05-07 06:53:28.398920,0 days 00:00:18.954249,35.41676867232853,27.90686861739003,0.005781748471484492,0.00905439504898756,112.54727490372419,515.5795352814895,2408.0914534575218,453.2723549228213,0.4414435879451479,0.0432040397787278,1.198235590781287,COMPLETE
963,12224716.704521421,2026-05-07 06:53:28.400579,2026-05-07 06:53:44.025775,0 days 00:00:15.625196,12.659656821879022,38.9282350279229,0.0073649652827361516,0.02827726577048159,115.40439702301299,1337.985174807462,2987.666048794994,386.072335465781,0.20248614788774547,0.009355746329406264,1.127862752941963,COMPLETE
964,1520153.9123948305,2026-05-07 06:53:44.027265,2026-05-07 06:53:59.553244,0 days 00:00:15.525979,24.44451096534538,77.13731061360815,0.005075069533732495,0.0051641857470659455,12.309515220635253,912.2209737941141,2124.3822387410455,483.08329946456,0.2351655254651173,0.00871033008985837,0.7672931329440742,COMPLETE
965,1593201.853885224,2026-05-07 06:53:59.554741,2026-05-07 06:54:15.952644,0 days 00:00:16.397903,40.04731536266665,98.8783770595922,0.004348696247127016,0.02119395419014906,72.8347356762616,1181.982413525006,2008.2083576101295,136.84469718125422,0.13728410912087807,0.07518686934118782,0.7282161132097604,COMPLETE
966,1673010.0368928947,2026-05-07 06:54:15.954198,2026-05-07 06:54:31.452965,0 days 00:00:15.498767,17.54230691135055,92.782619796793,0.0036234963701425914,0.026791781303868986,64.92838257581734,725.3945335355777,1504.04864318958,116.06517126211048,0.28703360727658356,0.016763865951938697,1.0533600641781828,COMPLETE
967,1463982.2441396199,2026-05-07 06:54:31.454577,2026-05-07 06:54:47.001310,0 days 00:00:15.546733,31.70321408874466,40.12339657814134,0.00697574826303235,0.023932488070191018,119.06361934492217,333.82180667272723,2536.3095106283863,440.4255006199682,0.39023953980193704,0.014008951380613994,1.0854604562230878,COMPLETE
968,1369731.9793673677,2026-05-07 06:54:47.002772,2026-05-07 06:55:05.740766,0 days 00:00:18.737994,38.95040383524608,38.06638082756299,0.009059812862786213,0.003940000274536574,103.1527687006687,846.0859639078917,2576.5320745128956,469.88237550927244,0.4356600945893792,0.011138282549296614,1.1741170645121481,COMPLETE
969,1000000000.0,2026-05-07 06:55:05.742413,2026-05-07 06:55:12.889057,0 days 00:00:07.146644,35.00368319715901,84.05873042089738,0.0037198025051899727,0.014417881055601866,85.05133964130874,371.33114768935565,2212.954036298601,440.4533461755852,0.40211728051314066,0.046260977029359544,0.9099227020350384,COMPLETE
970,1689022.0688625476,2026-05-07 06:55:12.890684,2026-05-07 06:55:31.447508,0 days 00:00:18.556824,27.67589253186986,85.07499351231009,0.00863938552493725,0.04379619526433218,91.46739332095122,1703.684711409749,1355.9413806541256,474.6359056482974,0.29420735076482785,0.09883880716693022,1.1818723514250866,COMPLETE
971,1377510.0277551813,2026-05-07 06:55:31.449051,2026-05-07 06:55:50.229789,0 days 00:00:18.780738,27.929427023388293,34.315075708469394,0.008854579610276303,0.004802536022479379,91.5157940168274,415.30354059039723,1056.4900875630974,466.77468449315904,0.384362971519361,0.01156139896548989,0.5433517527828637,COMPLETE
972,1437526.4960267744,2026-05-07 06:55:50.231274,2026-05-07 06:56:05.745462,0 days 00:00:15.514188,46.320240384434456,38.983927118993115,0.005610503213306515,0.02574726238756019,62.13693364232238,596.1828548292204,1822.3349392747707,488.2583047443347,0.194619945400347,0.0899392845739074,0.6827696930484946,COMPLETE
973,1602251.1336767764,2026-05-07 06:56:05.747022,2026-05-07 06:56:21.613664,0 days 00:00:15.866642,29.575140456063,70.09461709157547,0.004200578572723548,0.011449187918855908,32.87152457529692,580.9593226583777,2990.9972308470683,498.4925851486855,0.49473723149359283,0.03990622511867127,1.1168826888892611,COMPLETE
974,1524693.2611685165,2026-05-07 06:56:21.615295,2026-05-07 06:56:37.289988,0 days 00:00:15.674693,38.74785187023876,39.36136087332921,0.005448649076527795,0.04940673065903482,94.09060061364917,1155.4472981874842,1700.6484266865575,313.92569779390305,0.3587073368627641,0.04263894326112971,0.8187555953862558,COMPLETE
975,8623769.062716072,2026-05-07 06:56:37.291582,2026-05-07 06:56:53.021491,0 days 00:00:15.729909,31.984333044787217,58.10990417928908,0.007463707403464903,0.01367702683038444,48.56217216380376,450.5686449305223,1213.2235342271601,487.39885767576374,0.30686406326238075,0.04743743303737027,0.7998896068891829,COMPLETE
976,1501060.2286899565,2026-05-07 06:56:53.022758,2026-05-07 06:57:08.528818,0 days 00:00:15.506060,49.04365059213511,12.64832243892242,0.0017513320891124262,0.0031217930792619905,95.3575990718227,1274.7919790165388,1154.4294458870247,113.36810433922949,0.17504010285464294,0.0646749111887826,0.8175836074771142,COMPLETE
977,1234397.7024579165,2026-05-07 06:57:08.530322,2026-05-07 06:57:27.331560,0 days 00:00:18.801238,23.252247138938444,98.57865198616018,0.004278528043962721,0.002077001936683811,28.011898692140903,659.2016526391753,2642.649055747623,401.61781459842194,0.4566547237894464,0.0919057878376597,0.7023073340948245,COMPLETE
978,1223763.0893326083,2026-05-07 06:57:27.333110,2026-05-07 06:57:42.937658,0 days 00:00:15.604548,21.178540772727686,81.48950113510924,0.009741153975398813,0.003587572372510296,68.86423317935275,334.9087445389213,1817.9161374479359,375.0457824083971,0.46706488659430273,0.06428749407686034,0.9949295528845155,COMPLETE
979,1642142.2097769994,2026-05-07 06:57:42.939136,2026-05-07 06:57:58.602802,0 days 00:00:15.663666,12.58769303858552,10.91768022411727,0.005790832093373053,0.00547996172779594,86.99699045356782,546.5956128595974,2310.566619010312,133.12318127412956,0.13126094997049428,0.05467695544076451,1.1752597862186636,COMPLETE
980,1281537.2165648593,2026-05-07 06:57:58.604275,2026-05-07 06:58:17.479780,0 days 00:00:18.875505,27.024561158760534,56.17702258415736,0.006443616287017097,0.005082850544614579,25.92949463361727,315.4018408533631,2929.2503967542416,371.40300518192515,0.4403999413049349,0.08422398790076957,0.5910667233437834,COMPLETE
981,1253306.493822044,2026-05-07 06:58:17.481332,2026-05-07 06:58:33.021790,0 days 00:00:15.540458,31.94182753340334,96.29770843940247,0.0025041458345151134,0.004245464322983347,31.008142723585053,413.133831976162,2984.4018647659627,406.6243620871943,0.4624794620885292,0.07130225049268799,0.8293508489612702,COMPLETE
982,1444749.5921642496,2026-05-07 06:58:33.023365,2026-05-07 06:58:48.755932,0 days 00:00:15.732567,37.32456563558472,54.89202256983537,0.0015601692840483334,0.0056091454210068,37.506819293190134,370.82614262874097,1117.8929061941863,384.6317000182456,0.26167625850533455,0.062375522079285886,0.7159303354744242,COMPLETE
983,1562995.1088213963,2026-05-07 06:58:48.757503,2026-05-07 06:59:04.346178,0 days 00:00:15.588675,21.828200179067938,52.90733303772209,0.00021271705539495535,0.00531951491045807,15.421279701152814,669.5886057290293,2111.701439271884,375.2869545516164,0.2992302407348523,0.09981679885981712,0.8580743639232852,COMPLETE
984,1628587.3767506906,2026-05-07 06:59:04.347831,2026-05-07 06:59:19.948127,0 days 00:00:15.600296,38.25886566865778,94.25615935550164,0.006324446270133193,0.009115333474081066,29.315621944758618,696.534396198138,1073.5924400190133,487.67726694251564,0.32631412840635915,0.09035384559814977,0.9350780729831334,COMPLETE
985,1394976.590742308,2026-05-07 06:59:19.949684,2026-05-07 06:59:35.672453,0 days 00:00:15.722769,30.09416622327819,88.71806857473806,0.002564142521388248,0.018248860609294815,30.842987988849128,320.330907383934,2211.5338990833307,393.3949810198475,0.4637801328695533,0.09612334983527855,0.7231546819314298,COMPLETE
986,1372463.7260823795,2026-05-07 06:59:35.673635,2026-05-07 06:59:52.124786,0 days 00:00:16.451151,39.41556980915346,85.33973919281748,0.0010499269007863622,0.009068075808757181,10.488631557915392,415.57427142267966,2977.1023007607632,431.07985852819337,0.47739679652915756,0.07140061747789941,0.8141160551059701,COMPLETE
987,1555194.3237981652,2026-05-07 06:59:52.126303,2026-05-07 07:00:07.628991,0 days 00:00:15.502688,26.374904878699176,35.83934422825439,0.008434516376297664,0.02905099112970127,88.40637295742837,1073.625997964947,1969.225820633661,152.03116665144387,0.38160754887059334,0.09158760040645063,0.676781698248857,COMPLETE
988,1640573.641966908,2026-05-07 07:00:07.630403,2026-05-07 07:00:23.243255,0 days 00:00:15.612852,39.09201650829025,20.34986246254546,0.0014080142785756222,0.020850547211273645,93.17841023475101,1924.5558065643213,2905.4027977710884,441.820430283601,0.48977250658268356,0.010536878361037755,1.137241240822863,COMPLETE
989,1861838.7134461708,2026-05-07 07:00:23.244885,2026-05-07 07:00:38.894783,0 days 00:00:15.649898,13.961354435993886,18.652590965617286,0.009902946890117911,0.029981705453814553,29.409628722636107,799.5972938420616,1250.490610353661,156.9704076783415,0.4576864060652847,0.06296200385806583,0.9838349831192335,COMPLETE
990,1544327.5964978237,2026-05-07 07:00:38.896461,2026-05-07 07:01:04.382034,0 days 00:00:25.485573,20.198711886939748,64.19098007998603,0.005486537644111458,0.008431238619187384,29.351350429827285,907.492788347898,2176.6305181359007,430.29367421228613,0.3554445142503864,0.05550100602125152,0.7402481607475369,COMPLETE
991,1000000000.0,2026-05-07 07:01:04.383545,2026-05-07 07:01:11.575412,0 days 00:00:07.191867,17.444770317199513,51.72703965587556,0.004803139047089526,0.006539257684298466,18.605895812600053,339.21952774304793,2684.745165698426,406.4033615141874,0.4812505418087304,0.05211403212788373,0.6502097654632413,COMPLETE
992,1251472.8725484828,2026-05-07 07:01:11.576936,2026-05-07 07:01:27.160064,0 days 00:00:15.583128,13.782379616189521,97.7883310223255,0.003753227836884253,0.004224652646333507,13.065651236524497,384.23567008479847,2342.773145887382,483.79271312734306,0.4970346383991723,0.040650532833912435,0.8955565263580771,COMPLETE
993,1517437.2984819904,2026-05-07 07:01:27.161556,2026-05-07 07:01:42.828206,0 days 00:00:15.666650,34.48677267968423,75.68174855958276,0.0067943329835885875,0.027765339217690536,70.32979095091306,1194.6106020723812,1837.6361781112648,479.4883620881093,0.32016764997945746,0.034232233859964344,0.8071927463794767,COMPLETE
994,1264111.724658534,2026-05-07 07:01:42.829753,2026-05-07 07:01:58.424711,0 days 00:00:15.594958,23.059082763794017,59.031436553623735,0.007710753609430905,0.004397528841207836,66.03572400388687,349.90813944256837,2335.4239432920813,378.91080022906505,0.391400125354776,0.049429888139274396,1.1164022691992015,COMPLETE
995,1505918.830595516,2026-05-07 07:01:58.426209,2026-05-07 07:02:14.167847,0 days 00:00:15.741638,30.14775372822664,58.37521149014775,0.005473468616325506,0.009925685514879275,45.00565737640353,651.4190855374386,1664.420393154967,448.0364489385448,0.3537035913828856,0.014457017852503055,0.5885089972079907,COMPLETE
996,1376680.835234553,2026-05-07 07:02:14.169358,2026-05-07 07:02:29.883612,0 days 00:00:15.714254,24.83192337056548,73.42075055647946,0.004548029127185299,0.02110021509417983,18.879688156503608,330.8675198995222,2898.1278913246124,494.9134301871724,0.3969515966223984,0.02070893879528754,0.9077369415575827,COMPLETE
997,1491085.0122484912,2026-05-07 07:02:29.885111,2026-05-07 07:02:45.471876,0 days 00:00:15.586765,48.65694607685178,40.72425432551988,0.004287793442177736,0.0491561028128187,114.92889824280584,474.20767281420365,2806.5309876897045,297.94560130896326,0.41819581686853957,0.00784132726970671,1.0159284180469368,COMPLETE
998,1632454.7735641918,2026-05-07 07:02:45.473378,2026-05-07 07:03:01.178989,0 days 00:00:15.705611,26.555567735707875,49.503591322310896,0.0038562284238517867,0.033350512609550374,106.97790621155028,1550.466408553389,1501.789503975702,277.4562644239549,0.4990047291904214,0.05168524573277057,0.8134273432750115,COMPLETE
999,1263252.1776841746,2026-05-07 07:03:01.180659,2026-05-07 07:03:17.282690,0 days 00:00:16.102031,19.013021533750994,58.32803353037327,0.009506916801887975,0.0022216096548073397,53.98333752943256,761.4323910069879,1490.7949478773587,472.58699003791304,0.4703642523584308,0.02762962736270514,0.7951723891631814,COMPLETE
