number,value,datetime_start,datetime_complete,duration,params_adaptive_alpha_pos,params_adaptive_lambda,params_i_clamp_ori,params_i_clamp_pos,params_i_gain_ori,params_i_gain_pos,params_k_pos_max,params_k_pos_min,params_m_pos_max,params_m_pos_min,params_zeta_pos,state
339,8078829.615361659,2026-05-07 04:10:39.323688,2026-05-07 04:10:54.820355,0 days 00:00:15.496667,28.129005400256744,61.44782226189193,0.0025675057302077457,0.002283413349145771,23.798318151650193,528.1021194735359,2986.4871474786573,230.22096330592473,0.4887454734880779,0.03506224629657775,1.0427117341072478,COMPLETE
340,1459829.5756954004,2026-05-07 04:10:54.821833,2026-05-07 04:11:10.452435,0 days 00:00:15.630602,41.773644415931145,63.11510389533647,0.0025025614391685574,0.006515443185052969,25.104705988982968,545.0896417901664,2470.710013031176,287.84487653657686,0.49647233875327346,0.06740431389891037,1.0341378990086842,COMPLETE
341,1456539.8985455052,2026-05-07 04:11:10.454007,2026-05-07 04:11:29.360359,0 days 00:00:18.906352,22.147328448472006,87.91232703875743,0.00511553583861335,0.00728321327987877,41.580838356295494,325.70000808915864,2192.215261778485,262.28219352658544,0.4292860302157367,0.07040869865961155,0.9312933332714436,COMPLETE
342,1249812.124286457,2026-05-07 04:11:29.361926,2026-05-07 04:11:44.871391,0 days 00:00:15.509465,24.896688047004183,98.51383649589748,0.009533226484182951,0.003094916493214267,22.319891254645814,375.78658394012683,2082.5784375236353,348.7148931891368,0.3682176822712672,0.05759807631185103,0.595934781382278,COMPLETE
343,1000000000.0,2026-05-07 04:11:44.873054,2026-05-07 04:11:52.059380,0 days 00:00:07.186326,38.567007439313855,57.40063109912485,0.0005628346551695276,0.009531549168659866,25.098087929351944,649.9220886814355,2478.7407708384308,481.0127121566816,0.4793421857268433,0.08856662782015405,0.9852203705109618,COMPLETE
344,1273437.3599287113,2026-05-07 04:11:52.060896,2026-05-07 04:12:07.672512,0 days 00:00:15.611616,41.07198523483111,93.53317349711213,0.0016942262061471042,0.0062370712057814035,33.00961948726905,318.25334247027604,2308.101024263633,450.88820729177473,0.4846632308434235,0.0843955253259801,0.8180735099154411,COMPLETE
345,1313671.883793756,2026-05-07 04:12:07.674160,2026-05-07 04:12:23.580665,0 days 00:00:15.906505,29.31655073114503,44.38694041158418,0.000887874004437047,0.004620482152647378,12.32693807280057,488.91851310009895,2443.671780840815,425.1513419739658,0.43617222330611466,0.04714321452389898,0.9155571268438307,COMPLETE
346,1511765.8093780507,2026-05-07 04:12:23.582152,2026-05-07 04:12:48.997521,0 days 00:00:25.415369,35.04456692323715,89.38028591839036,0.003862426822003732,0.010547616005779758,39.819126559368954,494.3141146328634,2026.683869015679,479.72350709705927,0.45395465128170914,0.06293755325499065,0.9253519780832986,COMPLETE
347,1300009.3768037239,2026-05-07 04:12:48.999032,2026-05-07 04:13:04.711438,0 days 00:00:15.712406,10.857518245640165,98.6461328537417,0.004447429175456389,0.004737727280381125,43.547625345170516,318.8633042129546,2577.5636697754467,358.43355759783935,0.37488181924640357,0.06752031033785202,1.0536593351688799,COMPLETE
348,1394327.288187586,2026-05-07 04:13:04.713124,2026-05-07 04:13:20.419115,0 days 00:00:15.705991,38.885806071640765,54.68389144361068,0.002137477930269008,0.010665565910613758,26.096921482941095,334.5470660509879,2903.529684477083,343.4911919897377,0.4300009154260282,0.05343612904197067,0.960451307232813,COMPLETE
349,1524740.8729765164,2026-05-07 04:13:20.420766,2026-05-07 04:13:36.021354,0 days 00:00:15.600588,26.66596634036147,93.55442222551942,0.0056725982627892635,0.005588703569283832,68.53501333216535,567.3892879426771,1699.2380238570497,390.90885318640505,0.23366478285048678,0.04793246689812879,1.0988711157337747,COMPLETE
350,1479756.214234343,2026-05-07 04:13:36.022858,2026-05-07 04:13:51.626487,0 days 00:00:15.603629,29.74892284202399,54.59639752669504,0.004095148185271692,0.00550384917589478,20.827813164417822,694.6787679978345,2584.3308880992395,482.6166934589302,0.4062843623096762,0.03908809543495046,1.0133797130261992,COMPLETE
351,1464364.582192416,2026-05-07 04:13:51.628070,2026-05-07 04:14:07.396381,0 days 00:00:15.768311,15.764707454501718,59.662124111847355,0.009133856418346993,0.002828846257579457,19.169157547803344,1049.2159693453682,2146.006925608477,436.9197823029782,0.4826022623366487,0.04765253592474185,0.6766560840430548,COMPLETE
352,1258205.6593411947,2026-05-07 04:14:07.398105,2026-05-07 04:14:22.901789,0 days 00:00:15.503684,31.486422885125627,60.31747232777151,0.004107300756827071,0.0060432789570799995,11.050012998468768,307.326802334457,2956.6735311922716,479.0576270350789,0.4329922538887997,0.03337367022146204,1.0593395700769601,COMPLETE
353,1211140.4051677026,2026-05-07 04:14:22.903154,2026-05-07 04:14:38.520485,0 days 00:00:15.617331,27.90584517803101,96.37816783914998,0.007093019476498586,0.0046402950235031985,48.46249868440927,311.4349986572992,2919.4710404421044,499.70012518465984,0.451001622579459,0.06482575528390924,0.6349052656762793,COMPLETE
354,1146810.6903754126,2026-05-07 04:14:38.521975,2026-05-07 04:14:58.052941,0 days 00:00:19.530966,24.930338179115573,66.02392961212652,0.004983155759220898,0.00273792873590002,11.049992392102677,314.0106170048666,2710.934209775142,436.15739211803776,0.46511775608596423,0.06146834840885346,0.7157540356497861,COMPLETE
355,1522529.6438244942,2026-05-07 04:14:58.054600,2026-05-07 04:15:13.610457,0 days 00:00:15.555857,40.19935253014359,68.89976531342455,0.0002681019877608516,0.006987937871704895,16.243393061782363,703.00127896851,2801.845748406098,425.1189280889063,0.47850925620499857,0.05213782492517463,0.9940205436979799,COMPLETE
356,1719628.240234581,2026-05-07 04:15:13.611995,2026-05-07 04:15:31.026858,0 days 00:00:17.414863,45.986608009466046,52.07680290189439,0.0007119160835725724,0.013257988139931775,55.890055071462264,1895.3333746605772,1320.7484100727927,434.7132110862568,0.18408381680429403,0.019377092384008848,0.9737429459539054,COMPLETE
357,1303181.369674194,2026-05-07 04:15:31.028370,2026-05-07 04:15:46.676455,0 days 00:00:15.648085,21.272916797929206,56.30568105760291,0.0044256533479005425,0.00513486714002402,17.935298194324826,363.8339343918845,2660.0719576947617,395.30112820466707,0.45813538905783063,0.06809069704967868,0.7694099001113727,COMPLETE
358,1478974.7634162258,2026-05-07 04:15:46.677852,2026-05-07 04:16:02.167418,0 days 00:00:15.489566,17.310250825367945,74.46763270322604,0.0050684285217163505,0.008994271957001528,20.029392499476664,370.14023606419636,1239.4939483807862,408.709913548318,0.3378071398245458,0.0032880085491265552,0.6738681258123651,COMPLETE
359,1226478.3669702394,2026-05-07 04:16:02.168896,2026-05-07 04:16:20.779861,0 days 00:00:18.610965,23.78770560795937,86.60028509641175,0.0004490869495172567,0.003459124586556124,12.01992939861296,447.98881608295676,2606.9393473270006,491.3555650390619,0.4009804161602481,0.09682004997446753,0.8834620132122509,COMPLETE
360,1238016.755021368,2026-05-07 04:16:20.781525,2026-05-07 04:16:36.383348,0 days 00:00:15.601823,27.36096362410541,91.5878654992177,0.0034622645521927954,0.0024378855921237045,15.343564252321709,668.7953026754664,2701.7302145350977,453.4587225687266,0.495364550257055,0.04090583423732701,0.7901496027733248,COMPLETE
361,1532101.736894894,2026-05-07 04:16:36.385135,2026-05-07 04:16:52.088474,0 days 00:00:15.703339,40.497440564442584,62.593257703186005,0.00976721897573724,0.005720085835275099,22.191485570933928,896.008397380085,1942.9072660938255,451.20559548831835,0.42801195292283317,0.015394023204839295,0.684749765574862,COMPLETE
362,1368819.087610609,2026-05-07 04:16:52.090076,2026-05-07 04:17:07.714409,0 days 00:00:15.624333,8.483791594274095,77.74663542222261,0.0018642161003715153,0.007731713724583982,35.921352686890536,349.72584115657094,2955.7312358006297,485.55929529709834,0.3414462166245516,0.05648287797293793,0.5739983081324828,COMPLETE
363,1217628.9002514102,2026-05-07 04:17:07.716030,2026-05-07 04:17:23.500246,0 days 00:00:15.784216,34.444850961258076,75.21353100250839,0.0004243221869191698,0.004217240616169703,22.22482973489932,331.4523818316294,2977.4737670515533,334.52609469214576,0.4894119749138775,0.08172246194937088,1.0754580909685043,COMPLETE
364,1201464.0544030992,2026-05-07 04:17:23.501665,2026-05-07 04:17:39.096802,0 days 00:00:15.595137,27.905721217343025,93.89580175525515,0.009594855422086226,0.002459710735219565,54.21268830096395,469.7603162582433,1105.1157260992338,447.7191648071237,0.36552536428145244,0.07333155955530787,1.0342550128670502,COMPLETE
365,1408818.2079034692,2026-05-07 04:17:39.098472,2026-05-07 04:17:54.581346,0 days 00:00:15.482874,31.66209236938484,98.6651988996096,0.0024405343142453037,0.009188486682456098,11.841058348741925,386.12504650340213,2953.9163065765392,365.1039608305733,0.411821139354653,0.07792040262745323,0.5669335605815313,COMPLETE
366,1430362.429011171,2026-05-07 04:17:54.582956,2026-05-07 04:18:10.571791,0 days 00:00:15.988835,27.64675125884604,90.29043793275055,0.004192729910046046,0.00815069858110194,11.263431987443319,507.01657272891055,2796.0833445533676,488.8969397345557,0.48662937425491243,0.06309246887020165,0.7292406079925051,COMPLETE
367,1394614.9825433528,2026-05-07 04:18:10.573272,2026-05-07 04:18:26.129420,0 days 00:00:15.556148,29.754869457441803,75.7452223201422,0.0003260699285050427,0.006714396059750707,14.218751761775884,408.7538922299349,2199.9778644325265,370.68862345188285,0.4706837118414041,0.05011686415396794,1.0956936355146274,COMPLETE
368,1441953.2681533026,2026-05-07 04:18:26.131022,2026-05-07 04:18:45.025267,0 days 00:00:18.894245,26.9278043768241,31.50530305311792,0.0036655501466704705,0.03126763550402328,15.542972437010732,1874.0221764305902,2673.1804027367134,223.80671143132483,0.11017057398432437,0.02797980114940022,1.0805686092940612,COMPLETE
369,1706838.8752236024,2026-05-07 04:18:45.026574,2026-05-07 04:19:03.591681,0 days 00:00:18.565107,28.946389503969865,74.12686893874665,0.0029562750236318902,0.012158609208756402,15.537374586240087,489.4441634685822,2439.9365509718136,231.65760281363288,0.43776382306722716,0.045311046778986175,1.1110721119629265,COMPLETE
370,1237464.5009260646,2026-05-07 04:19:03.593199,2026-05-07 04:19:19.474518,0 days 00:00:15.881319,23.314142499559026,77.5821238831445,0.0004224737703341611,0.0035444533234314088,21.065257599099947,410.6076394146944,1416.3250582468372,491.5742568358388,0.38024725146920024,0.037002016051829595,0.8686046264056817,COMPLETE
371,1323125.9041084093,2026-05-07 04:19:19.476142,2026-05-07 04:19:34.994584,0 days 00:00:15.518442,20.412734405002595,96.72509230825196,0.009142295023281915,0.003882623987916059,53.155992296483,498.6489464489036,1567.1859597561559,434.7945189056512,0.4850670711750169,0.07932432417329503,0.9377696181849826,COMPLETE
372,1320296.9331800188,2026-05-07 04:19:34.996932,2026-05-07 04:19:50.597571,0 days 00:00:15.600639,27.76199656657976,70.42249405656267,0.00905823910035153,0.004146242499986432,61.95460893008797,514.4493538406495,1016.3562462181501,495.8274796407,0.45061784936242005,0.09317775075199239,1.1043972484412736,COMPLETE
373,1374724.6227587378,2026-05-07 04:19:50.599084,2026-05-07 04:20:07.090443,0 days 00:00:16.491359,21.724009558507436,94.99870092302854,0.007163064684229718,0.0051605399745576685,64.97565964810032,455.00495678638936,1412.6876194544002,479.92802806467114,0.38704845370063634,0.057649486620145754,1.1550684444543036,COMPLETE
374,1000000000.0,2026-05-07 04:20:07.091944,2026-05-07 04:20:14.282969,0 days 00:00:07.191025,27.836514471596693,71.15406099199146,0.009822706027105763,0.011874533249130884,47.88546991328232,421.1470444510031,1450.6659662497377,345.34103383391437,0.30687665365443384,0.05372037746687926,1.127027026202845,COMPLETE
375,8374768.1704260055,2026-05-07 04:20:14.284617,2026-05-07 04:20:29.873468,0 days 00:00:15.588851,19.60445861108123,61.22213353741809,0.0059539285776615426,0.0037720279841261177,31.64546345866815,323.049232579378,1268.1336000217975,459.1210718197974,0.23282381138704428,0.049193201882482246,0.6749665965492896,COMPLETE
376,1697379.5495827289,2026-05-07 04:20:29.875115,2026-05-07 04:20:45.906000,0 days 00:00:16.030885,34.60128922529364,92.65465662405644,0.007769333372725688,0.010647763730267858,77.42532078697138,426.0608925173024,1489.6971285026004,397.448351287226,0.24294104166812683,0.07536638765392695,1.0045644385046306,COMPLETE
377,1419639.3506521357,2026-05-07 04:20:45.907779,2026-05-07 04:21:01.604278,0 days 00:00:15.696499,18.711199400891807,79.8423445109824,0.005011667123069837,0.0034928632347771245,99.78963914339906,911.4472076089272,2505.1818778386723,489.778867332379,0.41942165540052223,0.04904147479036541,0.8580081841210894,COMPLETE
378,1387511.5788239224,2026-05-07 04:21:01.605786,2026-05-07 04:21:17.220228,0 days 00:00:15.614442,33.6336613784839,99.8795403736732,0.009611522069849299,0.0061736131992298,66.32283767159294,393.3497298925482,1266.7524181546391,460.67267850170015,0.34928016211930146,0.08403001746713876,1.0735155747254777,COMPLETE
379,1380590.7184501397,2026-05-07 04:21:17.221698,2026-05-07 04:21:32.736761,0 days 00:00:15.515063,18.578025003597997,78.53536429932468,0.005504781165782014,0.004933424695673771,31.829978422913754,477.9131860805083,2903.1958446538943,421.4757769025248,0.4819510741534826,0.07584775879998461,0.6125252865105263,COMPLETE
380,1546250.8254103882,2026-05-07 04:21:32.738341,2026-05-07 04:21:51.563147,0 days 00:00:18.824806,26.54750829659032,79.76982513948788,0.009940881306539103,0.004631949658315426,46.820483475166995,761.1274326355408,1196.96954521057,430.1921139199534,0.3249718301597057,0.06143360999364008,0.9646427335515982,COMPLETE
381,9335875.001044482,2026-05-07 04:21:51.564641,2026-05-07 04:22:07.115106,0 days 00:00:15.550465,23.289149657310336,91.13537797499774,0.0022687691811084,0.04570706886755539,87.21695987101258,1684.8658503713075,1437.5723203717778,194.5276747778318,0.3403438220769902,0.05989890691429585,1.146006465536387,COMPLETE
382,1131634.6411489744,2026-05-07 04:22:07.116677,2026-05-07 04:22:25.748424,0 days 00:00:18.631747,24.700761858724174,71.40525652723994,0.0018995203687251232,0.0020988142113089114,23.63772238995523,317.27040546904857,2895.0551427555993,340.60615506824416,0.40632828895579537,0.04353989340943831,1.0499182914874223,COMPLETE
383,1307116.0420833512,2026-05-07 04:22:25.749954,2026-05-07 04:22:41.383342,0 days 00:00:15.633388,35.15860882492649,80.61743473001602,0.0022806414170532547,0.004757404350134597,15.123027647773519,519.5140317020213,2705.764482833199,471.92065317070677,0.49674349982456234,0.08160124782806244,0.9245352292358051,COMPLETE
384,1800090.1394561972,2026-05-07 04:22:41.384919,2026-05-07 04:22:57.029690,0 days 00:00:15.644771,15.978757112939466,99.47590402311126,0.0018754140274482621,0.011347216888251018,45.478471511338114,330.14039820254766,2613.8802266779535,335.86231529685773,0.459974139332374,0.027562038816133054,1.1978288900869454,COMPLETE
385,1347315.0734418957,2026-05-07 04:22:57.031386,2026-05-07 04:23:22.477943,0 days 00:00:25.446557,21.943260749561546,99.02554914975316,0.0032630575898369395,0.0039704881382246916,20.70759684671897,448.9084597853681,2683.9890177820266,224.79111149405549,0.47174870718663736,0.07355981357316532,1.1782075459793497,COMPLETE
386,1633597.9564853373,2026-05-07 04:23:22.479526,2026-05-07 04:23:38.377302,0 days 00:00:15.897776,20.88487588226,52.64988453158733,0.0027097813055166624,0.005773444576100276,28.32507925043172,357.7968320013461,1551.3068639602652,385.81491829156533,0.3914393181080396,0.0422401504587698,0.6785800438193211,COMPLETE
387,1530261.6141374002,2026-05-07 04:23:38.378933,2026-05-07 04:23:57.005304,0 days 00:00:18.626371,29.969933941758402,79.03996135348179,0.0036368868914182966,0.014846293098031343,51.05387992528937,495.00424363151967,2967.1186277332777,298.5926077902466,0.363300372905627,0.03844515480381431,0.9462509207321348,COMPLETE
388,1620930.859837175,2026-05-07 04:23:57.006865,2026-05-07 04:24:12.709408,0 days 00:00:15.702543,16.402387392714573,30.5136933133154,0.0024765115877422163,0.03808457741875072,43.79286808296042,952.7998374133102,2311.4375229345887,244.39557611721,0.4474843177104135,0.052000840859555,0.7898918521681727,COMPLETE
389,1522953.8120189249,2026-05-07 04:24:12.710924,2026-05-07 04:24:28.355517,0 days 00:00:15.644593,31.18606884062046,98.9471429473222,0.0007224633840745495,0.031736452875635326,31.613342028224217,1470.2217628741573,2053.91187211963,178.1314124421304,0.3070029073060706,0.09915280033549381,0.6557307218342256,COMPLETE
390,1411090.463482866,2026-05-07 04:24:28.357042,2026-05-07 04:24:44.067746,0 days 00:00:15.710704,31.41899546809014,88.99423439294914,0.009583317042364141,0.003011364061359491,91.8702315696016,779.0934651920511,1747.0020934435868,349.03253516621953,0.22500161105684996,0.03141990438564334,1.0058545483889174,COMPLETE
391,1000000000.0,2026-05-07 04:24:44.069389,2026-05-07 04:24:51.166463,0 days 00:00:07.097074,35.755770171119316,71.18337838291322,0.00908878938024991,0.0034538214487862414,44.16535042406744,372.3434084082465,1144.3956217621867,457.8053073049596,0.49903922860761746,0.05117996206183237,0.9876696210652677,COMPLETE
392,1621936.6801800237,2026-05-07 04:24:51.168032,2026-05-07 04:25:06.784438,0 days 00:00:15.616406,24.164879933038293,55.162736079515795,0.002409798083037277,0.012328336762053463,68.02594769446662,459.45003276348035,2483.4992530631303,371.53442416195617,0.3705366776265491,0.031152476624691734,1.1185613018924059,COMPLETE
393,1342378.4602305263,2026-05-07 04:25:06.785911,2026-05-07 04:25:25.304471,0 days 00:00:18.518560,17.283661376912917,66.60718887998117,0.00817967268380566,0.004264473345918377,10.213613659037815,512.1311936617236,2964.0562674146204,427.6234120943443,0.45085144301905894,0.05703736591486885,0.7344002727424285,COMPLETE
394,1594349.169259181,2026-05-07 04:25:25.306083,2026-05-07 04:25:44.186410,0 days 00:00:18.880327,31.953111768114432,97.68473394363716,0.009063754904629764,0.004404302922098438,58.367418297061434,1199.348695029249,2204.6768490297773,449.226899277779,0.25264100059353806,0.042601081784220216,1.131083628001017,COMPLETE
395,1347207.5353099345,2026-05-07 04:25:44.187990,2026-05-07 04:26:02.713534,0 days 00:00:18.525544,30.18032655417063,74.68372442126947,0.0017551561013891587,0.003139200177300289,29.066471394895977,775.7689638835254,2541.0356782801728,355.4745650061565,0.4634650487920312,0.044941355197821796,0.8770742309566651,COMPLETE
396,1385989.904468023,2026-05-07 04:26:02.715227,2026-05-07 04:26:18.317583,0 days 00:00:15.602356,23.669860231115848,57.847522801796686,0.0015834235259607546,0.003376320984914376,85.05873604167768,847.4529566472581,2836.3017294173706,402.63086081954447,0.41954828337921135,0.06837109559958301,0.9745337628458113,COMPLETE
397,1264750.0257494003,2026-05-07 04:26:18.319162,2026-05-07 04:26:33.829528,0 days 00:00:15.510366,24.37218681271306,86.87968891294891,0.004090981251981931,0.004393424105686175,70.09907437522145,318.7581850971732,2614.274729406175,430.6439342145241,0.2941459803443616,0.09996044755712902,1.0526310884334524,COMPLETE
398,1000000000.0,2026-05-07 04:26:33.831068,2026-05-07 04:26:40.946418,0 days 00:00:07.115350,6.785868278521922,55.75393234416491,0.002782670426071638,0.005372417034287178,48.96830093593262,483.95453279226797,1601.9651160261656,440.73318821076134,0.4420168572446669,0.015541136760816452,0.8838658789458812,COMPLETE
399,1564639.4439870287,2026-05-07 04:26:40.947928,2026-05-07 04:26:56.579396,0 days 00:00:15.631468,26.990488292861993,61.782203683497016,0.0024976361214381596,0.011796091420514007,44.84647841729941,419.92306005749913,2980.122238972743,427.0204172832721,0.4702714262065031,0.05966646407235814,1.1167979012345433,COMPLETE
400,1529304.271081324,2026-05-07 04:26:56.580894,2026-05-07 04:27:12.681104,0 days 00:00:16.100210,18.149458243453157,89.29706476163695,0.00439957367551335,0.030521633222369494,73.3138194494912,467.59039018459134,2870.328400075413,127.42285921245096,0.16060798371834847,0.060056130669183395,0.636083863232404,COMPLETE
401,1117573.1141976041,2026-05-07 04:27:12.682589,2026-05-07 04:27:28.250990,0 days 00:00:15.568401,15.594463816740872,82.10594047674005,0.001692171992698243,0.0021073522888080147,42.20697604046054,304.2907767833471,2695.3299019400356,439.8592306206185,0.33882901049208275,0.013653659887338594,1.033828943500585,COMPLETE
402,1514252.0821939567,2026-05-07 04:27:28.252561,2026-05-07 04:27:47.069432,0 days 00:00:18.816871,7.084009312488925,90.3829247503307,0.0013321529293266708,0.005155115056047868,38.87682818177887,652.4932998781517,2419.644350762635,495.62771811642017,0.3608976968626649,0.018767178663956628,1.1548840586103337,COMPLETE
403,1551223.04919865,2026-05-07 04:27:47.070982,2026-05-07 04:28:02.661496,0 days 00:00:15.590514,19.001793058481116,68.24979607515718,0.0021984560656977794,0.009168864448939966,58.482747944343735,576.3657362517772,2470.242194392265,428.5460265481664,0.21664771519969084,0.029642689486332054,0.9927114023304332,COMPLETE
404,1306328.6050373088,2026-05-07 04:28:02.662988,2026-05-07 04:28:18.269644,0 days 00:00:15.606656,34.10954492402893,53.95443514216142,0.005737792323526102,0.008532024206941725,10.37783930460547,330.55216561154776,2905.858191832438,491.8706492800957,0.39397837258701984,0.055175721802178106,0.7800216782872402,COMPLETE
405,1719416.1102836651,2026-05-07 04:28:18.271297,2026-05-07 04:28:33.855713,0 days 00:00:15.584416,14.326490830555882,85.65968594451115,0.0058621409499098245,0.03773933150756786,14.6303511791536,1225.4264043378173,1481.1199462459626,447.9199455078154,0.2995687373688883,0.06887580612150701,1.049725875438408,COMPLETE
406,1383278.289512764,2026-05-07 04:28:33.857351,2026-05-07 04:28:50.771003,0 days 00:00:16.913652,28.486900980235482,80.92213642144117,0.008341158761799134,0.007523271030713163,24.447379516704217,347.1621895291307,2536.4286182779015,398.66650559514477,0.4805914731570916,0.06406531788845249,0.7334409348366988,COMPLETE
