number,value,datetime_start,datetime_complete,duration,params_adaptive_alpha_pos,params_adaptive_lambda,params_i_clamp_ori,params_i_clamp_pos,params_i_gain_ori,params_i_gain_pos,params_k_pos_max,params_k_pos_min,params_m_pos_max,params_m_pos_min,params_zeta_pos,state
135,1483481.2994803437,2026-05-07 03:18:39.405767,2026-05-07 03:18:55.113309,0 days 00:00:15.707542,13.50397034227877,91.82144620209384,0.003937410433000692,0.006071628929433116,15.579859651247455,483.7045241052813,2451.503970178723,381.0975759705822,0.4275316537912915,0.08121485780283606,1.0477010600975343,COMPLETE
136,1547384.8085318531,2026-05-07 03:18:55.114786,2026-05-07 03:19:10.685158,0 days 00:00:15.570372,23.43149541874762,72.21278645889119,0.005964369058237842,0.007167493865291818,20.80397665103851,728.7118855452206,2526.1482209177834,419.89794886752907,0.4654724340723519,0.0437584028352971,0.7264039569047815,COMPLETE
137,1457936.6590410522,2026-05-07 03:19:10.686745,2026-05-07 03:19:26.493171,0 days 00:00:15.806426,32.88879845220304,64.85495480403094,0.0039923009925571275,0.013778906383871085,52.08931460623646,361.3175706256859,2921.837777363133,278.18020584036526,0.45884990362701406,0.08474897975500921,0.7978594047506972,COMPLETE
138,1396965.5857730992,2026-05-07 03:19:26.494996,2026-05-07 03:19:42.574897,0 days 00:00:16.079901,28.984138564585393,83.32594221156718,0.004652408064364988,0.005142528017500996,30.85794915266292,433.4638526139154,2817.2130204586683,420.0028109366395,0.4168870155366614,0.033589477992969935,0.8067339985833806,COMPLETE
139,1511382.966158023,2026-05-07 03:19:42.576533,2026-05-07 03:19:59.033543,0 days 00:00:16.457010,9.67868976642069,88.59913678058084,0.005698153885267834,0.015726981454059485,29.258039273934173,516.5890049003212,2627.709815518068,484.84401859843655,0.47656054231694905,0.03169851548406248,0.60804819457808,COMPLETE
140,1531599.7170823852,2026-05-07 03:19:59.035023,2026-05-07 03:20:15.228177,0 days 00:00:16.193154,34.22804736826289,67.43671811265762,0.006673077091301753,0.004924841022915788,63.98110259349234,664.6802833028455,1782.4040769364365,403.7796315983071,0.31732476520281505,0.06798255208855988,0.5301659720693246,COMPLETE
141,1421550.0197645759,2026-05-07 03:20:15.229643,2026-05-07 03:20:33.826291,0 days 00:00:18.596648,45.3334835428718,67.92555806898201,0.006317132358837828,0.03871295072618637,46.95366456148179,512.6043196623392,2575.2721846725603,385.2618718589965,0.38799985794686603,0.09296171853982525,0.7990205092377675,COMPLETE
142,1275522.5592493846,2026-05-07 03:20:33.827765,2026-05-07 03:20:49.405341,0 days 00:00:15.577576,22.31227998693945,82.2077548797528,0.005929534311489407,0.003197473596099941,14.382882464423624,471.81860849350255,2999.381127516111,412.63331009110243,0.44396681240896363,0.09766964792123849,0.5702190474323684,COMPLETE
143,1233924.042083502,2026-05-07 03:20:49.407147,2026-05-07 03:21:05.011263,0 days 00:00:15.604116,11.54033410821043,93.73655376065204,0.004723831627447007,0.003970116006477381,21.266183466350647,353.3939788624853,2944.370251174558,480.3884206904592,0.42724626026573986,0.06807120185050622,0.7283829349878708,COMPLETE
144,1000000000.0,2026-05-07 03:21:05.012781,2026-05-07 03:21:12.398044,0 days 00:00:07.385263,7.807731035872727,97.57604627740827,0.004027947306636377,0.01020682972975984,20.829578006761928,329.43537483764425,2827.954579397223,491.7191674871511,0.48541151248503656,0.07817350181317066,0.7121591318017515,COMPLETE
145,11812222.27263613,2026-05-07 03:21:12.399515,2026-05-07 03:21:28.280934,0 days 00:00:15.881419,21.909407328238892,57.82763498475322,0.0029352302248953567,0.0026620586823516215,17.73576580624467,656.0964055162408,2384.9428374943736,473.30538439607665,0.4233033552912672,0.03942667374675034,0.5993528383002427,COMPLETE
146,1381452.9267516793,2026-05-07 03:21:28.282491,2026-05-07 03:21:43.957261,0 days 00:00:15.674770,16.70538803924391,83.65672677511918,0.008417220750905646,0.006087326915921844,24.07101257482197,368.5081652586507,2705.3794294184722,366.0604647096477,0.44276401757014394,0.06176857355450655,0.9406414029818404,COMPLETE
147,1226867.590250934,2026-05-07 03:21:43.958769,2026-05-07 03:22:00.539264,0 days 00:00:16.580495,20.860857525388287,94.00086170514213,0.009209472815500715,0.004097489459723484,51.38025888535821,338.574266712294,1968.3962278171587,482.5677244739192,0.4222593951075141,0.08027024491780389,0.6721032651355727,COMPLETE
148,1537154.4911579401,2026-05-07 03:22:00.539920,2026-05-07 03:22:16.135852,0 days 00:00:15.595932,30.83818878297018,90.80139603147646,0.0047781337715650865,0.01000961721744057,36.4121360150669,759.1362341798591,2943.378103808232,490.47232373296424,0.495725563489587,0.047606562122006583,0.8197446586171003,COMPLETE
149,1395969.0465079364,2026-05-07 03:22:16.137341,2026-05-07 03:22:31.711177,0 days 00:00:15.573836,23.996905519802905,99.78225381241558,0.006108324161196296,0.002572515848475963,36.76556468160669,765.4318599346191,2230.0583777593747,448.76618288305787,0.32534377491877264,0.08518254104271976,0.5416720337228185,COMPLETE
150,1366062.6463515044,2026-05-07 03:22:31.712803,2026-05-07 03:22:47.324541,0 days 00:00:15.611738,21.6219389928551,82.45403146215023,0.0038560253488604123,0.007458139742020758,17.480147858233746,394.81903653662005,2728.792228882387,492.5236976874945,0.43432253323145226,0.02375417924842655,0.6319850520689517,COMPLETE
151,1227391.9251066495,2026-05-07 03:22:47.325473,2026-05-07 03:23:03.026489,0 days 00:00:15.701016,18.22052517214523,91.57001717456626,0.0018463235354527574,0.0022266319916709847,17.438285354382174,663.8826772090517,2898.6040027731096,465.787128346696,0.43654233280844235,0.06703891923080632,0.7058314825574025,COMPLETE
152,1000000000.0,2026-05-07 03:23:03.028145,2026-05-07 03:23:10.213855,0 days 00:00:07.185710,23.715559637563956,83.50678842555847,0.009182005992559179,0.00951695416805434,42.04975738795896,396.4956232025953,1580.6435334599876,425.01316187606994,0.3488199844856694,0.07450643002957423,0.6272527094584968,COMPLETE
153,1570314.6672514554,2026-05-07 03:23:10.215421,2026-05-07 03:23:25.907146,0 days 00:00:15.691725,17.586586445833866,99.47762538876063,0.0043596776686276074,0.00631760045280394,25.459659120002364,855.0481294683802,2803.131234874426,419.3200547921931,0.395546216337184,0.05919427054592791,0.8009451575162079,COMPLETE
154,1131918.7835834133,2026-05-07 03:23:25.908618,2026-05-07 03:23:42.102284,0 days 00:00:16.193666,32.89515693143556,90.36972825625139,0.0021239045412691083,0.00236904178835688,13.412715979460135,356.0927161659499,2723.7692744420624,465.4545363334175,0.4960508593461953,0.07544558791793932,0.832545685112688,COMPLETE
155,1303782.9783380565,2026-05-07 03:23:42.103767,2026-05-07 03:23:57.829785,0 days 00:00:15.726018,14.10966909107533,80.2217042960291,0.008934529354766426,0.0024774572494968778,24.886835328843706,741.8489463978033,2770.3135912539174,383.0558640624767,0.358388271511933,0.038302560726064305,1.120852103833861,COMPLETE
156,1454156.916101424,2026-05-07 03:23:57.831477,2026-05-07 03:24:16.428138,0 days 00:00:18.596661,18.605160657048373,93.38868904176724,0.002817475139376216,0.0058034555249013315,11.856042032202868,411.3419908351834,2999.9367131101153,222.39660601516223,0.451342539274141,0.04115185525461024,0.9282428868644118,COMPLETE
157,1453245.0049594308,2026-05-07 03:24:16.429697,2026-05-07 03:24:32.045858,0 days 00:00:15.616161,16.2358143464596,81.10169755835946,0.004191811812631612,0.015411776231082218,10.989891994562132,310.7961898667936,2969.877970946675,471.144778728456,0.3855812731802325,0.0601091592393034,0.750763663369894,COMPLETE
158,1261005.3555566007,2026-05-07 03:24:32.047437,2026-05-07 03:24:50.647291,0 days 00:00:18.599854,33.07871794727515,84.93280255278026,0.000477559889081399,0.00391548560765988,27.32123966529737,480.0035842978052,2583.4595837446473,472.9006574940453,0.44620026539631175,0.0550642128233346,0.7424023762090808,COMPLETE
159,1000000000.0,2026-05-07 03:24:50.648804,2026-05-07 03:24:58.097382,0 days 00:00:07.448578,36.69612369301106,92.24887396882767,0.0012781739137522191,0.007243973140378083,33.232525720369736,542.5354109189093,2626.607836979877,463.4515061108066,0.43355030091530183,0.05739204410197284,0.6970015834151206,COMPLETE
160,1235718.0533428125,2026-05-07 03:24:58.099043,2026-05-07 03:25:13.995686,0 days 00:00:15.896643,14.347367455708568,79.29257173333649,0.006469303928818518,0.0030682874576533625,42.51743293856522,472.99962245022994,2811.1552894311935,483.37782384349833,0.3451149459080039,0.051743061630555504,0.7007204385890505,COMPLETE
161,1202235.6002956382,2026-05-07 03:25:13.997366,2026-05-07 03:25:29.496941,0 days 00:00:15.499575,8.001502815638581,74.15067745019013,0.005577813690992677,0.00333597663984836,11.546936615350267,322.78048394043736,2096.828490201793,453.1423702814902,0.31214489429894376,0.04574596114735074,0.7015017523458317,COMPLETE
162,1341185.568890862,2026-05-07 03:25:29.498523,2026-05-07 03:25:44.981704,0 days 00:00:15.483181,18.08405213342101,53.93137525496404,0.0069837765186641105,0.011455274141873695,19.79125370606827,328.3426231925759,2577.11613059344,411.06778945715854,0.3114375501434487,0.0193190179902192,0.5942808079223537,COMPLETE
163,1000000000.0,2026-05-07 03:25:44.983219,2026-05-07 03:25:52.197560,0 days 00:00:07.214341,12.5834012686438,95.19711073944406,0.00844667970263804,0.015970598902579344,39.03568488396239,810.8776586928611,1841.2195954684314,495.9416909700585,0.40327303225538214,0.06925180124009281,0.7386863323823105,COMPLETE
164,1000000000.0,2026-05-07 03:25:52.199042,2026-05-07 03:25:59.264690,0 days 00:00:07.065648,8.515283450958249,73.35442735108187,0.005264419177659378,0.0028282847682354535,25.09573221158297,464.0788870099419,2306.256385092259,495.52303114035294,0.3657978921965477,0.0359602847569081,0.5968652691774642,COMPLETE
165,1000000000.0,2026-05-07 03:25:59.266307,2026-05-07 03:26:06.688365,0 days 00:00:07.422058,12.91057516373452,88.6834147460177,0.006199751514822677,0.008197564107965686,44.38939290130889,578.4562343179712,1575.1123777899065,484.02208535889275,0.22348427451241576,0.010112977872383959,0.8567716421892722,COMPLETE
166,1533885.202030622,2026-05-07 03:26:06.689842,2026-05-07 03:26:23.102330,0 days 00:00:16.412488,6.249453286809038,80.41097415549737,0.004324115735741799,0.011155579930226901,24.78378101849073,336.6400020081629,1472.5150109689616,372.1244866335762,0.29718938694019864,0.061896495704364125,0.7121877902449907,COMPLETE
167,1349874.7862403854,2026-05-07 03:26:23.103970,2026-05-07 03:26:38.996058,0 days 00:00:15.892088,13.41363526381148,53.98580447212629,0.005898630508009275,0.004617698694588536,17.646669573691955,369.41504763076654,2442.1338993477098,330.4213310682481,0.3577208826660522,0.06440706014564582,0.8424515295823413,COMPLETE
168,1462309.3942636084,2026-05-07 03:26:38.997677,2026-05-07 03:26:54.762374,0 days 00:00:15.764697,9.229808526772011,87.6431787185691,0.007877267569901366,0.0059921834699402324,69.39334628936594,321.2067200475569,2183.2626654895903,349.827975141085,0.4815797942561719,0.06018276870984085,0.5468424095903432,COMPLETE
169,1312672.3312457935,2026-05-07 03:26:54.763931,2026-05-07 03:27:11.314235,0 days 00:00:16.550304,10.566987661589067,93.31449181166043,0.007220357493675914,0.005871497266610786,41.81760893308017,320.1082322285091,2809.8125485091678,473.2137511503695,0.3398835047641313,0.08715795987144323,0.7805556018067834,COMPLETE
170,1510328.188584403,2026-05-07 03:27:11.315792,2026-05-07 03:27:26.836933,0 days 00:00:15.521141,40.2751130767294,97.74956532844243,0.0037212093483203123,0.017790000619806526,21.960595725415384,638.8390335711006,2397.3543728623654,438.5165772608286,0.49655363392828544,0.07187022448329052,0.8408070525368379,COMPLETE
171,1217503.3133915612,2026-05-07 03:27:26.838661,2026-05-07 03:27:43.230312,0 days 00:00:16.391651,24.61067395631527,97.07847014877922,0.003949603264729342,0.0030422667126568633,32.065709989142235,492.74057413587525,2840.581212331775,479.58600995995704,0.39475165447550487,0.0805831385711957,0.9042642532145428,COMPLETE
172,1299577.6878382051,2026-05-07 03:27:43.231876,2026-05-07 03:27:58.715564,0 days 00:00:15.483688,18.24247279698428,83.96455374880651,0.005006191063023623,0.003830829844599469,24.5870428185826,503.3852376307997,2850.0140171956436,492.0961728403221,0.3019620880576708,0.07689580243933256,0.9136573547354759,COMPLETE
173,1343065.3224669925,2026-05-07 03:27:58.717175,2026-05-07 03:28:15.321115,0 days 00:00:16.603940,20.088616134691385,81.10418102395712,0.0075597862729301114,0.005828070339734215,59.34702014317426,383.0059167731986,2716.2137674771693,493.16378451847874,0.25827891946295,0.0583304250382307,0.6203944435840272,COMPLETE
174,1585428.4154338515,2026-05-07 03:28:15.322690,2026-05-07 03:28:31.009229,0 days 00:00:15.686539,24.070790309071345,91.04215156144623,0.0030627749492206863,0.014112865984031223,39.17433767902951,781.9585771057596,2759.928602325387,484.9299626434893,0.4358031967092508,0.080593394449512,0.9011138459238685,COMPLETE
175,1000000000.0,2026-05-07 03:28:31.010739,2026-05-07 03:28:39.404286,0 days 00:00:08.393547,8.083177147787174,73.51605950278638,0.005448835062091606,0.005589609006568323,24.619787098791008,853.6426258200406,2041.9487765172428,373.4109112231258,0.24840200627708386,0.03871844190377413,0.6603946563533167,COMPLETE
176,1191750.5181863008,2026-05-07 03:28:39.405844,2026-05-07 03:28:58.005362,0 days 00:00:18.599518,9.64256447339114,91.88506211862824,0.003631287827303319,0.0024527922851090974,25.014872061986598,357.5225958971497,2929.938494343057,446.6975283516669,0.32971530413032146,0.0574904560959361,0.5498588782965534,COMPLETE
177,1484041.9623695663,2026-05-07 03:28:58.007061,2026-05-07 03:29:13.912553,0 days 00:00:15.905492,10.450390577275074,96.60056396166486,0.0035637781171739217,0.013951975361501598,43.350994113817876,486.83021361307027,2771.925127872759,401.0932023565168,0.20532581709061976,0.05431332437314365,0.5461534742461388,COMPLETE
178,1299619.3018045265,2026-05-07 03:29:13.914229,2026-05-07 03:29:29.586592,0 days 00:00:15.672363,38.541729133997364,53.42271180367145,0.00269256522743452,0.0025980751428933743,35.73482185822975,822.1964523718049,2799.2745427965724,372.54820129421967,0.4898330857247268,0.09194668977683383,0.8191881693262024,COMPLETE
179,1451450.2839428252,2026-05-07 03:29:29.588162,2026-05-07 03:29:46.080388,0 days 00:00:16.492226,14.174680222330966,84.62553034123637,0.006222018484622738,0.0032384101344884336,25.07320422185021,501.16841532237936,2835.190134564148,484.62605826540414,0.3553200467949512,0.02828530787562232,0.7884405926724808,COMPLETE
180,1396821.4186811512,2026-05-07 03:29:46.081971,2026-05-07 03:30:01.865695,0 days 00:00:15.783724,5.773948382564408,83.97962796865714,0.002772243794993433,0.005852400923535849,19.213202984140825,322.4602005396787,1964.5647926480488,474.56061034412073,0.24282454842213844,0.04750145371476104,0.6185548968718002,COMPLETE
181,1000000000.0,2026-05-07 03:30:01.866301,2026-05-07 03:30:09.173296,0 days 00:00:07.306995,37.8755322412461,89.1167995134464,0.004222700802281267,0.005207443400693223,21.122716002027403,505.4970986954016,2920.3968187939254,462.297464591248,0.46063977158797714,0.06378595211540822,0.7903893302773731,COMPLETE
182,1329700.7077063979,2026-05-07 03:30:09.174926,2026-05-07 03:30:24.766350,0 days 00:00:15.591424,28.158112906161122,80.22708250841423,0.0030576376114322236,0.004874217805705805,12.522720039791372,454.686119664502,2856.7056557613273,373.07209562631317,0.48151795957802795,0.07884452841334225,0.7994721152752529,COMPLETE
183,1234010.8542222474,2026-05-07 03:30:24.767844,2026-05-07 03:30:41.264396,0 days 00:00:16.496552,13.429213390457086,90.09824806910089,0.0045622931979849716,0.004352350942749173,50.203604975978266,316.1892648854192,2595.0361961241374,499.42101816798674,0.3765914787110692,0.06375246193663503,0.5948442256718425,COMPLETE
184,1148538.6497233075,2026-05-07 03:30:41.266018,2026-05-07 03:30:56.858959,0 days 00:00:15.592941,26.562861865001715,98.80743191024513,0.0030178840779359296,0.0022852140748829963,29.62948352680059,423.1550271766504,2432.2390563036133,493.828943873845,0.40542509229319645,0.07583735612885774,0.9166567663841403,COMPLETE
185,1502962.5655703314,2026-05-07 03:30:56.860443,2026-05-07 03:31:12.468362,0 days 00:00:15.607919,6.479218161089182,98.57884211035851,0.0006856813462164427,0.006139896957345959,65.50149601585625,475.02960322144025,2754.9134405136806,433.0536804430153,0.35555329154549625,0.08046934348484182,0.8576070674747724,COMPLETE
186,1519182.0713899527,2026-05-07 03:31:12.470003,2026-05-07 03:31:31.261851,0 days 00:00:18.791848,22.36556707848703,89.92939165095885,0.008434294768796254,0.007884945980936668,44.91703324426424,454.370705628754,1739.7240799545225,477.40219853037485,0.47336583793484677,0.08961567990605626,0.7073437446537542,COMPLETE
187,1316134.3272320176,2026-05-07 03:31:31.263426,2026-05-07 03:31:46.987058,0 days 00:00:15.723632,32.706711546864454,96.09790538893874,0.005137379935864933,0.003776412545321831,72.85094054057683,642.5697525520874,2252.4754092002545,483.7795152339069,0.40702061298980513,0.0796450044586754,0.8415797551664593,COMPLETE
188,1461724.1378000455,2026-05-07 03:31:46.988661,2026-05-07 03:32:02.578300,0 days 00:00:15.589639,9.91587029409889,68.52435175189832,0.008106886595853463,0.007205871054814378,11.10268114094764,388.9817155781811,2009.1524410569102,463.7686282897908,0.27056785875431444,0.05244146792516574,0.7990497710769887,COMPLETE
189,1170530.49861679,2026-05-07 03:32:02.579790,2026-05-07 03:32:21.132706,0 days 00:00:18.552916,30.328519487648556,77.78817496934508,0.003075613751346016,0.0027113154627148566,59.00915806622011,340.1874717428324,2612.4293671985115,474.48111826770867,0.33227086480873075,0.08732307753813737,1.0340967396414469,COMPLETE
190,1000000000.0,2026-05-07 03:32:21.134338,2026-05-07 03:32:28.364703,0 days 00:00:07.230365,17.60001604638242,81.89109048845374,0.0010729203194253158,0.0029721600771166414,18.233285122427805,1025.1150184182832,2087.074996814811,483.2637841161625,0.4562765002027393,0.0804400006349533,0.5771895789556317,COMPLETE
191,1635723.6405675104,2026-05-07 03:32:28.366546,2026-05-07 03:32:44.205192,0 days 00:00:15.838646,30.383321652954812,73.96556342709357,0.002177935772903886,0.006928720976565028,56.9445005579377,802.8854481398552,2291.903318576263,452.41047907160134,0.36144952591025886,0.09812720291927843,1.1306374062733962,COMPLETE
192,1395987.4729723183,2026-05-07 03:32:44.206841,2026-05-07 03:33:03.000853,0 days 00:00:18.794012,16.128549255189444,74.25614057028218,0.002569694116718254,0.0036984421243428977,13.647005847739024,751.9685617436063,2966.792956928089,488.9883676083559,0.4846826349735617,0.07059695693611254,0.6490766910745791,COMPLETE
193,1187949.8545091907,2026-05-07 03:33:03.002300,2026-05-07 03:33:18.705608,0 days 00:00:15.703308,23.536649977743828,76.83736913930142,0.0037450089034224013,0.0023243226230658665,73.71706088528886,551.7359856960061,2807.5640099658967,485.3909066852153,0.3826402241294206,0.07151802111373395,1.0267368564595063,COMPLETE
194,1299620.8079318078,2026-05-07 03:33:18.707214,2026-05-07 03:33:34.815278,0 days 00:00:16.108064,38.372449279731576,94.5038591009465,0.0012304066098234629,0.005165243823306157,104.66678286188566,367.3882611419378,2529.527368501843,488.79322025957873,0.340201416895835,0.09892488710612307,0.9773532990651752,COMPLETE
195,1000000000.0,2026-05-07 03:33:34.816744,2026-05-07 03:33:42.059286,0 days 00:00:07.242542,43.34026603308153,74.34668798003683,0.003980292775312537,0.006609989536457715,40.89482467359464,370.1287746769392,2720.3096979669835,456.122188203919,0.2343713815203446,0.077502114403396,0.9792971005676582,COMPLETE
196,1704000.5546346006,2026-05-07 03:33:42.060766,2026-05-07 03:33:57.796258,0 days 00:00:15.735492,24.020447971750148,77.39321311831583,0.005463202267406535,0.008784041791285151,62.179015079816374,710.2914464911362,2429.4262276535956,441.1513401551943,0.361732398395015,0.07178673091771128,1.1631242813541287,COMPLETE
197,1000000000.0,2026-05-07 03:33:57.797765,2026-05-07 03:34:11.825670,0 days 00:00:14.027905,22.733969699772153,51.60577105977124,0.004455275492890846,0.004999979227911989,55.01137785021366,586.5458929067477,2994.1311445182464,431.7580503752212,0.3930923532039899,0.07030884600811238,0.807444116584493,COMPLETE
198,1225697.2103206113,2026-05-07 03:34:11.827189,2026-05-07 03:34:30.615690,0 days 00:00:18.788501,23.606514574151948,88.13501175137034,0.003283444244199161,0.00405168061475676,40.76624713291039,364.2262265218495,2766.947336225031,456.4455257152047,0.41416136929305913,0.06800205738498355,0.8900380831112974,COMPLETE
199,1282858.5488577303,2026-05-07 03:34:30.617200,2026-05-07 03:34:46.603051,0 days 00:00:15.985851,34.98986259791254,99.08738598242017,0.0031912472565714953,0.002325481747595985,24.824648599862925,895.3611439874319,2891.817201299756,465.9028213634115,0.4156587983613495,0.09423534704066545,1.122793413018018,COMPLETE
200,1370859.7257711664,2026-05-07 03:34:46.604011,2026-05-07 03:35:02.203014,0 days 00:00:15.599003,12.158544712682847,71.10691541873307,0.004251941857564261,0.003009110931503496,65.67879813736086,831.5468594021145,2799.1227624730464,450.7006623869808,0.32416291698910604,0.06325262284541222,1.031795720594974,COMPLETE
201,1271696.0321627916,2026-05-07 03:35:02.203698,2026-05-07 03:35:17.795361,0 days 00:00:15.591663,8.15953734418654,99.55801418598575,0.004980992209652867,0.002453165183900788,49.23821151584568,656.7775374153766,2826.230970167285,485.59253553578105,0.3884702703408341,0.0631607569318423,0.6539392596850188,COMPLETE
202,1000000000.0,2026-05-07 03:35:17.796854,2026-05-07 03:35:25.274312,0 days 00:00:07.477458,39.27823430037468,60.777807932764325,0.004061987691082532,0.004815042177301209,82.66607905347522,332.6831188217926,2490.729426674324,427.95469327325367,0.3226547252549205,0.07801181968051275,1.1181231592130942,COMPLETE
