number,value,datetime_start,datetime_complete,duration,params_collision_constraint_timeout_sec,params_collision_force_attack_hz,params_collision_force_max,params_collision_force_max_per_contact,params_collision_force_release_hz,params_collision_force_scale,params_collision_force_slew_rate,params_collision_guard_distance,params_collision_influence_distance,params_collision_normal_damping,params_collision_normal_fade_power,params_collision_normal_force_max,params_collision_safe_distance,params_collision_tangent_force_max,params_collision_tangent_force_ratio,params_collision_tangent_gain,params_collision_tangent_gamma_power,params_collision_tangent_speed_scale,params_collision_tangent_velocity_deadband,params_collision_task_distance,state
41,21101.46439035269,2026-05-03 16:40:58.481446,2026-05-03 16:41:34.031105,0 days 00:00:35.549659,0.3008500942532768,13.318275548238574,3.427427743090769,8.074242942375477,18.373643769651952,0.6907810687376682,139.9938532547712,0.019215699729623423,0.02682585598915576,20.246761781822816,0.7435714470308236,7.062255367082679,0.019755691389384045,7.052774158133914,0.4986357415425737,2.2563401807831047,1.6501391496900868,0.06387206382643229,0.006556938077865577,0.01266406459754408,COMPLETE
42,1000000000.0,2026-05-03 16:41:34.032087,2026-05-03 16:41:34.038291,0 days 00:00:00.006204,0.1712877217164212,11.354522632225462,2.354444075368405,7.358323155009208,20.297206964756246,1.1677741919860631,116.84514790333053,0.026256950563031164,0.029844473278379233,12.913359706737856,0.7081005549317966,7.758522865928017,0.014497886646170008,4.902615013314939,0.4489608804181255,2.610068182809711,1.5602291175555438,0.022083150775359717,0.01503693864606666,0.008800215438968386,COMPLETE
43,15216.38687091747,2026-05-03 16:41:34.038888,2026-05-03 16:42:06.614978,0 days 00:00:32.576090,0.3437478717677323,15.637523681935395,2.3544104522870706,6.416495928100723,15.593456052144454,1.1265468771775775,121.69184561569638,0.0126594151659056,0.0379964770295113,10.524988188065302,0.7034744300244861,8.973430913227958,0.026276983198049587,6.022647682469053,0.49102386098751927,4.383346115550587,1.212456277281291,0.041667872175749056,0.018600893134243606,0.009321498447729552,COMPLETE
44,1000000000.0,2026-05-03 16:42:06.615772,2026-05-03 16:42:06.621170,0 days 00:00:00.005398,0.25958828887670293,8.779256921782338,6.334113891263325,7.684764437145228,16.283219541622703,0.878129825646444,142.45606844603265,0.016740821257745137,0.03256253138217215,18.101351348386167,1.0098151961551685,8.753171721178608,0.033329029159844606,7.212010511949243,0.4354359069504767,1.7438093867714342,1.3906333992273212,0.02730356524905505,0.011137326626159707,0.007850202091906296,COMPLETE
45,21211.001930296898,2026-05-03 16:42:06.621691,2026-05-03 16:42:40.864956,0 days 00:00:34.243265,0.24089686265399954,16.726161067637406,2.8623868827468244,8.567783045119823,21.462304881213655,1.2463491307912358,140.8377145370707,0.02034236904846033,0.03788222500220162,14.171815449653888,1.0509602191185703,9.165230835955354,0.024394392753750355,6.821298290748716,0.3909051948026579,0.768291232264495,1.7881967079414014,0.039971464486951415,0.007322919692371418,0.004625855860975728,COMPLETE
46,1000000000.0,2026-05-03 16:42:40.865779,2026-05-03 16:42:40.870982,0 days 00:00:00.005203,0.09887267908202955,10.722887692737782,7.667733030543136,8.630226079324187,15.169733338853419,1.0939370573245686,146.94236417979505,0.01217231402539191,0.035652247715203304,7.981563647128454,1.1671135950590705,8.034759117184176,0.010576027009804489,2.8817140278593136,0.48010746908872254,0.8345034118465692,2.4885807060773595,0.12769982299713903,0.0127606543052535,0.011090779716092878,COMPLETE
47,1000000000.0,2026-05-03 16:42:40.871511,2026-05-03 16:42:40.876546,0 days 00:00:00.005035,0.1779908575018358,20.40269298803819,3.5828935668370625,7.5147790870599795,17.77322386787494,1.1920900815588145,97.69406811674075,0.025258177016310217,0.06072625344038998,12.635832418146963,1.507606807087007,7.174727988351028,0.01778143706486856,2.3838741536140584,0.3988274444303932,0.7230003917363284,1.9417738578402497,0.14733108964879915,0.016302756555274748,0.009298579417285926,COMPLETE
48,1000000000.0,2026-05-03 16:42:40.877150,2026-05-03 16:42:40.882272,0 days 00:00:00.005122,0.08178239209039301,22.283096283330522,5.894637435638068,8.058217750933583,11.344442975977781,0.944133741169565,144.2043303065019,0.013693195797110778,0.03635096754320486,10.922240968746543,0.749715957512952,4.322016419838085,0.010007762666521057,1.1151511066859348,0.3695931862596383,2.079141651302613,2.18130423536442,0.14220724501727852,0.005047511094822451,0.00884494212379945,COMPLETE
49,1000000000.0,2026-05-03 16:42:40.882951,2026-05-03 16:43:14.318370,0 days 00:00:33.435419,0.25966028155014526,14.61119761810825,4.968081635827378,7.873043802925985,13.390543433936594,0.8934514186402804,128.50001819251426,0.024372770796027593,0.027198653878172385,13.319596404909285,1.0607318716184384,7.986209820381639,0.024575207291595996,6.680895664015688,0.2377727163643221,4.869117747158546,1.9735477006281605,0.06483902944440173,0.017642611675155677,0.0070591077239813855,COMPLETE
