number,value,datetime_start,datetime_complete,duration,params_collision_constraint_timeout_sec,params_collision_force_attack_hz,params_collision_force_max,params_collision_force_max_per_contact,params_collision_force_release_hz,params_collision_force_scale,params_collision_force_slew_rate,params_collision_guard_distance,params_collision_influence_distance,params_collision_normal_damping,params_collision_normal_fade_power,params_collision_normal_force_max,params_collision_safe_distance,params_collision_tangent_force_max,params_collision_tangent_force_ratio,params_collision_tangent_gain,params_collision_tangent_gamma_power,params_collision_tangent_speed_scale,params_collision_tangent_velocity_deadband,params_collision_task_distance,state
0,1000000000.0,2026-05-03 16:26:01.465893,2026-05-03 16:26:01.467828,0 days 00:00:00.001935,0.10352491091941599,22.711845940916213,2.426216349187322,6.822107008573151,12.896750786116998,1.4107159659511932,103.96623469866529,0.024453918773746263,0.021213103846419543,18.44935542656565,2.006502490516044,6.390508031418598,0.03497859536643814,7.242411005474558,0.5836482422254631,4.657078506995579,1.9586037970644443,0.12292425495074641,0.017280162833328422,0.013310157927208648,COMPLETE
1,1000000000.0,2026-05-03 16:26:01.469297,2026-05-03 16:26:01.470443,0 days 00:00:00.001146,0.24676158421048677,29.074287759734297,2.112738802618131,5.691834898023455,6.483762943247598,0.9821207386423783,103.1897327725781,0.028593701962865602,0.05672574336334528,20.380646976984643,1.7491457640980614,9.828946737862111,0.02850801990624271,7.612682419347087,0.38483174478753224,1.861856230385941,2.036654849976309,0.054392229573601514,0.02390430961472385,0.010863663888345284,COMPLETE
2,19325.733066087094,2026-05-03 16:26:01.471059,2026-05-03 16:26:34.833891,0 days 00:00:33.362832,0.123553569828949,9.626087733990285,3.253260536569008,7.581049567418119,18.00210102435902,0.42245377289763364,107.18292305036073,0.016657769321407657,0.0591864995279239,12.051734937384854,2.9732598275362196,4.876063204590288,0.017598748076193462,1.9024840835839731,0.29194275791588276,2.4986343302014884,1.9092769273565566,0.09412558015432436,0.01484224086348265,0.005177532696020835,COMPLETE
3,19714.55387488646,2026-05-03 16:26:34.834699,2026-05-03 16:27:10.521924,0 days 00:00:35.687225,0.09058070390866658,11.730939686412572,6.43558147638981,7.250636715722187,8.128229595281123,1.025814623694055,67.93427218592534,0.012403504938053624,0.03696841775458458,4.538628246779018,2.946550502837775,3.2717566691641577,0.013605896836395067,1.679708930551429,0.5270752083744618,8.299435683555384,1.2402460197349077,0.14693973045174144,0.015653582444487942,0.003543460346405173,COMPLETE
4,1000000000.0,2026-05-03 16:27:10.523028,2026-05-03 16:27:10.524378,0 days 00:00:00.001350,0.12946166774192153,26.696747222990535,3.7364365576832066,2.513179970790275,15.898630538338079,1.1595926449422786,54.5006338221279,0.025723500730434078,0.05519077608860498,11.52804887383741,1.0031350835301018,4.543865435151808,0.010603226385624807,1.6575835753090917,0.4091759230002806,5.470856507933647,3.3232404939405353,0.06141396381867208,0.021020080259019403,0.002061041190503112,COMPLETE
5,19584.046512619454,2026-05-03 16:27:10.524902,2026-05-03 16:27:44.441068,0 days 00:00:33.916166,0.18705655002868585,33.97909071817083,6.8827869182148635,7.881552176980759,9.22381601391912,0.6569243410261604,94.9004534743188,0.02704338404637132,0.07286619182666969,8.210183383419793,2.30880233323026,7.422532294369841,0.027438186179075758,5.005763340536114,0.2503867346882782,6.1243983470824706,3.3818725287924627,0.07812629922029156,0.02585303415672045,0.011002910671010956,COMPLETE
6,18160.491976537225,2026-05-03 16:27:44.441901,2026-05-03 16:28:18.201912,0 days 00:00:33.760011,0.23953564553700674,25.38773537920021,5.4197894642075894,9.64866907778579,12.900956019721773,0.657938791147237,98.83111783663017,0.02130258175004222,0.05445951493097473,13.530460784314151,1.0115903477116355,7.802034238557124,0.02959602459571401,3.1110237167218453,0.4470780918717082,0.6823353839386685,1.72519401802611,0.1003420057698494,0.014576754925535687,0.007608439660641661,COMPLETE
7,20929.540944230517,2026-05-03 16:28:18.202588,2026-05-03 16:28:53.723893,0 days 00:00:35.521305,0.30896222191700323,32.08193058542315,2.742919897096649,5.4869194021250145,20.9300737699678,1.038671477140613,111.50551586024763,0.015179582430649992,0.06843913752350064,10.45392301110162,1.073733749755662,9.172372766808504,0.0270730221584378,7.436378296212715,0.4714085847971001,1.4521554294668606,3.4971175164196664,0.039428279605539185,0.026439403548941785,0.0028991709409167945,COMPLETE
8,21797.192262865723,2026-05-03 16:28:53.724777,2026-05-03 16:29:29.288915,0 days 00:00:35.564138,0.14045966577630264,31.39232280007299,6.762186220144524,7.776444795762783,24.485951605060603,0.32222615335273674,131.25443451103945,0.022610360048088318,0.040721100841814156,12.431481701595583,1.15999200726172,7.579430185156509,0.037842438803967725,3.5198464513485472,0.47849575309082604,0.6112837997575187,1.4290741931536013,0.08773475880653682,0.004467125685159848,0.002413906083907002,COMPLETE
9,1000000000.0,2026-05-03 16:29:29.289722,2026-05-03 16:29:29.291114,0 days 00:00:00.001392,0.2124238783267431,14.423106177111734,6.437304770295725,6.617828708833341,23.618493956420668,1.4332468679807202,99.81557427556648,0.00645072900809689,0.033644877678399396,16.29400323449456,1.128243913524773,3.317553251983302,0.017630694453111787,5.129369834481997,0.4785549132825463,5.588511628737104,1.7798624886990047,0.07176873808809195,0.008665781222328299,0.00764741613225557,COMPLETE
10,12267.571749011884,2026-05-03 16:29:29.291647,2026-05-03 16:30:01.870097,0 days 00:00:32.578450,0.20350476562622505,17.485207971710167,5.609164730618692,8.883073988294422,14.557719085407076,0.916800512529247,139.40747553129196,0.020647712788061028,0.05377850241204882,14.391365973980417,1.0761770706220424,6.647763384709729,0.023137260652537836,3.2675926753396562,0.5166493317588704,2.218780554740074,2.156333796570057,0.1448766811550311,0.01787144643068051,0.0074850659669063535,COMPLETE
11,14718.416864269344,2026-05-03 16:30:01.871800,2026-05-03 16:30:37.371096,0 days 00:00:35.499296,0.25559026415253305,20.038304944617085,3.9457798929613483,8.856323834083227,11.044911499127315,0.5253372195312289,114.62717249422002,0.018817438656505665,0.04994556522533338,22.71396007759188,0.9345629753542904,6.975402728271129,0.02864693856162214,3.2510769390987044,0.5409826699259469,1.9778365662330915,1.6384508463617173,0.06483130243638999,0.011939150641583315,0.005360390402605767,COMPLETE
12,733.7720528645413,2026-05-03 16:30:37.372653,2026-05-03 16:31:11.116002,0 days 00:00:33.743349,0.27285647406794755,8.05198295103091,2.6147131480830286,9.62236476245952,8.144183082394424,0.6680752876491638,132.0152041930177,0.020549012919696453,0.031128677635305548,19.71660187971547,0.8384688383542673,7.84027709275179,0.03103111783322019,4.645295446602658,0.5728214728886518,1.085802757023354,1.6206800066397082,0.050665295174073005,0.016216353006085975,0.004008026556883557,COMPLETE
13,1000000000.0,2026-05-03 16:31:11.117024,2026-05-03 16:31:11.121555,0 days 00:00:00.004531,0.3495358171606272,8.34799353140358,2.3789432516884372,8.915550537998703,5.023627820585682,0.9142956503322384,131.5590097123442,0.02470167999136492,0.04463402888000221,22.587658422666244,1.3193910736547005,7.9570632876570135,0.023806409167073772,4.435075383736577,0.5766816598769385,2.343190201219925,2.271468881841675,0.039037787812356506,0.01979386147591798,0.0031207383466234327,COMPLETE
14,20024.014055229905,2026-05-03 16:31:11.122193,2026-05-03 16:31:48.747039,0 days 00:00:37.624846,0.24825250671839763,11.873205459598527,6.167754195146713,7.6005564327096815,20.303778516328272,0.7556318364019872,137.38599170047124,0.015558076966502042,0.06008355240416417,9.20170716255997,1.0750369910007103,4.261755228581042,0.03401831609106694,2.516449686880607,0.43061443371119645,1.5066651156505784,2.14663724819431,0.13244406749313128,0.01932690169400015,0.010984161039601351,COMPLETE
15,21263.740305180054,2026-05-03 16:31:48.748496,2026-05-03 16:32:21.227160,0 days 00:00:32.478664,0.1815640669353107,16.033817860847346,6.622109568514638,9.282304131714262,22.823553923533517,1.1449967897790136,138.35978255368684,0.024876872357720473,0.07062238703862805,20.425030959129153,1.0526028539837047,6.7995028198586915,0.027174386822852524,2.566871887252251,0.5008549010271788,1.2198952177877098,2.5883313316205787,0.12652335249400157,0.017741446790752943,0.00417178730577715,COMPLETE
16,1000000000.0,2026-05-03 16:32:21.228845,2026-05-03 16:32:21.235830,0 days 00:00:00.006985,0.24053497714069028,10.143158491264586,3.595758037310492,8.064832737270262,6.181799917424417,0.5329226931917461,129.0129875624242,0.018214847915052873,0.02023654244331455,21.717671181004793,1.3081272007751752,8.077735166379922,0.026288693719151608,6.637453272581659,0.5631486850238503,1.5345419752837328,1.3234513875449883,0.08493817008316126,0.022239039311783726,0.006397035911226822,COMPLETE
17,13907.041094456305,2026-05-03 16:32:21.236299,2026-05-03 16:32:56.757086,0 days 00:00:35.520787,0.26845907785287537,9.641517536788214,3.3302456356105656,7.344628103382532,17.12199954468492,1.102947935932733,138.0915563575615,0.017704693244583236,0.029821006664108096,14.269794605300694,0.7573061885863581,8.254190162898983,0.024975420905655826,6.539093959307756,0.43603699597181117,2.1942415686635637,1.582305227180072,0.03194486008876997,0.011786441867620925,0.0078868610715586,COMPLETE
18,17093.40714150547,2026-05-03 16:32:56.758651,2026-05-03 16:33:29.138108,0 days 00:00:32.379457,0.26906081474170646,19.424392940816514,5.918047893388071,6.229027331434056,10.915717013394197,1.3791017182781435,128.25501153466487,0.014988506929769111,0.02838779953344869,14.751747413679405,1.3121031352072876,6.770264083196368,0.024064452534128096,3.1691749467689347,0.5251940205950715,0.6487597090869355,2.4179056734048485,0.12381501321864707,0.02167452142403492,0.0036427900537575543,COMPLETE
19,12805.097644795087,2026-05-03 16:33:29.139991,2026-05-03 16:34:03.641066,0 days 00:00:34.501075,0.11049201835943227,15.755063030470955,6.977115243417771,9.663989757568903,10.290129649688911,0.7478419441239454,148.47608520019793,0.017155412551680238,0.045250494326768205,11.407298026759165,0.7876126197956301,5.929527541848069,0.01777601458084797,2.9497466065480507,0.4307007235822727,1.6366389125117293,2.1468171765987547,0.12156879644016468,0.0139048051161588,0.009216648248723307,COMPLETE
20,21246.25250761937,2026-05-03 16:34:03.642742,2026-05-03 16:34:42.035114,0 days 00:00:38.392372,0.29138471859277915,15.754636412678094,2.147052109450171,5.509095881724705,19.589431224192758,0.6980164142388895,128.65573800605526,0.027264778147590082,0.03309416866535758,21.498271458855918,1.2844292907777222,8.796105570462732,0.0320856824788639,4.138398204638241,0.5032210941638516,1.9762138730913648,1.145909281528898,0.03295756692134552,0.024071365884689222,0.0025670716859688358,COMPLETE
21,21509.830315754793,2026-05-03 16:34:42.036751,2026-05-03 16:35:18.520913,0 days 00:00:36.484162,0.16374284080547497,12.399731587814156,7.430499024028946,7.792927515150937,6.478755170432104,0.8762141102573191,136.32070748371427,0.011307944643866412,0.0320166879824188,13.659849647280181,1.02689995187377,5.32460166966166,0.0218711461888797,3.509484568638422,0.3700482160456472,2.5795208783641783,1.9805858783976817,0.1434255253456907,0.013096137505571363,0.008375506347338007,COMPLETE
22,1000000000.0,2026-05-03 16:35:18.522507,2026-05-03 16:35:18.529506,0 days 00:00:00.006999,0.14351470807387848,25.87115688065688,7.569119167379277,8.46313979669341,11.01583730771146,0.5849864250824315,109.50343130582286,0.021516935742660115,0.0544375345403843,6.619848009463289,0.8479372967759861,4.962176322742321,0.012600354506164462,4.499847575869855,0.4611767262580797,2.061523695569861,2.8261551725163447,0.13353917998579604,0.011067551849393347,0.008555855731202407,COMPLETE
23,1000000000.0,2026-05-03 16:35:18.530848,2026-05-03 16:35:18.535746,0 days 00:00:00.004898,0.28220492135169706,19.970973509178464,2.3686829771354714,8.615613905489539,15.366426563793294,0.9218788568007229,144.6841004039083,0.01934950507395449,0.05834290896577159,16.000365521308936,0.8524361856449829,8.675174146590685,0.010134935541343187,3.233934241872301,0.5002143020358275,2.4916096669374084,2.442366823490559,0.13999309625690073,0.013677641657429886,0.004917570585929443,COMPLETE
24,21440.486741298628,2026-05-03 16:35:18.536519,2026-05-03 16:35:50.957103,0 days 00:00:32.420584,0.08361031826536139,17.83151745899285,5.810941876617887,9.907328892884593,20.281888243163827,0.6702475630803034,144.21328582895137,0.016402927987394077,0.04004558846773597,10.63811427893698,1.212023537172163,4.117234495967067,0.0164045386587553,3.5204376348082524,0.3617653005907172,1.5206875524886037,2.021706382522469,0.13011554346116444,0.021800459106039588,0.010807584200900817,COMPLETE
25,1398.2200587980155,2026-05-03 16:35:50.958787,2026-05-03 16:36:25.536791,0 days 00:00:34.578004,0.14199577494245202,8.858935040203791,5.3534206652806935,8.309643674438776,8.78480039118434,1.304726905038658,122.88945770745462,0.016438352514276427,0.05735882962305758,17.60463915919904,1.3592689088948682,5.919778508060094,0.02272314900255637,3.078719661011554,0.5574732600469952,2.936289521010826,1.7298631838163425,0.1264114144428318,0.02780165384295929,0.0067641585466944295,COMPLETE
26,17564.46473328862,2026-05-03 16:36:25.538414,2026-05-03 16:36:58.008143,0 days 00:00:32.469729,0.10810945627657936,10.545708775464389,6.1398755931953435,8.33928927127828,10.081870024974188,1.2893570742494842,128.15365785553104,0.009611959622836359,0.06831752672625652,17.333754031073216,0.7064162490714151,7.357261602986987,0.023357432884377194,3.75439918651296,0.49502860730811044,2.4776530549286595,1.8395438241038107,0.11973425466609,0.02863677939718892,0.0048860584688812415,COMPLETE
27,21827.731431087526,2026-05-03 16:36:58.009870,2026-05-03 16:37:29.646943,0 days 00:00:31.637073,0.08315770785758567,9.101891903501981,6.291429670694498,7.056398586090213,10.433328591111525,1.2760528310001773,134.69678633828352,0.023977542929308645,0.04673157326190357,16.829057449704482,1.5410298364247332,4.912110785977558,0.026913931239206053,4.2424720770554085,0.5914152381087086,1.6753185498276137,1.2303593059232438,0.13524594794743008,0.02987035590813253,0.008834380058156783,COMPLETE
28,1000000000.0,2026-05-03 16:37:29.647651,2026-05-03 16:37:29.651959,0 days 00:00:00.004308,0.08182306453512925,13.662223258633936,2.692646705130362,9.96695825758204,9.244261094350678,1.259569051610786,90.49785452626625,0.01954753376421331,0.03685683562472716,20.34055324011134,1.6891258204722004,5.589099249418664,0.016423569281663716,2.3352786284196765,0.5229657038214142,3.1906237354646616,1.681170788490192,0.06761373623361443,0.029050684197219536,0.007407320414217675,COMPLETE
29,1000000000.0,2026-05-03 16:37:29.652529,2026-05-03 16:37:29.662429,0 days 00:00:00.009900,0.16015898643938395,12.300601883273618,4.137475132521698,8.959806622727376,11.290442697803796,0.4134468195355846,147.47347053961252,0.0281298926461956,0.05110879246316051,17.1811707375303,1.0332351458168907,7.608695602085191,0.024408744191327728,2.4089003791415586,0.3973229545473421,0.8160900262228155,2.017469665972346,0.14270018132159526,0.02398231293732967,0.0063367865057639,COMPLETE
30,21964.441516082807,2026-05-03 16:37:29.662963,2026-05-03 16:38:04.880127,0 days 00:00:35.217164,0.18279972380332704,9.897779485933112,2.9646051364873367,9.520405732284285,7.840946368391279,0.8129110177251393,143.59110244910528,0.012594377367272182,0.031002490444467783,23.684877814480956,1.0346598528765998,8.338486099031686,0.022668908359063863,5.087863477969236,0.5855468120175379,0.6501053753746058,2.1402736663857005,0.05008071877406705,0.0064900773576531835,0.0035559639737254836,COMPLETE
31,1000000000.0,2026-05-03 16:38:04.881819,2026-05-03 16:38:04.895176,0 days 00:00:00.013357,0.2935437565891072,9.503104947211277,3.4807815234955473,8.516047609624263,8.591763901249852,0.6617511141863232,131.7214676286969,0.022451073251278483,0.027873535708765735,21.140777468407865,0.9377744038528587,6.333431248134929,0.03968668210630911,2.0143578094608787,0.5263966269137289,1.3844058816170977,1.2826042990696989,0.031150618458334743,0.011151888131808937,0.005620072237300605,COMPLETE
32,21996.029248603252,2026-05-03 16:38:04.896226,2026-05-03 16:38:43.266138,0 days 00:00:38.369912,0.1082122837288591,13.907134765106203,7.403940972459372,9.554826456138045,11.494845885942908,0.9937563811908486,122.94582623680516,0.02665204797593662,0.04413623935604418,5.568467913936475,0.8732069187544196,6.978468370886311,0.028909871865187807,5.49454574110068,0.3355007008846316,1.9647857809419178,2.125174607559544,0.11759175766809524,0.019138215043604256,0.01066825730201799,COMPLETE
33,1000000000.0,2026-05-03 16:38:43.268065,2026-05-03 16:38:43.274591,0 days 00:00:00.006526,0.09199544999968055,8.229355709871578,6.889571645200931,9.603513648325746,10.18079728909062,0.6757121998005983,98.50863032984036,0.02070484480676365,0.0553359174130087,11.641639884386539,0.9833237495906985,6.217792802634774,0.01457755023836058,1.3533216834108157,0.36407839624301497,0.6411775457501606,2.8981992399197756,0.10711906672378987,0.013253785450095677,0.00565115105046796,COMPLETE
34,22474.002769096503,2026-05-03 16:38:43.275135,2026-05-03 16:39:18.881064,0 days 00:00:35.605929,0.26598825793327663,9.56533487346232,2.3822887456160164,9.375832380406543,11.029665728943963,0.5136795818119841,131.16990703274408,0.013665092149583797,0.036537305801639997,15.443440172071487,0.7637284758980933,7.306640796192163,0.03644210173223796,5.997358884661575,0.5549805567532619,2.0335600228371478,1.3815180728313607,0.047697453337992336,0.017421367898177498,0.003710534521504732,COMPLETE
35,20601.802066983997,2026-05-03 16:39:18.882604,2026-05-03 16:39:51.355125,0 days 00:00:32.472521,0.21855904109934343,13.544785694720215,5.914881026388197,8.544881351194846,6.694192739513419,1.024336671859138,130.37674400235457,0.014666427050958799,0.058646988500152146,14.807712320283795,1.8543241740187564,5.579081323515151,0.02348741257544221,3.053754263610426,0.5329710504672653,2.2100492846223436,1.8011395869194569,0.13721853135466452,0.026485381391313147,0.006361679949867525,COMPLETE
36,21049.97895837589,2026-05-03 16:39:51.356815,2026-05-03 16:40:26.781067,0 days 00:00:35.424252,0.09764641650118257,21.03233284035698,7.27212316657493,9.314082907478543,4.738053894872966,1.0579486807370215,139.94093549621604,0.019287695726042255,0.058403137869300605,15.767727953201748,0.7237649528077756,6.58046149404729,0.025081854908581277,3.34967580023996,0.5298421931537618,3.057764920252506,1.3570186370217694,0.09653456040400946,0.013457687581345667,0.010472980119883518,COMPLETE
37,1000000000.0,2026-05-03 16:40:26.782629,2026-05-03 16:40:26.798257,0 days 00:00:00.015628,0.1823389009850807,11.993721407048007,5.651090943422996,8.288528926457257,12.568581480869812,0.7321862496595072,141.76384582012616,0.027704536061478956,0.05522803776405279,16.567088931427868,1.316749428640464,6.282701498952187,0.02422173727982793,3.851638299237475,0.5653053786779292,5.365853623366144,2.0771357746282186,0.13733203182903564,0.01298786932737691,0.007813066837522902,COMPLETE
38,1000000000.0,2026-05-03 16:40:26.798792,2026-05-03 16:40:26.802996,0 days 00:00:00.004204,0.13162584939928734,9.595272826625584,5.988657806709287,8.694289153989997,4.611838007215132,0.43111647712243917,132.3771716606796,0.014727498064316752,0.03841730916363406,9.113872858579555,0.9910324316467616,6.498110256902129,0.01272378870476136,1.1443239128474487,0.27351907671152687,1.9479071968148591,1.7071667955152559,0.08875795989104635,0.00839589139039693,0.012932217500417145,COMPLETE
39,1000000000.0,2026-05-03 16:40:26.803562,2026-05-03 16:40:26.807984,0 days 00:00:00.004422,0.21443314285466455,23.21823333404883,5.557536390032007,9.830568684684158,12.477690572994304,1.000321162112546,137.95675372564295,0.02183576382861,0.07249345044129507,13.470004012811607,1.1105191301500927,5.607920620700882,0.021226392605226265,2.096338837699254,0.561117165177914,5.224967396820783,2.863972451198442,0.12756041632996262,0.02390738862859828,0.01053170113117831,COMPLETE
40,19361.867224880287,2026-05-03 16:40:26.808602,2026-05-03 16:40:58.479713,0 days 00:00:31.671111,0.10065652592955457,21.81690472896804,3.6518952372081106,8.92173735301343,9.014801178581232,0.789252940271918,146.17866422822306,0.011030023699650704,0.06219159901088043,10.569197181367521,0.8828687812293848,5.943986910149577,0.020523844695466864,3.7286126553674626,0.5147711941300115,2.865142960650193,2.227783767190269,0.11495572177901159,0.01175602169386639,0.005560404952712011,COMPLETE
