number,value,datetime_start,datetime_complete,duration,params_adaptive_alpha_pos,params_adaptive_lambda,params_i_clamp_ori,params_i_clamp_pos,params_i_gain_ori,params_i_gain_pos,params_k_pos_max,params_k_pos_min,params_m_pos_max,params_m_pos_min,params_zeta_pos,state
0,1559801.463318219,2026-05-07 02:44:27.892324,2026-05-07 02:44:43.363178,0 days 00:00:15.470854,24.691424506821164,68.13047017599905,0.007958905373210113,0.020405192903637327,116.00290365511322,1816.0141013295356,2089.7663659937934,341.1053504286575,0.3860757465489678,0.055332536888805156,0.7965583595372332,COMPLETE
1,1544190.6993131135,2026-05-07 02:44:43.364543,2026-05-07 02:44:58.825844,0 days 00:00:15.461301,42.46789304965721,11.819655769629314,0.008031753929323891,0.04897368042717268,105.70133630715011,1622.8664766147458,1142.072116395774,470.2386553170644,0.32721782443757297,0.05336059705553755,0.5609905097910785,COMPLETE
2,1517726.1388294115,2026-05-07 02:44:58.827405,2026-05-07 02:45:14.526153,0 days 00:00:15.698748,28.483174478753224,95.02020253446256,0.004670273255722175,0.0391632170928424,39.101117331508966,1004.9252979838901,2279.8420426550474,147.3097703475733,0.4122116705145822,0.04668645686304026,0.6003473011863325,COMPLETE
3,1596658.3438709418,2026-05-07 02:45:14.527455,2026-05-07 02:45:30.166836,0 days 00:00:15.639381,35.681913459656755,94.93732706631617,0.0007902096219668443,0.03548629740450872,58.07351491792756,911.1634309754362,2224.191445444843,347.05419883035086,0.10751592017454206,0.05727496093799621,0.9318537978123298,COMPLETE
4,2069405.9841024417,2026-05-07 02:45:30.168241,2026-05-07 02:45:46.821184,0 days 00:00:16.652943,30.658854668804583,42.73396938483604,0.00224699220972938,0.006898150915905348,118.72112218651488,1045.6225728859445,1257.8525953097067,184.15302442953634,0.36825514784726376,0.0670099048291211,0.7207998456469287,COMPLETE
5,1906096.3894383989,2026-05-07 02:45:46.822735,2026-05-07 02:46:02.122151,0 days 00:00:15.299416,9.966881352393731,24.307262528096775,0.0038135066724774482,0.011435953360642568,25.20012464834752,1415.7603020909648,1932.6215457126127,201.31664101591286,0.3612433301861594,0.01696964227061463,0.6710979144011219,COMPLETE
6,1781944.5225065611,2026-05-07 02:46:02.123657,2026-05-07 02:46:17.722800,0 days 00:00:15.599143,48.954248968565174,52.178608148293144,0.002971508233248814,0.0038810140282073925,91.31899373381319,1328.237383566578,1192.1968157879262,435.1779629995216,0.13884051031722452,0.08227832975494558,1.183521625509377,COMPLETE
7,1531880.7234976694,2026-05-07 02:46:17.724259,2026-05-07 02:46:33.184695,0 days 00:00:15.460436,36.16124537165089,15.773274671390592,0.0011206170054327285,0.027115906566401587,39.192844003339,1263.2224721511777,1635.966358787952,147.49108758169763,0.218456079008858,0.012899459560103722,0.7899840961602689,COMPLETE
8,1477184.1936930867,2026-05-07 02:46:33.186223,2026-05-07 02:46:48.450479,0 days 00:00:15.264256,18.02327418262405,74.4694483706709,0.008323612286330159,0.0029651622169996907,74.51642282910915,611.4253154120986,2334.8207599273633,227.42758098052946,0.4717184790304857,0.05801870306006175,0.5922585036830745,COMPLETE
9,1603357.7112877297,2026-05-07 02:46:48.451955,2026-05-07 02:47:03.645219,0 days 00:00:15.193264,30.92708004880266,32.387782916796226,0.009536940312866454,0.01270791836674968,72.94770963699608,1306.4712831621264,2470.38804424519,208.00318927686595,0.37112661471849206,0.0014648521430621596,1.1735319815822067,COMPLETE
10,1828152.3247272847,2026-05-07 02:47:03.646745,2026-05-07 02:47:19.041126,0 days 00:00:15.394381,17.156287090821575,45.902459385011866,0.007526768607166116,0.01896635807073859,77.21604972939555,1050.1387806775974,2865.47795835782,262.65886987018405,0.40329041330275783,0.059248964731139594,0.6136264781066042,COMPLETE
11,1568159.3745024563,2026-05-07 02:47:19.042521,2026-05-07 02:47:34.549548,0 days 00:00:15.507027,29.896145459237538,68.11022349537035,0.004487343835926377,0.03375175903634868,29.242123687956486,804.8907787801138,2092.4659983310744,208.56377383760505,0.37686397179360565,0.033572496239117594,0.6344119112632477,COMPLETE
12,1576016.9498732516,2026-05-07 02:47:34.551068,2026-05-07 02:47:50.141270,0 days 00:00:15.590202,23.916157099869707,94.71971807070985,0.00704846104702057,0.003654453190935895,70.30695326744659,757.389232239512,2231.972818931746,157.22308395540085,0.46437636302786517,0.06510457158848906,0.6539782177681525,COMPLETE
13,1617940.7867938203,2026-05-07 02:47:50.142712,2026-05-07 02:48:05.454171,0 days 00:00:15.311459,42.55001122335295,69.40767101328325,0.0034600873777905043,0.030600714583217163,11.016427145687775,1440.9940787354408,2911.561632452136,133.42910962944276,0.4905642007816088,0.07163882599231947,0.6301690870732923,COMPLETE
14,1557459.9139425997,2026-05-07 02:48:05.455631,2026-05-07 02:48:20.761071,0 days 00:00:15.305440,24.716380992162005,93.3668583268789,0.0038844741495022267,0.043419008578725445,55.221139950275905,1638.1293855582812,2788.1731672098103,260.1709962718634,0.3916365913554555,0.03915310691663156,0.5853877876223408,COMPLETE
15,1833593.2838760188,2026-05-07 02:48:20.762803,2026-05-07 02:48:36.220814,0 days 00:00:15.458011,19.09834968925852,55.54432406563414,0.008684858656532686,0.012225477199848745,88.11942865053058,979.0577170285679,1708.8727470223753,228.90156981088288,0.45283836020909546,0.03201136327512298,0.5667599341607491,COMPLETE
16,1608703.6044223453,2026-05-07 02:48:36.222404,2026-05-07 02:48:51.538918,0 days 00:00:15.316514,14.065234240662718,84.29474203485725,0.007837523639103974,0.006898339486524388,66.64656353979355,1099.473544329509,2335.757651758863,436.5586065363807,0.41984449289481707,0.02871210492147605,0.7874622509148178,COMPLETE
17,1528047.408532465,2026-05-07 02:48:51.540358,2026-05-07 02:49:06.989522,0 days 00:00:15.449164,44.17979869046422,90.4306668224098,0.008399679291692422,0.044451838428775196,46.45415075576063,1431.9047351649006,2389.129863246303,193.54194948602193,0.3366208682758233,0.04974445827415793,0.7131365982833964,COMPLETE
18,1798946.3382572364,2026-05-07 02:49:06.990980,2026-05-07 02:49:22.471297,0 days 00:00:15.480317,13.029618530609396,61.62804467613327,0.008852122862048459,0.011845205116242605,70.72354027065221,637.7656975871232,2415.865753373819,278.22546649870253,0.47793591880079567,0.05734640690159705,0.9637579680681668,COMPLETE
19,1725282.0377455386,2026-05-07 02:49:22.472756,2026-05-07 02:49:38.019192,0 days 00:00:15.546436,7.663479908814555,85.9451587612265,0.006568454848442987,0.03556149800615505,49.77113756157762,541.1441068672593,2355.2716793237137,276.40865926052584,0.4961853867487867,0.09996937371653289,0.65544904842446,COMPLETE
20,1677955.938319713,2026-05-07 02:49:38.020640,2026-05-07 02:49:53.503546,0 days 00:00:15.482906,8.835820718582411,88.61818507348049,0.00769637175997436,0.04130732170686144,51.70021233806783,725.719636658954,2530.493841767542,135.85266590746667,0.3835016674509035,0.02355814767236784,0.7057999344090461,COMPLETE
21,13066580.626135116,2026-05-07 02:49:53.505013,2026-05-07 02:50:09.131633,0 days 00:00:15.626620,44.6029945311162,79.90565726763496,0.007324148453950539,0.045175755740462245,78.37335772544124,1261.0685579285941,1997.8238487747035,163.31498773999164,0.3962988580493273,0.07051231182545001,0.6294064816476368,COMPLETE
22,1000000000.0,2026-05-07 02:50:09.133097,2026-05-07 02:50:16.398792,0 days 00:00:07.265695,30.24098438217711,92.03773331239843,0.006279934541296599,0.04655750078290239,21.107009624617834,737.439387939782,2446.5346903868653,147.39015448679984,0.4204865942239285,0.0605193500713353,0.6846104666739421,COMPLETE
23,1464183.1790091046,2026-05-07 02:50:16.400271,2026-05-07 02:50:31.921966,0 days 00:00:15.521695,47.36810635530645,69.43520143822425,0.009724565614277772,0.036795515703199916,53.82606524439732,1263.0202840173827,2696.5439178414845,213.0286088229275,0.34613739722761305,0.026443817756699597,0.7605760668761876,COMPLETE
24,1548943.589317101,2026-05-07 02:50:31.923466,2026-05-07 02:50:47.806952,0 days 00:00:15.883486,42.7165562524654,28.39534701465334,0.007488904971734088,0.04422813687542401,58.13517038043848,1449.287710480319,2307.827757227218,273.4544057943095,0.3630088998878018,0.011574648678231953,0.7758410371481608,COMPLETE
25,1000000000.0,2026-05-07 02:50:47.808495,2026-05-07 02:50:55.064960,0 days 00:00:07.256465,43.42043958755423,65.06491609440002,0.009138060369352923,0.017757102760118056,63.428672185641794,1223.4401410530934,2768.572897233704,130.08105072175627,0.3541478298106697,0.0025815821290738825,0.808037547841005,COMPLETE
26,1653332.9819467084,2026-05-07 02:50:55.066764,2026-05-07 02:51:13.919686,0 days 00:00:18.852922,49.492103397021225,71.52300399047702,0.008909547699785036,0.03703769643622382,76.46154409344561,1162.4857623557623,2818.616258176047,276.08238425659374,0.19573353938427213,0.033423998846765696,1.122161188795951,COMPLETE
27,1555289.64602844,2026-05-07 02:51:13.921172,2026-05-07 02:51:29.808550,0 days 00:00:15.887378,38.183123700359275,78.67932503023253,0.00950503422982071,0.026057382372840297,72.06297342260547,1433.9347663847661,2169.080567806352,316.31475954263567,0.22133897698105504,0.015462620803492201,0.6009624940872186,COMPLETE
28,1625354.516877429,2026-05-07 02:51:29.810077,2026-05-07 02:51:45.298362,0 days 00:00:15.488285,10.123912987385394,69.24684526313854,0.008596798283035806,0.007340173237714289,49.40542005619908,357.7370300876038,1822.3653170110586,129.46188430841772,0.279549042096294,0.0728543593102082,0.5130555984927325,COMPLETE
29,1000000000.0,2026-05-07 02:51:45.299829,2026-05-07 02:51:52.581165,0 days 00:00:07.281336,38.671805763445136,90.24363508133695,0.009374855870426416,0.042078432781507566,90.99703383904827,710.1433606142093,2893.5298617901326,236.8589007679636,0.2768320292963403,0.02400416338848451,0.5987898565714574,COMPLETE
30,1513750.052658207,2026-05-07 02:51:52.582657,2026-05-07 02:52:08.372666,0 days 00:00:15.790009,25.76007873170197,75.27595876202145,0.009052353790701118,0.006888409748412202,50.799519511371315,533.0089089478081,2013.9710675808028,368.3922722336097,0.3639839120845728,0.06114507641911724,0.5990698772316149,COMPLETE
31,1183013.5647806285,2026-05-07 02:52:08.374159,2026-05-07 02:52:24.463211,0 days 00:00:16.089052,24.759677894843335,80.88908775565615,0.007768477387183389,0.002281455008608788,46.8089687757852,340.93918084629024,2004.531184504142,386.4845618309012,0.4169202997578295,0.07858812623186968,0.5459004226886454,COMPLETE
32,1230962.0639072948,2026-05-07 02:52:24.464668,2026-05-07 02:52:40.197000,0 days 00:00:15.732332,25.022561989077538,82.18313035902776,0.006476491605286827,0.0032150860529087995,64.02244741511154,342.12405327051465,1994.5601391608704,391.6122859618515,0.42371921634353105,0.07504965927016724,0.5671652840044238,COMPLETE
33,1523484.7636740778,2026-05-07 02:52:40.197778,2026-05-07 02:52:55.732230,0 days 00:00:15.534452,46.706896227144284,88.99877331233637,0.008535482422109913,0.004137158074555598,71.54641338380152,469.6324250270819,1826.5462006569528,497.5566592649625,0.41718073276840434,0.08873557046498223,0.6170769809222916,COMPLETE
34,12638065.731627775,2026-05-07 02:52:55.733779,2026-05-07 02:53:11.635209,0 days 00:00:15.901430,19.23152725012382,74.06051475306677,0.004151960844967712,0.015146501255169816,58.401327944083704,353.1429437456696,1457.554379418727,332.11430049872536,0.3576897242044602,0.056970748528169995,0.5049960875080022,COMPLETE
35,1516306.4896402329,2026-05-07 02:53:11.636751,2026-05-07 02:53:27.311210,0 days 00:00:15.674459,14.008558447334496,99.13428573264088,0.004544867935253646,0.015239961686452898,76.0422584746928,530.571188987355,2323.6214230122373,416.97482666258844,0.435718430052484,0.06618203251251767,0.5656271238286336,COMPLETE
36,1370406.8096712336,2026-05-07 02:53:27.312723,2026-05-07 02:53:43.418837,0 days 00:00:16.106114,36.97347535747517,87.89485019283741,0.005090886071813945,0.003440622153833683,22.69082631751607,488.19362985386215,1972.2442776839987,286.2133289642053,0.4885467875381639,0.06885431810513519,0.5489900408321157,COMPLETE
37,13705769.663106225,2026-05-07 02:53:43.420365,2026-05-07 02:53:59.912207,0 days 00:00:16.491842,41.80112253746341,88.2451678927853,0.004306590521936009,0.007982744477463083,26.211364664923433,836.1125745087861,2035.176245557342,223.018029551168,0.4352070333396669,0.09658062125083358,0.5806048674122959,COMPLETE
38,1376370.741478867,2026-05-07 02:53:59.913741,2026-05-07 02:54:15.891048,0 days 00:00:15.977307,10.132215162313841,68.94062633945325,0.006834492379680714,0.011338086119928162,46.58423311353616,301.088152151722,2212.2536255266064,443.59084531037144,0.25401931785780585,0.08990703768985835,0.5839034923294916,COMPLETE
39,1576396.1546641744,2026-05-07 02:54:15.892640,2026-05-07 02:54:31.837432,0 days 00:00:15.944792,5.855898071519364,61.695843423285,0.004665327891607273,0.021457948110954625,29.880560326028768,345.59543146120643,2436.731898418682,435.23756046712606,0.2896439646661144,0.08527774647532761,0.7511163222363935,COMPLETE
40,1265962.3022953672,2026-05-07 02:54:31.839045,2026-05-07 02:54:50.628573,0 days 00:00:18.789528,24.50164983991441,97.11969450836484,0.005782591775541305,0.003813773830188315,28.54520695251888,372.1013063135699,1923.3028199662306,442.28790203778794,0.38209147554530387,0.09188383570799431,0.5519973676054931,COMPLETE
41,1000000000.0,2026-05-07 02:54:50.630259,2026-05-07 02:54:58.058204,0 days 00:00:07.427945,5.903307483204941,83.70648681179208,0.008797519914564896,0.005047755913864512,41.97478348334493,343.12656845625304,1743.3027838376352,418.72913149165583,0.233140731795017,0.09848428379223535,0.6569206959586027,COMPLETE
42,1446471.7238098176,2026-05-07 02:54:58.059661,2026-05-07 02:55:13.653124,0 days 00:00:15.593463,29.43342033680097,87.2275504698379,0.005218756013145275,0.017148379338771377,54.68890551134814,493.07180637998147,1779.5831537396089,424.2117406178021,0.32032956486092334,0.09808807986063409,0.7109849898241127,COMPLETE
43,1425313.5854766318,2026-05-07 02:55:13.654677,2026-05-07 02:55:29.171051,0 days 00:00:15.516374,41.55215184905554,76.00291366692859,0.004908738158721187,0.007612076824125893,34.53864722405523,433.29345498824375,1957.8002140364683,393.4100986703177,0.4506697803782784,0.043066126149752665,0.63759553177995,COMPLETE
44,1254281.761190778,2026-05-07 02:55:29.172532,2026-05-07 02:55:48.072944,0 days 00:00:18.900412,29.985654063109756,91.44363578834823,0.00739602060759348,0.004084216380801636,28.192541266459518,313.50935950080327,2822.8170038762964,358.951419531864,0.4015955389925306,0.08860397954137585,0.5575121907509845,COMPLETE
45,1000000000.0,2026-05-07 02:55:48.074395,2026-05-07 02:55:55.424936,0 days 00:00:07.350541,25.220751154740007,94.16140059268643,0.006891581738521901,0.010734445829899018,22.177922552922933,313.6423658387094,2641.965790198825,341.70665976941564,0.4348201740664508,0.09471901557418269,0.729642087568948,COMPLETE
46,1547765.7456133594,2026-05-07 02:55:55.425576,2026-05-07 02:56:10.918239,0 days 00:00:15.492663,22.582963426736562,95.80632128132022,0.005560067630227182,0.007423557143330973,26.53897867776704,403.4903566808341,1742.3204358781268,446.8630420277029,0.4327825391559197,0.07137227247608809,0.5941972252791969,COMPLETE
47,1458424.6326499854,2026-05-07 02:56:10.919807,2026-05-07 02:56:26.509811,0 days 00:00:15.590004,29.977223494046733,68.1724656228305,0.005160831768665674,0.006423208006704015,72.80337393754735,368.5433626952424,2299.075712937163,365.2269889661888,0.4727877282501164,0.07081906199018725,0.573935071711964,COMPLETE
48,1484822.770124204,2026-05-07 02:56:26.510450,2026-05-07 02:56:41.997434,0 days 00:00:15.486984,32.56138891687217,69.03751293788068,0.0030425348476947364,0.003925511196663748,36.7567037838588,341.63777680745983,1769.2266963772538,147.19164910942516,0.4617783625304806,0.04708380298842452,0.5470664814738787,COMPLETE
49,1599806.471943204,2026-05-07 02:56:41.999036,2026-05-07 02:56:58.408963,0 days 00:00:16.409927,37.24709486909502,96.78211716413504,0.007912311342977107,0.01285016451489816,10.978471503432548,567.0927806204969,2656.655861248706,188.60117408828268,0.44121042945091254,0.04188401161523428,0.5279519130352093,COMPLETE
50,1397524.07988379,2026-05-07 02:56:58.409635,2026-05-07 02:57:13.999191,0 days 00:00:15.589556,33.330131543772495,68.18220951291796,0.008294863695398846,0.0051645616115765045,29.339836668579732,375.54946221737765,1973.6300461907388,354.5425033276599,0.43591398589360475,0.09548730429605254,0.550048608797005,COMPLETE
51,1505940.2206675995,2026-05-07 02:57:14.000640,2026-05-07 02:57:29.504688,0 days 00:00:15.504048,9.716129293719279,61.736535456101905,0.007903745064390441,0.010214300086511249,34.17630771810006,497.3740052371647,2692.0380272775205,424.32141015998644,0.2263053929849735,0.06611586735760482,0.5272425650559975,COMPLETE
52,1380221.525134386,2026-05-07 02:57:29.506128,2026-05-07 02:57:45.191165,0 days 00:00:15.685037,8.098277466188183,75.94029947168232,0.004536325408011183,0.004761162818970034,51.41667747386305,454.1762268148586,2033.001056441054,471.76413064256406,0.22981213989107643,0.06969969020882939,0.7268752201608735,COMPLETE
53,1572086.779141963,2026-05-07 02:57:45.192786,2026-05-07 02:58:00.966365,0 days 00:00:15.773579,44.749717175591776,94.49600785318977,0.005835097111388855,0.008670692804598513,19.321561869549434,526.3822361501259,2056.371832440432,251.33287000423564,0.42074930786717096,0.06241907536886435,0.619102193453209,COMPLETE
54,1410217.686365918,2026-05-07 02:58:00.967812,2026-05-07 02:58:17.156210,0 days 00:00:16.188398,34.01026565324961,96.35725686493853,0.007252869450395482,0.009114456719199035,52.859448610401714,441.962084266004,2557.9286761389367,424.7901999008362,0.2953767067035883,0.06750389388151368,0.5171844373280207,COMPLETE
55,1268480.5973547597,2026-05-07 02:58:17.157656,2026-05-07 02:58:32.759118,0 days 00:00:15.601462,26.78704926950654,44.76239921455076,0.007251072369676672,0.0021584554847351887,13.712655502466122,698.1905156746404,2725.921716529637,449.3217444489959,0.38565131021172744,0.07481485021204082,0.5400660512419903,COMPLETE
56,1556905.9962119022,2026-05-07 02:58:32.760572,2026-05-07 02:58:48.568614,0 days 00:00:15.808042,33.65894629997722,36.91508594690381,0.006807464934378836,0.006234851460506475,35.054967853176784,891.5258081583527,2425.169759129474,334.41589993927624,0.3599045197992748,0.03505931781221329,0.6250574752343003,COMPLETE
57,1784385.783732455,2026-05-07 02:58:48.570177,2026-05-07 02:59:05.256397,0 days 00:00:16.686220,28.693387462380905,67.39222112092837,0.007558283809235995,0.010227601695486806,13.43879567020768,832.0439820729324,2912.8890525941306,491.0758121285618,0.43815090339346585,0.0759859226761079,0.5438057234429541,COMPLETE
58,1000000000.0,2026-05-07 02:59:05.257971,2026-05-07 02:59:12.728899,0 days 00:00:07.470928,47.15468739051363,98.13253228203976,0.007547313501671934,0.003632975170889512,38.05790773665798,342.5137843037273,2864.5268499973786,368.0074691583004,0.45436606111179906,0.08696671647397061,0.5235057808607407,COMPLETE
59,1730261.4868389934,2026-05-07 02:59:12.730318,2026-05-07 02:59:31.327773,0 days 00:00:18.597455,15.91664960334017,97.67037482801288,0.008464759076295543,0.007406569579449978,53.843951482641884,881.1438462296849,2955.245933566892,380.46477847527694,0.4539674400452495,0.08719411243240296,0.5230499367622885,COMPLETE
60,1451175.4086979898,2026-05-07 02:59:31.329307,2026-05-07 02:59:46.815754,0 days 00:00:15.486447,27.56693887758002,29.360525594670985,0.005849061681035926,0.0031828858834047815,27.53215555110524,1101.3118799125805,2629.3195164416993,451.3386331427526,0.40345548806021403,0.08028239332526797,0.6550503666817495,COMPLETE
61,1488770.778764975,2026-05-07 02:59:46.817246,2026-05-07 03:00:05.403335,0 days 00:00:18.586089,14.00832002950047,86.45493378436079,0.005070031405021462,0.0026406052922320843,12.96256833430147,643.5965038805165,1904.765272436612,253.33596417686738,0.4815137374946583,0.07430024382264862,0.5688780729065223,COMPLETE
62,1000000000.0,2026-05-07 03:00:05.405054,2026-05-07 03:00:12.611210,0 days 00:00:07.206156,26.420028219399896,79.96505413332993,0.008832307123519978,0.00265273567267626,86.99133827511106,657.6746458728906,2254.702827233395,431.15610365371697,0.408001521591406,0.09889719460042222,0.5973330053766924,COMPLETE
63,1000000000.0,2026-05-07 03:00:12.612841,2026-05-07 03:00:20.011550,0 days 00:00:07.398709,20.778600743749315,28.56380296426144,0.0068988534880357446,0.005126533880468839,64.60521601773681,752.7658687513508,1420.0663282843198,364.7694031317556,0.25664086327253893,0.08647055220209338,0.6100309677974142,COMPLETE
64,1380937.3631618456,2026-05-07 03:00:20.013144,2026-05-07 03:00:35.908200,0 days 00:00:15.895056,31.47791085633508,42.95469915068738,0.006775472500784395,0.012281843476456437,12.78221434407941,426.711069293578,2375.286634067302,495.20528776125883,0.32805992379083265,0.08242290170031329,0.5350654780546288,COMPLETE
65,1262596.4840669902,2026-05-07 03:00:35.909639,2026-05-07 03:00:51.610371,0 days 00:00:15.700732,24.920154994923305,86.84647765546507,0.007385717386700793,0.0024833413376109574,38.51482744590293,526.5049654324771,2984.597677275261,343.5821705610449,0.33789264812763964,0.09592536423808135,0.5749700063916809,COMPLETE
66,1463231.716714263,2026-05-07 03:00:51.611936,2026-05-07 03:01:07.334190,0 days 00:00:15.722254,30.80357233653498,47.43640233463402,0.00641462526184594,0.015026703838299627,51.29396282544306,474.05030348853006,2986.603597053814,328.2201111381154,0.2685618879399265,0.0798209813760155,0.6812332264852107,COMPLETE
